[0.636s] Invoking command in '/home/winsonl8/catbot2023/src/motors/motor_package': PYTHONPATH=/home/winsonl8/catbot2023/build/motor_package/prefix_override:/home/winsonl8/catbot2023/install/motor_package/lib/python3.10/site-packages:${PYTHONPATH} /usr/bin/python3 setup.py egg_info --egg-base ../../../build/motor_package build --build-base /home/winsonl8/catbot2023/build/motor_package/build install --record /home/winsonl8/catbot2023/build/motor_package/install.log --single-version-externally-managed
[0.877s] running egg_info
[0.878s] creating ../../../build/motor_package/motor_package.egg-info
[0.879s] writing ../../../build/motor_package/motor_package.egg-info/PKG-INFO
[0.879s] writing dependency_links to ../../../build/motor_package/motor_package.egg-info/dependency_links.txt
[0.880s] writing entry points to ../../../build/motor_package/motor_package.egg-info/entry_points.txt
[0.880s] writing requirements to ../../../build/motor_package/motor_package.egg-info/requires.txt
[0.881s] writing top-level names to ../../../build/motor_package/motor_package.egg-info/top_level.txt
[0.881s] writing manifest file '../../../build/motor_package/motor_package.egg-info/SOURCES.txt'
[0.881s] reading manifest file '../../../build/motor_package/motor_package.egg-info/SOURCES.txt'
[0.882s] /home/winsonl8/.local/lib/python3.10/site-packages/setuptools/command/install.py:34: SetuptoolsDeprecationWarning: setup.py install is deprecated. Use build and pip and other standards-based tools.
[0.882s]   warnings.warn(
[0.883s] writing manifest file '../../../build/motor_package/motor_package.egg-info/SOURCES.txt'
[0.883s] running build
[0.884s] running install
[0.884s] running install_data
[0.884s] creating /home/winsonl8/catbot2023/install/motor_package/share/ament_index
[0.885s] creating /home/winsonl8/catbot2023/install/motor_package/share/ament_index/resource_index
[0.885s] creating /home/winsonl8/catbot2023/install/motor_package/share/ament_index/resource_index/packages
[0.885s] copying resource/motor_package -> /home/winsonl8/catbot2023/install/motor_package/share/ament_index/resource_index/packages
[0.885s] copying package.xml -> /home/winsonl8/catbot2023/install/motor_package/share/motor_package
[0.885s] running install_egg_info
[0.887s] Copying ../../../build/motor_package/motor_package.egg-info to /home/winsonl8/catbot2023/install/motor_package/lib/python3.10/site-packages/motor_package-0.0.0-py3.10.egg-info
[0.888s] running install_scripts
[0.919s] Installing bldc_motor script to /home/winsonl8/catbot2023/install/motor_package/lib/motor_package
[0.920s] Installing brushed_motor script to /home/winsonl8/catbot2023/install/motor_package/lib/motor_package
[0.920s] Installing servo_motor script to /home/winsonl8/catbot2023/install/motor_package/lib/motor_package
[0.921s] writing list of installed files to '/home/winsonl8/catbot2023/build/motor_package/install.log'
[0.959s] Invoked command in '/home/winsonl8/catbot2023/src/motors/motor_package' returned '0': PYTHONPATH=/home/winsonl8/catbot2023/build/motor_package/prefix_override:/home/winsonl8/catbot2023/install/motor_package/lib/python3.10/site-packages:${PYTHONPATH} /usr/bin/python3 setup.py egg_info --egg-base ../../../build/motor_package build --build-base /home/winsonl8/catbot2023/build/motor_package/build install --record /home/winsonl8/catbot2023/build/motor_package/install.log --single-version-externally-managed
