[35m[1mConsolidate compiler generated dependencies of target hyperdog_gazebo_joint_ctrl_node[0m
[35m[1mConsolidate compiler generated dependencies of target fake_odom[0m
[ 50%] Built target hyperdog_gazebo_joint_ctrl_node
[100%] Built target fake_odom
-- Install configuration: ""
-- Installing: /home/nicoleibert/hyperdog_ws/install/hyperdog_gazebo_sim/lib/hyperdog_gazebo_sim/hyperdog_gazebo_joint_ctrl_node
-- Set runtime path of "/home/nicoleibert/hyperdog_ws/install/hyperdog_gazebo_sim/lib/hyperdog_gazebo_sim/hyperdog_gazebo_joint_ctrl_node" to ""
-- Installing: /home/nicoleibert/hyperdog_ws/install/hyperdog_gazebo_sim/lib/hyperdog_gazebo_sim/fake_odom
-- Set runtime path of "/home/nicoleibert/hyperdog_ws/install/hyperdog_gazebo_sim/lib/hyperdog_gazebo_sim/fake_odom" to ""
-- Installing: /home/nicoleibert/hyperdog_ws/install/hyperdog_gazebo_sim/share/hyperdog_gazebo_sim/config
-- Installing: /home/nicoleibert/hyperdog_ws/install/hyperdog_gazebo_sim/share/hyperdog_gazebo_sim/config/hyperdog_joint_controller.yaml
-- Installing: /home/nicoleibert/hyperdog_ws/install/hyperdog_gazebo_sim/share/hyperdog_gazebo_sim/description
-- Installing: /home/nicoleibert/hyperdog_ws/install/hyperdog_gazebo_sim/share/hyperdog_gazebo_sim/description/physics.xacro
-- Installing: /home/nicoleibert/hyperdog_ws/install/hyperdog_gazebo_sim/share/hyperdog_gazebo_sim/description/consts.xacro
-- Installing: /home/nicoleibert/hyperdog_ws/install/hyperdog_gazebo_sim/share/hyperdog_gazebo_sim/description/hyperdog.urdf.xacro
-- Installing: /home/nicoleibert/hyperdog_ws/install/hyperdog_gazebo_sim/share/hyperdog_gazebo_sim/description/hyperdog_urdf_links.xacro
-- Installing: /home/nicoleibert/hyperdog_ws/install/hyperdog_gazebo_sim/share/hyperdog_gazebo_sim/description/hyperdog_gazebo.xacro
-- Installing: /home/nicoleibert/hyperdog_ws/install/hyperdog_gazebo_sim/share/hyperdog_gazebo_sim/description/gazebo_ros2_control_plugin.xacro
-- Installing: /home/nicoleibert/hyperdog_ws/install/hyperdog_gazebo_sim/share/hyperdog_gazebo_sim/description/hyperdog_urdf_joints.xacro
-- Installing: /home/nicoleibert/hyperdog_ws/install/hyperdog_gazebo_sim/share/hyperdog_gazebo_sim/launch
-- Installing: /home/nicoleibert/hyperdog_ws/install/hyperdog_gazebo_sim/share/hyperdog_gazebo_sim/launch/hyperdog_gazebo_sim.launch.py
-- Installing: /home/nicoleibert/hyperdog_ws/install/hyperdog_gazebo_sim/share/hyperdog_gazebo_sim/launch/hyperdog_gazebo_sim_allPkgs.launch.py
-- Installing: /home/nicoleibert/hyperdog_ws/install/hyperdog_gazebo_sim/share/hyperdog_gazebo_sim/meshes
-- Installing: /home/nicoleibert/hyperdog_ws/install/hyperdog_gazebo_sim/share/hyperdog_gazebo_sim/meshes/LLEG.stl
-- Installing: /home/nicoleibert/hyperdog_ws/install/hyperdog_gazebo_sim/share/hyperdog_gazebo_sim/meshes/RIGHT_ULEG.stl
-- Installing: /home/nicoleibert/hyperdog_ws/install/hyperdog_gazebo_sim/share/hyperdog_gazebo_sim/meshes/body.stl
-- Installing: /home/nicoleibert/hyperdog_ws/install/hyperdog_gazebo_sim/share/hyperdog_gazebo_sim/meshes/LEFT_ULEG.stl
-- Installing: /home/nicoleibert/hyperdog_ws/install/hyperdog_gazebo_sim/share/hyperdog_gazebo_sim/meshes/LEFT_HIP.stl
-- Installing: /home/nicoleibert/hyperdog_ws/install/hyperdog_gazebo_sim/share/hyperdog_gazebo_sim/meshes/RIGHT_HIP.stl
-- Installing: /home/nicoleibert/hyperdog_ws/install/hyperdog_gazebo_sim/share/hyperdog_gazebo_sim/meshes/mm_scaled
-- Installing: /home/nicoleibert/hyperdog_ws/install/hyperdog_gazebo_sim/share/hyperdog_gazebo_sim/meshes/mm_scaled/LLEG.dae
-- Installing: /home/nicoleibert/hyperdog_ws/install/hyperdog_gazebo_sim/share/hyperdog_gazebo_sim/meshes/mm_scaled/LLEG.stl
-- Installing: /home/nicoleibert/hyperdog_ws/install/hyperdog_gazebo_sim/share/hyperdog_gazebo_sim/worlds
-- Installing: /home/nicoleibert/hyperdog_ws/install/hyperdog_gazebo_sim/share/hyperdog_gazebo_sim/worlds/dolly_city.world
-- Installing: /home/nicoleibert/hyperdog_ws/install/hyperdog_gazebo_sim/share/hyperdog_gazebo_sim/worlds/test_world.world
-- Installing: /home/nicoleibert/hyperdog_ws/install/hyperdog_gazebo_sim/share/hyperdog_gazebo_sim/worlds/contact.world
-- Installing: /home/nicoleibert/hyperdog_ws/install/hyperdog_gazebo_sim/share/hyperdog_gazebo_sim/src
-- Installing: /home/nicoleibert/hyperdog_ws/install/hyperdog_gazebo_sim/share/hyperdog_gazebo_sim/src/hyperdog_gazebo_joint_controller.cpp
-- Installing: /home/nicoleibert/hyperdog_ws/install/hyperdog_gazebo_sim/share/hyperdog_gazebo_sim/src/fake_odom.cpp
-- Installing: /home/nicoleibert/hyperdog_ws/install/hyperdog_gazebo_sim/share/ament_index/resource_index/package_run_dependencies/hyperdog_gazebo_sim
-- Installing: /home/nicoleibert/hyperdog_ws/install/hyperdog_gazebo_sim/share/ament_index/resource_index/parent_prefix_path/hyperdog_gazebo_sim
-- Installing: /home/nicoleibert/hyperdog_ws/install/hyperdog_gazebo_sim/share/hyperdog_gazebo_sim/environment/ament_prefix_path.sh
-- Installing: /home/nicoleibert/hyperdog_ws/install/hyperdog_gazebo_sim/share/hyperdog_gazebo_sim/environment/ament_prefix_path.dsv
-- Installing: /home/nicoleibert/hyperdog_ws/install/hyperdog_gazebo_sim/share/hyperdog_gazebo_sim/environment/path.sh
-- Installing: /home/nicoleibert/hyperdog_ws/install/hyperdog_gazebo_sim/share/hyperdog_gazebo_sim/environment/path.dsv
-- Installing: /home/nicoleibert/hyperdog_ws/install/hyperdog_gazebo_sim/share/hyperdog_gazebo_sim/local_setup.bash
-- Installing: /home/nicoleibert/hyperdog_ws/install/hyperdog_gazebo_sim/share/hyperdog_gazebo_sim/local_setup.sh
-- Installing: /home/nicoleibert/hyperdog_ws/install/hyperdog_gazebo_sim/share/hyperdog_gazebo_sim/local_setup.zsh
-- Installing: /home/nicoleibert/hyperdog_ws/install/hyperdog_gazebo_sim/share/hyperdog_gazebo_sim/local_setup.dsv
-- Installing: /home/nicoleibert/hyperdog_ws/install/hyperdog_gazebo_sim/share/hyperdog_gazebo_sim/package.dsv
-- Installing: /home/nicoleibert/hyperdog_ws/install/hyperdog_gazebo_sim/share/ament_index/resource_index/packages/hyperdog_gazebo_sim
-- Installing: /home/nicoleibert/hyperdog_ws/install/hyperdog_gazebo_sim/share/hyperdog_gazebo_sim/cmake/hyperdog_gazebo_simConfig.cmake
-- Installing: /home/nicoleibert/hyperdog_ws/install/hyperdog_gazebo_sim/share/hyperdog_gazebo_sim/cmake/hyperdog_gazebo_simConfig-version.cmake
-- Installing: /home/nicoleibert/hyperdog_ws/install/hyperdog_gazebo_sim/share/hyperdog_gazebo_sim/package.xml
