[0.520s] Invoking command in '/home/nicoleibert/hyperdog_ws/build/hyperdog_gazebo_sim': AMENT_PREFIX_PATH=/home/nicoleibert/hyperdog_ws/install/hyperdog_msgs:${AMENT_PREFIX_PATH} CMAKE_PREFIX_PATH=/home/nicoleibert/hyperdog_ws/install/hyperdog_msgs:/opt/ros/iron LD_LIBRARY_PATH=/home/nicoleibert/hyperdog_ws/install/hyperdog_msgs/lib:${LD_LIBRARY_PATH} PYTHONPATH=/home/nicoleibert/hyperdog_ws/install/hyperdog_msgs/lib/python3.10/site-packages:${PYTHONPATH} /usr/bin/cmake --build /home/nicoleibert/hyperdog_ws/build/hyperdog_gazebo_sim -- -j16 -l16
[0.567s] [35m[1mConsolidate compiler generated dependencies of target hyperdog_gazebo_joint_ctrl_node[0m
[0.567s] [35m[1mConsolidate compiler generated dependencies of target fake_odom[0m
[0.594s] [ 50%] Built target hyperdog_gazebo_joint_ctrl_node
[0.594s] [100%] Built target fake_odom
[0.605s] Invoked command in '/home/nicoleibert/hyperdog_ws/build/hyperdog_gazebo_sim' returned '0': AMENT_PREFIX_PATH=/home/nicoleibert/hyperdog_ws/install/hyperdog_msgs:${AMENT_PREFIX_PATH} CMAKE_PREFIX_PATH=/home/nicoleibert/hyperdog_ws/install/hyperdog_msgs:/opt/ros/iron LD_LIBRARY_PATH=/home/nicoleibert/hyperdog_ws/install/hyperdog_msgs/lib:${LD_LIBRARY_PATH} PYTHONPATH=/home/nicoleibert/hyperdog_ws/install/hyperdog_msgs/lib/python3.10/site-packages:${PYTHONPATH} /usr/bin/cmake --build /home/nicoleibert/hyperdog_ws/build/hyperdog_gazebo_sim -- -j16 -l16
[0.645s] Invoking command in '/home/nicoleibert/hyperdog_ws/build/hyperdog_gazebo_sim': AMENT_PREFIX_PATH=/home/nicoleibert/hyperdog_ws/install/hyperdog_msgs:${AMENT_PREFIX_PATH} CMAKE_PREFIX_PATH=/home/nicoleibert/hyperdog_ws/install/hyperdog_msgs:/opt/ros/iron LD_LIBRARY_PATH=/home/nicoleibert/hyperdog_ws/install/hyperdog_msgs/lib:${LD_LIBRARY_PATH} PYTHONPATH=/home/nicoleibert/hyperdog_ws/install/hyperdog_msgs/lib/python3.10/site-packages:${PYTHONPATH} /usr/bin/cmake --install /home/nicoleibert/hyperdog_ws/build/hyperdog_gazebo_sim
[0.661s] -- Install configuration: ""
[0.662s] -- Installing: /home/nicoleibert/hyperdog_ws/install/hyperdog_gazebo_sim/lib/hyperdog_gazebo_sim/hyperdog_gazebo_joint_ctrl_node
[0.666s] -- Set runtime path of "/home/nicoleibert/hyperdog_ws/install/hyperdog_gazebo_sim/lib/hyperdog_gazebo_sim/hyperdog_gazebo_joint_ctrl_node" to ""
[0.667s] -- Installing: /home/nicoleibert/hyperdog_ws/install/hyperdog_gazebo_sim/lib/hyperdog_gazebo_sim/fake_odom
[0.670s] -- Set runtime path of "/home/nicoleibert/hyperdog_ws/install/hyperdog_gazebo_sim/lib/hyperdog_gazebo_sim/fake_odom" to ""
[0.671s] -- Installing: /home/nicoleibert/hyperdog_ws/install/hyperdog_gazebo_sim/share/hyperdog_gazebo_sim/config
[0.671s] -- Installing: /home/nicoleibert/hyperdog_ws/install/hyperdog_gazebo_sim/share/hyperdog_gazebo_sim/config/hyperdog_joint_controller.yaml
[0.671s] -- Installing: /home/nicoleibert/hyperdog_ws/install/hyperdog_gazebo_sim/share/hyperdog_gazebo_sim/description
[0.671s] -- Installing: /home/nicoleibert/hyperdog_ws/install/hyperdog_gazebo_sim/share/hyperdog_gazebo_sim/description/physics.xacro
[0.671s] -- Installing: /home/nicoleibert/hyperdog_ws/install/hyperdog_gazebo_sim/share/hyperdog_gazebo_sim/description/consts.xacro
[0.671s] -- Installing: /home/nicoleibert/hyperdog_ws/install/hyperdog_gazebo_sim/share/hyperdog_gazebo_sim/description/hyperdog.urdf.xacro
[0.671s] -- Installing: /home/nicoleibert/hyperdog_ws/install/hyperdog_gazebo_sim/share/hyperdog_gazebo_sim/description/hyperdog_urdf_links.xacro
[0.672s] -- Installing: /home/nicoleibert/hyperdog_ws/install/hyperdog_gazebo_sim/share/hyperdog_gazebo_sim/description/hyperdog_gazebo.xacro
[0.672s] -- Installing: /home/nicoleibert/hyperdog_ws/install/hyperdog_gazebo_sim/share/hyperdog_gazebo_sim/description/gazebo_ros2_control_plugin.xacro
[0.672s] -- Installing: /home/nicoleibert/hyperdog_ws/install/hyperdog_gazebo_sim/share/hyperdog_gazebo_sim/description/hyperdog_urdf_joints.xacro
[0.672s] -- Installing: /home/nicoleibert/hyperdog_ws/install/hyperdog_gazebo_sim/share/hyperdog_gazebo_sim/launch
[0.672s] -- Installing: /home/nicoleibert/hyperdog_ws/install/hyperdog_gazebo_sim/share/hyperdog_gazebo_sim/launch/hyperdog_gazebo_sim.launch.py
[0.672s] -- Installing: /home/nicoleibert/hyperdog_ws/install/hyperdog_gazebo_sim/share/hyperdog_gazebo_sim/launch/hyperdog_gazebo_sim_allPkgs.launch.py
[0.672s] -- Installing: /home/nicoleibert/hyperdog_ws/install/hyperdog_gazebo_sim/share/hyperdog_gazebo_sim/meshes
[0.672s] -- Installing: /home/nicoleibert/hyperdog_ws/install/hyperdog_gazebo_sim/share/hyperdog_gazebo_sim/meshes/LLEG.stl
[0.673s] -- Installing: /home/nicoleibert/hyperdog_ws/install/hyperdog_gazebo_sim/share/hyperdog_gazebo_sim/meshes/RIGHT_ULEG.stl
[0.674s] -- Installing: /home/nicoleibert/hyperdog_ws/install/hyperdog_gazebo_sim/share/hyperdog_gazebo_sim/meshes/body.stl
[0.676s] -- Installing: /home/nicoleibert/hyperdog_ws/install/hyperdog_gazebo_sim/share/hyperdog_gazebo_sim/meshes/LEFT_ULEG.stl
[0.678s] -- Installing: /home/nicoleibert/hyperdog_ws/install/hyperdog_gazebo_sim/share/hyperdog_gazebo_sim/meshes/LEFT_HIP.stl
[0.679s] -- Installing: /home/nicoleibert/hyperdog_ws/install/hyperdog_gazebo_sim/share/hyperdog_gazebo_sim/meshes/RIGHT_HIP.stl
[0.680s] -- Installing: /home/nicoleibert/hyperdog_ws/install/hyperdog_gazebo_sim/share/hyperdog_gazebo_sim/meshes/mm_scaled
[0.680s] -- Installing: /home/nicoleibert/hyperdog_ws/install/hyperdog_gazebo_sim/share/hyperdog_gazebo_sim/meshes/mm_scaled/LLEG.dae
[0.681s] -- Installing: /home/nicoleibert/hyperdog_ws/install/hyperdog_gazebo_sim/share/hyperdog_gazebo_sim/meshes/mm_scaled/LLEG.stl
[0.683s] -- Installing: /home/nicoleibert/hyperdog_ws/install/hyperdog_gazebo_sim/share/hyperdog_gazebo_sim/worlds
[0.683s] -- Installing: /home/nicoleibert/hyperdog_ws/install/hyperdog_gazebo_sim/share/hyperdog_gazebo_sim/worlds/dolly_city.world
[0.683s] -- Installing: /home/nicoleibert/hyperdog_ws/install/hyperdog_gazebo_sim/share/hyperdog_gazebo_sim/worlds/test_world.world
[0.683s] -- Installing: /home/nicoleibert/hyperdog_ws/install/hyperdog_gazebo_sim/share/hyperdog_gazebo_sim/worlds/contact.world
[0.683s] -- Installing: /home/nicoleibert/hyperdog_ws/install/hyperdog_gazebo_sim/share/hyperdog_gazebo_sim/src
[0.683s] -- Installing: /home/nicoleibert/hyperdog_ws/install/hyperdog_gazebo_sim/share/hyperdog_gazebo_sim/src/hyperdog_gazebo_joint_controller.cpp
[0.683s] -- Installing: /home/nicoleibert/hyperdog_ws/install/hyperdog_gazebo_sim/share/hyperdog_gazebo_sim/src/fake_odom.cpp
[0.683s] -- Installing: /home/nicoleibert/hyperdog_ws/install/hyperdog_gazebo_sim/share/ament_index/resource_index/package_run_dependencies/hyperdog_gazebo_sim
[0.683s] -- Installing: /home/nicoleibert/hyperdog_ws/install/hyperdog_gazebo_sim/share/ament_index/resource_index/parent_prefix_path/hyperdog_gazebo_sim
[0.683s] -- Installing: /home/nicoleibert/hyperdog_ws/install/hyperdog_gazebo_sim/share/hyperdog_gazebo_sim/environment/ament_prefix_path.sh
[0.683s] -- Installing: /home/nicoleibert/hyperdog_ws/install/hyperdog_gazebo_sim/share/hyperdog_gazebo_sim/environment/ament_prefix_path.dsv
[0.684s] -- Installing: /home/nicoleibert/hyperdog_ws/install/hyperdog_gazebo_sim/share/hyperdog_gazebo_sim/environment/path.sh
[0.684s] -- Installing: /home/nicoleibert/hyperdog_ws/install/hyperdog_gazebo_sim/share/hyperdog_gazebo_sim/environment/path.dsv
[0.684s] -- Installing: /home/nicoleibert/hyperdog_ws/install/hyperdog_gazebo_sim/share/hyperdog_gazebo_sim/local_setup.bash
[0.684s] -- Installing: /home/nicoleibert/hyperdog_ws/install/hyperdog_gazebo_sim/share/hyperdog_gazebo_sim/local_setup.sh
[0.684s] -- Installing: /home/nicoleibert/hyperdog_ws/install/hyperdog_gazebo_sim/share/hyperdog_gazebo_sim/local_setup.zsh
[0.684s] -- Installing: /home/nicoleibert/hyperdog_ws/install/hyperdog_gazebo_sim/share/hyperdog_gazebo_sim/local_setup.dsv
[0.684s] -- Installing: /home/nicoleibert/hyperdog_ws/install/hyperdog_gazebo_sim/share/hyperdog_gazebo_sim/package.dsv
[0.684s] -- Installing: /home/nicoleibert/hyperdog_ws/install/hyperdog_gazebo_sim/share/ament_index/resource_index/packages/hyperdog_gazebo_sim
[0.684s] -- Installing: /home/nicoleibert/hyperdog_ws/install/hyperdog_gazebo_sim/share/hyperdog_gazebo_sim/cmake/hyperdog_gazebo_simConfig.cmake
[0.684s] -- Installing: /home/nicoleibert/hyperdog_ws/install/hyperdog_gazebo_sim/share/hyperdog_gazebo_sim/cmake/hyperdog_gazebo_simConfig-version.cmake
[0.685s] -- Installing: /home/nicoleibert/hyperdog_ws/install/hyperdog_gazebo_sim/share/hyperdog_gazebo_sim/package.xml
[0.687s] Invoked command in '/home/nicoleibert/hyperdog_ws/build/hyperdog_gazebo_sim' returned '0': AMENT_PREFIX_PATH=/home/nicoleibert/hyperdog_ws/install/hyperdog_msgs:${AMENT_PREFIX_PATH} CMAKE_PREFIX_PATH=/home/nicoleibert/hyperdog_ws/install/hyperdog_msgs:/opt/ros/iron LD_LIBRARY_PATH=/home/nicoleibert/hyperdog_ws/install/hyperdog_msgs/lib:${LD_LIBRARY_PATH} PYTHONPATH=/home/nicoleibert/hyperdog_ws/install/hyperdog_msgs/lib/python3.10/site-packages:${PYTHONPATH} /usr/bin/cmake --install /home/nicoleibert/hyperdog_ws/build/hyperdog_gazebo_sim
