[0.731s] DEBUG:colcon:Command line arguments: ['/usr/bin/colcon', 'build']
[0.731s] DEBUG:colcon:Parsed command line arguments: Namespace(log_base=None, log_level=None, verb_name='build', build_base='build', install_base='install', merge_install=False, symlink_install=False, test_result_base=None, continue_on_error=False, executor='parallel', parallel_workers=16, event_handlers=None, ignore_user_meta=False, metas=['./colcon.meta'], base_paths=['.'], packages_ignore=None, packages_ignore_regex=None, paths=None, packages_up_to=None, packages_up_to_regex=None, packages_above=None, packages_above_and_dependencies=None, packages_above_depth=None, packages_select_by_dep=None, packages_skip_by_dep=None, packages_skip_up_to=None, packages_select_build_failed=False, packages_skip_build_finished=False, packages_select_test_failures=False, packages_skip_test_passed=False, packages_select=None, packages_skip=None, packages_select_regex=None, packages_skip_regex=None, packages_start=None, packages_end=None, allow_overriding=[], cmake_args=None, cmake_target=None, cmake_target_skip_unavailable=False, cmake_clean_cache=False, cmake_clean_first=False, cmake_force_configure=False, ament_cmake_args=None, catkin_cmake_args=None, catkin_skip_building_tests=False, verb_parser=<colcon_defaults.argument_parser.defaults.DefaultArgumentsDecorator object at 0x7f760e2deaa0>, verb_extension=<colcon_core.verb.build.BuildVerb object at 0x7f760e296770>, main=<bound method BuildVerb.main of <colcon_core.verb.build.BuildVerb object at 0x7f760e296770>>)
[0.763s] Level 1:colcon.colcon_core.package_discovery:discover_packages(colcon_meta) check parameters
[0.763s] Level 1:colcon.colcon_core.package_discovery:discover_packages(recursive) check parameters
[0.763s] Level 1:colcon.colcon_core.package_discovery:discover_packages(ignore) check parameters
[0.763s] Level 1:colcon.colcon_core.package_discovery:discover_packages(path) check parameters
[0.763s] Level 1:colcon.colcon_core.package_discovery:discover_packages(colcon_meta) discover
[0.763s] Level 1:colcon.colcon_core.package_discovery:discover_packages(recursive) discover
[0.763s] INFO:colcon.colcon_core.package_discovery:Crawling recursively for packages in '/home/nicoleibert/hyperdog_ws'
[0.763s] Level 1:colcon.colcon_core.package_identification:_identify(.) by extensions ['ignore', 'ignore_ament_install']
[0.763s] Level 1:colcon.colcon_core.package_identification:_identify(.) by extension 'ignore'
[0.763s] Level 1:colcon.colcon_core.package_identification:_identify(.) by extension 'ignore_ament_install'
[0.763s] Level 1:colcon.colcon_core.package_identification:_identify(.) by extensions ['colcon_pkg']
[0.763s] Level 1:colcon.colcon_core.package_identification:_identify(.) by extension 'colcon_pkg'
[0.763s] Level 1:colcon.colcon_core.package_identification:_identify(.) by extensions ['colcon_meta']
[0.764s] Level 1:colcon.colcon_core.package_identification:_identify(.) by extension 'colcon_meta'
[0.764s] Level 1:colcon.colcon_core.package_identification:_identify(.) by extensions ['ros']
[0.764s] Level 1:colcon.colcon_core.package_identification:_identify(.) by extension 'ros'
[0.771s] Level 1:colcon.colcon_core.package_identification:_identify(.) by extensions ['cmake', 'python']
[0.772s] Level 1:colcon.colcon_core.package_identification:_identify(.) by extension 'cmake'
[0.772s] Level 1:colcon.colcon_core.package_identification:_identify(.) by extension 'python'
[0.772s] Level 1:colcon.colcon_core.package_identification:_identify(.) by extensions ['python_setup_py']
[0.772s] Level 1:colcon.colcon_core.package_identification:_identify(.) by extension 'python_setup_py'
[0.772s] Level 1:colcon.colcon_core.package_identification:_identify(build) by extensions ['ignore', 'ignore_ament_install']
[0.772s] Level 1:colcon.colcon_core.package_identification:_identify(build) by extension 'ignore'
[0.772s] Level 1:colcon.colcon_core.package_identification:_identify(build) ignored
[0.772s] Level 1:colcon.colcon_core.package_identification:_identify(install) by extensions ['ignore', 'ignore_ament_install']
[0.772s] Level 1:colcon.colcon_core.package_identification:_identify(install) by extension 'ignore'
[0.772s] Level 1:colcon.colcon_core.package_identification:_identify(install) ignored
[0.772s] Level 1:colcon.colcon_core.package_identification:_identify(log) by extensions ['ignore', 'ignore_ament_install']
[0.772s] Level 1:colcon.colcon_core.package_identification:_identify(log) by extension 'ignore'
[0.772s] Level 1:colcon.colcon_core.package_identification:_identify(log) ignored
[0.772s] Level 1:colcon.colcon_core.package_identification:_identify(src) by extensions ['ignore', 'ignore_ament_install']
[0.772s] Level 1:colcon.colcon_core.package_identification:_identify(src) by extension 'ignore'
[0.772s] Level 1:colcon.colcon_core.package_identification:_identify(src) by extension 'ignore_ament_install'
[0.772s] Level 1:colcon.colcon_core.package_identification:_identify(src) by extensions ['colcon_pkg']
[0.772s] Level 1:colcon.colcon_core.package_identification:_identify(src) by extension 'colcon_pkg'
[0.772s] Level 1:colcon.colcon_core.package_identification:_identify(src) by extensions ['colcon_meta']
[0.773s] Level 1:colcon.colcon_core.package_identification:_identify(src) by extension 'colcon_meta'
[0.773s] Level 1:colcon.colcon_core.package_identification:_identify(src) by extensions ['ros']
[0.773s] Level 1:colcon.colcon_core.package_identification:_identify(src) by extension 'ros'
[0.773s] Level 1:colcon.colcon_core.package_identification:_identify(src) by extensions ['cmake', 'python']
[0.773s] Level 1:colcon.colcon_core.package_identification:_identify(src) by extension 'cmake'
[0.773s] Level 1:colcon.colcon_core.package_identification:_identify(src) by extension 'python'
[0.773s] Level 1:colcon.colcon_core.package_identification:_identify(src) by extensions ['python_setup_py']
[0.773s] Level 1:colcon.colcon_core.package_identification:_identify(src) by extension 'python_setup_py'
[0.773s] Level 1:colcon.colcon_core.package_identification:_identify(src/hyperdog_ros2) by extensions ['ignore', 'ignore_ament_install']
[0.773s] Level 1:colcon.colcon_core.package_identification:_identify(src/hyperdog_ros2) by extension 'ignore'
[0.773s] Level 1:colcon.colcon_core.package_identification:_identify(src/hyperdog_ros2) by extension 'ignore_ament_install'
[0.773s] Level 1:colcon.colcon_core.package_identification:_identify(src/hyperdog_ros2) by extensions ['colcon_pkg']
[0.773s] Level 1:colcon.colcon_core.package_identification:_identify(src/hyperdog_ros2) by extension 'colcon_pkg'
[0.773s] Level 1:colcon.colcon_core.package_identification:_identify(src/hyperdog_ros2) by extensions ['colcon_meta']
[0.773s] Level 1:colcon.colcon_core.package_identification:_identify(src/hyperdog_ros2) by extension 'colcon_meta'
[0.773s] Level 1:colcon.colcon_core.package_identification:_identify(src/hyperdog_ros2) by extensions ['ros']
[0.773s] Level 1:colcon.colcon_core.package_identification:_identify(src/hyperdog_ros2) by extension 'ros'
[0.773s] Level 1:colcon.colcon_core.package_identification:_identify(src/hyperdog_ros2) by extensions ['cmake', 'python']
[0.773s] Level 1:colcon.colcon_core.package_identification:_identify(src/hyperdog_ros2) by extension 'cmake'
[0.773s] Level 1:colcon.colcon_core.package_identification:_identify(src/hyperdog_ros2) by extension 'python'
[0.773s] Level 1:colcon.colcon_core.package_identification:_identify(src/hyperdog_ros2) by extensions ['python_setup_py']
[0.773s] Level 1:colcon.colcon_core.package_identification:_identify(src/hyperdog_ros2) by extension 'python_setup_py'
[0.773s] Level 1:colcon.colcon_core.package_identification:_identify(src/hyperdog_ros2/hyperdog_ctrl) by extensions ['ignore', 'ignore_ament_install']
[0.773s] Level 1:colcon.colcon_core.package_identification:_identify(src/hyperdog_ros2/hyperdog_ctrl) by extension 'ignore'
[0.773s] Level 1:colcon.colcon_core.package_identification:_identify(src/hyperdog_ros2/hyperdog_ctrl) by extension 'ignore_ament_install'
[0.774s] Level 1:colcon.colcon_core.package_identification:_identify(src/hyperdog_ros2/hyperdog_ctrl) by extensions ['colcon_pkg']
[0.774s] Level 1:colcon.colcon_core.package_identification:_identify(src/hyperdog_ros2/hyperdog_ctrl) by extension 'colcon_pkg'
[0.774s] Level 1:colcon.colcon_core.package_identification:_identify(src/hyperdog_ros2/hyperdog_ctrl) by extensions ['colcon_meta']
[0.774s] Level 1:colcon.colcon_core.package_identification:_identify(src/hyperdog_ros2/hyperdog_ctrl) by extension 'colcon_meta'
[0.774s] Level 1:colcon.colcon_core.package_identification:_identify(src/hyperdog_ros2/hyperdog_ctrl) by extensions ['ros']
[0.774s] Level 1:colcon.colcon_core.package_identification:_identify(src/hyperdog_ros2/hyperdog_ctrl) by extension 'ros'
[0.775s] DEBUG:colcon.colcon_core.package_identification:Package 'src/hyperdog_ros2/hyperdog_ctrl' with type 'ros.ament_python' and name 'hyperdog_ctrl'
[0.775s] Level 1:colcon.colcon_core.package_identification:_identify(src/hyperdog_ros2/hyperdog_gazebo_sim) by extensions ['ignore', 'ignore_ament_install']
[0.775s] Level 1:colcon.colcon_core.package_identification:_identify(src/hyperdog_ros2/hyperdog_gazebo_sim) by extension 'ignore'
[0.776s] Level 1:colcon.colcon_core.package_identification:_identify(src/hyperdog_ros2/hyperdog_gazebo_sim) by extension 'ignore_ament_install'
[0.776s] Level 1:colcon.colcon_core.package_identification:_identify(src/hyperdog_ros2/hyperdog_gazebo_sim) by extensions ['colcon_pkg']
[0.776s] Level 1:colcon.colcon_core.package_identification:_identify(src/hyperdog_ros2/hyperdog_gazebo_sim) by extension 'colcon_pkg'
[0.776s] Level 1:colcon.colcon_core.package_identification:_identify(src/hyperdog_ros2/hyperdog_gazebo_sim) by extensions ['colcon_meta']
[0.776s] Level 1:colcon.colcon_core.package_identification:_identify(src/hyperdog_ros2/hyperdog_gazebo_sim) by extension 'colcon_meta'
[0.776s] Level 1:colcon.colcon_core.package_identification:_identify(src/hyperdog_ros2/hyperdog_gazebo_sim) by extensions ['ros']
[0.776s] Level 1:colcon.colcon_core.package_identification:_identify(src/hyperdog_ros2/hyperdog_gazebo_sim) by extension 'ros'
[0.776s] DEBUG:colcon.colcon_core.package_identification:Package 'src/hyperdog_ros2/hyperdog_gazebo_sim' with type 'ros.ament_cmake' and name 'hyperdog_gazebo_sim'
[0.776s] Level 1:colcon.colcon_core.package_identification:_identify(src/hyperdog_ros2/hyperdog_launch) by extensions ['ignore', 'ignore_ament_install']
[0.776s] Level 1:colcon.colcon_core.package_identification:_identify(src/hyperdog_ros2/hyperdog_launch) by extension 'ignore'
[0.776s] Level 1:colcon.colcon_core.package_identification:_identify(src/hyperdog_ros2/hyperdog_launch) by extension 'ignore_ament_install'
[0.776s] Level 1:colcon.colcon_core.package_identification:_identify(src/hyperdog_ros2/hyperdog_launch) by extensions ['colcon_pkg']
[0.776s] Level 1:colcon.colcon_core.package_identification:_identify(src/hyperdog_ros2/hyperdog_launch) by extension 'colcon_pkg'
[0.776s] Level 1:colcon.colcon_core.package_identification:_identify(src/hyperdog_ros2/hyperdog_launch) by extensions ['colcon_meta']
[0.776s] Level 1:colcon.colcon_core.package_identification:_identify(src/hyperdog_ros2/hyperdog_launch) by extension 'colcon_meta'
[0.776s] Level 1:colcon.colcon_core.package_identification:_identify(src/hyperdog_ros2/hyperdog_launch) by extensions ['ros']
[0.776s] Level 1:colcon.colcon_core.package_identification:_identify(src/hyperdog_ros2/hyperdog_launch) by extension 'ros'
[0.777s] DEBUG:colcon.colcon_core.package_identification:Package 'src/hyperdog_ros2/hyperdog_launch' with type 'ros.ament_python' and name 'hyperdog_launch'
[0.777s] Level 1:colcon.colcon_core.package_identification:_identify(src/hyperdog_ros2/hyperdog_msgs) by extensions ['ignore', 'ignore_ament_install']
[0.777s] Level 1:colcon.colcon_core.package_identification:_identify(src/hyperdog_ros2/hyperdog_msgs) by extension 'ignore'
[0.777s] Level 1:colcon.colcon_core.package_identification:_identify(src/hyperdog_ros2/hyperdog_msgs) by extension 'ignore_ament_install'
[0.777s] Level 1:colcon.colcon_core.package_identification:_identify(src/hyperdog_ros2/hyperdog_msgs) by extensions ['colcon_pkg']
[0.777s] Level 1:colcon.colcon_core.package_identification:_identify(src/hyperdog_ros2/hyperdog_msgs) by extension 'colcon_pkg'
[0.777s] Level 1:colcon.colcon_core.package_identification:_identify(src/hyperdog_ros2/hyperdog_msgs) by extensions ['colcon_meta']
[0.777s] Level 1:colcon.colcon_core.package_identification:_identify(src/hyperdog_ros2/hyperdog_msgs) by extension 'colcon_meta'
[0.777s] Level 1:colcon.colcon_core.package_identification:_identify(src/hyperdog_ros2/hyperdog_msgs) by extensions ['ros']
[0.777s] Level 1:colcon.colcon_core.package_identification:_identify(src/hyperdog_ros2/hyperdog_msgs) by extension 'ros'
[0.778s] DEBUG:colcon.colcon_core.package_identification:Package 'src/hyperdog_ros2/hyperdog_msgs' with type 'ros.ament_cmake' and name 'hyperdog_msgs'
[0.778s] Level 1:colcon.colcon_core.package_identification:_identify(src/hyperdog_ros2/hyperdog_teleop) by extensions ['ignore', 'ignore_ament_install']
[0.778s] Level 1:colcon.colcon_core.package_identification:_identify(src/hyperdog_ros2/hyperdog_teleop) by extension 'ignore'
[0.778s] Level 1:colcon.colcon_core.package_identification:_identify(src/hyperdog_ros2/hyperdog_teleop) by extension 'ignore_ament_install'
[0.778s] Level 1:colcon.colcon_core.package_identification:_identify(src/hyperdog_ros2/hyperdog_teleop) by extensions ['colcon_pkg']
[0.778s] Level 1:colcon.colcon_core.package_identification:_identify(src/hyperdog_ros2/hyperdog_teleop) by extension 'colcon_pkg'
[0.778s] Level 1:colcon.colcon_core.package_identification:_identify(src/hyperdog_ros2/hyperdog_teleop) by extensions ['colcon_meta']
[0.778s] Level 1:colcon.colcon_core.package_identification:_identify(src/hyperdog_ros2/hyperdog_teleop) by extension 'colcon_meta'
[0.778s] Level 1:colcon.colcon_core.package_identification:_identify(src/hyperdog_ros2/hyperdog_teleop) by extensions ['ros']
[0.778s] Level 1:colcon.colcon_core.package_identification:_identify(src/hyperdog_ros2/hyperdog_teleop) by extension 'ros'
[0.779s] DEBUG:colcon.colcon_core.package_identification:Package 'src/hyperdog_ros2/hyperdog_teleop' with type 'ros.ament_cmake' and name 'hyperdog_teleop'
[0.779s] Level 1:colcon.colcon_core.package_discovery:discover_packages(recursive) using defaults
[0.779s] Level 1:colcon.colcon_core.package_discovery:discover_packages(ignore) discover
[0.779s] Level 1:colcon.colcon_core.package_discovery:discover_packages(ignore) using defaults
[0.779s] Level 1:colcon.colcon_core.package_discovery:discover_packages(path) discover
[0.779s] Level 1:colcon.colcon_core.package_discovery:discover_packages(path) using defaults
[0.852s] Level 1:colcon.colcon_core.package_discovery:discover_packages(prefix_path) check parameters
[0.852s] Level 1:colcon.colcon_core.package_discovery:discover_packages(prefix_path) discover
[0.885s] DEBUG:colcon.colcon_installed_package_information.package_discovery:Found 404 installed packages in /opt/ros/iron
[0.887s] Level 1:colcon.colcon_core.package_discovery:discover_packages(prefix_path) using defaults
[0.957s] Level 5:colcon.colcon_core.verb:set package 'hyperdog_launch' build argument 'cmake_args' from command line to 'None'
[0.957s] Level 5:colcon.colcon_core.verb:set package 'hyperdog_launch' build argument 'cmake_target' from command line to 'None'
[0.957s] Level 5:colcon.colcon_core.verb:set package 'hyperdog_launch' build argument 'cmake_target_skip_unavailable' from command line to 'False'
[0.957s] Level 5:colcon.colcon_core.verb:set package 'hyperdog_launch' build argument 'cmake_clean_cache' from command line to 'False'
[0.957s] Level 5:colcon.colcon_core.verb:set package 'hyperdog_launch' build argument 'cmake_clean_first' from command line to 'False'
[0.957s] Level 5:colcon.colcon_core.verb:set package 'hyperdog_launch' build argument 'cmake_force_configure' from command line to 'False'
[0.957s] Level 5:colcon.colcon_core.verb:set package 'hyperdog_launch' build argument 'ament_cmake_args' from command line to 'None'
[0.957s] Level 5:colcon.colcon_core.verb:set package 'hyperdog_launch' build argument 'catkin_cmake_args' from command line to 'None'
[0.957s] Level 5:colcon.colcon_core.verb:set package 'hyperdog_launch' build argument 'catkin_skip_building_tests' from command line to 'False'
[0.957s] DEBUG:colcon.colcon_core.verb:Building package 'hyperdog_launch' with the following arguments: {'ament_cmake_args': None, 'build_base': '/home/nicoleibert/hyperdog_ws/build/hyperdog_launch', 'catkin_cmake_args': None, 'catkin_skip_building_tests': False, 'cmake_args': None, 'cmake_clean_cache': False, 'cmake_clean_first': False, 'cmake_force_configure': False, 'cmake_target': None, 'cmake_target_skip_unavailable': False, 'install_base': '/home/nicoleibert/hyperdog_ws/install/hyperdog_launch', 'merge_install': False, 'path': '/home/nicoleibert/hyperdog_ws/src/hyperdog_ros2/hyperdog_launch', 'symlink_install': False, 'test_result_base': None}
[0.968s] Level 5:colcon.colcon_core.verb:set package 'hyperdog_msgs' build argument 'cmake_args' from command line to 'None'
[0.968s] Level 5:colcon.colcon_core.verb:set package 'hyperdog_msgs' build argument 'cmake_target' from command line to 'None'
[0.968s] Level 5:colcon.colcon_core.verb:set package 'hyperdog_msgs' build argument 'cmake_target_skip_unavailable' from command line to 'False'
[0.968s] Level 5:colcon.colcon_core.verb:set package 'hyperdog_msgs' build argument 'cmake_clean_cache' from command line to 'False'
[0.968s] Level 5:colcon.colcon_core.verb:set package 'hyperdog_msgs' build argument 'cmake_clean_first' from command line to 'False'
[0.968s] Level 5:colcon.colcon_core.verb:set package 'hyperdog_msgs' build argument 'cmake_force_configure' from command line to 'False'
[0.968s] Level 5:colcon.colcon_core.verb:set package 'hyperdog_msgs' build argument 'ament_cmake_args' from command line to 'None'
[0.968s] Level 5:colcon.colcon_core.verb:set package 'hyperdog_msgs' build argument 'catkin_cmake_args' from command line to 'None'
[0.968s] Level 5:colcon.colcon_core.verb:set package 'hyperdog_msgs' build argument 'catkin_skip_building_tests' from command line to 'False'
[0.968s] DEBUG:colcon.colcon_core.verb:Building package 'hyperdog_msgs' with the following arguments: {'ament_cmake_args': None, 'build_base': '/home/nicoleibert/hyperdog_ws/build/hyperdog_msgs', 'catkin_cmake_args': None, 'catkin_skip_building_tests': False, 'cmake_args': None, 'cmake_clean_cache': False, 'cmake_clean_first': False, 'cmake_force_configure': False, 'cmake_target': None, 'cmake_target_skip_unavailable': False, 'install_base': '/home/nicoleibert/hyperdog_ws/install/hyperdog_msgs', 'merge_install': False, 'path': '/home/nicoleibert/hyperdog_ws/src/hyperdog_ros2/hyperdog_msgs', 'symlink_install': False, 'test_result_base': None}
[0.979s] Level 5:colcon.colcon_core.verb:set package 'hyperdog_ctrl' build argument 'cmake_args' from command line to 'None'
[0.979s] Level 5:colcon.colcon_core.verb:set package 'hyperdog_ctrl' build argument 'cmake_target' from command line to 'None'
[0.979s] Level 5:colcon.colcon_core.verb:set package 'hyperdog_ctrl' build argument 'cmake_target_skip_unavailable' from command line to 'False'
[0.979s] Level 5:colcon.colcon_core.verb:set package 'hyperdog_ctrl' build argument 'cmake_clean_cache' from command line to 'False'
[0.979s] Level 5:colcon.colcon_core.verb:set package 'hyperdog_ctrl' build argument 'cmake_clean_first' from command line to 'False'
[0.979s] Level 5:colcon.colcon_core.verb:set package 'hyperdog_ctrl' build argument 'cmake_force_configure' from command line to 'False'
[0.979s] Level 5:colcon.colcon_core.verb:set package 'hyperdog_ctrl' build argument 'ament_cmake_args' from command line to 'None'
[0.979s] Level 5:colcon.colcon_core.verb:set package 'hyperdog_ctrl' build argument 'catkin_cmake_args' from command line to 'None'
[0.979s] Level 5:colcon.colcon_core.verb:set package 'hyperdog_ctrl' build argument 'catkin_skip_building_tests' from command line to 'False'
[0.979s] DEBUG:colcon.colcon_core.verb:Building package 'hyperdog_ctrl' with the following arguments: {'ament_cmake_args': None, 'build_base': '/home/nicoleibert/hyperdog_ws/build/hyperdog_ctrl', 'catkin_cmake_args': None, 'catkin_skip_building_tests': False, 'cmake_args': None, 'cmake_clean_cache': False, 'cmake_clean_first': False, 'cmake_force_configure': False, 'cmake_target': None, 'cmake_target_skip_unavailable': False, 'install_base': '/home/nicoleibert/hyperdog_ws/install/hyperdog_ctrl', 'merge_install': False, 'path': '/home/nicoleibert/hyperdog_ws/src/hyperdog_ros2/hyperdog_ctrl', 'symlink_install': False, 'test_result_base': None}
[0.990s] Level 5:colcon.colcon_core.verb:set package 'hyperdog_gazebo_sim' build argument 'cmake_args' from command line to 'None'
[0.990s] Level 5:colcon.colcon_core.verb:set package 'hyperdog_gazebo_sim' build argument 'cmake_target' from command line to 'None'
[0.991s] Level 5:colcon.colcon_core.verb:set package 'hyperdog_gazebo_sim' build argument 'cmake_target_skip_unavailable' from command line to 'False'
[0.991s] Level 5:colcon.colcon_core.verb:set package 'hyperdog_gazebo_sim' build argument 'cmake_clean_cache' from command line to 'False'
[0.991s] Level 5:colcon.colcon_core.verb:set package 'hyperdog_gazebo_sim' build argument 'cmake_clean_first' from command line to 'False'
[0.991s] Level 5:colcon.colcon_core.verb:set package 'hyperdog_gazebo_sim' build argument 'cmake_force_configure' from command line to 'False'
[0.991s] Level 5:colcon.colcon_core.verb:set package 'hyperdog_gazebo_sim' build argument 'ament_cmake_args' from command line to 'None'
[0.991s] Level 5:colcon.colcon_core.verb:set package 'hyperdog_gazebo_sim' build argument 'catkin_cmake_args' from command line to 'None'
[0.991s] Level 5:colcon.colcon_core.verb:set package 'hyperdog_gazebo_sim' build argument 'catkin_skip_building_tests' from command line to 'False'
[0.991s] DEBUG:colcon.colcon_core.verb:Building package 'hyperdog_gazebo_sim' with the following arguments: {'ament_cmake_args': None, 'build_base': '/home/nicoleibert/hyperdog_ws/build/hyperdog_gazebo_sim', 'catkin_cmake_args': None, 'catkin_skip_building_tests': False, 'cmake_args': None, 'cmake_clean_cache': False, 'cmake_clean_first': False, 'cmake_force_configure': False, 'cmake_target': None, 'cmake_target_skip_unavailable': False, 'install_base': '/home/nicoleibert/hyperdog_ws/install/hyperdog_gazebo_sim', 'merge_install': False, 'path': '/home/nicoleibert/hyperdog_ws/src/hyperdog_ros2/hyperdog_gazebo_sim', 'symlink_install': False, 'test_result_base': None}
[1.002s] Level 5:colcon.colcon_core.verb:set package 'hyperdog_teleop' build argument 'cmake_args' from command line to 'None'
[1.002s] Level 5:colcon.colcon_core.verb:set package 'hyperdog_teleop' build argument 'cmake_target' from command line to 'None'
[1.002s] Level 5:colcon.colcon_core.verb:set package 'hyperdog_teleop' build argument 'cmake_target_skip_unavailable' from command line to 'False'
[1.002s] Level 5:colcon.colcon_core.verb:set package 'hyperdog_teleop' build argument 'cmake_clean_cache' from command line to 'False'
[1.002s] Level 5:colcon.colcon_core.verb:set package 'hyperdog_teleop' build argument 'cmake_clean_first' from command line to 'False'
[1.002s] Level 5:colcon.colcon_core.verb:set package 'hyperdog_teleop' build argument 'cmake_force_configure' from command line to 'False'
[1.002s] Level 5:colcon.colcon_core.verb:set package 'hyperdog_teleop' build argument 'ament_cmake_args' from command line to 'None'
[1.002s] Level 5:colcon.colcon_core.verb:set package 'hyperdog_teleop' build argument 'catkin_cmake_args' from command line to 'None'
[1.002s] Level 5:colcon.colcon_core.verb:set package 'hyperdog_teleop' build argument 'catkin_skip_building_tests' from command line to 'False'
[1.002s] DEBUG:colcon.colcon_core.verb:Building package 'hyperdog_teleop' with the following arguments: {'ament_cmake_args': None, 'build_base': '/home/nicoleibert/hyperdog_ws/build/hyperdog_teleop', 'catkin_cmake_args': None, 'catkin_skip_building_tests': False, 'cmake_args': None, 'cmake_clean_cache': False, 'cmake_clean_first': False, 'cmake_force_configure': False, 'cmake_target': None, 'cmake_target_skip_unavailable': False, 'install_base': '/home/nicoleibert/hyperdog_ws/install/hyperdog_teleop', 'merge_install': False, 'path': '/home/nicoleibert/hyperdog_ws/src/hyperdog_ros2/hyperdog_teleop', 'symlink_install': False, 'test_result_base': None}
[1.013s] INFO:colcon.colcon_core.executor:Executing jobs using 'parallel' executor
[1.025s] DEBUG:colcon.colcon_parallel_executor.executor.parallel:run_until_complete
[1.026s] INFO:colcon.colcon_ros.task.ament_cmake.build:Building ROS package in '/home/nicoleibert/hyperdog_ws/src/hyperdog_ros2/hyperdog_msgs' with build type 'ament_cmake'
[1.026s] INFO:colcon.colcon_cmake.task.cmake.build:Building CMake package in '/home/nicoleibert/hyperdog_ws/src/hyperdog_ros2/hyperdog_msgs'
[1.038s] INFO:colcon.colcon_core.plugin_system:Skipping extension 'colcon_core.shell.bat': Not used on non-Windows systems
[1.038s] INFO:colcon.colcon_core.shell:Skip shell extension 'powershell' for command environment: Not usable outside of PowerShell
[1.039s] DEBUG:colcon.colcon_core.shell:Skip shell extension 'dsv' for command environment
[1.063s] INFO:colcon.colcon_ros.task.ament_python.build:Building ROS package in '/home/nicoleibert/hyperdog_ws/src/hyperdog_ros2/hyperdog_launch' with build type 'ament_python'
[1.063s] Level 1:colcon.colcon_core.shell:create_environment_hook('hyperdog_launch', 'ament_prefix_path')
[1.076s] INFO:colcon.colcon_core.shell:Creating environment hook '/home/nicoleibert/hyperdog_ws/install/hyperdog_launch/share/hyperdog_launch/hook/ament_prefix_path.ps1'
[1.076s] INFO:colcon.colcon_core.shell:Creating environment descriptor '/home/nicoleibert/hyperdog_ws/install/hyperdog_launch/share/hyperdog_launch/hook/ament_prefix_path.dsv'
[1.077s] INFO:colcon.colcon_core.shell:Creating environment hook '/home/nicoleibert/hyperdog_ws/install/hyperdog_launch/share/hyperdog_launch/hook/ament_prefix_path.sh'
[1.092s] INFO:colcon.colcon_core.shell:Skip shell extension 'powershell' for command environment: Not usable outside of PowerShell
[1.092s] DEBUG:colcon.colcon_core.shell:Skip shell extension 'dsv' for command environment
[1.124s] DEBUG:colcon.colcon_core.event_handler.log_command:Invoking command in '/home/nicoleibert/hyperdog_ws/build/hyperdog_msgs': CMAKE_PREFIX_PATH=/opt/ros/iron /usr/bin/cmake --build /home/nicoleibert/hyperdog_ws/build/hyperdog_msgs -- -j16 -l16
[1.486s] INFO:colcon.colcon_core.task.python.build:Building Python package in '/home/nicoleibert/hyperdog_ws/src/hyperdog_ros2/hyperdog_launch'
[1.501s] INFO:colcon.colcon_core.shell:Skip shell extension 'powershell' for command environment: Not usable outside of PowerShell
[1.501s] DEBUG:colcon.colcon_core.shell:Skip shell extension 'dsv' for command environment
[1.571s] DEBUG:colcon.colcon_core.event_handler.log_command:Invoked command in '/home/nicoleibert/hyperdog_ws/build/hyperdog_msgs' returned '0': CMAKE_PREFIX_PATH=/opt/ros/iron /usr/bin/cmake --build /home/nicoleibert/hyperdog_ws/build/hyperdog_msgs -- -j16 -l16
[1.707s] DEBUG:colcon.colcon_core.event_handler.log_command:Invoking command in '/home/nicoleibert/hyperdog_ws/build/hyperdog_msgs': CMAKE_PREFIX_PATH=/opt/ros/iron /usr/bin/cmake --install /home/nicoleibert/hyperdog_ws/build/hyperdog_msgs
[1.763s] Level 1:colcon.colcon_core.environment:create_environment_scripts_only(hyperdog_msgs)
[1.764s] DEBUG:colcon.colcon_core.event_handler.log_command:Invoked command in '/home/nicoleibert/hyperdog_ws/build/hyperdog_msgs' returned '0': CMAKE_PREFIX_PATH=/opt/ros/iron /usr/bin/cmake --install /home/nicoleibert/hyperdog_ws/build/hyperdog_msgs
[1.796s] Level 1:colcon.colcon_core.environment:checking '/home/nicoleibert/hyperdog_ws/install/hyperdog_msgs' for CMake module files
[1.797s] Level 1:colcon.colcon_core.environment:checking '/home/nicoleibert/hyperdog_ws/install/hyperdog_msgs' for CMake config files
[1.798s] Level 1:colcon.colcon_core.shell:create_environment_hook('hyperdog_msgs', 'cmake_prefix_path')
[1.826s] INFO:colcon.colcon_core.shell:Creating environment hook '/home/nicoleibert/hyperdog_ws/install/hyperdog_msgs/share/hyperdog_msgs/hook/cmake_prefix_path.ps1'
[1.827s] INFO:colcon.colcon_core.shell:Creating environment descriptor '/home/nicoleibert/hyperdog_ws/install/hyperdog_msgs/share/hyperdog_msgs/hook/cmake_prefix_path.dsv'
[1.828s] INFO:colcon.colcon_core.shell:Creating environment hook '/home/nicoleibert/hyperdog_ws/install/hyperdog_msgs/share/hyperdog_msgs/hook/cmake_prefix_path.sh'
[1.829s] Level 1:colcon.colcon_core.environment:checking '/home/nicoleibert/hyperdog_ws/install/hyperdog_msgs/lib'
[1.829s] Level 1:colcon.colcon_core.shell:create_environment_hook('hyperdog_msgs', 'ld_library_path_lib')
[1.858s] INFO:colcon.colcon_core.shell:Creating environment hook '/home/nicoleibert/hyperdog_ws/install/hyperdog_msgs/share/hyperdog_msgs/hook/ld_library_path_lib.ps1'
[1.859s] INFO:colcon.colcon_core.shell:Creating environment descriptor '/home/nicoleibert/hyperdog_ws/install/hyperdog_msgs/share/hyperdog_msgs/hook/ld_library_path_lib.dsv'
[1.859s] INFO:colcon.colcon_core.shell:Creating environment hook '/home/nicoleibert/hyperdog_ws/install/hyperdog_msgs/share/hyperdog_msgs/hook/ld_library_path_lib.sh'
[1.860s] Level 1:colcon.colcon_core.environment:checking '/home/nicoleibert/hyperdog_ws/install/hyperdog_msgs/bin'
[1.860s] Level 1:colcon.colcon_core.environment:checking '/home/nicoleibert/hyperdog_ws/install/hyperdog_msgs/lib/pkgconfig/hyperdog_msgs.pc'
[1.860s] Level 1:colcon.colcon_core.environment:checking '/home/nicoleibert/hyperdog_ws/install/hyperdog_msgs/lib/python3.10/site-packages'
[1.860s] Level 1:colcon.colcon_core.shell:create_environment_hook('hyperdog_msgs', 'pythonpath')
[1.877s] INFO:colcon.colcon_core.shell:Creating environment hook '/home/nicoleibert/hyperdog_ws/install/hyperdog_msgs/share/hyperdog_msgs/hook/pythonpath.ps1'
[1.878s] INFO:colcon.colcon_core.shell:Creating environment descriptor '/home/nicoleibert/hyperdog_ws/install/hyperdog_msgs/share/hyperdog_msgs/hook/pythonpath.dsv'
[1.878s] INFO:colcon.colcon_core.shell:Creating environment hook '/home/nicoleibert/hyperdog_ws/install/hyperdog_msgs/share/hyperdog_msgs/hook/pythonpath.sh'
[1.878s] Level 1:colcon.colcon_core.environment:checking '/home/nicoleibert/hyperdog_ws/install/hyperdog_msgs/bin'
[1.895s] INFO:colcon.colcon_core.shell:Creating package script '/home/nicoleibert/hyperdog_ws/install/hyperdog_msgs/share/hyperdog_msgs/package.ps1'
[1.896s] INFO:colcon.colcon_core.shell:Creating package descriptor '/home/nicoleibert/hyperdog_ws/install/hyperdog_msgs/share/hyperdog_msgs/package.dsv'
[1.897s] INFO:colcon.colcon_core.shell:Creating package script '/home/nicoleibert/hyperdog_ws/install/hyperdog_msgs/share/hyperdog_msgs/package.sh'
[1.898s] INFO:colcon.colcon_core.shell:Creating package script '/home/nicoleibert/hyperdog_ws/install/hyperdog_msgs/share/hyperdog_msgs/package.bash'
[1.898s] INFO:colcon.colcon_core.shell:Creating package script '/home/nicoleibert/hyperdog_ws/install/hyperdog_msgs/share/hyperdog_msgs/package.zsh'
[1.899s] Level 1:colcon.colcon_core.environment:create_file_with_runtime_dependencies(/home/nicoleibert/hyperdog_ws/install/hyperdog_msgs/share/colcon-core/packages/hyperdog_msgs)
[1.944s] DEBUG:colcon.colcon_core.event_handler.log_command:Invoking command in '/home/nicoleibert/hyperdog_ws/src/hyperdog_ros2/hyperdog_launch': PYTHONPATH=/home/nicoleibert/hyperdog_ws/build/hyperdog_launch/prefix_override:/home/nicoleibert/hyperdog_ws/install/hyperdog_launch/lib/python3.10/site-packages:${PYTHONPATH} /usr/bin/python3 setup.py egg_info --egg-base ../../../build/hyperdog_launch build --build-base /home/nicoleibert/hyperdog_ws/build/hyperdog_launch/build install --record /home/nicoleibert/hyperdog_ws/build/hyperdog_launch/install.log --single-version-externally-managed
[2.050s] Level 1:colcon.colcon_core.environment:create_environment_scripts_only(hyperdog_msgs)
[2.084s] Level 1:colcon.colcon_core.environment:checking '/home/nicoleibert/hyperdog_ws/install/hyperdog_msgs' for CMake module files
[2.084s] Level 1:colcon.colcon_core.environment:checking '/home/nicoleibert/hyperdog_ws/install/hyperdog_msgs' for CMake config files
[2.085s] Level 1:colcon.colcon_core.shell:create_environment_hook('hyperdog_msgs', 'cmake_prefix_path')
[2.115s] INFO:colcon.colcon_core.shell:Creating environment hook '/home/nicoleibert/hyperdog_ws/install/hyperdog_msgs/share/hyperdog_msgs/hook/cmake_prefix_path.ps1'
[2.115s] INFO:colcon.colcon_core.shell:Creating environment descriptor '/home/nicoleibert/hyperdog_ws/install/hyperdog_msgs/share/hyperdog_msgs/hook/cmake_prefix_path.dsv'
[2.116s] INFO:colcon.colcon_core.shell:Creating environment hook '/home/nicoleibert/hyperdog_ws/install/hyperdog_msgs/share/hyperdog_msgs/hook/cmake_prefix_path.sh'
[2.116s] Level 1:colcon.colcon_core.environment:checking '/home/nicoleibert/hyperdog_ws/install/hyperdog_msgs/lib'
[2.116s] Level 1:colcon.colcon_core.shell:create_environment_hook('hyperdog_msgs', 'ld_library_path_lib')
[2.135s] INFO:colcon.colcon_core.shell:Creating environment hook '/home/nicoleibert/hyperdog_ws/install/hyperdog_msgs/share/hyperdog_msgs/hook/ld_library_path_lib.ps1'
[2.136s] INFO:colcon.colcon_core.shell:Creating environment descriptor '/home/nicoleibert/hyperdog_ws/install/hyperdog_msgs/share/hyperdog_msgs/hook/ld_library_path_lib.dsv'
[2.136s] INFO:colcon.colcon_core.shell:Creating environment hook '/home/nicoleibert/hyperdog_ws/install/hyperdog_msgs/share/hyperdog_msgs/hook/ld_library_path_lib.sh'
[2.139s] Level 1:colcon.colcon_core.environment:checking '/home/nicoleibert/hyperdog_ws/install/hyperdog_msgs/bin'
[2.139s] Level 1:colcon.colcon_core.environment:checking '/home/nicoleibert/hyperdog_ws/install/hyperdog_msgs/lib/pkgconfig/hyperdog_msgs.pc'
[2.144s] Level 1:colcon.colcon_core.environment:checking '/home/nicoleibert/hyperdog_ws/install/hyperdog_msgs/lib/python3.10/site-packages'
[2.145s] Level 1:colcon.colcon_core.shell:create_environment_hook('hyperdog_msgs', 'pythonpath')
[2.164s] INFO:colcon.colcon_core.shell:Creating environment hook '/home/nicoleibert/hyperdog_ws/install/hyperdog_msgs/share/hyperdog_msgs/hook/pythonpath.ps1'
[2.165s] INFO:colcon.colcon_core.shell:Creating environment descriptor '/home/nicoleibert/hyperdog_ws/install/hyperdog_msgs/share/hyperdog_msgs/hook/pythonpath.dsv'
[2.165s] INFO:colcon.colcon_core.shell:Creating environment hook '/home/nicoleibert/hyperdog_ws/install/hyperdog_msgs/share/hyperdog_msgs/hook/pythonpath.sh'
[2.165s] Level 1:colcon.colcon_core.environment:checking '/home/nicoleibert/hyperdog_ws/install/hyperdog_msgs/bin'
[2.192s] INFO:colcon.colcon_core.shell:Creating package script '/home/nicoleibert/hyperdog_ws/install/hyperdog_msgs/share/hyperdog_msgs/package.ps1'
[2.192s] INFO:colcon.colcon_core.shell:Creating package descriptor '/home/nicoleibert/hyperdog_ws/install/hyperdog_msgs/share/hyperdog_msgs/package.dsv'
[2.193s] INFO:colcon.colcon_core.shell:Creating package script '/home/nicoleibert/hyperdog_ws/install/hyperdog_msgs/share/hyperdog_msgs/package.sh'
[2.193s] INFO:colcon.colcon_core.shell:Creating package script '/home/nicoleibert/hyperdog_ws/install/hyperdog_msgs/share/hyperdog_msgs/package.bash'
[2.194s] INFO:colcon.colcon_core.shell:Creating package script '/home/nicoleibert/hyperdog_ws/install/hyperdog_msgs/share/hyperdog_msgs/package.zsh'
[2.194s] Level 1:colcon.colcon_core.environment:create_file_with_runtime_dependencies(/home/nicoleibert/hyperdog_ws/install/hyperdog_msgs/share/colcon-core/packages/hyperdog_msgs)
[2.195s] INFO:colcon.colcon_ros.task.ament_python.build:Building ROS package in '/home/nicoleibert/hyperdog_ws/src/hyperdog_ros2/hyperdog_ctrl' with build type 'ament_python'
[2.195s] Level 1:colcon.colcon_core.shell:create_environment_hook('hyperdog_ctrl', 'ament_prefix_path')
[2.212s] INFO:colcon.colcon_core.shell:Creating environment hook '/home/nicoleibert/hyperdog_ws/install/hyperdog_ctrl/share/hyperdog_ctrl/hook/ament_prefix_path.ps1'
[2.213s] INFO:colcon.colcon_core.shell:Creating environment descriptor '/home/nicoleibert/hyperdog_ws/install/hyperdog_ctrl/share/hyperdog_ctrl/hook/ament_prefix_path.dsv'
[2.213s] INFO:colcon.colcon_core.shell:Creating environment hook '/home/nicoleibert/hyperdog_ws/install/hyperdog_ctrl/share/hyperdog_ctrl/hook/ament_prefix_path.sh'
[2.241s] INFO:colcon.colcon_core.shell:Skip shell extension 'powershell' for command environment: Not usable outside of PowerShell
[2.241s] DEBUG:colcon.colcon_core.shell:Skip shell extension 'dsv' for command environment
[2.283s] INFO:colcon.colcon_ros.task.ament_cmake.build:Building ROS package in '/home/nicoleibert/hyperdog_ws/src/hyperdog_ros2/hyperdog_gazebo_sim' with build type 'ament_cmake'
[2.283s] INFO:colcon.colcon_cmake.task.cmake.build:Building CMake package in '/home/nicoleibert/hyperdog_ws/src/hyperdog_ros2/hyperdog_gazebo_sim'
[2.308s] INFO:colcon.colcon_core.shell:Skip shell extension 'powershell' for command environment: Not usable outside of PowerShell
[2.308s] DEBUG:colcon.colcon_core.shell:Skip shell extension 'dsv' for command environment
[2.354s] INFO:colcon.colcon_ros.task.ament_cmake.build:Building ROS package in '/home/nicoleibert/hyperdog_ws/src/hyperdog_ros2/hyperdog_teleop' with build type 'ament_cmake'
[2.354s] INFO:colcon.colcon_cmake.task.cmake.build:Building CMake package in '/home/nicoleibert/hyperdog_ws/src/hyperdog_ros2/hyperdog_teleop'
[2.369s] INFO:colcon.colcon_core.shell:Skip shell extension 'powershell' for command environment: Not usable outside of PowerShell
[2.369s] DEBUG:colcon.colcon_core.shell:Skip shell extension 'dsv' for command environment
[2.748s] INFO:colcon.colcon_core.task.python.build:Building Python package in '/home/nicoleibert/hyperdog_ws/src/hyperdog_ros2/hyperdog_ctrl'
[2.762s] INFO:colcon.colcon_core.shell:Skip shell extension 'powershell' for command environment: Not usable outside of PowerShell
[2.762s] DEBUG:colcon.colcon_core.shell:Skip shell extension 'dsv' for command environment
[2.803s] DEBUG:colcon.colcon_core.event_handler.log_command:Invoking command in '/home/nicoleibert/hyperdog_ws/build/hyperdog_gazebo_sim': AMENT_PREFIX_PATH=/home/nicoleibert/hyperdog_ws/install/hyperdog_msgs:${AMENT_PREFIX_PATH} CMAKE_PREFIX_PATH=/home/nicoleibert/hyperdog_ws/install/hyperdog_msgs:/opt/ros/iron LD_LIBRARY_PATH=/home/nicoleibert/hyperdog_ws/install/hyperdog_msgs/lib:${LD_LIBRARY_PATH} PYTHONPATH=/home/nicoleibert/hyperdog_ws/install/hyperdog_msgs/lib/python3.10/site-packages:${PYTHONPATH} /usr/bin/cmake --build /home/nicoleibert/hyperdog_ws/build/hyperdog_gazebo_sim -- -j16 -l16
[2.804s] DEBUG:colcon.colcon_core.event_handler.log_command:Invoked command in '/home/nicoleibert/hyperdog_ws/src/hyperdog_ros2/hyperdog_launch' returned '0': PYTHONPATH=/home/nicoleibert/hyperdog_ws/build/hyperdog_launch/prefix_override:/home/nicoleibert/hyperdog_ws/install/hyperdog_launch/lib/python3.10/site-packages:${PYTHONPATH} /usr/bin/python3 setup.py egg_info --egg-base ../../../build/hyperdog_launch build --build-base /home/nicoleibert/hyperdog_ws/build/hyperdog_launch/build install --record /home/nicoleibert/hyperdog_ws/build/hyperdog_launch/install.log --single-version-externally-managed
[2.828s] Level 1:colcon.colcon_core.environment:checking '/home/nicoleibert/hyperdog_ws/install/hyperdog_launch' for CMake module files
[2.828s] Level 1:colcon.colcon_core.environment:checking '/home/nicoleibert/hyperdog_ws/install/hyperdog_launch' for CMake config files
[2.829s] Level 1:colcon.colcon_core.environment:checking '/home/nicoleibert/hyperdog_ws/install/hyperdog_launch/lib'
[2.829s] Level 1:colcon.colcon_core.environment:checking '/home/nicoleibert/hyperdog_ws/install/hyperdog_launch/bin'
[2.829s] Level 1:colcon.colcon_core.environment:checking '/home/nicoleibert/hyperdog_ws/install/hyperdog_launch/lib/pkgconfig/hyperdog_launch.pc'
[2.829s] Level 1:colcon.colcon_core.environment:checking '/home/nicoleibert/hyperdog_ws/install/hyperdog_launch/lib/python3.10/site-packages'
[2.829s] Level 1:colcon.colcon_core.shell:create_environment_hook('hyperdog_launch', 'pythonpath')
[2.843s] INFO:colcon.colcon_core.shell:Creating environment hook '/home/nicoleibert/hyperdog_ws/install/hyperdog_launch/share/hyperdog_launch/hook/pythonpath.ps1'
[2.844s] INFO:colcon.colcon_core.shell:Creating environment descriptor '/home/nicoleibert/hyperdog_ws/install/hyperdog_launch/share/hyperdog_launch/hook/pythonpath.dsv'
[2.844s] INFO:colcon.colcon_core.shell:Creating environment hook '/home/nicoleibert/hyperdog_ws/install/hyperdog_launch/share/hyperdog_launch/hook/pythonpath.sh'
[2.844s] Level 1:colcon.colcon_core.environment:checking '/home/nicoleibert/hyperdog_ws/install/hyperdog_launch/bin'
[2.845s] Level 1:colcon.colcon_core.environment:create_environment_scripts_only(hyperdog_launch)
[2.871s] INFO:colcon.colcon_core.shell:Creating package script '/home/nicoleibert/hyperdog_ws/install/hyperdog_launch/share/hyperdog_launch/package.ps1'
[2.871s] INFO:colcon.colcon_core.shell:Creating package descriptor '/home/nicoleibert/hyperdog_ws/install/hyperdog_launch/share/hyperdog_launch/package.dsv'
[2.872s] INFO:colcon.colcon_core.shell:Creating package script '/home/nicoleibert/hyperdog_ws/install/hyperdog_launch/share/hyperdog_launch/package.sh'
[2.872s] INFO:colcon.colcon_core.shell:Creating package script '/home/nicoleibert/hyperdog_ws/install/hyperdog_launch/share/hyperdog_launch/package.bash'
[2.872s] INFO:colcon.colcon_core.shell:Creating package script '/home/nicoleibert/hyperdog_ws/install/hyperdog_launch/share/hyperdog_launch/package.zsh'
[2.873s] Level 1:colcon.colcon_core.environment:create_file_with_runtime_dependencies(/home/nicoleibert/hyperdog_ws/install/hyperdog_launch/share/colcon-core/packages/hyperdog_launch)
[2.877s] DEBUG:colcon.colcon_core.event_handler.log_command:Invoking command in '/home/nicoleibert/hyperdog_ws/build/hyperdog_teleop': AMENT_PREFIX_PATH=/home/nicoleibert/hyperdog_ws/install/hyperdog_msgs:${AMENT_PREFIX_PATH} CMAKE_PREFIX_PATH=/home/nicoleibert/hyperdog_ws/install/hyperdog_msgs:/opt/ros/iron LD_LIBRARY_PATH=/home/nicoleibert/hyperdog_ws/install/hyperdog_msgs/lib:${LD_LIBRARY_PATH} PYTHONPATH=/home/nicoleibert/hyperdog_ws/install/hyperdog_msgs/lib/python3.10/site-packages:${PYTHONPATH} /usr/bin/cmake --build /home/nicoleibert/hyperdog_ws/build/hyperdog_teleop -- -j16 -l16
[2.888s] DEBUG:colcon.colcon_core.event_handler.log_command:Invoked command in '/home/nicoleibert/hyperdog_ws/build/hyperdog_gazebo_sim' returned '0': AMENT_PREFIX_PATH=/home/nicoleibert/hyperdog_ws/install/hyperdog_msgs:${AMENT_PREFIX_PATH} CMAKE_PREFIX_PATH=/home/nicoleibert/hyperdog_ws/install/hyperdog_msgs:/opt/ros/iron LD_LIBRARY_PATH=/home/nicoleibert/hyperdog_ws/install/hyperdog_msgs/lib:${LD_LIBRARY_PATH} PYTHONPATH=/home/nicoleibert/hyperdog_ws/install/hyperdog_msgs/lib/python3.10/site-packages:${PYTHONPATH} /usr/bin/cmake --build /home/nicoleibert/hyperdog_ws/build/hyperdog_gazebo_sim -- -j16 -l16
[2.928s] DEBUG:colcon.colcon_core.event_handler.log_command:Invoking command in '/home/nicoleibert/hyperdog_ws/build/hyperdog_gazebo_sim': AMENT_PREFIX_PATH=/home/nicoleibert/hyperdog_ws/install/hyperdog_msgs:${AMENT_PREFIX_PATH} CMAKE_PREFIX_PATH=/home/nicoleibert/hyperdog_ws/install/hyperdog_msgs:/opt/ros/iron LD_LIBRARY_PATH=/home/nicoleibert/hyperdog_ws/install/hyperdog_msgs/lib:${LD_LIBRARY_PATH} PYTHONPATH=/home/nicoleibert/hyperdog_ws/install/hyperdog_msgs/lib/python3.10/site-packages:${PYTHONPATH} /usr/bin/cmake --install /home/nicoleibert/hyperdog_ws/build/hyperdog_gazebo_sim
[2.969s] Level 1:colcon.colcon_core.environment:create_environment_scripts_only(hyperdog_gazebo_sim)
[2.970s] DEBUG:colcon.colcon_core.event_handler.log_command:Invoked command in '/home/nicoleibert/hyperdog_ws/build/hyperdog_gazebo_sim' returned '0': AMENT_PREFIX_PATH=/home/nicoleibert/hyperdog_ws/install/hyperdog_msgs:${AMENT_PREFIX_PATH} CMAKE_PREFIX_PATH=/home/nicoleibert/hyperdog_ws/install/hyperdog_msgs:/opt/ros/iron LD_LIBRARY_PATH=/home/nicoleibert/hyperdog_ws/install/hyperdog_msgs/lib:${LD_LIBRARY_PATH} PYTHONPATH=/home/nicoleibert/hyperdog_ws/install/hyperdog_msgs/lib/python3.10/site-packages:${PYTHONPATH} /usr/bin/cmake --install /home/nicoleibert/hyperdog_ws/build/hyperdog_gazebo_sim
[3.006s] Level 1:colcon.colcon_core.environment:checking '/home/nicoleibert/hyperdog_ws/install/hyperdog_gazebo_sim' for CMake module files
[3.007s] Level 1:colcon.colcon_core.environment:checking '/home/nicoleibert/hyperdog_ws/install/hyperdog_gazebo_sim' for CMake config files
[3.007s] Level 1:colcon.colcon_core.shell:create_environment_hook('hyperdog_gazebo_sim', 'cmake_prefix_path')
[3.039s] INFO:colcon.colcon_core.shell:Creating environment hook '/home/nicoleibert/hyperdog_ws/install/hyperdog_gazebo_sim/share/hyperdog_gazebo_sim/hook/cmake_prefix_path.ps1'
[3.039s] INFO:colcon.colcon_core.shell:Creating environment descriptor '/home/nicoleibert/hyperdog_ws/install/hyperdog_gazebo_sim/share/hyperdog_gazebo_sim/hook/cmake_prefix_path.dsv'
[3.039s] INFO:colcon.colcon_core.shell:Creating environment hook '/home/nicoleibert/hyperdog_ws/install/hyperdog_gazebo_sim/share/hyperdog_gazebo_sim/hook/cmake_prefix_path.sh'
[3.040s] Level 1:colcon.colcon_core.environment:checking '/home/nicoleibert/hyperdog_ws/install/hyperdog_gazebo_sim/lib'
[3.040s] Level 1:colcon.colcon_core.environment:checking '/home/nicoleibert/hyperdog_ws/install/hyperdog_gazebo_sim/bin'
[3.040s] Level 1:colcon.colcon_core.environment:checking '/home/nicoleibert/hyperdog_ws/install/hyperdog_gazebo_sim/lib/pkgconfig/hyperdog_gazebo_sim.pc'
[3.040s] Level 1:colcon.colcon_core.environment:checking '/home/nicoleibert/hyperdog_ws/install/hyperdog_gazebo_sim/lib/python3.10/site-packages'
[3.040s] Level 1:colcon.colcon_core.environment:checking '/home/nicoleibert/hyperdog_ws/install/hyperdog_gazebo_sim/bin'
[3.066s] INFO:colcon.colcon_core.shell:Creating package script '/home/nicoleibert/hyperdog_ws/install/hyperdog_gazebo_sim/share/hyperdog_gazebo_sim/package.ps1'
[3.066s] INFO:colcon.colcon_core.shell:Creating package descriptor '/home/nicoleibert/hyperdog_ws/install/hyperdog_gazebo_sim/share/hyperdog_gazebo_sim/package.dsv'
[3.067s] INFO:colcon.colcon_core.shell:Creating package script '/home/nicoleibert/hyperdog_ws/install/hyperdog_gazebo_sim/share/hyperdog_gazebo_sim/package.sh'
[3.067s] INFO:colcon.colcon_core.shell:Creating package script '/home/nicoleibert/hyperdog_ws/install/hyperdog_gazebo_sim/share/hyperdog_gazebo_sim/package.bash'
[3.067s] INFO:colcon.colcon_core.shell:Creating package script '/home/nicoleibert/hyperdog_ws/install/hyperdog_gazebo_sim/share/hyperdog_gazebo_sim/package.zsh'
[3.068s] Level 1:colcon.colcon_core.environment:create_file_with_runtime_dependencies(/home/nicoleibert/hyperdog_ws/install/hyperdog_gazebo_sim/share/colcon-core/packages/hyperdog_gazebo_sim)
[3.132s] Level 1:colcon.colcon_core.environment:create_environment_scripts_only(hyperdog_gazebo_sim)
[3.158s] Level 1:colcon.colcon_core.environment:checking '/home/nicoleibert/hyperdog_ws/install/hyperdog_gazebo_sim' for CMake module files
[3.159s] Level 1:colcon.colcon_core.environment:checking '/home/nicoleibert/hyperdog_ws/install/hyperdog_gazebo_sim' for CMake config files
[3.159s] Level 1:colcon.colcon_core.shell:create_environment_hook('hyperdog_gazebo_sim', 'cmake_prefix_path')
[3.183s] INFO:colcon.colcon_core.shell:Creating environment hook '/home/nicoleibert/hyperdog_ws/install/hyperdog_gazebo_sim/share/hyperdog_gazebo_sim/hook/cmake_prefix_path.ps1'
[3.184s] INFO:colcon.colcon_core.shell:Creating environment descriptor '/home/nicoleibert/hyperdog_ws/install/hyperdog_gazebo_sim/share/hyperdog_gazebo_sim/hook/cmake_prefix_path.dsv'
[3.185s] INFO:colcon.colcon_core.shell:Creating environment hook '/home/nicoleibert/hyperdog_ws/install/hyperdog_gazebo_sim/share/hyperdog_gazebo_sim/hook/cmake_prefix_path.sh'
[3.185s] Level 1:colcon.colcon_core.environment:checking '/home/nicoleibert/hyperdog_ws/install/hyperdog_gazebo_sim/lib'
[3.185s] Level 1:colcon.colcon_core.environment:checking '/home/nicoleibert/hyperdog_ws/install/hyperdog_gazebo_sim/bin'
[3.185s] Level 1:colcon.colcon_core.environment:checking '/home/nicoleibert/hyperdog_ws/install/hyperdog_gazebo_sim/lib/pkgconfig/hyperdog_gazebo_sim.pc'
[3.186s] Level 1:colcon.colcon_core.environment:checking '/home/nicoleibert/hyperdog_ws/install/hyperdog_gazebo_sim/lib/python3.10/site-packages'
[3.186s] Level 1:colcon.colcon_core.environment:checking '/home/nicoleibert/hyperdog_ws/install/hyperdog_gazebo_sim/bin'
[3.201s] INFO:colcon.colcon_core.shell:Creating package script '/home/nicoleibert/hyperdog_ws/install/hyperdog_gazebo_sim/share/hyperdog_gazebo_sim/package.ps1'
[3.202s] INFO:colcon.colcon_core.shell:Creating package descriptor '/home/nicoleibert/hyperdog_ws/install/hyperdog_gazebo_sim/share/hyperdog_gazebo_sim/package.dsv'
[3.202s] INFO:colcon.colcon_core.shell:Creating package script '/home/nicoleibert/hyperdog_ws/install/hyperdog_gazebo_sim/share/hyperdog_gazebo_sim/package.sh'
[3.202s] INFO:colcon.colcon_core.shell:Creating package script '/home/nicoleibert/hyperdog_ws/install/hyperdog_gazebo_sim/share/hyperdog_gazebo_sim/package.bash'
[3.203s] INFO:colcon.colcon_core.shell:Creating package script '/home/nicoleibert/hyperdog_ws/install/hyperdog_gazebo_sim/share/hyperdog_gazebo_sim/package.zsh'
[3.203s] Level 1:colcon.colcon_core.environment:create_file_with_runtime_dependencies(/home/nicoleibert/hyperdog_ws/install/hyperdog_gazebo_sim/share/colcon-core/packages/hyperdog_gazebo_sim)
[3.413s] DEBUG:colcon.colcon_core.event_handler.log_command:Invoking command in '/home/nicoleibert/hyperdog_ws/src/hyperdog_ros2/hyperdog_ctrl': AMENT_PREFIX_PATH=/home/nicoleibert/hyperdog_ws/install/hyperdog_msgs:${AMENT_PREFIX_PATH} CMAKE_PREFIX_PATH=/home/nicoleibert/hyperdog_ws/install/hyperdog_msgs LD_LIBRARY_PATH=/home/nicoleibert/hyperdog_ws/install/hyperdog_msgs/lib:${LD_LIBRARY_PATH} PYTHONPATH=/home/nicoleibert/hyperdog_ws/build/hyperdog_ctrl/prefix_override:/home/nicoleibert/hyperdog_ws/install/hyperdog_ctrl/lib/python3.10/site-packages:/home/nicoleibert/hyperdog_ws/install/hyperdog_msgs/lib/python3.10/site-packages:${PYTHONPATH} /usr/bin/python3 setup.py egg_info --egg-base ../../../build/hyperdog_ctrl build --build-base /home/nicoleibert/hyperdog_ws/build/hyperdog_ctrl/build install --record /home/nicoleibert/hyperdog_ws/build/hyperdog_ctrl/install.log --single-version-externally-managed
[3.826s] DEBUG:colcon.colcon_core.event_handler.log_command:Invoked command in '/home/nicoleibert/hyperdog_ws/src/hyperdog_ros2/hyperdog_ctrl' returned '0': AMENT_PREFIX_PATH=/home/nicoleibert/hyperdog_ws/install/hyperdog_msgs:${AMENT_PREFIX_PATH} CMAKE_PREFIX_PATH=/home/nicoleibert/hyperdog_ws/install/hyperdog_msgs LD_LIBRARY_PATH=/home/nicoleibert/hyperdog_ws/install/hyperdog_msgs/lib:${LD_LIBRARY_PATH} PYTHONPATH=/home/nicoleibert/hyperdog_ws/build/hyperdog_ctrl/prefix_override:/home/nicoleibert/hyperdog_ws/install/hyperdog_ctrl/lib/python3.10/site-packages:/home/nicoleibert/hyperdog_ws/install/hyperdog_msgs/lib/python3.10/site-packages:${PYTHONPATH} /usr/bin/python3 setup.py egg_info --egg-base ../../../build/hyperdog_ctrl build --build-base /home/nicoleibert/hyperdog_ws/build/hyperdog_ctrl/build install --record /home/nicoleibert/hyperdog_ws/build/hyperdog_ctrl/install.log --single-version-externally-managed
[3.866s] Level 1:colcon.colcon_core.environment:checking '/home/nicoleibert/hyperdog_ws/install/hyperdog_ctrl' for CMake module files
[3.867s] Level 1:colcon.colcon_core.environment:checking '/home/nicoleibert/hyperdog_ws/install/hyperdog_ctrl' for CMake config files
[3.869s] Level 1:colcon.colcon_core.environment:checking '/home/nicoleibert/hyperdog_ws/install/hyperdog_ctrl/lib'
[3.869s] Level 1:colcon.colcon_core.environment:checking '/home/nicoleibert/hyperdog_ws/install/hyperdog_ctrl/bin'
[3.869s] Level 1:colcon.colcon_core.environment:checking '/home/nicoleibert/hyperdog_ws/install/hyperdog_ctrl/lib/pkgconfig/hyperdog_ctrl.pc'
[3.869s] Level 1:colcon.colcon_core.environment:checking '/home/nicoleibert/hyperdog_ws/install/hyperdog_ctrl/lib/python3.10/site-packages'
[3.870s] Level 1:colcon.colcon_core.shell:create_environment_hook('hyperdog_ctrl', 'pythonpath')
[3.917s] INFO:colcon.colcon_core.shell:Creating environment hook '/home/nicoleibert/hyperdog_ws/install/hyperdog_ctrl/share/hyperdog_ctrl/hook/pythonpath.ps1'
[3.919s] INFO:colcon.colcon_core.shell:Creating environment descriptor '/home/nicoleibert/hyperdog_ws/install/hyperdog_ctrl/share/hyperdog_ctrl/hook/pythonpath.dsv'
[3.919s] INFO:colcon.colcon_core.shell:Creating environment hook '/home/nicoleibert/hyperdog_ws/install/hyperdog_ctrl/share/hyperdog_ctrl/hook/pythonpath.sh'
[3.920s] Level 1:colcon.colcon_core.environment:checking '/home/nicoleibert/hyperdog_ws/install/hyperdog_ctrl/bin'
[3.921s] Level 1:colcon.colcon_core.environment:create_environment_scripts_only(hyperdog_ctrl)
[3.983s] INFO:colcon.colcon_core.shell:Creating package script '/home/nicoleibert/hyperdog_ws/install/hyperdog_ctrl/share/hyperdog_ctrl/package.ps1'
[3.985s] INFO:colcon.colcon_core.shell:Creating package descriptor '/home/nicoleibert/hyperdog_ws/install/hyperdog_ctrl/share/hyperdog_ctrl/package.dsv'
[3.987s] INFO:colcon.colcon_core.shell:Creating package script '/home/nicoleibert/hyperdog_ws/install/hyperdog_ctrl/share/hyperdog_ctrl/package.sh'
[3.988s] INFO:colcon.colcon_core.shell:Creating package script '/home/nicoleibert/hyperdog_ws/install/hyperdog_ctrl/share/hyperdog_ctrl/package.bash'
[3.990s] INFO:colcon.colcon_core.shell:Creating package script '/home/nicoleibert/hyperdog_ws/install/hyperdog_ctrl/share/hyperdog_ctrl/package.zsh'
[3.991s] Level 1:colcon.colcon_core.environment:create_file_with_runtime_dependencies(/home/nicoleibert/hyperdog_ws/install/hyperdog_ctrl/share/colcon-core/packages/hyperdog_ctrl)
[5.872s] DEBUG:colcon.colcon_core.event_handler.log_command:Invoked command in '/home/nicoleibert/hyperdog_ws/build/hyperdog_teleop' returned '2': AMENT_PREFIX_PATH=/home/nicoleibert/hyperdog_ws/install/hyperdog_msgs:${AMENT_PREFIX_PATH} CMAKE_PREFIX_PATH=/home/nicoleibert/hyperdog_ws/install/hyperdog_msgs:/opt/ros/iron LD_LIBRARY_PATH=/home/nicoleibert/hyperdog_ws/install/hyperdog_msgs/lib:${LD_LIBRARY_PATH} PYTHONPATH=/home/nicoleibert/hyperdog_ws/install/hyperdog_msgs/lib/python3.10/site-packages:${PYTHONPATH} /usr/bin/cmake --build /home/nicoleibert/hyperdog_ws/build/hyperdog_teleop -- -j16 -l16
[5.987s] Level 1:colcon.colcon_core.environment:create_environment_scripts_only(hyperdog_teleop)
[6.036s] Level 1:colcon.colcon_core.environment:checking '/home/nicoleibert/hyperdog_ws/install/hyperdog_teleop' for CMake module files
[6.037s] Level 1:colcon.colcon_core.environment:checking '/home/nicoleibert/hyperdog_ws/install/hyperdog_teleop' for CMake config files
[6.037s] Level 1:colcon.colcon_core.environment:checking '/home/nicoleibert/hyperdog_ws/install/hyperdog_teleop/bin'
[6.037s] Level 1:colcon.colcon_core.environment:checking '/home/nicoleibert/hyperdog_ws/install/hyperdog_teleop/lib/pkgconfig/hyperdog_teleop.pc'
[6.038s] Level 1:colcon.colcon_core.environment:checking '/home/nicoleibert/hyperdog_ws/install/hyperdog_teleop/lib/python3.10/site-packages'
[6.039s] Level 1:colcon.colcon_core.environment:checking '/home/nicoleibert/hyperdog_ws/install/hyperdog_teleop/bin'
[6.095s] INFO:colcon.colcon_core.shell:Creating package script '/home/nicoleibert/hyperdog_ws/install/hyperdog_teleop/share/hyperdog_teleop/package.ps1'
[6.097s] INFO:colcon.colcon_core.shell:Creating package descriptor '/home/nicoleibert/hyperdog_ws/install/hyperdog_teleop/share/hyperdog_teleop/package.dsv'
[6.098s] INFO:colcon.colcon_core.shell:Creating package script '/home/nicoleibert/hyperdog_ws/install/hyperdog_teleop/share/hyperdog_teleop/package.sh'
[6.099s] INFO:colcon.colcon_core.shell:Creating package script '/home/nicoleibert/hyperdog_ws/install/hyperdog_teleop/share/hyperdog_teleop/package.bash'
[6.100s] INFO:colcon.colcon_core.shell:Creating package script '/home/nicoleibert/hyperdog_ws/install/hyperdog_teleop/share/hyperdog_teleop/package.zsh'
[6.100s] Level 1:colcon.colcon_core.environment:create_file_with_runtime_dependencies(/home/nicoleibert/hyperdog_ws/install/hyperdog_teleop/share/colcon-core/packages/hyperdog_teleop)
[6.111s] DEBUG:colcon.colcon_parallel_executor.executor.parallel:closing loop
[6.112s] DEBUG:colcon.colcon_parallel_executor.executor.parallel:loop closed
[6.112s] DEBUG:colcon.colcon_parallel_executor.executor.parallel:run_until_complete finished with '2'
[6.112s] DEBUG:colcon.colcon_core.event_reactor:joining thread
[6.169s] INFO:colcon.colcon_core.plugin_system:Skipping extension 'colcon_notification.desktop_notification.terminal_notifier': Not used on non-Darwin systems
[6.169s] INFO:colcon.colcon_core.plugin_system:Skipping extension 'colcon_notification.desktop_notification.win32': Not used on non-Windows systems
[6.169s] INFO:colcon.colcon_notification.desktop_notification:Sending desktop notification using 'notify2'
[6.207s] DEBUG:colcon.colcon_core.event_reactor:joined thread
[6.249s] INFO:colcon.colcon_core.shell:Creating prefix script '/home/nicoleibert/hyperdog_ws/install/local_setup.ps1'
[6.251s] INFO:colcon.colcon_core.shell:Creating prefix util module '/home/nicoleibert/hyperdog_ws/install/_local_setup_util_ps1.py'
[6.255s] INFO:colcon.colcon_core.shell:Creating prefix chain script '/home/nicoleibert/hyperdog_ws/install/setup.ps1'
[6.297s] INFO:colcon.colcon_core.shell:Creating prefix script '/home/nicoleibert/hyperdog_ws/install/local_setup.sh'
[6.299s] INFO:colcon.colcon_core.shell:Creating prefix util module '/home/nicoleibert/hyperdog_ws/install/_local_setup_util_sh.py'
[6.300s] INFO:colcon.colcon_core.shell:Creating prefix chain script '/home/nicoleibert/hyperdog_ws/install/setup.sh'
[6.343s] INFO:colcon.colcon_core.shell:Creating prefix script '/home/nicoleibert/hyperdog_ws/install/local_setup.bash'
[6.344s] INFO:colcon.colcon_core.shell:Creating prefix chain script '/home/nicoleibert/hyperdog_ws/install/setup.bash'
[6.389s] INFO:colcon.colcon_core.shell:Creating prefix script '/home/nicoleibert/hyperdog_ws/install/local_setup.zsh'
[6.391s] INFO:colcon.colcon_core.shell:Creating prefix chain script '/home/nicoleibert/hyperdog_ws/install/setup.zsh'
