running egg_info
writing ../../../build/hyperdog_launch/hyperdog_launch.egg-info/PKG-INFO
writing dependency_links to ../../../build/hyperdog_launch/hyperdog_launch.egg-info/dependency_links.txt
writing entry points to ../../../build/hyperdog_launch/hyperdog_launch.egg-info/entry_points.txt
writing requirements to ../../../build/hyperdog_launch/hyperdog_launch.egg-info/requires.txt
writing top-level names to ../../../build/hyperdog_launch/hyperdog_launch.egg-info/top_level.txt
reading manifest file '../../../build/hyperdog_launch/hyperdog_launch.egg-info/SOURCES.txt'
writing manifest file '../../../build/hyperdog_launch/hyperdog_launch.egg-info/SOURCES.txt'
running build
running build_py
copying hyperdog_launch/__init__.py -> /home/nicoleibert/RRC-RnD-Catbot/build/hyperdog_launch/build/lib/hyperdog_launch
running install
running install_lib
copying /home/nicoleibert/RRC-RnD-Catbot/build/hyperdog_launch/build/lib/hyperdog_launch/__init__.py -> /home/nicoleibert/RRC-RnD-Catbot/install/hyperdog_launch/lib/python3.10/site-packages/hyperdog_launch
byte-compiling /home/nicoleibert/RRC-RnD-Catbot/install/hyperdog_launch/lib/python3.10/site-packages/hyperdog_launch/__init__.py to __init__.cpython-310.pyc
running install_data
copying resource/hyperdog_launch -> /home/nicoleibert/RRC-RnD-Catbot/install/hyperdog_launch/share/ament_index/resource_index/packages
copying package.xml -> /home/nicoleibert/RRC-RnD-Catbot/install/hyperdog_launch/share/hyperdog_launch
copying launch/hyperdog.launch.py -> /home/nicoleibert/RRC-RnD-Catbot/install/hyperdog_launch/share/hyperdog_launch/launch
running install_egg_info
removing '/home/nicoleibert/RRC-RnD-Catbot/install/hyperdog_launch/lib/python3.10/site-packages/hyperdog_launch-0.0.0-py3.10.egg-info' (and everything under it)
Copying ../../../build/hyperdog_launch/hyperdog_launch.egg-info to /home/nicoleibert/RRC-RnD-Catbot/install/hyperdog_launch/lib/python3.10/site-packages/hyperdog_launch-0.0.0-py3.10.egg-info
running install_scripts
writing list of installed files to '/home/nicoleibert/RRC-RnD-Catbot/build/hyperdog_launch/install.log'
