[0.503s] Invoking command in '/home/nicoleibert/RRC-RnD-Catbot/src/hyperdog_ros2/hyperdog_launch': PYTHONPATH=/home/nicoleibert/RRC-RnD-Catbot/build/hyperdog_launch/prefix_override:/home/nicoleibert/RRC-RnD-Catbot/install/hyperdog_launch/lib/python3.10/site-packages:${PYTHONPATH} /usr/bin/python3 setup.py egg_info --egg-base ../../../build/hyperdog_launch build --build-base /home/nicoleibert/RRC-RnD-Catbot/build/hyperdog_launch/build install --record /home/nicoleibert/RRC-RnD-Catbot/build/hyperdog_launch/install.log --single-version-externally-managed
[0.669s] running egg_info
[0.669s] writing ../../../build/hyperdog_launch/hyperdog_launch.egg-info/PKG-INFO
[0.669s] writing dependency_links to ../../../build/hyperdog_launch/hyperdog_launch.egg-info/dependency_links.txt
[0.669s] writing entry points to ../../../build/hyperdog_launch/hyperdog_launch.egg-info/entry_points.txt
[0.670s] writing requirements to ../../../build/hyperdog_launch/hyperdog_launch.egg-info/requires.txt
[0.670s] writing top-level names to ../../../build/hyperdog_launch/hyperdog_launch.egg-info/top_level.txt
[0.671s] reading manifest file '../../../build/hyperdog_launch/hyperdog_launch.egg-info/SOURCES.txt'
[0.671s] writing manifest file '../../../build/hyperdog_launch/hyperdog_launch.egg-info/SOURCES.txt'
[0.671s] running build
[0.671s] running build_py
[0.671s] copying hyperdog_launch/__init__.py -> /home/nicoleibert/RRC-RnD-Catbot/build/hyperdog_launch/build/lib/hyperdog_launch
[0.672s] running install
[0.672s] running install_lib
[0.672s] copying /home/nicoleibert/RRC-RnD-Catbot/build/hyperdog_launch/build/lib/hyperdog_launch/__init__.py -> /home/nicoleibert/RRC-RnD-Catbot/install/hyperdog_launch/lib/python3.10/site-packages/hyperdog_launch
[0.673s] byte-compiling /home/nicoleibert/RRC-RnD-Catbot/install/hyperdog_launch/lib/python3.10/site-packages/hyperdog_launch/__init__.py to __init__.cpython-310.pyc
[0.673s] running install_data
[0.673s] copying resource/hyperdog_launch -> /home/nicoleibert/RRC-RnD-Catbot/install/hyperdog_launch/share/ament_index/resource_index/packages
[0.673s] copying package.xml -> /home/nicoleibert/RRC-RnD-Catbot/install/hyperdog_launch/share/hyperdog_launch
[0.673s] copying launch/hyperdog.launch.py -> /home/nicoleibert/RRC-RnD-Catbot/install/hyperdog_launch/share/hyperdog_launch/launch
[0.673s] running install_egg_info
[0.675s] removing '/home/nicoleibert/RRC-RnD-Catbot/install/hyperdog_launch/lib/python3.10/site-packages/hyperdog_launch-0.0.0-py3.10.egg-info' (and everything under it)
[0.675s] Copying ../../../build/hyperdog_launch/hyperdog_launch.egg-info to /home/nicoleibert/RRC-RnD-Catbot/install/hyperdog_launch/lib/python3.10/site-packages/hyperdog_launch-0.0.0-py3.10.egg-info
[0.675s] running install_scripts
[0.690s] writing list of installed files to '/home/nicoleibert/RRC-RnD-Catbot/build/hyperdog_launch/install.log'
[0.707s] Invoked command in '/home/nicoleibert/RRC-RnD-Catbot/src/hyperdog_ros2/hyperdog_launch' returned '0': PYTHONPATH=/home/nicoleibert/RRC-RnD-Catbot/build/hyperdog_launch/prefix_override:/home/nicoleibert/RRC-RnD-Catbot/install/hyperdog_launch/lib/python3.10/site-packages:${PYTHONPATH} /usr/bin/python3 setup.py egg_info --egg-base ../../../build/hyperdog_launch build --build-base /home/nicoleibert/RRC-RnD-Catbot/build/hyperdog_launch/build install --record /home/nicoleibert/RRC-RnD-Catbot/build/hyperdog_launch/install.log --single-version-externally-managed
