/home/nicoleibert/.local/lib/python3.10/site-packages/setuptools/dist.py:717: UserWarning: Usage of dash-separated 'script-dir' will not be supported in future versions. Please use the underscore name 'script_dir' instead
  warnings.warn(
running egg_info
creating ../../../build/hyperdog_launch/hyperdog_launch.egg-info
writing ../../../build/hyperdog_launch/hyperdog_launch.egg-info/PKG-INFO
writing dependency_links to ../../../build/hyperdog_launch/hyperdog_launch.egg-info/dependency_links.txt
writing entry points to ../../../build/hyperdog_launch/hyperdog_launch.egg-info/entry_points.txt
writing requirements to ../../../build/hyperdog_launch/hyperdog_launch.egg-info/requires.txt
writing top-level names to ../../../build/hyperdog_launch/hyperdog_launch.egg-info/top_level.txt
writing manifest file '../../../build/hyperdog_launch/hyperdog_launch.egg-info/SOURCES.txt'
reading manifest file '../../../build/hyperdog_launch/hyperdog_launch.egg-info/SOURCES.txt'
writing manifest file '../../../build/hyperdog_launch/hyperdog_launch.egg-info/SOURCES.txt'
running build
running build_py
creating /home/nicoleibert/hyperdog_ws/build/hyperdog_launch/build
creating /home/nicoleibert/hyperdog_ws/build/hyperdog_launch/build/lib
creating /home/nicoleibert/hyperdog_ws/build/hyperdog_launch/build/lib/hyperdog_launch
copying hyperdog_launch/__init__.py -> /home/nicoleibert/hyperdog_ws/build/hyperdog_launch/build/lib/hyperdog_launch
running install
running install_lib
creating /home/nicoleibert/hyperdog_ws/install/hyperdog_launch/lib/python3.10/site-packages/hyperdog_launch
copying /home/nicoleibert/hyperdog_ws/build/hyperdog_launch/build/lib/hyperdog_launch/__init__.py -> /home/nicoleibert/hyperdog_ws/install/hyperdog_launch/lib/python3.10/site-packages/hyperdog_launch
byte-compiling /home/nicoleibert/hyperdog_ws/install/hyperdog_launch/lib/python3.10/site-packages/hyperdog_launch/__init__.py to __init__.cpython-310.pyc
running install_data
creating /home/nicoleibert/hyperdog_ws/install/hyperdog_launch/share/ament_index
creating /home/nicoleibert/hyperdog_ws/install/hyperdog_launch/share/ament_index/resource_index
creating /home/nicoleibert/hyperdog_ws/install/hyperdog_launch/share/ament_index/resource_index/packages
copying resource/hyperdog_launch -> /home/nicoleibert/hyperdog_ws/install/hyperdog_launch/share/ament_index/resource_index/packages
copying package.xml -> /home/nicoleibert/hyperdog_ws/install/hyperdog_launch/share/hyperdog_launch
creating /home/nicoleibert/hyperdog_ws/install/hyperdog_launch/share/hyperdog_launch/launch
copying launch/hyperdog.launch.py -> /home/nicoleibert/hyperdog_ws/install/hyperdog_launch/share/hyperdog_launch/launch
running install_egg_info
Copying ../../../build/hyperdog_launch/hyperdog_launch.egg-info to /home/nicoleibert/hyperdog_ws/install/hyperdog_launch/lib/python3.10/site-packages/hyperdog_launch-0.0.0-py3.10.egg-info
running install_scripts
writing list of installed files to '/home/nicoleibert/hyperdog_ws/build/hyperdog_launch/install.log'
