running egg_info
writing ../../../build/motor_package/motor_package.egg-info/PKG-INFO
writing dependency_links to ../../../build/motor_package/motor_package.egg-info/dependency_links.txt
writing entry points to ../../../build/motor_package/motor_package.egg-info/entry_points.txt
writing requirements to ../../../build/motor_package/motor_package.egg-info/requires.txt
writing top-level names to ../../../build/motor_package/motor_package.egg-info/top_level.txt
reading manifest file '../../../build/motor_package/motor_package.egg-info/SOURCES.txt'
writing manifest file '../../../build/motor_package/motor_package.egg-info/SOURCES.txt'
running build
running install
/home/winsonl8/.local/lib/python3.10/site-packages/setuptools/command/install.py:34: SetuptoolsDeprecationWarning: setup.py install is deprecated. Use build and pip and other standards-based tools.
  warnings.warn(
running install_data
running install_egg_info
removing '/home/winsonl8/catbot2023/install/motor_package/lib/python3.10/site-packages/motor_package-0.0.0-py3.10.egg-info' (and everything under it)
Copying ../../../build/motor_package/motor_package.egg-info to /home/winsonl8/catbot2023/install/motor_package/lib/python3.10/site-packages/motor_package-0.0.0-py3.10.egg-info
running install_scripts
Installing bldc_motor script to /home/winsonl8/catbot2023/install/motor_package/lib/motor_package
Installing brushed_motor script to /home/winsonl8/catbot2023/install/motor_package/lib/motor_package
Installing servo_motor script to /home/winsonl8/catbot2023/install/motor_package/lib/motor_package
writing list of installed files to '/home/winsonl8/catbot2023/build/motor_package/install.log'
