[0.645s] Invoking command in '/home/winsonl8/catbot2023/src/motors/motor_package': PYTHONPATH=/home/winsonl8/catbot2023/build/motor_package/prefix_override:/home/winsonl8/catbot2023/install/motor_package/lib/python3.10/site-packages:${PYTHONPATH} /usr/bin/python3 setup.py egg_info --egg-base ../../../build/motor_package build --build-base /home/winsonl8/catbot2023/build/motor_package/build install --record /home/winsonl8/catbot2023/build/motor_package/install.log --single-version-externally-managed
[0.832s] running egg_info
[0.833s] writing ../../../build/motor_package/motor_package.egg-info/PKG-INFO
[0.833s] writing dependency_links to ../../../build/motor_package/motor_package.egg-info/dependency_links.txt
[0.834s] writing entry points to ../../../build/motor_package/motor_package.egg-info/entry_points.txt
[0.834s] writing requirements to ../../../build/motor_package/motor_package.egg-info/requires.txt
[0.834s] writing top-level names to ../../../build/motor_package/motor_package.egg-info/top_level.txt
[0.834s] reading manifest file '../../../build/motor_package/motor_package.egg-info/SOURCES.txt'
[0.835s] writing manifest file '../../../build/motor_package/motor_package.egg-info/SOURCES.txt'
[0.835s] running build
[0.835s] running install
[0.835s] /home/winsonl8/.local/lib/python3.10/site-packages/setuptools/command/install.py:34: SetuptoolsDeprecationWarning: setup.py install is deprecated. Use build and pip and other standards-based tools.
[0.836s]   warnings.warn(
[0.836s] running install_data
[0.836s] running install_egg_info
[0.838s] removing '/home/winsonl8/catbot2023/install/motor_package/lib/python3.10/site-packages/motor_package-0.0.0-py3.10.egg-info' (and everything under it)
[0.838s] Copying ../../../build/motor_package/motor_package.egg-info to /home/winsonl8/catbot2023/install/motor_package/lib/python3.10/site-packages/motor_package-0.0.0-py3.10.egg-info
[0.839s] running install_scripts
[0.857s] Installing bldc_motor script to /home/winsonl8/catbot2023/install/motor_package/lib/motor_package
[0.857s] Installing brushed_motor script to /home/winsonl8/catbot2023/install/motor_package/lib/motor_package
[0.857s] Installing servo_motor script to /home/winsonl8/catbot2023/install/motor_package/lib/motor_package
[0.857s] writing list of installed files to '/home/winsonl8/catbot2023/build/motor_package/install.log'
[0.880s] Invoked command in '/home/winsonl8/catbot2023/src/motors/motor_package' returned '0': PYTHONPATH=/home/winsonl8/catbot2023/build/motor_package/prefix_override:/home/winsonl8/catbot2023/install/motor_package/lib/python3.10/site-packages:${PYTHONPATH} /usr/bin/python3 setup.py egg_info --egg-base ../../../build/motor_package build --build-base /home/winsonl8/catbot2023/build/motor_package/build install --record /home/winsonl8/catbot2023/build/motor_package/install.log --single-version-externally-managed
