[0mCMake Error: The current CMakeCache.txt directory /home/nicoleibert/RRC-RnD-Catbot/build/hyperdog_teleop/CMakeCache.txt is different than the directory /home/nicoleibert/RRC-RnD-Catbot/build/hyperdog_teleop where CMakeCache.txt was created. This may result in binaries being created in the wrong place. If you are not sure, reedit the CMakeCache.txt[0m
-- Found ament_cmake: 2.0.3 (/opt/ros/iron/share/ament_cmake/cmake)
-- Found rclcpp: 21.0.3 (/opt/ros/iron/share/rclcpp/cmake)
-- Found rosidl_generator_c: 4.0.1 (/opt/ros/iron/share/rosidl_generator_c/cmake)
-- Found rosidl_generator_cpp: 4.0.1 (/opt/ros/iron/share/rosidl_generator_cpp/cmake)
-- Using all available rosidl_typesupport_c: rosidl_typesupport_fastrtps_c;rosidl_typesupport_introspection_c
-- Using all available rosidl_typesupport_cpp: rosidl_typesupport_fastrtps_cpp;rosidl_typesupport_introspection_cpp
-- Found rmw_implementation_cmake: 7.1.0 (/opt/ros/iron/share/rmw_implementation_cmake/cmake)
-- Found rmw_fastrtps_cpp: 7.1.1 (/opt/ros/iron/share/rmw_fastrtps_cpp/cmake)
-- Using RMW implementation 'rmw_fastrtps_cpp' as default
-- Found sensor_msgs: 5.0.0 (/opt/ros/iron/share/sensor_msgs/cmake)
-- Found hyperdog_msgs: 0.0.0 (/home/nicoleibert/hyperdog_ws/install/hyperdog_msgs/share/hyperdog_msgs/cmake)
-- Found trajectory_msgs: 5.0.0 (/opt/ros/iron/share/trajectory_msgs/cmake)
-- Configuring done
-- Generating done
-- Build files have been written to: /home/nicoleibert/hyperdog_ws/build/hyperdog_teleop
[35m[1mConsolidate compiler generated dependencies of target hyperdog_teleop_joy_node[0m
[100%] Built target hyperdog_teleop_joy_node
-- Install configuration: ""
-- Up-to-date: /home/nicoleibert/hyperdog_ws/install/hyperdog_teleop/lib/hyperdog_teleop/hyperdog_teleop_joy_node
-- Up-to-date: /home/nicoleibert/hyperdog_ws/install/hyperdog_teleop/share/hyperdog_teleop/src
-- Up-to-date: /home/nicoleibert/hyperdog_ws/install/hyperdog_teleop/share/hyperdog_teleop/src/hyperdog_definitions.hpp
-- Up-to-date: /home/nicoleibert/hyperdog_ws/install/hyperdog_teleop/share/hyperdog_teleop/src/hyperdog_teleop_joy.cpp
-- Up-to-date: /home/nicoleibert/hyperdog_ws/install/hyperdog_teleop/share/hyperdog_teleop/launch
-- Up-to-date: /home/nicoleibert/hyperdog_ws/install/hyperdog_teleop/share/hyperdog_teleop/launch/hyperdog_teleop.launch.py
-- Up-to-date: /home/nicoleibert/hyperdog_ws/install/hyperdog_teleop/share/ament_index/resource_index/package_run_dependencies/hyperdog_teleop
-- Up-to-date: /home/nicoleibert/hyperdog_ws/install/hyperdog_teleop/share/ament_index/resource_index/parent_prefix_path/hyperdog_teleop
-- Up-to-date: /home/nicoleibert/hyperdog_ws/install/hyperdog_teleop/share/hyperdog_teleop/environment/ament_prefix_path.sh
-- Up-to-date: /home/nicoleibert/hyperdog_ws/install/hyperdog_teleop/share/hyperdog_teleop/environment/ament_prefix_path.dsv
-- Up-to-date: /home/nicoleibert/hyperdog_ws/install/hyperdog_teleop/share/hyperdog_teleop/environment/path.sh
-- Up-to-date: /home/nicoleibert/hyperdog_ws/install/hyperdog_teleop/share/hyperdog_teleop/environment/path.dsv
-- Up-to-date: /home/nicoleibert/hyperdog_ws/install/hyperdog_teleop/share/hyperdog_teleop/local_setup.bash
-- Up-to-date: /home/nicoleibert/hyperdog_ws/install/hyperdog_teleop/share/hyperdog_teleop/local_setup.sh
-- Up-to-date: /home/nicoleibert/hyperdog_ws/install/hyperdog_teleop/share/hyperdog_teleop/local_setup.zsh
-- Up-to-date: /home/nicoleibert/hyperdog_ws/install/hyperdog_teleop/share/hyperdog_teleop/local_setup.dsv
-- Up-to-date: /home/nicoleibert/hyperdog_ws/install/hyperdog_teleop/share/hyperdog_teleop/package.dsv
-- Up-to-date: /home/nicoleibert/hyperdog_ws/install/hyperdog_teleop/share/ament_index/resource_index/packages/hyperdog_teleop
-- Up-to-date: /home/nicoleibert/hyperdog_ws/install/hyperdog_teleop/share/hyperdog_teleop/cmake/hyperdog_teleopConfig.cmake
-- Up-to-date: /home/nicoleibert/hyperdog_ws/install/hyperdog_teleop/share/hyperdog_teleop/cmake/hyperdog_teleopConfig-version.cmake
-- Up-to-date: /home/nicoleibert/hyperdog_ws/install/hyperdog_teleop/share/hyperdog_teleop/package.xml
