[0.624s] DEBUG:colcon:Command line arguments: ['/usr/bin/colcon', 'build']
[0.624s] DEBUG:colcon:Parsed command line arguments: Namespace(log_base=None, log_level=None, verb_name='build', build_base='build', install_base='install', merge_install=False, symlink_install=False, test_result_base=None, continue_on_error=False, executor='parallel', parallel_workers=16, event_handlers=None, ignore_user_meta=False, metas=['./colcon.meta'], base_paths=['.'], packages_ignore=None, packages_ignore_regex=None, paths=None, packages_up_to=None, packages_up_to_regex=None, packages_above=None, packages_above_and_dependencies=None, packages_above_depth=None, packages_select_by_dep=None, packages_skip_by_dep=None, packages_skip_up_to=None, packages_select_build_failed=False, packages_skip_build_finished=False, packages_select_test_failures=False, packages_skip_test_passed=False, packages_select=None, packages_skip=None, packages_select_regex=None, packages_skip_regex=None, packages_start=None, packages_end=None, allow_overriding=[], cmake_args=None, cmake_target=None, cmake_target_skip_unavailable=False, cmake_clean_cache=False, cmake_clean_first=False, cmake_force_configure=False, ament_cmake_args=None, catkin_cmake_args=None, catkin_skip_building_tests=False, verb_parser=<colcon_defaults.argument_parser.defaults.DefaultArgumentsDecorator object at 0x7f2af1fdb3d0>, verb_extension=<colcon_core.verb.build.BuildVerb object at 0x7f2af1f95e10>, main=<bound method BuildVerb.main of <colcon_core.verb.build.BuildVerb object at 0x7f2af1f95e10>>)
[0.652s] Level 1:colcon.colcon_core.package_discovery:discover_packages(colcon_meta) check parameters
[0.652s] Level 1:colcon.colcon_core.package_discovery:discover_packages(recursive) check parameters
[0.652s] Level 1:colcon.colcon_core.package_discovery:discover_packages(ignore) check parameters
[0.652s] Level 1:colcon.colcon_core.package_discovery:discover_packages(path) check parameters
[0.652s] Level 1:colcon.colcon_core.package_discovery:discover_packages(colcon_meta) discover
[0.652s] Level 1:colcon.colcon_core.package_discovery:discover_packages(recursive) discover
[0.652s] INFO:colcon.colcon_core.package_discovery:Crawling recursively for packages in '/home/nicoleibert/RRC-RnD-Catbot'
[0.653s] Level 1:colcon.colcon_core.package_identification:_identify(.) by extensions ['ignore', 'ignore_ament_install']
[0.653s] Level 1:colcon.colcon_core.package_identification:_identify(.) by extension 'ignore'
[0.653s] Level 1:colcon.colcon_core.package_identification:_identify(.) by extension 'ignore_ament_install'
[0.653s] Level 1:colcon.colcon_core.package_identification:_identify(.) by extensions ['colcon_pkg']
[0.653s] Level 1:colcon.colcon_core.package_identification:_identify(.) by extension 'colcon_pkg'
[0.653s] Level 1:colcon.colcon_core.package_identification:_identify(.) by extensions ['colcon_meta']
[0.653s] Level 1:colcon.colcon_core.package_identification:_identify(.) by extension 'colcon_meta'
[0.653s] Level 1:colcon.colcon_core.package_identification:_identify(.) by extensions ['ros']
[0.653s] Level 1:colcon.colcon_core.package_identification:_identify(.) by extension 'ros'
[0.660s] Level 1:colcon.colcon_core.package_identification:_identify(.) by extensions ['cmake', 'python']
[0.660s] Level 1:colcon.colcon_core.package_identification:_identify(.) by extension 'cmake'
[0.660s] Level 1:colcon.colcon_core.package_identification:_identify(.) by extension 'python'
[0.660s] Level 1:colcon.colcon_core.package_identification:_identify(.) by extensions ['python_setup_py']
[0.660s] Level 1:colcon.colcon_core.package_identification:_identify(.) by extension 'python_setup_py'
[0.660s] Level 1:colcon.colcon_core.package_identification:_identify(build) by extensions ['ignore', 'ignore_ament_install']
[0.660s] Level 1:colcon.colcon_core.package_identification:_identify(build) by extension 'ignore'
[0.660s] Level 1:colcon.colcon_core.package_identification:_identify(build) ignored
[0.660s] Level 1:colcon.colcon_core.package_identification:_identify(install) by extensions ['ignore', 'ignore_ament_install']
[0.660s] Level 1:colcon.colcon_core.package_identification:_identify(install) by extension 'ignore'
[0.660s] Level 1:colcon.colcon_core.package_identification:_identify(install) ignored
[0.660s] Level 1:colcon.colcon_core.package_identification:_identify(log) by extensions ['ignore', 'ignore_ament_install']
[0.660s] Level 1:colcon.colcon_core.package_identification:_identify(log) by extension 'ignore'
[0.660s] Level 1:colcon.colcon_core.package_identification:_identify(log) ignored
[0.660s] Level 1:colcon.colcon_core.package_identification:_identify(src) by extensions ['ignore', 'ignore_ament_install']
[0.660s] Level 1:colcon.colcon_core.package_identification:_identify(src) by extension 'ignore'
[0.660s] Level 1:colcon.colcon_core.package_identification:_identify(src) by extension 'ignore_ament_install'
[0.660s] Level 1:colcon.colcon_core.package_identification:_identify(src) by extensions ['colcon_pkg']
[0.660s] Level 1:colcon.colcon_core.package_identification:_identify(src) by extension 'colcon_pkg'
[0.660s] Level 1:colcon.colcon_core.package_identification:_identify(src) by extensions ['colcon_meta']
[0.660s] Level 1:colcon.colcon_core.package_identification:_identify(src) by extension 'colcon_meta'
[0.660s] Level 1:colcon.colcon_core.package_identification:_identify(src) by extensions ['ros']
[0.660s] Level 1:colcon.colcon_core.package_identification:_identify(src) by extension 'ros'
[0.660s] Level 1:colcon.colcon_core.package_identification:_identify(src) by extensions ['cmake', 'python']
[0.660s] Level 1:colcon.colcon_core.package_identification:_identify(src) by extension 'cmake'
[0.660s] Level 1:colcon.colcon_core.package_identification:_identify(src) by extension 'python'
[0.661s] Level 1:colcon.colcon_core.package_identification:_identify(src) by extensions ['python_setup_py']
[0.661s] Level 1:colcon.colcon_core.package_identification:_identify(src) by extension 'python_setup_py'
[0.661s] Level 1:colcon.colcon_core.package_identification:_identify(src/hyperdog_ros2) by extensions ['ignore', 'ignore_ament_install']
[0.661s] Level 1:colcon.colcon_core.package_identification:_identify(src/hyperdog_ros2) by extension 'ignore'
[0.661s] Level 1:colcon.colcon_core.package_identification:_identify(src/hyperdog_ros2) by extension 'ignore_ament_install'
[0.661s] Level 1:colcon.colcon_core.package_identification:_identify(src/hyperdog_ros2) by extensions ['colcon_pkg']
[0.661s] Level 1:colcon.colcon_core.package_identification:_identify(src/hyperdog_ros2) by extension 'colcon_pkg'
[0.661s] Level 1:colcon.colcon_core.package_identification:_identify(src/hyperdog_ros2) by extensions ['colcon_meta']
[0.661s] Level 1:colcon.colcon_core.package_identification:_identify(src/hyperdog_ros2) by extension 'colcon_meta'
[0.661s] Level 1:colcon.colcon_core.package_identification:_identify(src/hyperdog_ros2) by extensions ['ros']
[0.661s] Level 1:colcon.colcon_core.package_identification:_identify(src/hyperdog_ros2) by extension 'ros'
[0.661s] Level 1:colcon.colcon_core.package_identification:_identify(src/hyperdog_ros2) by extensions ['cmake', 'python']
[0.661s] Level 1:colcon.colcon_core.package_identification:_identify(src/hyperdog_ros2) by extension 'cmake'
[0.661s] Level 1:colcon.colcon_core.package_identification:_identify(src/hyperdog_ros2) by extension 'python'
[0.661s] Level 1:colcon.colcon_core.package_identification:_identify(src/hyperdog_ros2) by extensions ['python_setup_py']
[0.661s] Level 1:colcon.colcon_core.package_identification:_identify(src/hyperdog_ros2) by extension 'python_setup_py'
[0.661s] Level 1:colcon.colcon_core.package_identification:_identify(src/hyperdog_ros2/hyperdog_ctrl) by extensions ['ignore', 'ignore_ament_install']
[0.661s] Level 1:colcon.colcon_core.package_identification:_identify(src/hyperdog_ros2/hyperdog_ctrl) by extension 'ignore'
[0.661s] Level 1:colcon.colcon_core.package_identification:_identify(src/hyperdog_ros2/hyperdog_ctrl) by extension 'ignore_ament_install'
[0.661s] Level 1:colcon.colcon_core.package_identification:_identify(src/hyperdog_ros2/hyperdog_ctrl) by extensions ['colcon_pkg']
[0.661s] Level 1:colcon.colcon_core.package_identification:_identify(src/hyperdog_ros2/hyperdog_ctrl) by extension 'colcon_pkg'
[0.661s] Level 1:colcon.colcon_core.package_identification:_identify(src/hyperdog_ros2/hyperdog_ctrl) by extensions ['colcon_meta']
[0.661s] Level 1:colcon.colcon_core.package_identification:_identify(src/hyperdog_ros2/hyperdog_ctrl) by extension 'colcon_meta'
[0.661s] Level 1:colcon.colcon_core.package_identification:_identify(src/hyperdog_ros2/hyperdog_ctrl) by extensions ['ros']
[0.661s] Level 1:colcon.colcon_core.package_identification:_identify(src/hyperdog_ros2/hyperdog_ctrl) by extension 'ros'
[0.663s] DEBUG:colcon.colcon_core.package_identification:Package 'src/hyperdog_ros2/hyperdog_ctrl' with type 'ros.ament_python' and name 'hyperdog_ctrl'
[0.663s] Level 1:colcon.colcon_core.package_identification:_identify(src/hyperdog_ros2/hyperdog_gazebo_sim) by extensions ['ignore', 'ignore_ament_install']
[0.663s] Level 1:colcon.colcon_core.package_identification:_identify(src/hyperdog_ros2/hyperdog_gazebo_sim) by extension 'ignore'
[0.663s] Level 1:colcon.colcon_core.package_identification:_identify(src/hyperdog_ros2/hyperdog_gazebo_sim) by extension 'ignore_ament_install'
[0.663s] Level 1:colcon.colcon_core.package_identification:_identify(src/hyperdog_ros2/hyperdog_gazebo_sim) by extensions ['colcon_pkg']
[0.663s] Level 1:colcon.colcon_core.package_identification:_identify(src/hyperdog_ros2/hyperdog_gazebo_sim) by extension 'colcon_pkg'
[0.663s] Level 1:colcon.colcon_core.package_identification:_identify(src/hyperdog_ros2/hyperdog_gazebo_sim) by extensions ['colcon_meta']
[0.663s] Level 1:colcon.colcon_core.package_identification:_identify(src/hyperdog_ros2/hyperdog_gazebo_sim) by extension 'colcon_meta'
[0.663s] Level 1:colcon.colcon_core.package_identification:_identify(src/hyperdog_ros2/hyperdog_gazebo_sim) by extensions ['ros']
[0.663s] Level 1:colcon.colcon_core.package_identification:_identify(src/hyperdog_ros2/hyperdog_gazebo_sim) by extension 'ros'
[0.663s] DEBUG:colcon.colcon_core.package_identification:Package 'src/hyperdog_ros2/hyperdog_gazebo_sim' with type 'ros.ament_cmake' and name 'hyperdog_gazebo_sim'
[0.663s] Level 1:colcon.colcon_core.package_identification:_identify(src/hyperdog_ros2/hyperdog_launch) by extensions ['ignore', 'ignore_ament_install']
[0.663s] Level 1:colcon.colcon_core.package_identification:_identify(src/hyperdog_ros2/hyperdog_launch) by extension 'ignore'
[0.664s] Level 1:colcon.colcon_core.package_identification:_identify(src/hyperdog_ros2/hyperdog_launch) by extension 'ignore_ament_install'
[0.664s] Level 1:colcon.colcon_core.package_identification:_identify(src/hyperdog_ros2/hyperdog_launch) by extensions ['colcon_pkg']
[0.664s] Level 1:colcon.colcon_core.package_identification:_identify(src/hyperdog_ros2/hyperdog_launch) by extension 'colcon_pkg'
[0.664s] Level 1:colcon.colcon_core.package_identification:_identify(src/hyperdog_ros2/hyperdog_launch) by extensions ['colcon_meta']
[0.664s] Level 1:colcon.colcon_core.package_identification:_identify(src/hyperdog_ros2/hyperdog_launch) by extension 'colcon_meta'
[0.664s] Level 1:colcon.colcon_core.package_identification:_identify(src/hyperdog_ros2/hyperdog_launch) by extensions ['ros']
[0.664s] Level 1:colcon.colcon_core.package_identification:_identify(src/hyperdog_ros2/hyperdog_launch) by extension 'ros'
[0.664s] DEBUG:colcon.colcon_core.package_identification:Package 'src/hyperdog_ros2/hyperdog_launch' with type 'ros.ament_python' and name 'hyperdog_launch'
[0.664s] Level 1:colcon.colcon_core.package_identification:_identify(src/hyperdog_ros2/hyperdog_msgs) by extensions ['ignore', 'ignore_ament_install']
[0.664s] Level 1:colcon.colcon_core.package_identification:_identify(src/hyperdog_ros2/hyperdog_msgs) by extension 'ignore'
[0.664s] Level 1:colcon.colcon_core.package_identification:_identify(src/hyperdog_ros2/hyperdog_msgs) by extension 'ignore_ament_install'
[0.664s] Level 1:colcon.colcon_core.package_identification:_identify(src/hyperdog_ros2/hyperdog_msgs) by extensions ['colcon_pkg']
[0.664s] Level 1:colcon.colcon_core.package_identification:_identify(src/hyperdog_ros2/hyperdog_msgs) by extension 'colcon_pkg'
[0.664s] Level 1:colcon.colcon_core.package_identification:_identify(src/hyperdog_ros2/hyperdog_msgs) by extensions ['colcon_meta']
[0.664s] Level 1:colcon.colcon_core.package_identification:_identify(src/hyperdog_ros2/hyperdog_msgs) by extension 'colcon_meta'
[0.664s] Level 1:colcon.colcon_core.package_identification:_identify(src/hyperdog_ros2/hyperdog_msgs) by extensions ['ros']
[0.664s] Level 1:colcon.colcon_core.package_identification:_identify(src/hyperdog_ros2/hyperdog_msgs) by extension 'ros'
[0.665s] DEBUG:colcon.colcon_core.package_identification:Package 'src/hyperdog_ros2/hyperdog_msgs' with type 'ros.ament_cmake' and name 'hyperdog_msgs'
[0.665s] Level 1:colcon.colcon_core.package_identification:_identify(src/hyperdog_ros2/hyperdog_teleop) by extensions ['ignore', 'ignore_ament_install']
[0.665s] Level 1:colcon.colcon_core.package_identification:_identify(src/hyperdog_ros2/hyperdog_teleop) by extension 'ignore'
[0.665s] Level 1:colcon.colcon_core.package_identification:_identify(src/hyperdog_ros2/hyperdog_teleop) by extension 'ignore_ament_install'
[0.665s] Level 1:colcon.colcon_core.package_identification:_identify(src/hyperdog_ros2/hyperdog_teleop) by extensions ['colcon_pkg']
[0.665s] Level 1:colcon.colcon_core.package_identification:_identify(src/hyperdog_ros2/hyperdog_teleop) by extension 'colcon_pkg'
[0.665s] Level 1:colcon.colcon_core.package_identification:_identify(src/hyperdog_ros2/hyperdog_teleop) by extensions ['colcon_meta']
[0.665s] Level 1:colcon.colcon_core.package_identification:_identify(src/hyperdog_ros2/hyperdog_teleop) by extension 'colcon_meta'
[0.665s] Level 1:colcon.colcon_core.package_identification:_identify(src/hyperdog_ros2/hyperdog_teleop) by extensions ['ros']
[0.665s] Level 1:colcon.colcon_core.package_identification:_identify(src/hyperdog_ros2/hyperdog_teleop) by extension 'ros'
[0.665s] DEBUG:colcon.colcon_core.package_identification:Package 'src/hyperdog_ros2/hyperdog_teleop' with type 'ros.ament_cmake' and name 'hyperdog_teleop'
[0.665s] Level 1:colcon.colcon_core.package_discovery:discover_packages(recursive) using defaults
[0.665s] Level 1:colcon.colcon_core.package_discovery:discover_packages(ignore) discover
[0.665s] Level 1:colcon.colcon_core.package_discovery:discover_packages(ignore) using defaults
[0.665s] Level 1:colcon.colcon_core.package_discovery:discover_packages(path) discover
[0.665s] Level 1:colcon.colcon_core.package_discovery:discover_packages(path) using defaults
[0.722s] Level 1:colcon.colcon_core.package_discovery:discover_packages(prefix_path) check parameters
[0.722s] Level 1:colcon.colcon_core.package_discovery:discover_packages(prefix_path) discover
[0.746s] DEBUG:colcon.colcon_installed_package_information.package_discovery:Found 404 installed packages in /opt/ros/iron
[0.747s] Level 1:colcon.colcon_core.package_discovery:discover_packages(prefix_path) using defaults
[0.803s] Level 5:colcon.colcon_core.verb:set package 'hyperdog_launch' build argument 'cmake_args' from command line to 'None'
[0.803s] Level 5:colcon.colcon_core.verb:set package 'hyperdog_launch' build argument 'cmake_target' from command line to 'None'
[0.803s] Level 5:colcon.colcon_core.verb:set package 'hyperdog_launch' build argument 'cmake_target_skip_unavailable' from command line to 'False'
[0.803s] Level 5:colcon.colcon_core.verb:set package 'hyperdog_launch' build argument 'cmake_clean_cache' from command line to 'False'
[0.803s] Level 5:colcon.colcon_core.verb:set package 'hyperdog_launch' build argument 'cmake_clean_first' from command line to 'False'
[0.804s] Level 5:colcon.colcon_core.verb:set package 'hyperdog_launch' build argument 'cmake_force_configure' from command line to 'False'
[0.804s] Level 5:colcon.colcon_core.verb:set package 'hyperdog_launch' build argument 'ament_cmake_args' from command line to 'None'
[0.804s] Level 5:colcon.colcon_core.verb:set package 'hyperdog_launch' build argument 'catkin_cmake_args' from command line to 'None'
[0.804s] Level 5:colcon.colcon_core.verb:set package 'hyperdog_launch' build argument 'catkin_skip_building_tests' from command line to 'False'
[0.804s] DEBUG:colcon.colcon_core.verb:Building package 'hyperdog_launch' with the following arguments: {'ament_cmake_args': None, 'build_base': '/home/nicoleibert/RRC-RnD-Catbot/build/hyperdog_launch', 'catkin_cmake_args': None, 'catkin_skip_building_tests': False, 'cmake_args': None, 'cmake_clean_cache': False, 'cmake_clean_first': False, 'cmake_force_configure': False, 'cmake_target': None, 'cmake_target_skip_unavailable': False, 'install_base': '/home/nicoleibert/RRC-RnD-Catbot/install/hyperdog_launch', 'merge_install': False, 'path': '/home/nicoleibert/RRC-RnD-Catbot/src/hyperdog_ros2/hyperdog_launch', 'symlink_install': False, 'test_result_base': None}
[0.812s] Level 5:colcon.colcon_core.verb:set package 'hyperdog_msgs' build argument 'cmake_args' from command line to 'None'
[0.812s] Level 5:colcon.colcon_core.verb:set package 'hyperdog_msgs' build argument 'cmake_target' from command line to 'None'
[0.812s] Level 5:colcon.colcon_core.verb:set package 'hyperdog_msgs' build argument 'cmake_target_skip_unavailable' from command line to 'False'
[0.812s] Level 5:colcon.colcon_core.verb:set package 'hyperdog_msgs' build argument 'cmake_clean_cache' from command line to 'False'
[0.813s] Level 5:colcon.colcon_core.verb:set package 'hyperdog_msgs' build argument 'cmake_clean_first' from command line to 'False'
[0.813s] Level 5:colcon.colcon_core.verb:set package 'hyperdog_msgs' build argument 'cmake_force_configure' from command line to 'False'
[0.813s] Level 5:colcon.colcon_core.verb:set package 'hyperdog_msgs' build argument 'ament_cmake_args' from command line to 'None'
[0.813s] Level 5:colcon.colcon_core.verb:set package 'hyperdog_msgs' build argument 'catkin_cmake_args' from command line to 'None'
[0.813s] Level 5:colcon.colcon_core.verb:set package 'hyperdog_msgs' build argument 'catkin_skip_building_tests' from command line to 'False'
[0.813s] DEBUG:colcon.colcon_core.verb:Building package 'hyperdog_msgs' with the following arguments: {'ament_cmake_args': None, 'build_base': '/home/nicoleibert/RRC-RnD-Catbot/build/hyperdog_msgs', 'catkin_cmake_args': None, 'catkin_skip_building_tests': False, 'cmake_args': None, 'cmake_clean_cache': False, 'cmake_clean_first': False, 'cmake_force_configure': False, 'cmake_target': None, 'cmake_target_skip_unavailable': False, 'install_base': '/home/nicoleibert/RRC-RnD-Catbot/install/hyperdog_msgs', 'merge_install': False, 'path': '/home/nicoleibert/RRC-RnD-Catbot/src/hyperdog_ros2/hyperdog_msgs', 'symlink_install': False, 'test_result_base': None}
[0.821s] Level 5:colcon.colcon_core.verb:set package 'hyperdog_ctrl' build argument 'cmake_args' from command line to 'None'
[0.822s] Level 5:colcon.colcon_core.verb:set package 'hyperdog_ctrl' build argument 'cmake_target' from command line to 'None'
[0.822s] Level 5:colcon.colcon_core.verb:set package 'hyperdog_ctrl' build argument 'cmake_target_skip_unavailable' from command line to 'False'
[0.822s] Level 5:colcon.colcon_core.verb:set package 'hyperdog_ctrl' build argument 'cmake_clean_cache' from command line to 'False'
[0.822s] Level 5:colcon.colcon_core.verb:set package 'hyperdog_ctrl' build argument 'cmake_clean_first' from command line to 'False'
[0.822s] Level 5:colcon.colcon_core.verb:set package 'hyperdog_ctrl' build argument 'cmake_force_configure' from command line to 'False'
[0.822s] Level 5:colcon.colcon_core.verb:set package 'hyperdog_ctrl' build argument 'ament_cmake_args' from command line to 'None'
[0.822s] Level 5:colcon.colcon_core.verb:set package 'hyperdog_ctrl' build argument 'catkin_cmake_args' from command line to 'None'
[0.822s] Level 5:colcon.colcon_core.verb:set package 'hyperdog_ctrl' build argument 'catkin_skip_building_tests' from command line to 'False'
[0.822s] DEBUG:colcon.colcon_core.verb:Building package 'hyperdog_ctrl' with the following arguments: {'ament_cmake_args': None, 'build_base': '/home/nicoleibert/RRC-RnD-Catbot/build/hyperdog_ctrl', 'catkin_cmake_args': None, 'catkin_skip_building_tests': False, 'cmake_args': None, 'cmake_clean_cache': False, 'cmake_clean_first': False, 'cmake_force_configure': False, 'cmake_target': None, 'cmake_target_skip_unavailable': False, 'install_base': '/home/nicoleibert/RRC-RnD-Catbot/install/hyperdog_ctrl', 'merge_install': False, 'path': '/home/nicoleibert/RRC-RnD-Catbot/src/hyperdog_ros2/hyperdog_ctrl', 'symlink_install': False, 'test_result_base': None}
[0.830s] Level 5:colcon.colcon_core.verb:set package 'hyperdog_gazebo_sim' build argument 'cmake_args' from command line to 'None'
[0.830s] Level 5:colcon.colcon_core.verb:set package 'hyperdog_gazebo_sim' build argument 'cmake_target' from command line to 'None'
[0.830s] Level 5:colcon.colcon_core.verb:set package 'hyperdog_gazebo_sim' build argument 'cmake_target_skip_unavailable' from command line to 'False'
[0.831s] Level 5:colcon.colcon_core.verb:set package 'hyperdog_gazebo_sim' build argument 'cmake_clean_cache' from command line to 'False'
[0.831s] Level 5:colcon.colcon_core.verb:set package 'hyperdog_gazebo_sim' build argument 'cmake_clean_first' from command line to 'False'
[0.831s] Level 5:colcon.colcon_core.verb:set package 'hyperdog_gazebo_sim' build argument 'cmake_force_configure' from command line to 'False'
[0.831s] Level 5:colcon.colcon_core.verb:set package 'hyperdog_gazebo_sim' build argument 'ament_cmake_args' from command line to 'None'
[0.831s] Level 5:colcon.colcon_core.verb:set package 'hyperdog_gazebo_sim' build argument 'catkin_cmake_args' from command line to 'None'
[0.831s] Level 5:colcon.colcon_core.verb:set package 'hyperdog_gazebo_sim' build argument 'catkin_skip_building_tests' from command line to 'False'
[0.831s] DEBUG:colcon.colcon_core.verb:Building package 'hyperdog_gazebo_sim' with the following arguments: {'ament_cmake_args': None, 'build_base': '/home/nicoleibert/RRC-RnD-Catbot/build/hyperdog_gazebo_sim', 'catkin_cmake_args': None, 'catkin_skip_building_tests': False, 'cmake_args': None, 'cmake_clean_cache': False, 'cmake_clean_first': False, 'cmake_force_configure': False, 'cmake_target': None, 'cmake_target_skip_unavailable': False, 'install_base': '/home/nicoleibert/RRC-RnD-Catbot/install/hyperdog_gazebo_sim', 'merge_install': False, 'path': '/home/nicoleibert/RRC-RnD-Catbot/src/hyperdog_ros2/hyperdog_gazebo_sim', 'symlink_install': False, 'test_result_base': None}
[0.839s] Level 5:colcon.colcon_core.verb:set package 'hyperdog_teleop' build argument 'cmake_args' from command line to 'None'
[0.840s] Level 5:colcon.colcon_core.verb:set package 'hyperdog_teleop' build argument 'cmake_target' from command line to 'None'
[0.840s] Level 5:colcon.colcon_core.verb:set package 'hyperdog_teleop' build argument 'cmake_target_skip_unavailable' from command line to 'False'
[0.840s] Level 5:colcon.colcon_core.verb:set package 'hyperdog_teleop' build argument 'cmake_clean_cache' from command line to 'False'
[0.840s] Level 5:colcon.colcon_core.verb:set package 'hyperdog_teleop' build argument 'cmake_clean_first' from command line to 'False'
[0.840s] Level 5:colcon.colcon_core.verb:set package 'hyperdog_teleop' build argument 'cmake_force_configure' from command line to 'False'
[0.840s] Level 5:colcon.colcon_core.verb:set package 'hyperdog_teleop' build argument 'ament_cmake_args' from command line to 'None'
[0.840s] Level 5:colcon.colcon_core.verb:set package 'hyperdog_teleop' build argument 'catkin_cmake_args' from command line to 'None'
[0.840s] Level 5:colcon.colcon_core.verb:set package 'hyperdog_teleop' build argument 'catkin_skip_building_tests' from command line to 'False'
[0.840s] DEBUG:colcon.colcon_core.verb:Building package 'hyperdog_teleop' with the following arguments: {'ament_cmake_args': None, 'build_base': '/home/nicoleibert/RRC-RnD-Catbot/build/hyperdog_teleop', 'catkin_cmake_args': None, 'catkin_skip_building_tests': False, 'cmake_args': None, 'cmake_clean_cache': False, 'cmake_clean_first': False, 'cmake_force_configure': False, 'cmake_target': None, 'cmake_target_skip_unavailable': False, 'install_base': '/home/nicoleibert/RRC-RnD-Catbot/install/hyperdog_teleop', 'merge_install': False, 'path': '/home/nicoleibert/RRC-RnD-Catbot/src/hyperdog_ros2/hyperdog_teleop', 'symlink_install': False, 'test_result_base': None}
[0.848s] INFO:colcon.colcon_core.executor:Executing jobs using 'parallel' executor
[0.858s] DEBUG:colcon.colcon_parallel_executor.executor.parallel:run_until_complete
[0.858s] INFO:colcon.colcon_ros.task.ament_cmake.build:Building ROS package in '/home/nicoleibert/RRC-RnD-Catbot/src/hyperdog_ros2/hyperdog_msgs' with build type 'ament_cmake'
[0.858s] INFO:colcon.colcon_cmake.task.cmake.build:Building CMake package in '/home/nicoleibert/RRC-RnD-Catbot/src/hyperdog_ros2/hyperdog_msgs'
[0.869s] INFO:colcon.colcon_core.plugin_system:Skipping extension 'colcon_core.shell.bat': Not used on non-Windows systems
[0.869s] INFO:colcon.colcon_core.shell:Skip shell extension 'powershell' for command environment: Not usable outside of PowerShell
[0.869s] DEBUG:colcon.colcon_core.shell:Skip shell extension 'dsv' for command environment
[0.892s] INFO:colcon.colcon_ros.task.ament_python.build:Building ROS package in '/home/nicoleibert/RRC-RnD-Catbot/src/hyperdog_ros2/hyperdog_launch' with build type 'ament_python'
[0.892s] Level 1:colcon.colcon_core.shell:create_environment_hook('hyperdog_launch', 'ament_prefix_path')
[0.902s] INFO:colcon.colcon_core.shell:Creating environment hook '/home/nicoleibert/RRC-RnD-Catbot/install/hyperdog_launch/share/hyperdog_launch/hook/ament_prefix_path.ps1'
[0.903s] INFO:colcon.colcon_core.shell:Creating environment descriptor '/home/nicoleibert/RRC-RnD-Catbot/install/hyperdog_launch/share/hyperdog_launch/hook/ament_prefix_path.dsv'
[0.903s] INFO:colcon.colcon_core.shell:Creating environment hook '/home/nicoleibert/RRC-RnD-Catbot/install/hyperdog_launch/share/hyperdog_launch/hook/ament_prefix_path.sh'
[0.915s] INFO:colcon.colcon_core.shell:Skip shell extension 'powershell' for command environment: Not usable outside of PowerShell
[0.915s] DEBUG:colcon.colcon_core.shell:Skip shell extension 'dsv' for command environment
[0.938s] DEBUG:colcon.colcon_core.event_handler.log_command:Invoking command in '/home/nicoleibert/RRC-RnD-Catbot/build/hyperdog_msgs': CMAKE_PREFIX_PATH=/opt/ros/iron /usr/bin/cmake --build /home/nicoleibert/RRC-RnD-Catbot/build/hyperdog_msgs -- -j16 -l16
[1.123s] INFO:colcon.colcon_core.task.python.build:Building Python package in '/home/nicoleibert/RRC-RnD-Catbot/src/hyperdog_ros2/hyperdog_launch'
[1.133s] INFO:colcon.colcon_core.shell:Skip shell extension 'powershell' for command environment: Not usable outside of PowerShell
[1.133s] DEBUG:colcon.colcon_core.shell:Skip shell extension 'dsv' for command environment
[1.395s] DEBUG:colcon.colcon_core.event_handler.log_command:Invoking command in '/home/nicoleibert/RRC-RnD-Catbot/src/hyperdog_ros2/hyperdog_launch': PYTHONPATH=/home/nicoleibert/RRC-RnD-Catbot/build/hyperdog_launch/prefix_override:/home/nicoleibert/RRC-RnD-Catbot/install/hyperdog_launch/lib/python3.10/site-packages:${PYTHONPATH} /usr/bin/python3 setup.py egg_info --egg-base ../../../build/hyperdog_launch build --build-base /home/nicoleibert/RRC-RnD-Catbot/build/hyperdog_launch/build install --record /home/nicoleibert/RRC-RnD-Catbot/build/hyperdog_launch/install.log --single-version-externally-managed
[1.599s] DEBUG:colcon.colcon_core.event_handler.log_command:Invoked command in '/home/nicoleibert/RRC-RnD-Catbot/src/hyperdog_ros2/hyperdog_launch' returned '0': PYTHONPATH=/home/nicoleibert/RRC-RnD-Catbot/build/hyperdog_launch/prefix_override:/home/nicoleibert/RRC-RnD-Catbot/install/hyperdog_launch/lib/python3.10/site-packages:${PYTHONPATH} /usr/bin/python3 setup.py egg_info --egg-base ../../../build/hyperdog_launch build --build-base /home/nicoleibert/RRC-RnD-Catbot/build/hyperdog_launch/build install --record /home/nicoleibert/RRC-RnD-Catbot/build/hyperdog_launch/install.log --single-version-externally-managed
[1.610s] Level 1:colcon.colcon_core.environment:checking '/home/nicoleibert/RRC-RnD-Catbot/install/hyperdog_launch' for CMake module files
[1.610s] Level 1:colcon.colcon_core.environment:checking '/home/nicoleibert/RRC-RnD-Catbot/install/hyperdog_launch' for CMake config files
[1.610s] Level 1:colcon.colcon_core.environment:checking '/home/nicoleibert/RRC-RnD-Catbot/install/hyperdog_launch/lib'
[1.610s] Level 1:colcon.colcon_core.environment:checking '/home/nicoleibert/RRC-RnD-Catbot/install/hyperdog_launch/bin'
[1.611s] Level 1:colcon.colcon_core.environment:checking '/home/nicoleibert/RRC-RnD-Catbot/install/hyperdog_launch/lib/pkgconfig/hyperdog_launch.pc'
[1.611s] Level 1:colcon.colcon_core.environment:checking '/home/nicoleibert/RRC-RnD-Catbot/install/hyperdog_launch/lib/python3.10/site-packages'
[1.611s] Level 1:colcon.colcon_core.shell:create_environment_hook('hyperdog_launch', 'pythonpath')
[1.620s] INFO:colcon.colcon_core.shell:Creating environment hook '/home/nicoleibert/RRC-RnD-Catbot/install/hyperdog_launch/share/hyperdog_launch/hook/pythonpath.ps1'
[1.621s] INFO:colcon.colcon_core.shell:Creating environment descriptor '/home/nicoleibert/RRC-RnD-Catbot/install/hyperdog_launch/share/hyperdog_launch/hook/pythonpath.dsv'
[1.621s] INFO:colcon.colcon_core.shell:Creating environment hook '/home/nicoleibert/RRC-RnD-Catbot/install/hyperdog_launch/share/hyperdog_launch/hook/pythonpath.sh'
[1.621s] Level 1:colcon.colcon_core.environment:checking '/home/nicoleibert/RRC-RnD-Catbot/install/hyperdog_launch/bin'
[1.621s] Level 1:colcon.colcon_core.environment:create_environment_scripts_only(hyperdog_launch)
[1.630s] INFO:colcon.colcon_core.shell:Creating package script '/home/nicoleibert/RRC-RnD-Catbot/install/hyperdog_launch/share/hyperdog_launch/package.ps1'
[1.631s] INFO:colcon.colcon_core.shell:Creating package descriptor '/home/nicoleibert/RRC-RnD-Catbot/install/hyperdog_launch/share/hyperdog_launch/package.dsv'
[1.631s] INFO:colcon.colcon_core.shell:Creating package script '/home/nicoleibert/RRC-RnD-Catbot/install/hyperdog_launch/share/hyperdog_launch/package.sh'
[1.631s] INFO:colcon.colcon_core.shell:Creating package script '/home/nicoleibert/RRC-RnD-Catbot/install/hyperdog_launch/share/hyperdog_launch/package.bash'
[1.632s] INFO:colcon.colcon_core.shell:Creating package script '/home/nicoleibert/RRC-RnD-Catbot/install/hyperdog_launch/share/hyperdog_launch/package.zsh'
[1.632s] Level 1:colcon.colcon_core.environment:create_file_with_runtime_dependencies(/home/nicoleibert/RRC-RnD-Catbot/install/hyperdog_launch/share/colcon-core/packages/hyperdog_launch)
[3.376s] DEBUG:colcon.colcon_core.event_handler.log_command:Invoked command in '/home/nicoleibert/RRC-RnD-Catbot/build/hyperdog_msgs' returned '0': CMAKE_PREFIX_PATH=/opt/ros/iron /usr/bin/cmake --build /home/nicoleibert/RRC-RnD-Catbot/build/hyperdog_msgs -- -j16 -l16
[3.507s] DEBUG:colcon.colcon_core.event_handler.log_command:Invoking command in '/home/nicoleibert/RRC-RnD-Catbot/build/hyperdog_msgs': CMAKE_PREFIX_PATH=/opt/ros/iron /usr/bin/cmake --install /home/nicoleibert/RRC-RnD-Catbot/build/hyperdog_msgs
[3.543s] Level 1:colcon.colcon_core.environment:create_environment_scripts_only(hyperdog_msgs)
[3.543s] DEBUG:colcon.colcon_core.event_handler.log_command:Invoked command in '/home/nicoleibert/RRC-RnD-Catbot/build/hyperdog_msgs' returned '0': CMAKE_PREFIX_PATH=/opt/ros/iron /usr/bin/cmake --install /home/nicoleibert/RRC-RnD-Catbot/build/hyperdog_msgs
[3.554s] Level 1:colcon.colcon_core.environment:checking '/home/nicoleibert/RRC-RnD-Catbot/install/hyperdog_msgs' for CMake module files
[3.554s] Level 1:colcon.colcon_core.environment:checking '/home/nicoleibert/RRC-RnD-Catbot/install/hyperdog_msgs' for CMake config files
[3.555s] Level 1:colcon.colcon_core.shell:create_environment_hook('hyperdog_msgs', 'cmake_prefix_path')
[3.564s] INFO:colcon.colcon_core.shell:Creating environment hook '/home/nicoleibert/RRC-RnD-Catbot/install/hyperdog_msgs/share/hyperdog_msgs/hook/cmake_prefix_path.ps1'
[3.565s] INFO:colcon.colcon_core.shell:Creating environment descriptor '/home/nicoleibert/RRC-RnD-Catbot/install/hyperdog_msgs/share/hyperdog_msgs/hook/cmake_prefix_path.dsv'
[3.565s] INFO:colcon.colcon_core.shell:Creating environment hook '/home/nicoleibert/RRC-RnD-Catbot/install/hyperdog_msgs/share/hyperdog_msgs/hook/cmake_prefix_path.sh'
[3.565s] Level 1:colcon.colcon_core.environment:checking '/home/nicoleibert/RRC-RnD-Catbot/install/hyperdog_msgs/lib'
[3.566s] Level 1:colcon.colcon_core.shell:create_environment_hook('hyperdog_msgs', 'ld_library_path_lib')
[3.576s] INFO:colcon.colcon_core.shell:Creating environment hook '/home/nicoleibert/RRC-RnD-Catbot/install/hyperdog_msgs/share/hyperdog_msgs/hook/ld_library_path_lib.ps1'
[3.576s] INFO:colcon.colcon_core.shell:Creating environment descriptor '/home/nicoleibert/RRC-RnD-Catbot/install/hyperdog_msgs/share/hyperdog_msgs/hook/ld_library_path_lib.dsv'
[3.577s] INFO:colcon.colcon_core.shell:Creating environment hook '/home/nicoleibert/RRC-RnD-Catbot/install/hyperdog_msgs/share/hyperdog_msgs/hook/ld_library_path_lib.sh'
[3.577s] Level 1:colcon.colcon_core.environment:checking '/home/nicoleibert/RRC-RnD-Catbot/install/hyperdog_msgs/bin'
[3.577s] Level 1:colcon.colcon_core.environment:checking '/home/nicoleibert/RRC-RnD-Catbot/install/hyperdog_msgs/lib/pkgconfig/hyperdog_msgs.pc'
[3.577s] Level 1:colcon.colcon_core.environment:checking '/home/nicoleibert/RRC-RnD-Catbot/install/hyperdog_msgs/lib/python3.10/site-packages'
[3.577s] Level 1:colcon.colcon_core.shell:create_environment_hook('hyperdog_msgs', 'pythonpath')
[3.588s] INFO:colcon.colcon_core.shell:Creating environment hook '/home/nicoleibert/RRC-RnD-Catbot/install/hyperdog_msgs/share/hyperdog_msgs/hook/pythonpath.ps1'
[3.588s] INFO:colcon.colcon_core.shell:Creating environment descriptor '/home/nicoleibert/RRC-RnD-Catbot/install/hyperdog_msgs/share/hyperdog_msgs/hook/pythonpath.dsv'
[3.589s] INFO:colcon.colcon_core.shell:Creating environment hook '/home/nicoleibert/RRC-RnD-Catbot/install/hyperdog_msgs/share/hyperdog_msgs/hook/pythonpath.sh'
[3.589s] Level 1:colcon.colcon_core.environment:checking '/home/nicoleibert/RRC-RnD-Catbot/install/hyperdog_msgs/bin'
[3.600s] INFO:colcon.colcon_core.shell:Creating package script '/home/nicoleibert/RRC-RnD-Catbot/install/hyperdog_msgs/share/hyperdog_msgs/package.ps1'
[3.600s] INFO:colcon.colcon_core.shell:Creating package descriptor '/home/nicoleibert/RRC-RnD-Catbot/install/hyperdog_msgs/share/hyperdog_msgs/package.dsv'
[3.601s] INFO:colcon.colcon_core.shell:Creating package script '/home/nicoleibert/RRC-RnD-Catbot/install/hyperdog_msgs/share/hyperdog_msgs/package.sh'
[3.601s] INFO:colcon.colcon_core.shell:Creating package script '/home/nicoleibert/RRC-RnD-Catbot/install/hyperdog_msgs/share/hyperdog_msgs/package.bash'
[3.601s] INFO:colcon.colcon_core.shell:Creating package script '/home/nicoleibert/RRC-RnD-Catbot/install/hyperdog_msgs/share/hyperdog_msgs/package.zsh'
[3.601s] Level 1:colcon.colcon_core.environment:create_file_with_runtime_dependencies(/home/nicoleibert/RRC-RnD-Catbot/install/hyperdog_msgs/share/colcon-core/packages/hyperdog_msgs)
[3.736s] Level 1:colcon.colcon_core.environment:create_environment_scripts_only(hyperdog_msgs)
[3.753s] Level 1:colcon.colcon_core.environment:checking '/home/nicoleibert/RRC-RnD-Catbot/install/hyperdog_msgs' for CMake module files
[3.753s] Level 1:colcon.colcon_core.environment:checking '/home/nicoleibert/RRC-RnD-Catbot/install/hyperdog_msgs' for CMake config files
[3.754s] Level 1:colcon.colcon_core.shell:create_environment_hook('hyperdog_msgs', 'cmake_prefix_path')
[3.770s] INFO:colcon.colcon_core.shell:Creating environment hook '/home/nicoleibert/RRC-RnD-Catbot/install/hyperdog_msgs/share/hyperdog_msgs/hook/cmake_prefix_path.ps1'
[3.771s] INFO:colcon.colcon_core.shell:Creating environment descriptor '/home/nicoleibert/RRC-RnD-Catbot/install/hyperdog_msgs/share/hyperdog_msgs/hook/cmake_prefix_path.dsv'
[3.771s] INFO:colcon.colcon_core.shell:Creating environment hook '/home/nicoleibert/RRC-RnD-Catbot/install/hyperdog_msgs/share/hyperdog_msgs/hook/cmake_prefix_path.sh'
[3.771s] Level 1:colcon.colcon_core.environment:checking '/home/nicoleibert/RRC-RnD-Catbot/install/hyperdog_msgs/lib'
[3.771s] Level 1:colcon.colcon_core.shell:create_environment_hook('hyperdog_msgs', 'ld_library_path_lib')
[3.784s] INFO:colcon.colcon_core.shell:Creating environment hook '/home/nicoleibert/RRC-RnD-Catbot/install/hyperdog_msgs/share/hyperdog_msgs/hook/ld_library_path_lib.ps1'
[3.785s] INFO:colcon.colcon_core.shell:Creating environment descriptor '/home/nicoleibert/RRC-RnD-Catbot/install/hyperdog_msgs/share/hyperdog_msgs/hook/ld_library_path_lib.dsv'
[3.785s] INFO:colcon.colcon_core.shell:Creating environment hook '/home/nicoleibert/RRC-RnD-Catbot/install/hyperdog_msgs/share/hyperdog_msgs/hook/ld_library_path_lib.sh'
[3.785s] Level 1:colcon.colcon_core.environment:checking '/home/nicoleibert/RRC-RnD-Catbot/install/hyperdog_msgs/bin'
[3.785s] Level 1:colcon.colcon_core.environment:checking '/home/nicoleibert/RRC-RnD-Catbot/install/hyperdog_msgs/lib/pkgconfig/hyperdog_msgs.pc'
[3.785s] Level 1:colcon.colcon_core.environment:checking '/home/nicoleibert/RRC-RnD-Catbot/install/hyperdog_msgs/lib/python3.10/site-packages'
[3.785s] Level 1:colcon.colcon_core.shell:create_environment_hook('hyperdog_msgs', 'pythonpath')
[3.796s] INFO:colcon.colcon_core.shell:Creating environment hook '/home/nicoleibert/RRC-RnD-Catbot/install/hyperdog_msgs/share/hyperdog_msgs/hook/pythonpath.ps1'
[3.796s] INFO:colcon.colcon_core.shell:Creating environment descriptor '/home/nicoleibert/RRC-RnD-Catbot/install/hyperdog_msgs/share/hyperdog_msgs/hook/pythonpath.dsv'
[3.796s] INFO:colcon.colcon_core.shell:Creating environment hook '/home/nicoleibert/RRC-RnD-Catbot/install/hyperdog_msgs/share/hyperdog_msgs/hook/pythonpath.sh'
[3.796s] Level 1:colcon.colcon_core.environment:checking '/home/nicoleibert/RRC-RnD-Catbot/install/hyperdog_msgs/bin'
[3.806s] INFO:colcon.colcon_core.shell:Creating package script '/home/nicoleibert/RRC-RnD-Catbot/install/hyperdog_msgs/share/hyperdog_msgs/package.ps1'
[3.806s] INFO:colcon.colcon_core.shell:Creating package descriptor '/home/nicoleibert/RRC-RnD-Catbot/install/hyperdog_msgs/share/hyperdog_msgs/package.dsv'
[3.807s] INFO:colcon.colcon_core.shell:Creating package script '/home/nicoleibert/RRC-RnD-Catbot/install/hyperdog_msgs/share/hyperdog_msgs/package.sh'
[3.807s] INFO:colcon.colcon_core.shell:Creating package script '/home/nicoleibert/RRC-RnD-Catbot/install/hyperdog_msgs/share/hyperdog_msgs/package.bash'
[3.807s] INFO:colcon.colcon_core.shell:Creating package script '/home/nicoleibert/RRC-RnD-Catbot/install/hyperdog_msgs/share/hyperdog_msgs/package.zsh'
[3.808s] Level 1:colcon.colcon_core.environment:create_file_with_runtime_dependencies(/home/nicoleibert/RRC-RnD-Catbot/install/hyperdog_msgs/share/colcon-core/packages/hyperdog_msgs)
[3.808s] INFO:colcon.colcon_ros.task.ament_python.build:Building ROS package in '/home/nicoleibert/RRC-RnD-Catbot/src/hyperdog_ros2/hyperdog_ctrl' with build type 'ament_python'
[3.808s] Level 1:colcon.colcon_core.shell:create_environment_hook('hyperdog_ctrl', 'ament_prefix_path')
[3.819s] INFO:colcon.colcon_core.shell:Creating environment hook '/home/nicoleibert/RRC-RnD-Catbot/install/hyperdog_ctrl/share/hyperdog_ctrl/hook/ament_prefix_path.ps1'
[3.819s] INFO:colcon.colcon_core.shell:Creating environment descriptor '/home/nicoleibert/RRC-RnD-Catbot/install/hyperdog_ctrl/share/hyperdog_ctrl/hook/ament_prefix_path.dsv'
[3.819s] INFO:colcon.colcon_core.shell:Creating environment hook '/home/nicoleibert/RRC-RnD-Catbot/install/hyperdog_ctrl/share/hyperdog_ctrl/hook/ament_prefix_path.sh'
[3.830s] INFO:colcon.colcon_core.shell:Skip shell extension 'powershell' for command environment: Not usable outside of PowerShell
[3.830s] DEBUG:colcon.colcon_core.shell:Skip shell extension 'dsv' for command environment
[3.852s] INFO:colcon.colcon_ros.task.ament_cmake.build:Building ROS package in '/home/nicoleibert/RRC-RnD-Catbot/src/hyperdog_ros2/hyperdog_gazebo_sim' with build type 'ament_cmake'
[3.852s] INFO:colcon.colcon_cmake.task.cmake.build:Building CMake package in '/home/nicoleibert/RRC-RnD-Catbot/src/hyperdog_ros2/hyperdog_gazebo_sim'
[3.864s] INFO:colcon.colcon_core.shell:Skip shell extension 'powershell' for command environment: Not usable outside of PowerShell
[3.864s] DEBUG:colcon.colcon_core.shell:Skip shell extension 'dsv' for command environment
[3.888s] INFO:colcon.colcon_ros.task.ament_cmake.build:Building ROS package in '/home/nicoleibert/RRC-RnD-Catbot/src/hyperdog_ros2/hyperdog_teleop' with build type 'ament_cmake'
[3.888s] INFO:colcon.colcon_cmake.task.cmake.build:Building CMake package in '/home/nicoleibert/RRC-RnD-Catbot/src/hyperdog_ros2/hyperdog_teleop'
[3.899s] INFO:colcon.colcon_core.shell:Skip shell extension 'powershell' for command environment: Not usable outside of PowerShell
[3.899s] DEBUG:colcon.colcon_core.shell:Skip shell extension 'dsv' for command environment
[4.138s] INFO:colcon.colcon_core.task.python.build:Building Python package in '/home/nicoleibert/RRC-RnD-Catbot/src/hyperdog_ros2/hyperdog_ctrl'
[4.150s] INFO:colcon.colcon_core.shell:Skip shell extension 'powershell' for command environment: Not usable outside of PowerShell
[4.150s] DEBUG:colcon.colcon_core.shell:Skip shell extension 'dsv' for command environment
[4.183s] DEBUG:colcon.colcon_core.event_handler.log_command:Invoking command in '/home/nicoleibert/RRC-RnD-Catbot/build/hyperdog_gazebo_sim': AMENT_PREFIX_PATH=/home/nicoleibert/hyperdog_ws/install/hyperdog_msgs:${AMENT_PREFIX_PATH} CMAKE_PREFIX_PATH=/home/nicoleibert/RRC-RnD-Catbot/install/hyperdog_msgs:/opt/ros/iron LD_LIBRARY_PATH=/home/nicoleibert/hyperdog_ws/install/hyperdog_msgs/lib:/home/nicoleibert/RRC-RnD-Catbot/install/hyperdog_msgs/lib:${LD_LIBRARY_PATH} PYTHONPATH=/home/nicoleibert/hyperdog_ws/install/hyperdog_msgs/lib/python3.10/site-packages:/home/nicoleibert/RRC-RnD-Catbot/install/hyperdog_msgs/lib/python3.10/site-packages:${PYTHONPATH} /usr/bin/cmake --build /home/nicoleibert/RRC-RnD-Catbot/build/hyperdog_gazebo_sim -- -j16 -l16
[4.187s] DEBUG:colcon.colcon_core.event_handler.log_command:Invoking command in '/home/nicoleibert/RRC-RnD-Catbot/build/hyperdog_teleop': AMENT_PREFIX_PATH=/home/nicoleibert/hyperdog_ws/install/hyperdog_msgs:${AMENT_PREFIX_PATH} CMAKE_PREFIX_PATH=/home/nicoleibert/RRC-RnD-Catbot/install/hyperdog_msgs:/opt/ros/iron LD_LIBRARY_PATH=/home/nicoleibert/hyperdog_ws/install/hyperdog_msgs/lib:/home/nicoleibert/RRC-RnD-Catbot/install/hyperdog_msgs/lib:${LD_LIBRARY_PATH} PYTHONPATH=/home/nicoleibert/hyperdog_ws/install/hyperdog_msgs/lib/python3.10/site-packages:/home/nicoleibert/RRC-RnD-Catbot/install/hyperdog_msgs/lib/python3.10/site-packages:${PYTHONPATH} /usr/bin/cmake --build /home/nicoleibert/RRC-RnD-Catbot/build/hyperdog_teleop -- -j16 -l16
[4.518s] DEBUG:colcon.colcon_core.event_handler.log_command:Invoking command in '/home/nicoleibert/RRC-RnD-Catbot/src/hyperdog_ros2/hyperdog_ctrl': AMENT_PREFIX_PATH=/home/nicoleibert/hyperdog_ws/install/hyperdog_msgs:${AMENT_PREFIX_PATH} CMAKE_PREFIX_PATH=/home/nicoleibert/RRC-RnD-Catbot/install/hyperdog_msgs LD_LIBRARY_PATH=/home/nicoleibert/hyperdog_ws/install/hyperdog_msgs/lib:/home/nicoleibert/RRC-RnD-Catbot/install/hyperdog_msgs/lib:${LD_LIBRARY_PATH} PYTHONPATH=/home/nicoleibert/RRC-RnD-Catbot/build/hyperdog_ctrl/prefix_override:/home/nicoleibert/RRC-RnD-Catbot/install/hyperdog_ctrl/lib/python3.10/site-packages:/home/nicoleibert/hyperdog_ws/install/hyperdog_msgs/lib/python3.10/site-packages:/home/nicoleibert/RRC-RnD-Catbot/install/hyperdog_msgs/lib/python3.10/site-packages:${PYTHONPATH} /usr/bin/python3 setup.py egg_info --egg-base ../../../build/hyperdog_ctrl build --build-base /home/nicoleibert/RRC-RnD-Catbot/build/hyperdog_ctrl/build install --record /home/nicoleibert/RRC-RnD-Catbot/build/hyperdog_ctrl/install.log --single-version-externally-managed
[4.774s] DEBUG:colcon.colcon_core.event_handler.log_command:Invoked command in '/home/nicoleibert/RRC-RnD-Catbot/src/hyperdog_ros2/hyperdog_ctrl' returned '0': AMENT_PREFIX_PATH=/home/nicoleibert/hyperdog_ws/install/hyperdog_msgs:${AMENT_PREFIX_PATH} CMAKE_PREFIX_PATH=/home/nicoleibert/RRC-RnD-Catbot/install/hyperdog_msgs LD_LIBRARY_PATH=/home/nicoleibert/hyperdog_ws/install/hyperdog_msgs/lib:/home/nicoleibert/RRC-RnD-Catbot/install/hyperdog_msgs/lib:${LD_LIBRARY_PATH} PYTHONPATH=/home/nicoleibert/RRC-RnD-Catbot/build/hyperdog_ctrl/prefix_override:/home/nicoleibert/RRC-RnD-Catbot/install/hyperdog_ctrl/lib/python3.10/site-packages:/home/nicoleibert/hyperdog_ws/install/hyperdog_msgs/lib/python3.10/site-packages:/home/nicoleibert/RRC-RnD-Catbot/install/hyperdog_msgs/lib/python3.10/site-packages:${PYTHONPATH} /usr/bin/python3 setup.py egg_info --egg-base ../../../build/hyperdog_ctrl build --build-base /home/nicoleibert/RRC-RnD-Catbot/build/hyperdog_ctrl/build install --record /home/nicoleibert/RRC-RnD-Catbot/build/hyperdog_ctrl/install.log --single-version-externally-managed
[4.793s] Level 1:colcon.colcon_core.environment:checking '/home/nicoleibert/RRC-RnD-Catbot/install/hyperdog_ctrl' for CMake module files
[4.793s] Level 1:colcon.colcon_core.environment:checking '/home/nicoleibert/RRC-RnD-Catbot/install/hyperdog_ctrl' for CMake config files
[4.794s] Level 1:colcon.colcon_core.environment:checking '/home/nicoleibert/RRC-RnD-Catbot/install/hyperdog_ctrl/lib'
[4.794s] Level 1:colcon.colcon_core.environment:checking '/home/nicoleibert/RRC-RnD-Catbot/install/hyperdog_ctrl/bin'
[4.794s] Level 1:colcon.colcon_core.environment:checking '/home/nicoleibert/RRC-RnD-Catbot/install/hyperdog_ctrl/lib/pkgconfig/hyperdog_ctrl.pc'
[4.794s] Level 1:colcon.colcon_core.environment:checking '/home/nicoleibert/RRC-RnD-Catbot/install/hyperdog_ctrl/lib/python3.10/site-packages'
[4.794s] Level 1:colcon.colcon_core.shell:create_environment_hook('hyperdog_ctrl', 'pythonpath')
[4.812s] INFO:colcon.colcon_core.shell:Creating environment hook '/home/nicoleibert/RRC-RnD-Catbot/install/hyperdog_ctrl/share/hyperdog_ctrl/hook/pythonpath.ps1'
[4.813s] INFO:colcon.colcon_core.shell:Creating environment descriptor '/home/nicoleibert/RRC-RnD-Catbot/install/hyperdog_ctrl/share/hyperdog_ctrl/hook/pythonpath.dsv'
[4.813s] INFO:colcon.colcon_core.shell:Creating environment hook '/home/nicoleibert/RRC-RnD-Catbot/install/hyperdog_ctrl/share/hyperdog_ctrl/hook/pythonpath.sh'
[4.814s] Level 1:colcon.colcon_core.environment:checking '/home/nicoleibert/RRC-RnD-Catbot/install/hyperdog_ctrl/bin'
[4.814s] Level 1:colcon.colcon_core.environment:create_environment_scripts_only(hyperdog_ctrl)
[4.829s] INFO:colcon.colcon_core.shell:Creating package script '/home/nicoleibert/RRC-RnD-Catbot/install/hyperdog_ctrl/share/hyperdog_ctrl/package.ps1'
[4.829s] INFO:colcon.colcon_core.shell:Creating package descriptor '/home/nicoleibert/RRC-RnD-Catbot/install/hyperdog_ctrl/share/hyperdog_ctrl/package.dsv'
[4.830s] INFO:colcon.colcon_core.shell:Creating package script '/home/nicoleibert/RRC-RnD-Catbot/install/hyperdog_ctrl/share/hyperdog_ctrl/package.sh'
[4.830s] INFO:colcon.colcon_core.shell:Creating package script '/home/nicoleibert/RRC-RnD-Catbot/install/hyperdog_ctrl/share/hyperdog_ctrl/package.bash'
[4.830s] INFO:colcon.colcon_core.shell:Creating package script '/home/nicoleibert/RRC-RnD-Catbot/install/hyperdog_ctrl/share/hyperdog_ctrl/package.zsh'
[4.830s] Level 1:colcon.colcon_core.environment:create_file_with_runtime_dependencies(/home/nicoleibert/RRC-RnD-Catbot/install/hyperdog_ctrl/share/colcon-core/packages/hyperdog_ctrl)
[5.040s] DEBUG:colcon.colcon_core.event_handler.log_command:Invoked command in '/home/nicoleibert/RRC-RnD-Catbot/build/hyperdog_gazebo_sim' returned '0': AMENT_PREFIX_PATH=/home/nicoleibert/hyperdog_ws/install/hyperdog_msgs:${AMENT_PREFIX_PATH} CMAKE_PREFIX_PATH=/home/nicoleibert/RRC-RnD-Catbot/install/hyperdog_msgs:/opt/ros/iron LD_LIBRARY_PATH=/home/nicoleibert/hyperdog_ws/install/hyperdog_msgs/lib:/home/nicoleibert/RRC-RnD-Catbot/install/hyperdog_msgs/lib:${LD_LIBRARY_PATH} PYTHONPATH=/home/nicoleibert/hyperdog_ws/install/hyperdog_msgs/lib/python3.10/site-packages:/home/nicoleibert/RRC-RnD-Catbot/install/hyperdog_msgs/lib/python3.10/site-packages:${PYTHONPATH} /usr/bin/cmake --build /home/nicoleibert/RRC-RnD-Catbot/build/hyperdog_gazebo_sim -- -j16 -l16
[5.062s] DEBUG:colcon.colcon_core.event_handler.log_command:Invoking command in '/home/nicoleibert/RRC-RnD-Catbot/build/hyperdog_gazebo_sim': AMENT_PREFIX_PATH=/home/nicoleibert/hyperdog_ws/install/hyperdog_msgs:${AMENT_PREFIX_PATH} CMAKE_PREFIX_PATH=/home/nicoleibert/RRC-RnD-Catbot/install/hyperdog_msgs:/opt/ros/iron LD_LIBRARY_PATH=/home/nicoleibert/hyperdog_ws/install/hyperdog_msgs/lib:/home/nicoleibert/RRC-RnD-Catbot/install/hyperdog_msgs/lib:${LD_LIBRARY_PATH} PYTHONPATH=/home/nicoleibert/hyperdog_ws/install/hyperdog_msgs/lib/python3.10/site-packages:/home/nicoleibert/RRC-RnD-Catbot/install/hyperdog_msgs/lib/python3.10/site-packages:${PYTHONPATH} /usr/bin/cmake --install /home/nicoleibert/RRC-RnD-Catbot/build/hyperdog_gazebo_sim
[5.065s] DEBUG:colcon.colcon_core.event_handler.log_command:Invoked command in '/home/nicoleibert/RRC-RnD-Catbot/build/hyperdog_teleop' returned '0': AMENT_PREFIX_PATH=/home/nicoleibert/hyperdog_ws/install/hyperdog_msgs:${AMENT_PREFIX_PATH} CMAKE_PREFIX_PATH=/home/nicoleibert/RRC-RnD-Catbot/install/hyperdog_msgs:/opt/ros/iron LD_LIBRARY_PATH=/home/nicoleibert/hyperdog_ws/install/hyperdog_msgs/lib:/home/nicoleibert/RRC-RnD-Catbot/install/hyperdog_msgs/lib:${LD_LIBRARY_PATH} PYTHONPATH=/home/nicoleibert/hyperdog_ws/install/hyperdog_msgs/lib/python3.10/site-packages:/home/nicoleibert/RRC-RnD-Catbot/install/hyperdog_msgs/lib/python3.10/site-packages:${PYTHONPATH} /usr/bin/cmake --build /home/nicoleibert/RRC-RnD-Catbot/build/hyperdog_teleop -- -j16 -l16
[5.069s] Level 1:colcon.colcon_core.environment:create_environment_scripts_only(hyperdog_gazebo_sim)
[5.077s] DEBUG:colcon.colcon_core.event_handler.log_command:Invoked command in '/home/nicoleibert/RRC-RnD-Catbot/build/hyperdog_gazebo_sim' returned '0': AMENT_PREFIX_PATH=/home/nicoleibert/hyperdog_ws/install/hyperdog_msgs:${AMENT_PREFIX_PATH} CMAKE_PREFIX_PATH=/home/nicoleibert/RRC-RnD-Catbot/install/hyperdog_msgs:/opt/ros/iron LD_LIBRARY_PATH=/home/nicoleibert/hyperdog_ws/install/hyperdog_msgs/lib:/home/nicoleibert/RRC-RnD-Catbot/install/hyperdog_msgs/lib:${LD_LIBRARY_PATH} PYTHONPATH=/home/nicoleibert/hyperdog_ws/install/hyperdog_msgs/lib/python3.10/site-packages:/home/nicoleibert/RRC-RnD-Catbot/install/hyperdog_msgs/lib/python3.10/site-packages:${PYTHONPATH} /usr/bin/cmake --install /home/nicoleibert/RRC-RnD-Catbot/build/hyperdog_gazebo_sim
[5.093s] Level 1:colcon.colcon_core.environment:checking '/home/nicoleibert/RRC-RnD-Catbot/install/hyperdog_gazebo_sim' for CMake module files
[5.093s] Level 1:colcon.colcon_core.environment:checking '/home/nicoleibert/RRC-RnD-Catbot/install/hyperdog_gazebo_sim' for CMake config files
[5.093s] Level 1:colcon.colcon_core.shell:create_environment_hook('hyperdog_gazebo_sim', 'cmake_prefix_path')
[5.104s] INFO:colcon.colcon_core.shell:Creating environment hook '/home/nicoleibert/RRC-RnD-Catbot/install/hyperdog_gazebo_sim/share/hyperdog_gazebo_sim/hook/cmake_prefix_path.ps1'
[5.104s] INFO:colcon.colcon_core.shell:Creating environment descriptor '/home/nicoleibert/RRC-RnD-Catbot/install/hyperdog_gazebo_sim/share/hyperdog_gazebo_sim/hook/cmake_prefix_path.dsv'
[5.105s] INFO:colcon.colcon_core.shell:Creating environment hook '/home/nicoleibert/RRC-RnD-Catbot/install/hyperdog_gazebo_sim/share/hyperdog_gazebo_sim/hook/cmake_prefix_path.sh'
[5.105s] Level 1:colcon.colcon_core.environment:checking '/home/nicoleibert/RRC-RnD-Catbot/install/hyperdog_gazebo_sim/lib'
[5.105s] Level 1:colcon.colcon_core.environment:checking '/home/nicoleibert/RRC-RnD-Catbot/install/hyperdog_gazebo_sim/bin'
[5.105s] Level 1:colcon.colcon_core.environment:checking '/home/nicoleibert/RRC-RnD-Catbot/install/hyperdog_gazebo_sim/lib/pkgconfig/hyperdog_gazebo_sim.pc'
[5.105s] Level 1:colcon.colcon_core.environment:checking '/home/nicoleibert/RRC-RnD-Catbot/install/hyperdog_gazebo_sim/lib/python3.10/site-packages'
[5.106s] Level 1:colcon.colcon_core.environment:checking '/home/nicoleibert/RRC-RnD-Catbot/install/hyperdog_gazebo_sim/bin'
[5.116s] INFO:colcon.colcon_core.shell:Creating package script '/home/nicoleibert/RRC-RnD-Catbot/install/hyperdog_gazebo_sim/share/hyperdog_gazebo_sim/package.ps1'
[5.116s] INFO:colcon.colcon_core.shell:Creating package descriptor '/home/nicoleibert/RRC-RnD-Catbot/install/hyperdog_gazebo_sim/share/hyperdog_gazebo_sim/package.dsv'
[5.116s] INFO:colcon.colcon_core.shell:Creating package script '/home/nicoleibert/RRC-RnD-Catbot/install/hyperdog_gazebo_sim/share/hyperdog_gazebo_sim/package.sh'
[5.116s] INFO:colcon.colcon_core.shell:Creating package script '/home/nicoleibert/RRC-RnD-Catbot/install/hyperdog_gazebo_sim/share/hyperdog_gazebo_sim/package.bash'
[5.117s] INFO:colcon.colcon_core.shell:Creating package script '/home/nicoleibert/RRC-RnD-Catbot/install/hyperdog_gazebo_sim/share/hyperdog_gazebo_sim/package.zsh'
[5.117s] Level 1:colcon.colcon_core.environment:create_file_with_runtime_dependencies(/home/nicoleibert/RRC-RnD-Catbot/install/hyperdog_gazebo_sim/share/colcon-core/packages/hyperdog_gazebo_sim)
[5.119s] DEBUG:colcon.colcon_core.event_handler.log_command:Invoking command in '/home/nicoleibert/RRC-RnD-Catbot/build/hyperdog_teleop': AMENT_PREFIX_PATH=/home/nicoleibert/hyperdog_ws/install/hyperdog_msgs:${AMENT_PREFIX_PATH} CMAKE_PREFIX_PATH=/home/nicoleibert/RRC-RnD-Catbot/install/hyperdog_msgs:/opt/ros/iron LD_LIBRARY_PATH=/home/nicoleibert/hyperdog_ws/install/hyperdog_msgs/lib:/home/nicoleibert/RRC-RnD-Catbot/install/hyperdog_msgs/lib:${LD_LIBRARY_PATH} PYTHONPATH=/home/nicoleibert/hyperdog_ws/install/hyperdog_msgs/lib/python3.10/site-packages:/home/nicoleibert/RRC-RnD-Catbot/install/hyperdog_msgs/lib/python3.10/site-packages:${PYTHONPATH} /usr/bin/cmake --install /home/nicoleibert/RRC-RnD-Catbot/build/hyperdog_teleop
[5.127s] Level 1:colcon.colcon_core.environment:create_environment_scripts_only(hyperdog_teleop)
[5.128s] DEBUG:colcon.colcon_core.event_handler.log_command:Invoked command in '/home/nicoleibert/RRC-RnD-Catbot/build/hyperdog_teleop' returned '0': AMENT_PREFIX_PATH=/home/nicoleibert/hyperdog_ws/install/hyperdog_msgs:${AMENT_PREFIX_PATH} CMAKE_PREFIX_PATH=/home/nicoleibert/RRC-RnD-Catbot/install/hyperdog_msgs:/opt/ros/iron LD_LIBRARY_PATH=/home/nicoleibert/hyperdog_ws/install/hyperdog_msgs/lib:/home/nicoleibert/RRC-RnD-Catbot/install/hyperdog_msgs/lib:${LD_LIBRARY_PATH} PYTHONPATH=/home/nicoleibert/hyperdog_ws/install/hyperdog_msgs/lib/python3.10/site-packages:/home/nicoleibert/RRC-RnD-Catbot/install/hyperdog_msgs/lib/python3.10/site-packages:${PYTHONPATH} /usr/bin/cmake --install /home/nicoleibert/RRC-RnD-Catbot/build/hyperdog_teleop
[5.140s] Level 1:colcon.colcon_core.environment:checking '/home/nicoleibert/RRC-RnD-Catbot/install/hyperdog_teleop' for CMake module files
[5.140s] Level 1:colcon.colcon_core.environment:checking '/home/nicoleibert/RRC-RnD-Catbot/install/hyperdog_teleop' for CMake config files
[5.140s] Level 1:colcon.colcon_core.shell:create_environment_hook('hyperdog_teleop', 'cmake_prefix_path')
[5.151s] INFO:colcon.colcon_core.shell:Creating environment hook '/home/nicoleibert/RRC-RnD-Catbot/install/hyperdog_teleop/share/hyperdog_teleop/hook/cmake_prefix_path.ps1'
[5.151s] INFO:colcon.colcon_core.shell:Creating environment descriptor '/home/nicoleibert/RRC-RnD-Catbot/install/hyperdog_teleop/share/hyperdog_teleop/hook/cmake_prefix_path.dsv'
[5.152s] INFO:colcon.colcon_core.shell:Creating environment hook '/home/nicoleibert/RRC-RnD-Catbot/install/hyperdog_teleop/share/hyperdog_teleop/hook/cmake_prefix_path.sh'
[5.152s] Level 1:colcon.colcon_core.environment:checking '/home/nicoleibert/RRC-RnD-Catbot/install/hyperdog_teleop/lib'
[5.152s] Level 1:colcon.colcon_core.environment:checking '/home/nicoleibert/RRC-RnD-Catbot/install/hyperdog_teleop/bin'
[5.152s] Level 1:colcon.colcon_core.environment:checking '/home/nicoleibert/RRC-RnD-Catbot/install/hyperdog_teleop/lib/pkgconfig/hyperdog_teleop.pc'
[5.152s] Level 1:colcon.colcon_core.environment:checking '/home/nicoleibert/RRC-RnD-Catbot/install/hyperdog_teleop/lib/python3.10/site-packages'
[5.152s] Level 1:colcon.colcon_core.environment:checking '/home/nicoleibert/RRC-RnD-Catbot/install/hyperdog_teleop/bin'
[5.163s] INFO:colcon.colcon_core.shell:Creating package script '/home/nicoleibert/RRC-RnD-Catbot/install/hyperdog_teleop/share/hyperdog_teleop/package.ps1'
[5.163s] INFO:colcon.colcon_core.shell:Creating package descriptor '/home/nicoleibert/RRC-RnD-Catbot/install/hyperdog_teleop/share/hyperdog_teleop/package.dsv'
[5.163s] INFO:colcon.colcon_core.shell:Creating package script '/home/nicoleibert/RRC-RnD-Catbot/install/hyperdog_teleop/share/hyperdog_teleop/package.sh'
[5.164s] INFO:colcon.colcon_core.shell:Creating package script '/home/nicoleibert/RRC-RnD-Catbot/install/hyperdog_teleop/share/hyperdog_teleop/package.bash'
[5.164s] INFO:colcon.colcon_core.shell:Creating package script '/home/nicoleibert/RRC-RnD-Catbot/install/hyperdog_teleop/share/hyperdog_teleop/package.zsh'
[5.164s] Level 1:colcon.colcon_core.environment:create_file_with_runtime_dependencies(/home/nicoleibert/RRC-RnD-Catbot/install/hyperdog_teleop/share/colcon-core/packages/hyperdog_teleop)
[5.176s] Level 1:colcon.colcon_core.environment:create_environment_scripts_only(hyperdog_gazebo_sim)
[5.188s] Level 1:colcon.colcon_core.environment:checking '/home/nicoleibert/RRC-RnD-Catbot/install/hyperdog_gazebo_sim' for CMake module files
[5.188s] Level 1:colcon.colcon_core.environment:checking '/home/nicoleibert/RRC-RnD-Catbot/install/hyperdog_gazebo_sim' for CMake config files
[5.189s] Level 1:colcon.colcon_core.shell:create_environment_hook('hyperdog_gazebo_sim', 'cmake_prefix_path')
[5.199s] INFO:colcon.colcon_core.shell:Creating environment hook '/home/nicoleibert/RRC-RnD-Catbot/install/hyperdog_gazebo_sim/share/hyperdog_gazebo_sim/hook/cmake_prefix_path.ps1'
[5.200s] INFO:colcon.colcon_core.shell:Creating environment descriptor '/home/nicoleibert/RRC-RnD-Catbot/install/hyperdog_gazebo_sim/share/hyperdog_gazebo_sim/hook/cmake_prefix_path.dsv'
[5.200s] INFO:colcon.colcon_core.shell:Creating environment hook '/home/nicoleibert/RRC-RnD-Catbot/install/hyperdog_gazebo_sim/share/hyperdog_gazebo_sim/hook/cmake_prefix_path.sh'
[5.200s] Level 1:colcon.colcon_core.environment:checking '/home/nicoleibert/RRC-RnD-Catbot/install/hyperdog_gazebo_sim/lib'
[5.200s] Level 1:colcon.colcon_core.environment:checking '/home/nicoleibert/RRC-RnD-Catbot/install/hyperdog_gazebo_sim/bin'
[5.200s] Level 1:colcon.colcon_core.environment:checking '/home/nicoleibert/RRC-RnD-Catbot/install/hyperdog_gazebo_sim/lib/pkgconfig/hyperdog_gazebo_sim.pc'
[5.200s] Level 1:colcon.colcon_core.environment:checking '/home/nicoleibert/RRC-RnD-Catbot/install/hyperdog_gazebo_sim/lib/python3.10/site-packages'
[5.201s] Level 1:colcon.colcon_core.environment:checking '/home/nicoleibert/RRC-RnD-Catbot/install/hyperdog_gazebo_sim/bin'
[5.211s] INFO:colcon.colcon_core.shell:Creating package script '/home/nicoleibert/RRC-RnD-Catbot/install/hyperdog_gazebo_sim/share/hyperdog_gazebo_sim/package.ps1'
[5.211s] INFO:colcon.colcon_core.shell:Creating package descriptor '/home/nicoleibert/RRC-RnD-Catbot/install/hyperdog_gazebo_sim/share/hyperdog_gazebo_sim/package.dsv'
[5.211s] INFO:colcon.colcon_core.shell:Creating package script '/home/nicoleibert/RRC-RnD-Catbot/install/hyperdog_gazebo_sim/share/hyperdog_gazebo_sim/package.sh'
[5.212s] INFO:colcon.colcon_core.shell:Creating package script '/home/nicoleibert/RRC-RnD-Catbot/install/hyperdog_gazebo_sim/share/hyperdog_gazebo_sim/package.bash'
[5.212s] INFO:colcon.colcon_core.shell:Creating package script '/home/nicoleibert/RRC-RnD-Catbot/install/hyperdog_gazebo_sim/share/hyperdog_gazebo_sim/package.zsh'
[5.212s] Level 1:colcon.colcon_core.environment:create_file_with_runtime_dependencies(/home/nicoleibert/RRC-RnD-Catbot/install/hyperdog_gazebo_sim/share/colcon-core/packages/hyperdog_gazebo_sim)
[5.226s] Level 1:colcon.colcon_core.environment:create_environment_scripts_only(hyperdog_teleop)
[5.238s] Level 1:colcon.colcon_core.environment:checking '/home/nicoleibert/RRC-RnD-Catbot/install/hyperdog_teleop' for CMake module files
[5.238s] Level 1:colcon.colcon_core.environment:checking '/home/nicoleibert/RRC-RnD-Catbot/install/hyperdog_teleop' for CMake config files
[5.239s] Level 1:colcon.colcon_core.shell:create_environment_hook('hyperdog_teleop', 'cmake_prefix_path')
[5.250s] INFO:colcon.colcon_core.shell:Creating environment hook '/home/nicoleibert/RRC-RnD-Catbot/install/hyperdog_teleop/share/hyperdog_teleop/hook/cmake_prefix_path.ps1'
[5.250s] INFO:colcon.colcon_core.shell:Creating environment descriptor '/home/nicoleibert/RRC-RnD-Catbot/install/hyperdog_teleop/share/hyperdog_teleop/hook/cmake_prefix_path.dsv'
[5.251s] INFO:colcon.colcon_core.shell:Creating environment hook '/home/nicoleibert/RRC-RnD-Catbot/install/hyperdog_teleop/share/hyperdog_teleop/hook/cmake_prefix_path.sh'
[5.251s] Level 1:colcon.colcon_core.environment:checking '/home/nicoleibert/RRC-RnD-Catbot/install/hyperdog_teleop/lib'
[5.251s] Level 1:colcon.colcon_core.environment:checking '/home/nicoleibert/RRC-RnD-Catbot/install/hyperdog_teleop/bin'
[5.251s] Level 1:colcon.colcon_core.environment:checking '/home/nicoleibert/RRC-RnD-Catbot/install/hyperdog_teleop/lib/pkgconfig/hyperdog_teleop.pc'
[5.251s] Level 1:colcon.colcon_core.environment:checking '/home/nicoleibert/RRC-RnD-Catbot/install/hyperdog_teleop/lib/python3.10/site-packages'
[5.251s] Level 1:colcon.colcon_core.environment:checking '/home/nicoleibert/RRC-RnD-Catbot/install/hyperdog_teleop/bin'
[5.262s] INFO:colcon.colcon_core.shell:Creating package script '/home/nicoleibert/RRC-RnD-Catbot/install/hyperdog_teleop/share/hyperdog_teleop/package.ps1'
[5.262s] INFO:colcon.colcon_core.shell:Creating package descriptor '/home/nicoleibert/RRC-RnD-Catbot/install/hyperdog_teleop/share/hyperdog_teleop/package.dsv'
[5.262s] INFO:colcon.colcon_core.shell:Creating package script '/home/nicoleibert/RRC-RnD-Catbot/install/hyperdog_teleop/share/hyperdog_teleop/package.sh'
[5.263s] INFO:colcon.colcon_core.shell:Creating package script '/home/nicoleibert/RRC-RnD-Catbot/install/hyperdog_teleop/share/hyperdog_teleop/package.bash'
[5.263s] INFO:colcon.colcon_core.shell:Creating package script '/home/nicoleibert/RRC-RnD-Catbot/install/hyperdog_teleop/share/hyperdog_teleop/package.zsh'
[5.263s] Level 1:colcon.colcon_core.environment:create_file_with_runtime_dependencies(/home/nicoleibert/RRC-RnD-Catbot/install/hyperdog_teleop/share/colcon-core/packages/hyperdog_teleop)
[5.263s] DEBUG:colcon.colcon_parallel_executor.executor.parallel:closing loop
[5.264s] DEBUG:colcon.colcon_parallel_executor.executor.parallel:loop closed
[5.264s] DEBUG:colcon.colcon_parallel_executor.executor.parallel:run_until_complete finished with '0'
[5.264s] DEBUG:colcon.colcon_core.event_reactor:joining thread
[5.279s] INFO:colcon.colcon_core.plugin_system:Skipping extension 'colcon_notification.desktop_notification.terminal_notifier': Not used on non-Darwin systems
[5.279s] INFO:colcon.colcon_core.plugin_system:Skipping extension 'colcon_notification.desktop_notification.win32': Not used on non-Windows systems
[5.279s] INFO:colcon.colcon_notification.desktop_notification:Sending desktop notification using 'notify2'
[5.288s] DEBUG:colcon.colcon_core.event_reactor:joined thread
[5.300s] INFO:colcon.colcon_core.shell:Creating prefix script '/home/nicoleibert/RRC-RnD-Catbot/install/local_setup.ps1'
[5.301s] INFO:colcon.colcon_core.shell:Creating prefix util module '/home/nicoleibert/RRC-RnD-Catbot/install/_local_setup_util_ps1.py'
[5.302s] INFO:colcon.colcon_core.shell:Creating prefix chain script '/home/nicoleibert/RRC-RnD-Catbot/install/setup.ps1'
[5.313s] INFO:colcon.colcon_core.shell:Creating prefix script '/home/nicoleibert/RRC-RnD-Catbot/install/local_setup.sh'
[5.313s] INFO:colcon.colcon_core.shell:Creating prefix util module '/home/nicoleibert/RRC-RnD-Catbot/install/_local_setup_util_sh.py'
[5.314s] INFO:colcon.colcon_core.shell:Creating prefix chain script '/home/nicoleibert/RRC-RnD-Catbot/install/setup.sh'
[5.325s] INFO:colcon.colcon_core.shell:Creating prefix script '/home/nicoleibert/RRC-RnD-Catbot/install/local_setup.bash'
[5.325s] INFO:colcon.colcon_core.shell:Creating prefix chain script '/home/nicoleibert/RRC-RnD-Catbot/install/setup.bash'
[5.336s] INFO:colcon.colcon_core.shell:Creating prefix script '/home/nicoleibert/RRC-RnD-Catbot/install/local_setup.zsh'
[5.336s] INFO:colcon.colcon_core.shell:Creating prefix chain script '/home/nicoleibert/RRC-RnD-Catbot/install/setup.zsh'
