[0.755s] DEBUG:colcon:Command line arguments: ['/usr/bin/colcon', 'build']
[0.755s] DEBUG:colcon:Parsed command line arguments: Namespace(log_base=None, log_level=None, verb_name='build', build_base='build', install_base='install', merge_install=False, symlink_install=False, test_result_base=None, continue_on_error=False, executor='parallel', parallel_workers=16, event_handlers=None, ignore_user_meta=False, metas=['./colcon.meta'], base_paths=['.'], packages_ignore=None, packages_ignore_regex=None, paths=None, packages_up_to=None, packages_up_to_regex=None, packages_above=None, packages_above_and_dependencies=None, packages_above_depth=None, packages_select_by_dep=None, packages_skip_by_dep=None, packages_skip_up_to=None, packages_select_build_failed=False, packages_skip_build_finished=False, packages_select_test_failures=False, packages_skip_test_passed=False, packages_select=None, packages_skip=None, packages_select_regex=None, packages_skip_regex=None, packages_start=None, packages_end=None, allow_overriding=[], cmake_args=None, cmake_target=None, cmake_target_skip_unavailable=False, cmake_clean_cache=False, cmake_clean_first=False, cmake_force_configure=False, ament_cmake_args=None, catkin_cmake_args=None, catkin_skip_building_tests=False, verb_parser=<colcon_defaults.argument_parser.defaults.DefaultArgumentsDecorator object at 0x7f6e6519a1d0>, verb_extension=<colcon_core.verb.build.BuildVerb object at 0x7f6e65151a80>, main=<bound method BuildVerb.main of <colcon_core.verb.build.BuildVerb object at 0x7f6e65151a80>>)
[0.786s] Level 1:colcon.colcon_core.package_discovery:discover_packages(colcon_meta) check parameters
[0.786s] Level 1:colcon.colcon_core.package_discovery:discover_packages(recursive) check parameters
[0.786s] Level 1:colcon.colcon_core.package_discovery:discover_packages(ignore) check parameters
[0.786s] Level 1:colcon.colcon_core.package_discovery:discover_packages(path) check parameters
[0.786s] Level 1:colcon.colcon_core.package_discovery:discover_packages(colcon_meta) discover
[0.786s] Level 1:colcon.colcon_core.package_discovery:discover_packages(recursive) discover
[0.786s] INFO:colcon.colcon_core.package_discovery:Crawling recursively for packages in '/home/nicoleibert/hyperdog_ws'
[0.786s] Level 1:colcon.colcon_core.package_identification:_identify(.) by extensions ['ignore', 'ignore_ament_install']
[0.786s] Level 1:colcon.colcon_core.package_identification:_identify(.) by extension 'ignore'
[0.786s] Level 1:colcon.colcon_core.package_identification:_identify(.) by extension 'ignore_ament_install'
[0.786s] Level 1:colcon.colcon_core.package_identification:_identify(.) by extensions ['colcon_pkg']
[0.786s] Level 1:colcon.colcon_core.package_identification:_identify(.) by extension 'colcon_pkg'
[0.786s] Level 1:colcon.colcon_core.package_identification:_identify(.) by extensions ['colcon_meta']
[0.786s] Level 1:colcon.colcon_core.package_identification:_identify(.) by extension 'colcon_meta'
[0.786s] Level 1:colcon.colcon_core.package_identification:_identify(.) by extensions ['ros']
[0.786s] Level 1:colcon.colcon_core.package_identification:_identify(.) by extension 'ros'
[0.794s] Level 1:colcon.colcon_core.package_identification:_identify(.) by extensions ['cmake', 'python']
[0.794s] Level 1:colcon.colcon_core.package_identification:_identify(.) by extension 'cmake'
[0.794s] Level 1:colcon.colcon_core.package_identification:_identify(.) by extension 'python'
[0.794s] Level 1:colcon.colcon_core.package_identification:_identify(.) by extensions ['python_setup_py']
[0.794s] Level 1:colcon.colcon_core.package_identification:_identify(.) by extension 'python_setup_py'
[0.794s] Level 1:colcon.colcon_core.package_identification:_identify(build) by extensions ['ignore', 'ignore_ament_install']
[0.794s] Level 1:colcon.colcon_core.package_identification:_identify(build) by extension 'ignore'
[0.794s] Level 1:colcon.colcon_core.package_identification:_identify(build) ignored
[0.794s] Level 1:colcon.colcon_core.package_identification:_identify(install) by extensions ['ignore', 'ignore_ament_install']
[0.794s] Level 1:colcon.colcon_core.package_identification:_identify(install) by extension 'ignore'
[0.794s] Level 1:colcon.colcon_core.package_identification:_identify(install) ignored
[0.794s] Level 1:colcon.colcon_core.package_identification:_identify(log) by extensions ['ignore', 'ignore_ament_install']
[0.795s] Level 1:colcon.colcon_core.package_identification:_identify(log) by extension 'ignore'
[0.795s] Level 1:colcon.colcon_core.package_identification:_identify(log) ignored
[0.795s] Level 1:colcon.colcon_core.package_identification:_identify(src) by extensions ['ignore', 'ignore_ament_install']
[0.795s] Level 1:colcon.colcon_core.package_identification:_identify(src) by extension 'ignore'
[0.795s] Level 1:colcon.colcon_core.package_identification:_identify(src) by extension 'ignore_ament_install'
[0.795s] Level 1:colcon.colcon_core.package_identification:_identify(src) by extensions ['colcon_pkg']
[0.795s] Level 1:colcon.colcon_core.package_identification:_identify(src) by extension 'colcon_pkg'
[0.795s] Level 1:colcon.colcon_core.package_identification:_identify(src) by extensions ['colcon_meta']
[0.795s] Level 1:colcon.colcon_core.package_identification:_identify(src) by extension 'colcon_meta'
[0.795s] Level 1:colcon.colcon_core.package_identification:_identify(src) by extensions ['ros']
[0.795s] Level 1:colcon.colcon_core.package_identification:_identify(src) by extension 'ros'
[0.795s] Level 1:colcon.colcon_core.package_identification:_identify(src) by extensions ['cmake', 'python']
[0.795s] Level 1:colcon.colcon_core.package_identification:_identify(src) by extension 'cmake'
[0.795s] Level 1:colcon.colcon_core.package_identification:_identify(src) by extension 'python'
[0.795s] Level 1:colcon.colcon_core.package_identification:_identify(src) by extensions ['python_setup_py']
[0.795s] Level 1:colcon.colcon_core.package_identification:_identify(src) by extension 'python_setup_py'
[0.795s] Level 1:colcon.colcon_core.package_identification:_identify(src/hyperdog_ros2) by extensions ['ignore', 'ignore_ament_install']
[0.795s] Level 1:colcon.colcon_core.package_identification:_identify(src/hyperdog_ros2) by extension 'ignore'
[0.795s] Level 1:colcon.colcon_core.package_identification:_identify(src/hyperdog_ros2) by extension 'ignore_ament_install'
[0.795s] Level 1:colcon.colcon_core.package_identification:_identify(src/hyperdog_ros2) by extensions ['colcon_pkg']
[0.795s] Level 1:colcon.colcon_core.package_identification:_identify(src/hyperdog_ros2) by extension 'colcon_pkg'
[0.795s] Level 1:colcon.colcon_core.package_identification:_identify(src/hyperdog_ros2) by extensions ['colcon_meta']
[0.795s] Level 1:colcon.colcon_core.package_identification:_identify(src/hyperdog_ros2) by extension 'colcon_meta'
[0.795s] Level 1:colcon.colcon_core.package_identification:_identify(src/hyperdog_ros2) by extensions ['ros']
[0.795s] Level 1:colcon.colcon_core.package_identification:_identify(src/hyperdog_ros2) by extension 'ros'
[0.795s] Level 1:colcon.colcon_core.package_identification:_identify(src/hyperdog_ros2) by extensions ['cmake', 'python']
[0.795s] Level 1:colcon.colcon_core.package_identification:_identify(src/hyperdog_ros2) by extension 'cmake'
[0.796s] Level 1:colcon.colcon_core.package_identification:_identify(src/hyperdog_ros2) by extension 'python'
[0.796s] Level 1:colcon.colcon_core.package_identification:_identify(src/hyperdog_ros2) by extensions ['python_setup_py']
[0.796s] Level 1:colcon.colcon_core.package_identification:_identify(src/hyperdog_ros2) by extension 'python_setup_py'
[0.796s] Level 1:colcon.colcon_core.package_identification:_identify(src/hyperdog_ros2/hyperdog_ctrl) by extensions ['ignore', 'ignore_ament_install']
[0.796s] Level 1:colcon.colcon_core.package_identification:_identify(src/hyperdog_ros2/hyperdog_ctrl) by extension 'ignore'
[0.796s] Level 1:colcon.colcon_core.package_identification:_identify(src/hyperdog_ros2/hyperdog_ctrl) by extension 'ignore_ament_install'
[0.796s] Level 1:colcon.colcon_core.package_identification:_identify(src/hyperdog_ros2/hyperdog_ctrl) by extensions ['colcon_pkg']
[0.796s] Level 1:colcon.colcon_core.package_identification:_identify(src/hyperdog_ros2/hyperdog_ctrl) by extension 'colcon_pkg'
[0.796s] Level 1:colcon.colcon_core.package_identification:_identify(src/hyperdog_ros2/hyperdog_ctrl) by extensions ['colcon_meta']
[0.796s] Level 1:colcon.colcon_core.package_identification:_identify(src/hyperdog_ros2/hyperdog_ctrl) by extension 'colcon_meta'
[0.796s] Level 1:colcon.colcon_core.package_identification:_identify(src/hyperdog_ros2/hyperdog_ctrl) by extensions ['ros']
[0.796s] Level 1:colcon.colcon_core.package_identification:_identify(src/hyperdog_ros2/hyperdog_ctrl) by extension 'ros'
[0.798s] DEBUG:colcon.colcon_core.package_identification:Package 'src/hyperdog_ros2/hyperdog_ctrl' with type 'ros.ament_python' and name 'hyperdog_ctrl'
[0.798s] Level 1:colcon.colcon_core.package_identification:_identify(src/hyperdog_ros2/hyperdog_gazebo_sim) by extensions ['ignore', 'ignore_ament_install']
[0.798s] Level 1:colcon.colcon_core.package_identification:_identify(src/hyperdog_ros2/hyperdog_gazebo_sim) by extension 'ignore'
[0.798s] Level 1:colcon.colcon_core.package_identification:_identify(src/hyperdog_ros2/hyperdog_gazebo_sim) by extension 'ignore_ament_install'
[0.798s] Level 1:colcon.colcon_core.package_identification:_identify(src/hyperdog_ros2/hyperdog_gazebo_sim) by extensions ['colcon_pkg']
[0.798s] Level 1:colcon.colcon_core.package_identification:_identify(src/hyperdog_ros2/hyperdog_gazebo_sim) by extension 'colcon_pkg'
[0.798s] Level 1:colcon.colcon_core.package_identification:_identify(src/hyperdog_ros2/hyperdog_gazebo_sim) by extensions ['colcon_meta']
[0.798s] Level 1:colcon.colcon_core.package_identification:_identify(src/hyperdog_ros2/hyperdog_gazebo_sim) by extension 'colcon_meta'
[0.798s] Level 1:colcon.colcon_core.package_identification:_identify(src/hyperdog_ros2/hyperdog_gazebo_sim) by extensions ['ros']
[0.798s] Level 1:colcon.colcon_core.package_identification:_identify(src/hyperdog_ros2/hyperdog_gazebo_sim) by extension 'ros'
[0.798s] DEBUG:colcon.colcon_core.package_identification:Package 'src/hyperdog_ros2/hyperdog_gazebo_sim' with type 'ros.ament_cmake' and name 'hyperdog_gazebo_sim'
[0.799s] Level 1:colcon.colcon_core.package_identification:_identify(src/hyperdog_ros2/hyperdog_launch) by extensions ['ignore', 'ignore_ament_install']
[0.799s] Level 1:colcon.colcon_core.package_identification:_identify(src/hyperdog_ros2/hyperdog_launch) by extension 'ignore'
[0.799s] Level 1:colcon.colcon_core.package_identification:_identify(src/hyperdog_ros2/hyperdog_launch) by extension 'ignore_ament_install'
[0.799s] Level 1:colcon.colcon_core.package_identification:_identify(src/hyperdog_ros2/hyperdog_launch) by extensions ['colcon_pkg']
[0.799s] Level 1:colcon.colcon_core.package_identification:_identify(src/hyperdog_ros2/hyperdog_launch) by extension 'colcon_pkg'
[0.799s] Level 1:colcon.colcon_core.package_identification:_identify(src/hyperdog_ros2/hyperdog_launch) by extensions ['colcon_meta']
[0.799s] Level 1:colcon.colcon_core.package_identification:_identify(src/hyperdog_ros2/hyperdog_launch) by extension 'colcon_meta'
[0.799s] Level 1:colcon.colcon_core.package_identification:_identify(src/hyperdog_ros2/hyperdog_launch) by extensions ['ros']
[0.799s] Level 1:colcon.colcon_core.package_identification:_identify(src/hyperdog_ros2/hyperdog_launch) by extension 'ros'
[0.799s] DEBUG:colcon.colcon_core.package_identification:Package 'src/hyperdog_ros2/hyperdog_launch' with type 'ros.ament_python' and name 'hyperdog_launch'
[0.799s] Level 1:colcon.colcon_core.package_identification:_identify(src/hyperdog_ros2/hyperdog_msgs) by extensions ['ignore', 'ignore_ament_install']
[0.799s] Level 1:colcon.colcon_core.package_identification:_identify(src/hyperdog_ros2/hyperdog_msgs) by extension 'ignore'
[0.799s] Level 1:colcon.colcon_core.package_identification:_identify(src/hyperdog_ros2/hyperdog_msgs) by extension 'ignore_ament_install'
[0.799s] Level 1:colcon.colcon_core.package_identification:_identify(src/hyperdog_ros2/hyperdog_msgs) by extensions ['colcon_pkg']
[0.799s] Level 1:colcon.colcon_core.package_identification:_identify(src/hyperdog_ros2/hyperdog_msgs) by extension 'colcon_pkg'
[0.799s] Level 1:colcon.colcon_core.package_identification:_identify(src/hyperdog_ros2/hyperdog_msgs) by extensions ['colcon_meta']
[0.799s] Level 1:colcon.colcon_core.package_identification:_identify(src/hyperdog_ros2/hyperdog_msgs) by extension 'colcon_meta'
[0.799s] Level 1:colcon.colcon_core.package_identification:_identify(src/hyperdog_ros2/hyperdog_msgs) by extensions ['ros']
[0.799s] Level 1:colcon.colcon_core.package_identification:_identify(src/hyperdog_ros2/hyperdog_msgs) by extension 'ros'
[0.800s] DEBUG:colcon.colcon_core.package_identification:Package 'src/hyperdog_ros2/hyperdog_msgs' with type 'ros.ament_cmake' and name 'hyperdog_msgs'
[0.800s] Level 1:colcon.colcon_core.package_identification:_identify(src/hyperdog_ros2/hyperdog_teleop) by extensions ['ignore', 'ignore_ament_install']
[0.800s] Level 1:colcon.colcon_core.package_identification:_identify(src/hyperdog_ros2/hyperdog_teleop) by extension 'ignore'
[0.800s] Level 1:colcon.colcon_core.package_identification:_identify(src/hyperdog_ros2/hyperdog_teleop) by extension 'ignore_ament_install'
[0.800s] Level 1:colcon.colcon_core.package_identification:_identify(src/hyperdog_ros2/hyperdog_teleop) by extensions ['colcon_pkg']
[0.800s] Level 1:colcon.colcon_core.package_identification:_identify(src/hyperdog_ros2/hyperdog_teleop) by extension 'colcon_pkg'
[0.800s] Level 1:colcon.colcon_core.package_identification:_identify(src/hyperdog_ros2/hyperdog_teleop) by extensions ['colcon_meta']
[0.800s] Level 1:colcon.colcon_core.package_identification:_identify(src/hyperdog_ros2/hyperdog_teleop) by extension 'colcon_meta'
[0.800s] Level 1:colcon.colcon_core.package_identification:_identify(src/hyperdog_ros2/hyperdog_teleop) by extensions ['ros']
[0.800s] Level 1:colcon.colcon_core.package_identification:_identify(src/hyperdog_ros2/hyperdog_teleop) by extension 'ros'
[0.801s] DEBUG:colcon.colcon_core.package_identification:Package 'src/hyperdog_ros2/hyperdog_teleop' with type 'ros.ament_cmake' and name 'hyperdog_teleop'
[0.801s] Level 1:colcon.colcon_core.package_discovery:discover_packages(recursive) using defaults
[0.801s] Level 1:colcon.colcon_core.package_discovery:discover_packages(ignore) discover
[0.801s] Level 1:colcon.colcon_core.package_discovery:discover_packages(ignore) using defaults
[0.801s] Level 1:colcon.colcon_core.package_discovery:discover_packages(path) discover
[0.801s] Level 1:colcon.colcon_core.package_discovery:discover_packages(path) using defaults
[0.869s] Level 1:colcon.colcon_core.package_discovery:discover_packages(prefix_path) check parameters
[0.869s] Level 1:colcon.colcon_core.package_discovery:discover_packages(prefix_path) discover
[0.898s] DEBUG:colcon.colcon_installed_package_information.package_discovery:Found 404 installed packages in /opt/ros/iron
[0.900s] Level 1:colcon.colcon_core.package_discovery:discover_packages(prefix_path) using defaults
[0.964s] Level 5:colcon.colcon_core.verb:set package 'hyperdog_launch' build argument 'cmake_args' from command line to 'None'
[0.964s] Level 5:colcon.colcon_core.verb:set package 'hyperdog_launch' build argument 'cmake_target' from command line to 'None'
[0.964s] Level 5:colcon.colcon_core.verb:set package 'hyperdog_launch' build argument 'cmake_target_skip_unavailable' from command line to 'False'
[0.964s] Level 5:colcon.colcon_core.verb:set package 'hyperdog_launch' build argument 'cmake_clean_cache' from command line to 'False'
[0.964s] Level 5:colcon.colcon_core.verb:set package 'hyperdog_launch' build argument 'cmake_clean_first' from command line to 'False'
[0.964s] Level 5:colcon.colcon_core.verb:set package 'hyperdog_launch' build argument 'cmake_force_configure' from command line to 'False'
[0.964s] Level 5:colcon.colcon_core.verb:set package 'hyperdog_launch' build argument 'ament_cmake_args' from command line to 'None'
[0.964s] Level 5:colcon.colcon_core.verb:set package 'hyperdog_launch' build argument 'catkin_cmake_args' from command line to 'None'
[0.964s] Level 5:colcon.colcon_core.verb:set package 'hyperdog_launch' build argument 'catkin_skip_building_tests' from command line to 'False'
[0.964s] DEBUG:colcon.colcon_core.verb:Building package 'hyperdog_launch' with the following arguments: {'ament_cmake_args': None, 'build_base': '/home/nicoleibert/hyperdog_ws/build/hyperdog_launch', 'catkin_cmake_args': None, 'catkin_skip_building_tests': False, 'cmake_args': None, 'cmake_clean_cache': False, 'cmake_clean_first': False, 'cmake_force_configure': False, 'cmake_target': None, 'cmake_target_skip_unavailable': False, 'install_base': '/home/nicoleibert/hyperdog_ws/install/hyperdog_launch', 'merge_install': False, 'path': '/home/nicoleibert/hyperdog_ws/src/hyperdog_ros2/hyperdog_launch', 'symlink_install': False, 'test_result_base': None}
[0.974s] Level 5:colcon.colcon_core.verb:set package 'hyperdog_msgs' build argument 'cmake_args' from command line to 'None'
[0.974s] Level 5:colcon.colcon_core.verb:set package 'hyperdog_msgs' build argument 'cmake_target' from command line to 'None'
[0.974s] Level 5:colcon.colcon_core.verb:set package 'hyperdog_msgs' build argument 'cmake_target_skip_unavailable' from command line to 'False'
[0.974s] Level 5:colcon.colcon_core.verb:set package 'hyperdog_msgs' build argument 'cmake_clean_cache' from command line to 'False'
[0.974s] Level 5:colcon.colcon_core.verb:set package 'hyperdog_msgs' build argument 'cmake_clean_first' from command line to 'False'
[0.974s] Level 5:colcon.colcon_core.verb:set package 'hyperdog_msgs' build argument 'cmake_force_configure' from command line to 'False'
[0.974s] Level 5:colcon.colcon_core.verb:set package 'hyperdog_msgs' build argument 'ament_cmake_args' from command line to 'None'
[0.974s] Level 5:colcon.colcon_core.verb:set package 'hyperdog_msgs' build argument 'catkin_cmake_args' from command line to 'None'
[0.974s] Level 5:colcon.colcon_core.verb:set package 'hyperdog_msgs' build argument 'catkin_skip_building_tests' from command line to 'False'
[0.974s] DEBUG:colcon.colcon_core.verb:Building package 'hyperdog_msgs' with the following arguments: {'ament_cmake_args': None, 'build_base': '/home/nicoleibert/hyperdog_ws/build/hyperdog_msgs', 'catkin_cmake_args': None, 'catkin_skip_building_tests': False, 'cmake_args': None, 'cmake_clean_cache': False, 'cmake_clean_first': False, 'cmake_force_configure': False, 'cmake_target': None, 'cmake_target_skip_unavailable': False, 'install_base': '/home/nicoleibert/hyperdog_ws/install/hyperdog_msgs', 'merge_install': False, 'path': '/home/nicoleibert/hyperdog_ws/src/hyperdog_ros2/hyperdog_msgs', 'symlink_install': False, 'test_result_base': None}
[0.985s] Level 5:colcon.colcon_core.verb:set package 'hyperdog_ctrl' build argument 'cmake_args' from command line to 'None'
[0.985s] Level 5:colcon.colcon_core.verb:set package 'hyperdog_ctrl' build argument 'cmake_target' from command line to 'None'
[0.985s] Level 5:colcon.colcon_core.verb:set package 'hyperdog_ctrl' build argument 'cmake_target_skip_unavailable' from command line to 'False'
[0.985s] Level 5:colcon.colcon_core.verb:set package 'hyperdog_ctrl' build argument 'cmake_clean_cache' from command line to 'False'
[0.985s] Level 5:colcon.colcon_core.verb:set package 'hyperdog_ctrl' build argument 'cmake_clean_first' from command line to 'False'
[0.985s] Level 5:colcon.colcon_core.verb:set package 'hyperdog_ctrl' build argument 'cmake_force_configure' from command line to 'False'
[0.985s] Level 5:colcon.colcon_core.verb:set package 'hyperdog_ctrl' build argument 'ament_cmake_args' from command line to 'None'
[0.985s] Level 5:colcon.colcon_core.verb:set package 'hyperdog_ctrl' build argument 'catkin_cmake_args' from command line to 'None'
[0.985s] Level 5:colcon.colcon_core.verb:set package 'hyperdog_ctrl' build argument 'catkin_skip_building_tests' from command line to 'False'
[0.985s] DEBUG:colcon.colcon_core.verb:Building package 'hyperdog_ctrl' with the following arguments: {'ament_cmake_args': None, 'build_base': '/home/nicoleibert/hyperdog_ws/build/hyperdog_ctrl', 'catkin_cmake_args': None, 'catkin_skip_building_tests': False, 'cmake_args': None, 'cmake_clean_cache': False, 'cmake_clean_first': False, 'cmake_force_configure': False, 'cmake_target': None, 'cmake_target_skip_unavailable': False, 'install_base': '/home/nicoleibert/hyperdog_ws/install/hyperdog_ctrl', 'merge_install': False, 'path': '/home/nicoleibert/hyperdog_ws/src/hyperdog_ros2/hyperdog_ctrl', 'symlink_install': False, 'test_result_base': None}
[0.995s] Level 5:colcon.colcon_core.verb:set package 'hyperdog_gazebo_sim' build argument 'cmake_args' from command line to 'None'
[0.995s] Level 5:colcon.colcon_core.verb:set package 'hyperdog_gazebo_sim' build argument 'cmake_target' from command line to 'None'
[0.995s] Level 5:colcon.colcon_core.verb:set package 'hyperdog_gazebo_sim' build argument 'cmake_target_skip_unavailable' from command line to 'False'
[0.995s] Level 5:colcon.colcon_core.verb:set package 'hyperdog_gazebo_sim' build argument 'cmake_clean_cache' from command line to 'False'
[0.995s] Level 5:colcon.colcon_core.verb:set package 'hyperdog_gazebo_sim' build argument 'cmake_clean_first' from command line to 'False'
[0.995s] Level 5:colcon.colcon_core.verb:set package 'hyperdog_gazebo_sim' build argument 'cmake_force_configure' from command line to 'False'
[0.995s] Level 5:colcon.colcon_core.verb:set package 'hyperdog_gazebo_sim' build argument 'ament_cmake_args' from command line to 'None'
[0.995s] Level 5:colcon.colcon_core.verb:set package 'hyperdog_gazebo_sim' build argument 'catkin_cmake_args' from command line to 'None'
[0.995s] Level 5:colcon.colcon_core.verb:set package 'hyperdog_gazebo_sim' build argument 'catkin_skip_building_tests' from command line to 'False'
[0.995s] DEBUG:colcon.colcon_core.verb:Building package 'hyperdog_gazebo_sim' with the following arguments: {'ament_cmake_args': None, 'build_base': '/home/nicoleibert/hyperdog_ws/build/hyperdog_gazebo_sim', 'catkin_cmake_args': None, 'catkin_skip_building_tests': False, 'cmake_args': None, 'cmake_clean_cache': False, 'cmake_clean_first': False, 'cmake_force_configure': False, 'cmake_target': None, 'cmake_target_skip_unavailable': False, 'install_base': '/home/nicoleibert/hyperdog_ws/install/hyperdog_gazebo_sim', 'merge_install': False, 'path': '/home/nicoleibert/hyperdog_ws/src/hyperdog_ros2/hyperdog_gazebo_sim', 'symlink_install': False, 'test_result_base': None}
[1.005s] Level 5:colcon.colcon_core.verb:set package 'hyperdog_teleop' build argument 'cmake_args' from command line to 'None'
[1.005s] Level 5:colcon.colcon_core.verb:set package 'hyperdog_teleop' build argument 'cmake_target' from command line to 'None'
[1.005s] Level 5:colcon.colcon_core.verb:set package 'hyperdog_teleop' build argument 'cmake_target_skip_unavailable' from command line to 'False'
[1.005s] Level 5:colcon.colcon_core.verb:set package 'hyperdog_teleop' build argument 'cmake_clean_cache' from command line to 'False'
[1.005s] Level 5:colcon.colcon_core.verb:set package 'hyperdog_teleop' build argument 'cmake_clean_first' from command line to 'False'
[1.005s] Level 5:colcon.colcon_core.verb:set package 'hyperdog_teleop' build argument 'cmake_force_configure' from command line to 'False'
[1.005s] Level 5:colcon.colcon_core.verb:set package 'hyperdog_teleop' build argument 'ament_cmake_args' from command line to 'None'
[1.005s] Level 5:colcon.colcon_core.verb:set package 'hyperdog_teleop' build argument 'catkin_cmake_args' from command line to 'None'
[1.005s] Level 5:colcon.colcon_core.verb:set package 'hyperdog_teleop' build argument 'catkin_skip_building_tests' from command line to 'False'
[1.005s] DEBUG:colcon.colcon_core.verb:Building package 'hyperdog_teleop' with the following arguments: {'ament_cmake_args': None, 'build_base': '/home/nicoleibert/hyperdog_ws/build/hyperdog_teleop', 'catkin_cmake_args': None, 'catkin_skip_building_tests': False, 'cmake_args': None, 'cmake_clean_cache': False, 'cmake_clean_first': False, 'cmake_force_configure': False, 'cmake_target': None, 'cmake_target_skip_unavailable': False, 'install_base': '/home/nicoleibert/hyperdog_ws/install/hyperdog_teleop', 'merge_install': False, 'path': '/home/nicoleibert/hyperdog_ws/src/hyperdog_ros2/hyperdog_teleop', 'symlink_install': False, 'test_result_base': None}
[1.015s] INFO:colcon.colcon_core.executor:Executing jobs using 'parallel' executor
[1.027s] DEBUG:colcon.colcon_parallel_executor.executor.parallel:run_until_complete
[1.027s] INFO:colcon.colcon_ros.task.ament_cmake.build:Building ROS package in '/home/nicoleibert/hyperdog_ws/src/hyperdog_ros2/hyperdog_msgs' with build type 'ament_cmake'
[1.027s] INFO:colcon.colcon_cmake.task.cmake.build:Building CMake package in '/home/nicoleibert/hyperdog_ws/src/hyperdog_ros2/hyperdog_msgs'
[1.040s] INFO:colcon.colcon_core.plugin_system:Skipping extension 'colcon_core.shell.bat': Not used on non-Windows systems
[1.040s] INFO:colcon.colcon_core.shell:Skip shell extension 'powershell' for command environment: Not usable outside of PowerShell
[1.040s] DEBUG:colcon.colcon_core.shell:Skip shell extension 'dsv' for command environment
[1.064s] INFO:colcon.colcon_ros.task.ament_python.build:Building ROS package in '/home/nicoleibert/hyperdog_ws/src/hyperdog_ros2/hyperdog_launch' with build type 'ament_python'
[1.064s] Level 1:colcon.colcon_core.shell:create_environment_hook('hyperdog_launch', 'ament_prefix_path')
[1.076s] INFO:colcon.colcon_core.shell:Creating environment hook '/home/nicoleibert/hyperdog_ws/install/hyperdog_launch/share/hyperdog_launch/hook/ament_prefix_path.ps1'
[1.076s] INFO:colcon.colcon_core.shell:Creating environment descriptor '/home/nicoleibert/hyperdog_ws/install/hyperdog_launch/share/hyperdog_launch/hook/ament_prefix_path.dsv'
[1.076s] INFO:colcon.colcon_core.shell:Creating environment hook '/home/nicoleibert/hyperdog_ws/install/hyperdog_launch/share/hyperdog_launch/hook/ament_prefix_path.sh'
[1.087s] INFO:colcon.colcon_core.shell:Skip shell extension 'powershell' for command environment: Not usable outside of PowerShell
[1.087s] DEBUG:colcon.colcon_core.shell:Skip shell extension 'dsv' for command environment
[1.120s] DEBUG:colcon.colcon_core.event_handler.log_command:Invoking command in '/home/nicoleibert/hyperdog_ws/build/hyperdog_msgs': CMAKE_PREFIX_PATH=/opt/ros/iron /usr/bin/cmake --build /home/nicoleibert/hyperdog_ws/build/hyperdog_msgs -- -j16 -l16
[1.451s] INFO:colcon.colcon_core.task.python.build:Building Python package in '/home/nicoleibert/hyperdog_ws/src/hyperdog_ros2/hyperdog_launch'
[1.476s] INFO:colcon.colcon_core.shell:Skip shell extension 'powershell' for command environment: Not usable outside of PowerShell
[1.476s] DEBUG:colcon.colcon_core.shell:Skip shell extension 'dsv' for command environment
[1.556s] DEBUG:colcon.colcon_core.event_handler.log_command:Invoked command in '/home/nicoleibert/hyperdog_ws/build/hyperdog_msgs' returned '0': CMAKE_PREFIX_PATH=/opt/ros/iron /usr/bin/cmake --build /home/nicoleibert/hyperdog_ws/build/hyperdog_msgs -- -j16 -l16
[1.720s] DEBUG:colcon.colcon_core.event_handler.log_command:Invoking command in '/home/nicoleibert/hyperdog_ws/build/hyperdog_msgs': CMAKE_PREFIX_PATH=/opt/ros/iron /usr/bin/cmake --install /home/nicoleibert/hyperdog_ws/build/hyperdog_msgs
[1.764s] Level 1:colcon.colcon_core.environment:create_environment_scripts_only(hyperdog_msgs)
[1.764s] DEBUG:colcon.colcon_core.event_handler.log_command:Invoked command in '/home/nicoleibert/hyperdog_ws/build/hyperdog_msgs' returned '0': CMAKE_PREFIX_PATH=/opt/ros/iron /usr/bin/cmake --install /home/nicoleibert/hyperdog_ws/build/hyperdog_msgs
[1.780s] Level 1:colcon.colcon_core.environment:checking '/home/nicoleibert/hyperdog_ws/install/hyperdog_msgs' for CMake module files
[1.781s] Level 1:colcon.colcon_core.environment:checking '/home/nicoleibert/hyperdog_ws/install/hyperdog_msgs' for CMake config files
[1.781s] Level 1:colcon.colcon_core.shell:create_environment_hook('hyperdog_msgs', 'cmake_prefix_path')
[1.795s] INFO:colcon.colcon_core.shell:Creating environment hook '/home/nicoleibert/hyperdog_ws/install/hyperdog_msgs/share/hyperdog_msgs/hook/cmake_prefix_path.ps1'
[1.795s] INFO:colcon.colcon_core.shell:Creating environment descriptor '/home/nicoleibert/hyperdog_ws/install/hyperdog_msgs/share/hyperdog_msgs/hook/cmake_prefix_path.dsv'
[1.796s] INFO:colcon.colcon_core.shell:Creating environment hook '/home/nicoleibert/hyperdog_ws/install/hyperdog_msgs/share/hyperdog_msgs/hook/cmake_prefix_path.sh'
[1.796s] Level 1:colcon.colcon_core.environment:checking '/home/nicoleibert/hyperdog_ws/install/hyperdog_msgs/lib'
[1.796s] Level 1:colcon.colcon_core.shell:create_environment_hook('hyperdog_msgs', 'ld_library_path_lib')
[1.809s] INFO:colcon.colcon_core.shell:Creating environment hook '/home/nicoleibert/hyperdog_ws/install/hyperdog_msgs/share/hyperdog_msgs/hook/ld_library_path_lib.ps1'
[1.810s] INFO:colcon.colcon_core.shell:Creating environment descriptor '/home/nicoleibert/hyperdog_ws/install/hyperdog_msgs/share/hyperdog_msgs/hook/ld_library_path_lib.dsv'
[1.810s] INFO:colcon.colcon_core.shell:Creating environment hook '/home/nicoleibert/hyperdog_ws/install/hyperdog_msgs/share/hyperdog_msgs/hook/ld_library_path_lib.sh'
[1.810s] Level 1:colcon.colcon_core.environment:checking '/home/nicoleibert/hyperdog_ws/install/hyperdog_msgs/bin'
[1.810s] Level 1:colcon.colcon_core.environment:checking '/home/nicoleibert/hyperdog_ws/install/hyperdog_msgs/lib/pkgconfig/hyperdog_msgs.pc'
[1.810s] Level 1:colcon.colcon_core.environment:checking '/home/nicoleibert/hyperdog_ws/install/hyperdog_msgs/lib/python3.10/site-packages'
[1.810s] Level 1:colcon.colcon_core.shell:create_environment_hook('hyperdog_msgs', 'pythonpath')
[1.823s] INFO:colcon.colcon_core.shell:Creating environment hook '/home/nicoleibert/hyperdog_ws/install/hyperdog_msgs/share/hyperdog_msgs/hook/pythonpath.ps1'
[1.824s] INFO:colcon.colcon_core.shell:Creating environment descriptor '/home/nicoleibert/hyperdog_ws/install/hyperdog_msgs/share/hyperdog_msgs/hook/pythonpath.dsv'
[1.824s] INFO:colcon.colcon_core.shell:Creating environment hook '/home/nicoleibert/hyperdog_ws/install/hyperdog_msgs/share/hyperdog_msgs/hook/pythonpath.sh'
[1.824s] Level 1:colcon.colcon_core.environment:checking '/home/nicoleibert/hyperdog_ws/install/hyperdog_msgs/bin'
[1.838s] INFO:colcon.colcon_core.shell:Creating package script '/home/nicoleibert/hyperdog_ws/install/hyperdog_msgs/share/hyperdog_msgs/package.ps1'
[1.839s] INFO:colcon.colcon_core.shell:Creating package descriptor '/home/nicoleibert/hyperdog_ws/install/hyperdog_msgs/share/hyperdog_msgs/package.dsv'
[1.839s] INFO:colcon.colcon_core.shell:Creating package script '/home/nicoleibert/hyperdog_ws/install/hyperdog_msgs/share/hyperdog_msgs/package.sh'
[1.840s] INFO:colcon.colcon_core.shell:Creating package script '/home/nicoleibert/hyperdog_ws/install/hyperdog_msgs/share/hyperdog_msgs/package.bash'
[1.841s] INFO:colcon.colcon_core.shell:Creating package script '/home/nicoleibert/hyperdog_ws/install/hyperdog_msgs/share/hyperdog_msgs/package.zsh'
[1.841s] Level 1:colcon.colcon_core.environment:create_file_with_runtime_dependencies(/home/nicoleibert/hyperdog_ws/install/hyperdog_msgs/share/colcon-core/packages/hyperdog_msgs)
[1.870s] DEBUG:colcon.colcon_core.event_handler.log_command:Invoking command in '/home/nicoleibert/hyperdog_ws/src/hyperdog_ros2/hyperdog_launch': PYTHONPATH=/home/nicoleibert/hyperdog_ws/build/hyperdog_launch/prefix_override:/home/nicoleibert/hyperdog_ws/install/hyperdog_launch/lib/python3.10/site-packages:${PYTHONPATH} /usr/bin/python3 setup.py egg_info --egg-base ../../../build/hyperdog_launch build --build-base /home/nicoleibert/hyperdog_ws/build/hyperdog_launch/build install --record /home/nicoleibert/hyperdog_ws/build/hyperdog_launch/install.log --single-version-externally-managed
[2.019s] Level 1:colcon.colcon_core.environment:create_environment_scripts_only(hyperdog_msgs)
[2.033s] Level 1:colcon.colcon_core.environment:checking '/home/nicoleibert/hyperdog_ws/install/hyperdog_msgs' for CMake module files
[2.033s] Level 1:colcon.colcon_core.environment:checking '/home/nicoleibert/hyperdog_ws/install/hyperdog_msgs' for CMake config files
[2.034s] Level 1:colcon.colcon_core.shell:create_environment_hook('hyperdog_msgs', 'cmake_prefix_path')
[2.047s] INFO:colcon.colcon_core.shell:Creating environment hook '/home/nicoleibert/hyperdog_ws/install/hyperdog_msgs/share/hyperdog_msgs/hook/cmake_prefix_path.ps1'
[2.047s] INFO:colcon.colcon_core.shell:Creating environment descriptor '/home/nicoleibert/hyperdog_ws/install/hyperdog_msgs/share/hyperdog_msgs/hook/cmake_prefix_path.dsv'
[2.047s] INFO:colcon.colcon_core.shell:Creating environment hook '/home/nicoleibert/hyperdog_ws/install/hyperdog_msgs/share/hyperdog_msgs/hook/cmake_prefix_path.sh'
[2.048s] Level 1:colcon.colcon_core.environment:checking '/home/nicoleibert/hyperdog_ws/install/hyperdog_msgs/lib'
[2.048s] Level 1:colcon.colcon_core.shell:create_environment_hook('hyperdog_msgs', 'ld_library_path_lib')
[2.061s] INFO:colcon.colcon_core.shell:Creating environment hook '/home/nicoleibert/hyperdog_ws/install/hyperdog_msgs/share/hyperdog_msgs/hook/ld_library_path_lib.ps1'
[2.061s] INFO:colcon.colcon_core.shell:Creating environment descriptor '/home/nicoleibert/hyperdog_ws/install/hyperdog_msgs/share/hyperdog_msgs/hook/ld_library_path_lib.dsv'
[2.062s] INFO:colcon.colcon_core.shell:Creating environment hook '/home/nicoleibert/hyperdog_ws/install/hyperdog_msgs/share/hyperdog_msgs/hook/ld_library_path_lib.sh'
[2.062s] Level 1:colcon.colcon_core.environment:checking '/home/nicoleibert/hyperdog_ws/install/hyperdog_msgs/bin'
[2.062s] Level 1:colcon.colcon_core.environment:checking '/home/nicoleibert/hyperdog_ws/install/hyperdog_msgs/lib/pkgconfig/hyperdog_msgs.pc'
[2.062s] Level 1:colcon.colcon_core.environment:checking '/home/nicoleibert/hyperdog_ws/install/hyperdog_msgs/lib/python3.10/site-packages'
[2.062s] Level 1:colcon.colcon_core.shell:create_environment_hook('hyperdog_msgs', 'pythonpath')
[2.075s] INFO:colcon.colcon_core.shell:Creating environment hook '/home/nicoleibert/hyperdog_ws/install/hyperdog_msgs/share/hyperdog_msgs/hook/pythonpath.ps1'
[2.075s] INFO:colcon.colcon_core.shell:Creating environment descriptor '/home/nicoleibert/hyperdog_ws/install/hyperdog_msgs/share/hyperdog_msgs/hook/pythonpath.dsv'
[2.076s] INFO:colcon.colcon_core.shell:Creating environment hook '/home/nicoleibert/hyperdog_ws/install/hyperdog_msgs/share/hyperdog_msgs/hook/pythonpath.sh'
[2.076s] Level 1:colcon.colcon_core.environment:checking '/home/nicoleibert/hyperdog_ws/install/hyperdog_msgs/bin'
[2.089s] INFO:colcon.colcon_core.shell:Creating package script '/home/nicoleibert/hyperdog_ws/install/hyperdog_msgs/share/hyperdog_msgs/package.ps1'
[2.090s] INFO:colcon.colcon_core.shell:Creating package descriptor '/home/nicoleibert/hyperdog_ws/install/hyperdog_msgs/share/hyperdog_msgs/package.dsv'
[2.090s] INFO:colcon.colcon_core.shell:Creating package script '/home/nicoleibert/hyperdog_ws/install/hyperdog_msgs/share/hyperdog_msgs/package.sh'
[2.090s] INFO:colcon.colcon_core.shell:Creating package script '/home/nicoleibert/hyperdog_ws/install/hyperdog_msgs/share/hyperdog_msgs/package.bash'
[2.091s] INFO:colcon.colcon_core.shell:Creating package script '/home/nicoleibert/hyperdog_ws/install/hyperdog_msgs/share/hyperdog_msgs/package.zsh'
[2.091s] Level 1:colcon.colcon_core.environment:create_file_with_runtime_dependencies(/home/nicoleibert/hyperdog_ws/install/hyperdog_msgs/share/colcon-core/packages/hyperdog_msgs)
[2.091s] INFO:colcon.colcon_ros.task.ament_python.build:Building ROS package in '/home/nicoleibert/hyperdog_ws/src/hyperdog_ros2/hyperdog_ctrl' with build type 'ament_python'
[2.092s] Level 1:colcon.colcon_core.shell:create_environment_hook('hyperdog_ctrl', 'ament_prefix_path')
[2.105s] INFO:colcon.colcon_core.shell:Creating environment hook '/home/nicoleibert/hyperdog_ws/install/hyperdog_ctrl/share/hyperdog_ctrl/hook/ament_prefix_path.ps1'
[2.106s] INFO:colcon.colcon_core.shell:Creating environment descriptor '/home/nicoleibert/hyperdog_ws/install/hyperdog_ctrl/share/hyperdog_ctrl/hook/ament_prefix_path.dsv'
[2.106s] INFO:colcon.colcon_core.shell:Creating environment hook '/home/nicoleibert/hyperdog_ws/install/hyperdog_ctrl/share/hyperdog_ctrl/hook/ament_prefix_path.sh'
[2.120s] INFO:colcon.colcon_core.shell:Skip shell extension 'powershell' for command environment: Not usable outside of PowerShell
[2.120s] DEBUG:colcon.colcon_core.shell:Skip shell extension 'dsv' for command environment
[2.149s] INFO:colcon.colcon_ros.task.ament_cmake.build:Building ROS package in '/home/nicoleibert/hyperdog_ws/src/hyperdog_ros2/hyperdog_gazebo_sim' with build type 'ament_cmake'
[2.150s] INFO:colcon.colcon_cmake.task.cmake.build:Building CMake package in '/home/nicoleibert/hyperdog_ws/src/hyperdog_ros2/hyperdog_gazebo_sim'
[2.167s] INFO:colcon.colcon_core.shell:Skip shell extension 'powershell' for command environment: Not usable outside of PowerShell
[2.167s] DEBUG:colcon.colcon_core.shell:Skip shell extension 'dsv' for command environment
[2.198s] INFO:colcon.colcon_ros.task.ament_cmake.build:Building ROS package in '/home/nicoleibert/hyperdog_ws/src/hyperdog_ros2/hyperdog_teleop' with build type 'ament_cmake'
[2.198s] INFO:colcon.colcon_cmake.task.cmake.build:Building CMake package in '/home/nicoleibert/hyperdog_ws/src/hyperdog_ros2/hyperdog_teleop'
[2.211s] INFO:colcon.colcon_core.shell:Skip shell extension 'powershell' for command environment: Not usable outside of PowerShell
[2.211s] DEBUG:colcon.colcon_core.shell:Skip shell extension 'dsv' for command environment
[2.544s] INFO:colcon.colcon_core.task.python.build:Building Python package in '/home/nicoleibert/hyperdog_ws/src/hyperdog_ros2/hyperdog_ctrl'
[2.568s] INFO:colcon.colcon_core.shell:Skip shell extension 'powershell' for command environment: Not usable outside of PowerShell
[2.569s] DEBUG:colcon.colcon_core.shell:Skip shell extension 'dsv' for command environment
[2.617s] DEBUG:colcon.colcon_core.event_handler.log_command:Invoking command in '/home/nicoleibert/hyperdog_ws/build/hyperdog_gazebo_sim': AMENT_PREFIX_PATH=/home/nicoleibert/hyperdog_ws/install/hyperdog_msgs:${AMENT_PREFIX_PATH} CMAKE_PREFIX_PATH=/home/nicoleibert/hyperdog_ws/install/hyperdog_msgs:/opt/ros/iron LD_LIBRARY_PATH=/home/nicoleibert/hyperdog_ws/install/hyperdog_msgs/lib:${LD_LIBRARY_PATH} PYTHONPATH=/home/nicoleibert/hyperdog_ws/install/hyperdog_msgs/lib/python3.10/site-packages:${PYTHONPATH} /usr/bin/cmake --build /home/nicoleibert/hyperdog_ws/build/hyperdog_gazebo_sim -- -j16 -l16
[2.617s] DEBUG:colcon.colcon_core.event_handler.log_command:Invoked command in '/home/nicoleibert/hyperdog_ws/src/hyperdog_ros2/hyperdog_launch' returned '0': PYTHONPATH=/home/nicoleibert/hyperdog_ws/build/hyperdog_launch/prefix_override:/home/nicoleibert/hyperdog_ws/install/hyperdog_launch/lib/python3.10/site-packages:${PYTHONPATH} /usr/bin/python3 setup.py egg_info --egg-base ../../../build/hyperdog_launch build --build-base /home/nicoleibert/hyperdog_ws/build/hyperdog_launch/build install --record /home/nicoleibert/hyperdog_ws/build/hyperdog_launch/install.log --single-version-externally-managed
[2.634s] Level 1:colcon.colcon_core.environment:checking '/home/nicoleibert/hyperdog_ws/install/hyperdog_launch' for CMake module files
[2.634s] Level 1:colcon.colcon_core.environment:checking '/home/nicoleibert/hyperdog_ws/install/hyperdog_launch' for CMake config files
[2.635s] Level 1:colcon.colcon_core.environment:checking '/home/nicoleibert/hyperdog_ws/install/hyperdog_launch/lib'
[2.635s] Level 1:colcon.colcon_core.environment:checking '/home/nicoleibert/hyperdog_ws/install/hyperdog_launch/bin'
[2.635s] Level 1:colcon.colcon_core.environment:checking '/home/nicoleibert/hyperdog_ws/install/hyperdog_launch/lib/pkgconfig/hyperdog_launch.pc'
[2.635s] Level 1:colcon.colcon_core.environment:checking '/home/nicoleibert/hyperdog_ws/install/hyperdog_launch/lib/python3.10/site-packages'
[2.635s] Level 1:colcon.colcon_core.shell:create_environment_hook('hyperdog_launch', 'pythonpath')
[2.651s] INFO:colcon.colcon_core.shell:Creating environment hook '/home/nicoleibert/hyperdog_ws/install/hyperdog_launch/share/hyperdog_launch/hook/pythonpath.ps1'
[2.652s] INFO:colcon.colcon_core.shell:Creating environment descriptor '/home/nicoleibert/hyperdog_ws/install/hyperdog_launch/share/hyperdog_launch/hook/pythonpath.dsv'
[2.652s] INFO:colcon.colcon_core.shell:Creating environment hook '/home/nicoleibert/hyperdog_ws/install/hyperdog_launch/share/hyperdog_launch/hook/pythonpath.sh'
[2.653s] Level 1:colcon.colcon_core.environment:checking '/home/nicoleibert/hyperdog_ws/install/hyperdog_launch/bin'
[2.653s] Level 1:colcon.colcon_core.environment:create_environment_scripts_only(hyperdog_launch)
[2.670s] INFO:colcon.colcon_core.shell:Creating package script '/home/nicoleibert/hyperdog_ws/install/hyperdog_launch/share/hyperdog_launch/package.ps1'
[2.671s] INFO:colcon.colcon_core.shell:Creating package descriptor '/home/nicoleibert/hyperdog_ws/install/hyperdog_launch/share/hyperdog_launch/package.dsv'
[2.672s] INFO:colcon.colcon_core.shell:Creating package script '/home/nicoleibert/hyperdog_ws/install/hyperdog_launch/share/hyperdog_launch/package.sh'
[2.672s] INFO:colcon.colcon_core.shell:Creating package script '/home/nicoleibert/hyperdog_ws/install/hyperdog_launch/share/hyperdog_launch/package.bash'
[2.673s] INFO:colcon.colcon_core.shell:Creating package script '/home/nicoleibert/hyperdog_ws/install/hyperdog_launch/share/hyperdog_launch/package.zsh'
[2.673s] Level 1:colcon.colcon_core.environment:create_file_with_runtime_dependencies(/home/nicoleibert/hyperdog_ws/install/hyperdog_launch/share/colcon-core/packages/hyperdog_launch)
[2.677s] DEBUG:colcon.colcon_core.event_handler.log_command:Invoking command in '/home/nicoleibert/hyperdog_ws/build/hyperdog_teleop': AMENT_PREFIX_PATH=/home/nicoleibert/hyperdog_ws/install/hyperdog_msgs:${AMENT_PREFIX_PATH} CMAKE_PREFIX_PATH=/home/nicoleibert/hyperdog_ws/install/hyperdog_msgs:/opt/ros/iron LD_LIBRARY_PATH=/home/nicoleibert/hyperdog_ws/install/hyperdog_msgs/lib:${LD_LIBRARY_PATH} PYTHONPATH=/home/nicoleibert/hyperdog_ws/install/hyperdog_msgs/lib/python3.10/site-packages:${PYTHONPATH} /usr/bin/cmake --build /home/nicoleibert/hyperdog_ws/build/hyperdog_teleop -- -j16 -l16
[2.683s] DEBUG:colcon.colcon_core.event_handler.log_command:Invoked command in '/home/nicoleibert/hyperdog_ws/build/hyperdog_gazebo_sim' returned '0': AMENT_PREFIX_PATH=/home/nicoleibert/hyperdog_ws/install/hyperdog_msgs:${AMENT_PREFIX_PATH} CMAKE_PREFIX_PATH=/home/nicoleibert/hyperdog_ws/install/hyperdog_msgs:/opt/ros/iron LD_LIBRARY_PATH=/home/nicoleibert/hyperdog_ws/install/hyperdog_msgs/lib:${LD_LIBRARY_PATH} PYTHONPATH=/home/nicoleibert/hyperdog_ws/install/hyperdog_msgs/lib/python3.10/site-packages:${PYTHONPATH} /usr/bin/cmake --build /home/nicoleibert/hyperdog_ws/build/hyperdog_gazebo_sim -- -j16 -l16
[2.713s] DEBUG:colcon.colcon_core.event_handler.log_command:Invoking command in '/home/nicoleibert/hyperdog_ws/build/hyperdog_gazebo_sim': AMENT_PREFIX_PATH=/home/nicoleibert/hyperdog_ws/install/hyperdog_msgs:${AMENT_PREFIX_PATH} CMAKE_PREFIX_PATH=/home/nicoleibert/hyperdog_ws/install/hyperdog_msgs:/opt/ros/iron LD_LIBRARY_PATH=/home/nicoleibert/hyperdog_ws/install/hyperdog_msgs/lib:${LD_LIBRARY_PATH} PYTHONPATH=/home/nicoleibert/hyperdog_ws/install/hyperdog_msgs/lib/python3.10/site-packages:${PYTHONPATH} /usr/bin/cmake --install /home/nicoleibert/hyperdog_ws/build/hyperdog_gazebo_sim
[2.724s] Level 1:colcon.colcon_core.environment:create_environment_scripts_only(hyperdog_gazebo_sim)
[2.737s] DEBUG:colcon.colcon_core.event_handler.log_command:Invoked command in '/home/nicoleibert/hyperdog_ws/build/hyperdog_gazebo_sim' returned '0': AMENT_PREFIX_PATH=/home/nicoleibert/hyperdog_ws/install/hyperdog_msgs:${AMENT_PREFIX_PATH} CMAKE_PREFIX_PATH=/home/nicoleibert/hyperdog_ws/install/hyperdog_msgs:/opt/ros/iron LD_LIBRARY_PATH=/home/nicoleibert/hyperdog_ws/install/hyperdog_msgs/lib:${LD_LIBRARY_PATH} PYTHONPATH=/home/nicoleibert/hyperdog_ws/install/hyperdog_msgs/lib/python3.10/site-packages:${PYTHONPATH} /usr/bin/cmake --install /home/nicoleibert/hyperdog_ws/build/hyperdog_gazebo_sim
[2.750s] Level 1:colcon.colcon_core.environment:checking '/home/nicoleibert/hyperdog_ws/install/hyperdog_gazebo_sim' for CMake module files
[2.750s] Level 1:colcon.colcon_core.environment:checking '/home/nicoleibert/hyperdog_ws/install/hyperdog_gazebo_sim' for CMake config files
[2.750s] Level 1:colcon.colcon_core.shell:create_environment_hook('hyperdog_gazebo_sim', 'cmake_prefix_path')
[2.768s] INFO:colcon.colcon_core.shell:Creating environment hook '/home/nicoleibert/hyperdog_ws/install/hyperdog_gazebo_sim/share/hyperdog_gazebo_sim/hook/cmake_prefix_path.ps1'
[2.769s] INFO:colcon.colcon_core.shell:Creating environment descriptor '/home/nicoleibert/hyperdog_ws/install/hyperdog_gazebo_sim/share/hyperdog_gazebo_sim/hook/cmake_prefix_path.dsv'
[2.769s] INFO:colcon.colcon_core.shell:Creating environment hook '/home/nicoleibert/hyperdog_ws/install/hyperdog_gazebo_sim/share/hyperdog_gazebo_sim/hook/cmake_prefix_path.sh'
[2.770s] Level 1:colcon.colcon_core.environment:checking '/home/nicoleibert/hyperdog_ws/install/hyperdog_gazebo_sim/lib'
[2.770s] Level 1:colcon.colcon_core.environment:checking '/home/nicoleibert/hyperdog_ws/install/hyperdog_gazebo_sim/bin'
[2.770s] Level 1:colcon.colcon_core.environment:checking '/home/nicoleibert/hyperdog_ws/install/hyperdog_gazebo_sim/lib/pkgconfig/hyperdog_gazebo_sim.pc'
[2.770s] Level 1:colcon.colcon_core.environment:checking '/home/nicoleibert/hyperdog_ws/install/hyperdog_gazebo_sim/lib/python3.10/site-packages'
[2.770s] Level 1:colcon.colcon_core.environment:checking '/home/nicoleibert/hyperdog_ws/install/hyperdog_gazebo_sim/bin'
[2.786s] INFO:colcon.colcon_core.shell:Creating package script '/home/nicoleibert/hyperdog_ws/install/hyperdog_gazebo_sim/share/hyperdog_gazebo_sim/package.ps1'
[2.787s] INFO:colcon.colcon_core.shell:Creating package descriptor '/home/nicoleibert/hyperdog_ws/install/hyperdog_gazebo_sim/share/hyperdog_gazebo_sim/package.dsv'
[2.787s] INFO:colcon.colcon_core.shell:Creating package script '/home/nicoleibert/hyperdog_ws/install/hyperdog_gazebo_sim/share/hyperdog_gazebo_sim/package.sh'
[2.787s] INFO:colcon.colcon_core.shell:Creating package script '/home/nicoleibert/hyperdog_ws/install/hyperdog_gazebo_sim/share/hyperdog_gazebo_sim/package.bash'
[2.788s] INFO:colcon.colcon_core.shell:Creating package script '/home/nicoleibert/hyperdog_ws/install/hyperdog_gazebo_sim/share/hyperdog_gazebo_sim/package.zsh'
[2.788s] Level 1:colcon.colcon_core.environment:create_file_with_runtime_dependencies(/home/nicoleibert/hyperdog_ws/install/hyperdog_gazebo_sim/share/colcon-core/packages/hyperdog_gazebo_sim)
[2.840s] Level 1:colcon.colcon_core.environment:create_environment_scripts_only(hyperdog_gazebo_sim)
[2.857s] Level 1:colcon.colcon_core.environment:checking '/home/nicoleibert/hyperdog_ws/install/hyperdog_gazebo_sim' for CMake module files
[2.857s] Level 1:colcon.colcon_core.environment:checking '/home/nicoleibert/hyperdog_ws/install/hyperdog_gazebo_sim' for CMake config files
[2.858s] Level 1:colcon.colcon_core.shell:create_environment_hook('hyperdog_gazebo_sim', 'cmake_prefix_path')
[2.873s] INFO:colcon.colcon_core.shell:Creating environment hook '/home/nicoleibert/hyperdog_ws/install/hyperdog_gazebo_sim/share/hyperdog_gazebo_sim/hook/cmake_prefix_path.ps1'
[2.873s] INFO:colcon.colcon_core.shell:Creating environment descriptor '/home/nicoleibert/hyperdog_ws/install/hyperdog_gazebo_sim/share/hyperdog_gazebo_sim/hook/cmake_prefix_path.dsv'
[2.873s] INFO:colcon.colcon_core.shell:Creating environment hook '/home/nicoleibert/hyperdog_ws/install/hyperdog_gazebo_sim/share/hyperdog_gazebo_sim/hook/cmake_prefix_path.sh'
[2.874s] Level 1:colcon.colcon_core.environment:checking '/home/nicoleibert/hyperdog_ws/install/hyperdog_gazebo_sim/lib'
[2.874s] Level 1:colcon.colcon_core.environment:checking '/home/nicoleibert/hyperdog_ws/install/hyperdog_gazebo_sim/bin'
[2.874s] Level 1:colcon.colcon_core.environment:checking '/home/nicoleibert/hyperdog_ws/install/hyperdog_gazebo_sim/lib/pkgconfig/hyperdog_gazebo_sim.pc'
[2.874s] Level 1:colcon.colcon_core.environment:checking '/home/nicoleibert/hyperdog_ws/install/hyperdog_gazebo_sim/lib/python3.10/site-packages'
[2.874s] Level 1:colcon.colcon_core.environment:checking '/home/nicoleibert/hyperdog_ws/install/hyperdog_gazebo_sim/bin'
[2.890s] INFO:colcon.colcon_core.shell:Creating package script '/home/nicoleibert/hyperdog_ws/install/hyperdog_gazebo_sim/share/hyperdog_gazebo_sim/package.ps1'
[2.891s] INFO:colcon.colcon_core.shell:Creating package descriptor '/home/nicoleibert/hyperdog_ws/install/hyperdog_gazebo_sim/share/hyperdog_gazebo_sim/package.dsv'
[2.891s] INFO:colcon.colcon_core.shell:Creating package script '/home/nicoleibert/hyperdog_ws/install/hyperdog_gazebo_sim/share/hyperdog_gazebo_sim/package.sh'
[2.892s] INFO:colcon.colcon_core.shell:Creating package script '/home/nicoleibert/hyperdog_ws/install/hyperdog_gazebo_sim/share/hyperdog_gazebo_sim/package.bash'
[2.892s] INFO:colcon.colcon_core.shell:Creating package script '/home/nicoleibert/hyperdog_ws/install/hyperdog_gazebo_sim/share/hyperdog_gazebo_sim/package.zsh'
[2.892s] Level 1:colcon.colcon_core.environment:create_file_with_runtime_dependencies(/home/nicoleibert/hyperdog_ws/install/hyperdog_gazebo_sim/share/colcon-core/packages/hyperdog_gazebo_sim)
[3.028s] DEBUG:colcon.colcon_core.event_handler.log_command:Invoking command in '/home/nicoleibert/hyperdog_ws/src/hyperdog_ros2/hyperdog_ctrl': AMENT_PREFIX_PATH=/home/nicoleibert/hyperdog_ws/install/hyperdog_msgs:${AMENT_PREFIX_PATH} CMAKE_PREFIX_PATH=/home/nicoleibert/hyperdog_ws/install/hyperdog_msgs LD_LIBRARY_PATH=/home/nicoleibert/hyperdog_ws/install/hyperdog_msgs/lib:${LD_LIBRARY_PATH} PYTHONPATH=/home/nicoleibert/hyperdog_ws/build/hyperdog_ctrl/prefix_override:/home/nicoleibert/hyperdog_ws/install/hyperdog_ctrl/lib/python3.10/site-packages:/home/nicoleibert/hyperdog_ws/install/hyperdog_msgs/lib/python3.10/site-packages:${PYTHONPATH} /usr/bin/python3 setup.py egg_info --egg-base ../../../build/hyperdog_ctrl build --build-base /home/nicoleibert/hyperdog_ws/build/hyperdog_ctrl/build install --record /home/nicoleibert/hyperdog_ws/build/hyperdog_ctrl/install.log --single-version-externally-managed
[3.299s] DEBUG:colcon.colcon_core.event_handler.log_command:Invoked command in '/home/nicoleibert/hyperdog_ws/src/hyperdog_ros2/hyperdog_ctrl' returned '0': AMENT_PREFIX_PATH=/home/nicoleibert/hyperdog_ws/install/hyperdog_msgs:${AMENT_PREFIX_PATH} CMAKE_PREFIX_PATH=/home/nicoleibert/hyperdog_ws/install/hyperdog_msgs LD_LIBRARY_PATH=/home/nicoleibert/hyperdog_ws/install/hyperdog_msgs/lib:${LD_LIBRARY_PATH} PYTHONPATH=/home/nicoleibert/hyperdog_ws/build/hyperdog_ctrl/prefix_override:/home/nicoleibert/hyperdog_ws/install/hyperdog_ctrl/lib/python3.10/site-packages:/home/nicoleibert/hyperdog_ws/install/hyperdog_msgs/lib/python3.10/site-packages:${PYTHONPATH} /usr/bin/python3 setup.py egg_info --egg-base ../../../build/hyperdog_ctrl build --build-base /home/nicoleibert/hyperdog_ws/build/hyperdog_ctrl/build install --record /home/nicoleibert/hyperdog_ws/build/hyperdog_ctrl/install.log --single-version-externally-managed
[3.313s] Level 1:colcon.colcon_core.environment:checking '/home/nicoleibert/hyperdog_ws/install/hyperdog_ctrl' for CMake module files
[3.313s] Level 1:colcon.colcon_core.environment:checking '/home/nicoleibert/hyperdog_ws/install/hyperdog_ctrl' for CMake config files
[3.314s] Level 1:colcon.colcon_core.environment:checking '/home/nicoleibert/hyperdog_ws/install/hyperdog_ctrl/lib'
[3.314s] Level 1:colcon.colcon_core.environment:checking '/home/nicoleibert/hyperdog_ws/install/hyperdog_ctrl/bin'
[3.314s] Level 1:colcon.colcon_core.environment:checking '/home/nicoleibert/hyperdog_ws/install/hyperdog_ctrl/lib/pkgconfig/hyperdog_ctrl.pc'
[3.314s] Level 1:colcon.colcon_core.environment:checking '/home/nicoleibert/hyperdog_ws/install/hyperdog_ctrl/lib/python3.10/site-packages'
[3.314s] Level 1:colcon.colcon_core.shell:create_environment_hook('hyperdog_ctrl', 'pythonpath')
[3.328s] INFO:colcon.colcon_core.shell:Creating environment hook '/home/nicoleibert/hyperdog_ws/install/hyperdog_ctrl/share/hyperdog_ctrl/hook/pythonpath.ps1'
[3.328s] INFO:colcon.colcon_core.shell:Creating environment descriptor '/home/nicoleibert/hyperdog_ws/install/hyperdog_ctrl/share/hyperdog_ctrl/hook/pythonpath.dsv'
[3.329s] INFO:colcon.colcon_core.shell:Creating environment hook '/home/nicoleibert/hyperdog_ws/install/hyperdog_ctrl/share/hyperdog_ctrl/hook/pythonpath.sh'
[3.329s] Level 1:colcon.colcon_core.environment:checking '/home/nicoleibert/hyperdog_ws/install/hyperdog_ctrl/bin'
[3.329s] Level 1:colcon.colcon_core.environment:create_environment_scripts_only(hyperdog_ctrl)
[3.344s] INFO:colcon.colcon_core.shell:Creating package script '/home/nicoleibert/hyperdog_ws/install/hyperdog_ctrl/share/hyperdog_ctrl/package.ps1'
[3.345s] INFO:colcon.colcon_core.shell:Creating package descriptor '/home/nicoleibert/hyperdog_ws/install/hyperdog_ctrl/share/hyperdog_ctrl/package.dsv'
[3.345s] INFO:colcon.colcon_core.shell:Creating package script '/home/nicoleibert/hyperdog_ws/install/hyperdog_ctrl/share/hyperdog_ctrl/package.sh'
[3.345s] INFO:colcon.colcon_core.shell:Creating package script '/home/nicoleibert/hyperdog_ws/install/hyperdog_ctrl/share/hyperdog_ctrl/package.bash'
[3.346s] INFO:colcon.colcon_core.shell:Creating package script '/home/nicoleibert/hyperdog_ws/install/hyperdog_ctrl/share/hyperdog_ctrl/package.zsh'
[3.346s] Level 1:colcon.colcon_core.environment:create_file_with_runtime_dependencies(/home/nicoleibert/hyperdog_ws/install/hyperdog_ctrl/share/colcon-core/packages/hyperdog_ctrl)
[9.818s] DEBUG:colcon.colcon_core.event_handler.log_command:Invoked command in '/home/nicoleibert/hyperdog_ws/build/hyperdog_teleop' returned '0': AMENT_PREFIX_PATH=/home/nicoleibert/hyperdog_ws/install/hyperdog_msgs:${AMENT_PREFIX_PATH} CMAKE_PREFIX_PATH=/home/nicoleibert/hyperdog_ws/install/hyperdog_msgs:/opt/ros/iron LD_LIBRARY_PATH=/home/nicoleibert/hyperdog_ws/install/hyperdog_msgs/lib:${LD_LIBRARY_PATH} PYTHONPATH=/home/nicoleibert/hyperdog_ws/install/hyperdog_msgs/lib/python3.10/site-packages:${PYTHONPATH} /usr/bin/cmake --build /home/nicoleibert/hyperdog_ws/build/hyperdog_teleop -- -j16 -l16
[9.866s] DEBUG:colcon.colcon_core.event_handler.log_command:Invoking command in '/home/nicoleibert/hyperdog_ws/build/hyperdog_teleop': AMENT_PREFIX_PATH=/home/nicoleibert/hyperdog_ws/install/hyperdog_msgs:${AMENT_PREFIX_PATH} CMAKE_PREFIX_PATH=/home/nicoleibert/hyperdog_ws/install/hyperdog_msgs:/opt/ros/iron LD_LIBRARY_PATH=/home/nicoleibert/hyperdog_ws/install/hyperdog_msgs/lib:${LD_LIBRARY_PATH} PYTHONPATH=/home/nicoleibert/hyperdog_ws/install/hyperdog_msgs/lib/python3.10/site-packages:${PYTHONPATH} /usr/bin/cmake --install /home/nicoleibert/hyperdog_ws/build/hyperdog_teleop
[9.891s] Level 1:colcon.colcon_core.environment:create_environment_scripts_only(hyperdog_teleop)
[9.892s] DEBUG:colcon.colcon_core.event_handler.log_command:Invoked command in '/home/nicoleibert/hyperdog_ws/build/hyperdog_teleop' returned '0': AMENT_PREFIX_PATH=/home/nicoleibert/hyperdog_ws/install/hyperdog_msgs:${AMENT_PREFIX_PATH} CMAKE_PREFIX_PATH=/home/nicoleibert/hyperdog_ws/install/hyperdog_msgs:/opt/ros/iron LD_LIBRARY_PATH=/home/nicoleibert/hyperdog_ws/install/hyperdog_msgs/lib:${LD_LIBRARY_PATH} PYTHONPATH=/home/nicoleibert/hyperdog_ws/install/hyperdog_msgs/lib/python3.10/site-packages:${PYTHONPATH} /usr/bin/cmake --install /home/nicoleibert/hyperdog_ws/build/hyperdog_teleop
[9.905s] Level 1:colcon.colcon_core.environment:checking '/home/nicoleibert/hyperdog_ws/install/hyperdog_teleop' for CMake module files
[9.906s] Level 1:colcon.colcon_core.environment:checking '/home/nicoleibert/hyperdog_ws/install/hyperdog_teleop' for CMake config files
[9.906s] Level 1:colcon.colcon_core.shell:create_environment_hook('hyperdog_teleop', 'cmake_prefix_path')
[9.934s] INFO:colcon.colcon_core.shell:Creating environment hook '/home/nicoleibert/hyperdog_ws/install/hyperdog_teleop/share/hyperdog_teleop/hook/cmake_prefix_path.ps1'
[9.935s] INFO:colcon.colcon_core.shell:Creating environment descriptor '/home/nicoleibert/hyperdog_ws/install/hyperdog_teleop/share/hyperdog_teleop/hook/cmake_prefix_path.dsv'
[9.935s] INFO:colcon.colcon_core.shell:Creating environment hook '/home/nicoleibert/hyperdog_ws/install/hyperdog_teleop/share/hyperdog_teleop/hook/cmake_prefix_path.sh'
[9.936s] Level 1:colcon.colcon_core.environment:checking '/home/nicoleibert/hyperdog_ws/install/hyperdog_teleop/lib'
[9.936s] Level 1:colcon.colcon_core.environment:checking '/home/nicoleibert/hyperdog_ws/install/hyperdog_teleop/bin'
[9.936s] Level 1:colcon.colcon_core.environment:checking '/home/nicoleibert/hyperdog_ws/install/hyperdog_teleop/lib/pkgconfig/hyperdog_teleop.pc'
[9.937s] Level 1:colcon.colcon_core.environment:checking '/home/nicoleibert/hyperdog_ws/install/hyperdog_teleop/lib/python3.10/site-packages'
[9.937s] Level 1:colcon.colcon_core.environment:checking '/home/nicoleibert/hyperdog_ws/install/hyperdog_teleop/bin'
[9.963s] INFO:colcon.colcon_core.shell:Creating package script '/home/nicoleibert/hyperdog_ws/install/hyperdog_teleop/share/hyperdog_teleop/package.ps1'
[9.964s] INFO:colcon.colcon_core.shell:Creating package descriptor '/home/nicoleibert/hyperdog_ws/install/hyperdog_teleop/share/hyperdog_teleop/package.dsv'
[9.964s] INFO:colcon.colcon_core.shell:Creating package script '/home/nicoleibert/hyperdog_ws/install/hyperdog_teleop/share/hyperdog_teleop/package.sh'
[9.965s] INFO:colcon.colcon_core.shell:Creating package script '/home/nicoleibert/hyperdog_ws/install/hyperdog_teleop/share/hyperdog_teleop/package.bash'
[9.965s] INFO:colcon.colcon_core.shell:Creating package script '/home/nicoleibert/hyperdog_ws/install/hyperdog_teleop/share/hyperdog_teleop/package.zsh'
[9.966s] Level 1:colcon.colcon_core.environment:create_file_with_runtime_dependencies(/home/nicoleibert/hyperdog_ws/install/hyperdog_teleop/share/colcon-core/packages/hyperdog_teleop)
[10.034s] Level 1:colcon.colcon_core.environment:create_environment_scripts_only(hyperdog_teleop)
[10.060s] Level 1:colcon.colcon_core.environment:checking '/home/nicoleibert/hyperdog_ws/install/hyperdog_teleop' for CMake module files
[10.061s] Level 1:colcon.colcon_core.environment:checking '/home/nicoleibert/hyperdog_ws/install/hyperdog_teleop' for CMake config files
[10.061s] Level 1:colcon.colcon_core.shell:create_environment_hook('hyperdog_teleop', 'cmake_prefix_path')
[10.089s] INFO:colcon.colcon_core.shell:Creating environment hook '/home/nicoleibert/hyperdog_ws/install/hyperdog_teleop/share/hyperdog_teleop/hook/cmake_prefix_path.ps1'
[10.090s] INFO:colcon.colcon_core.shell:Creating environment descriptor '/home/nicoleibert/hyperdog_ws/install/hyperdog_teleop/share/hyperdog_teleop/hook/cmake_prefix_path.dsv'
[10.090s] INFO:colcon.colcon_core.shell:Creating environment hook '/home/nicoleibert/hyperdog_ws/install/hyperdog_teleop/share/hyperdog_teleop/hook/cmake_prefix_path.sh'
[10.091s] Level 1:colcon.colcon_core.environment:checking '/home/nicoleibert/hyperdog_ws/install/hyperdog_teleop/lib'
[10.091s] Level 1:colcon.colcon_core.environment:checking '/home/nicoleibert/hyperdog_ws/install/hyperdog_teleop/bin'
[10.091s] Level 1:colcon.colcon_core.environment:checking '/home/nicoleibert/hyperdog_ws/install/hyperdog_teleop/lib/pkgconfig/hyperdog_teleop.pc'
[10.092s] Level 1:colcon.colcon_core.environment:checking '/home/nicoleibert/hyperdog_ws/install/hyperdog_teleop/lib/python3.10/site-packages'
[10.092s] Level 1:colcon.colcon_core.environment:checking '/home/nicoleibert/hyperdog_ws/install/hyperdog_teleop/bin'
[10.118s] INFO:colcon.colcon_core.shell:Creating package script '/home/nicoleibert/hyperdog_ws/install/hyperdog_teleop/share/hyperdog_teleop/package.ps1'
[10.119s] INFO:colcon.colcon_core.shell:Creating package descriptor '/home/nicoleibert/hyperdog_ws/install/hyperdog_teleop/share/hyperdog_teleop/package.dsv'
[10.119s] INFO:colcon.colcon_core.shell:Creating package script '/home/nicoleibert/hyperdog_ws/install/hyperdog_teleop/share/hyperdog_teleop/package.sh'
[10.120s] INFO:colcon.colcon_core.shell:Creating package script '/home/nicoleibert/hyperdog_ws/install/hyperdog_teleop/share/hyperdog_teleop/package.bash'
[10.120s] INFO:colcon.colcon_core.shell:Creating package script '/home/nicoleibert/hyperdog_ws/install/hyperdog_teleop/share/hyperdog_teleop/package.zsh'
[10.121s] Level 1:colcon.colcon_core.environment:create_file_with_runtime_dependencies(/home/nicoleibert/hyperdog_ws/install/hyperdog_teleop/share/colcon-core/packages/hyperdog_teleop)
[10.121s] DEBUG:colcon.colcon_parallel_executor.executor.parallel:closing loop
[10.121s] DEBUG:colcon.colcon_parallel_executor.executor.parallel:loop closed
[10.122s] DEBUG:colcon.colcon_parallel_executor.executor.parallel:run_until_complete finished with '0'
[10.122s] DEBUG:colcon.colcon_core.event_reactor:joining thread
[10.158s] INFO:colcon.colcon_core.plugin_system:Skipping extension 'colcon_notification.desktop_notification.terminal_notifier': Not used on non-Darwin systems
[10.158s] INFO:colcon.colcon_core.plugin_system:Skipping extension 'colcon_notification.desktop_notification.win32': Not used on non-Windows systems
[10.158s] INFO:colcon.colcon_notification.desktop_notification:Sending desktop notification using 'notify2'
[10.180s] DEBUG:colcon.colcon_core.event_reactor:joined thread
[10.208s] INFO:colcon.colcon_core.shell:Creating prefix script '/home/nicoleibert/hyperdog_ws/install/local_setup.ps1'
[10.209s] INFO:colcon.colcon_core.shell:Creating prefix util module '/home/nicoleibert/hyperdog_ws/install/_local_setup_util_ps1.py'
[10.210s] INFO:colcon.colcon_core.shell:Creating prefix chain script '/home/nicoleibert/hyperdog_ws/install/setup.ps1'
[10.225s] INFO:colcon.colcon_core.shell:Creating prefix script '/home/nicoleibert/hyperdog_ws/install/local_setup.sh'
[10.225s] INFO:colcon.colcon_core.shell:Creating prefix util module '/home/nicoleibert/hyperdog_ws/install/_local_setup_util_sh.py'
[10.225s] INFO:colcon.colcon_core.shell:Creating prefix chain script '/home/nicoleibert/hyperdog_ws/install/setup.sh'
[10.248s] INFO:colcon.colcon_core.shell:Creating prefix script '/home/nicoleibert/hyperdog_ws/install/local_setup.bash'
[10.248s] INFO:colcon.colcon_core.shell:Creating prefix chain script '/home/nicoleibert/hyperdog_ws/install/setup.bash'
[10.268s] INFO:colcon.colcon_core.shell:Creating prefix script '/home/nicoleibert/hyperdog_ws/install/local_setup.zsh'
[10.269s] INFO:colcon.colcon_core.shell:Creating prefix chain script '/home/nicoleibert/hyperdog_ws/install/setup.zsh'
