/home/nicoleibert/RRC-RnD-Catbot/install/hyperdog_ctrl/lib/python3.10/site-packages/IK/InverseKinematics.py
/home/nicoleibert/RRC-RnD-Catbot/install/hyperdog_ctrl/lib/python3.10/site-packages/IK/__init__.py
/home/nicoleibert/RRC-RnD-Catbot/install/hyperdog_ctrl/lib/python3.10/site-packages/IK/inverse_kinematic_node.py
/home/nicoleibert/RRC-RnD-Catbot/install/hyperdog_ctrl/lib/python3.10/site-packages/IK/controlVariables.py
/home/nicoleibert/RRC-RnD-Catbot/install/hyperdog_ctrl/lib/python3.10/site-packages/cmd_manager/main.py
/home/nicoleibert/RRC-RnD-Catbot/install/hyperdog_ctrl/lib/python3.10/site-packages/cmd_manager/__init__.py
/home/nicoleibert/RRC-RnD-Catbot/install/hyperdog_ctrl/lib/python3.10/site-packages/cmd_manager/cmd_manager_node.py
/home/nicoleibert/RRC-RnD-Catbot/install/hyperdog_ctrl/lib/python3.10/site-packages/cmd_manager/hyperdog_variables.py
/home/nicoleibert/RRC-RnD-Catbot/install/hyperdog_ctrl/lib/python3.10/site-packages/body_motion_planner/__init__.py
/home/nicoleibert/RRC-RnD-Catbot/install/hyperdog_ctrl/lib/python3.10/site-packages/body_motion_planner/body_motion_planner.py
/home/nicoleibert/RRC-RnD-Catbot/install/hyperdog_ctrl/lib/python3.10/site-packages/gait_generator/gait_planner.py
/home/nicoleibert/RRC-RnD-Catbot/install/hyperdog_ctrl/lib/python3.10/site-packages/gait_generator/__init__.py
/home/nicoleibert/RRC-RnD-Catbot/install/hyperdog_ctrl/lib/python3.10/site-packages/IK/__pycache__/InverseKinematics.cpython-310.pyc
/home/nicoleibert/RRC-RnD-Catbot/install/hyperdog_ctrl/lib/python3.10/site-packages/IK/__pycache__/__init__.cpython-310.pyc
/home/nicoleibert/RRC-RnD-Catbot/install/hyperdog_ctrl/lib/python3.10/site-packages/IK/__pycache__/inverse_kinematic_node.cpython-310.pyc
/home/nicoleibert/RRC-RnD-Catbot/install/hyperdog_ctrl/lib/python3.10/site-packages/IK/__pycache__/controlVariables.cpython-310.pyc
/home/nicoleibert/RRC-RnD-Catbot/install/hyperdog_ctrl/lib/python3.10/site-packages/cmd_manager/__pycache__/main.cpython-310.pyc
/home/nicoleibert/RRC-RnD-Catbot/install/hyperdog_ctrl/lib/python3.10/site-packages/cmd_manager/__pycache__/__init__.cpython-310.pyc
/home/nicoleibert/RRC-RnD-Catbot/install/hyperdog_ctrl/lib/python3.10/site-packages/cmd_manager/__pycache__/cmd_manager_node.cpython-310.pyc
/home/nicoleibert/RRC-RnD-Catbot/install/hyperdog_ctrl/lib/python3.10/site-packages/cmd_manager/__pycache__/hyperdog_variables.cpython-310.pyc
/home/nicoleibert/RRC-RnD-Catbot/install/hyperdog_ctrl/lib/python3.10/site-packages/body_motion_planner/__pycache__/__init__.cpython-310.pyc
/home/nicoleibert/RRC-RnD-Catbot/install/hyperdog_ctrl/lib/python3.10/site-packages/body_motion_planner/__pycache__/body_motion_planner.cpython-310.pyc
/home/nicoleibert/RRC-RnD-Catbot/install/hyperdog_ctrl/lib/python3.10/site-packages/gait_generator/__pycache__/gait_planner.cpython-310.pyc
/home/nicoleibert/RRC-RnD-Catbot/install/hyperdog_ctrl/lib/python3.10/site-packages/gait_generator/__pycache__/__init__.cpython-310.pyc
/home/nicoleibert/RRC-RnD-Catbot/install/hyperdog_ctrl/share/ament_index/resource_index/packages/hyperdog_ctrl
/home/nicoleibert/RRC-RnD-Catbot/install/hyperdog_ctrl/share/hyperdog_ctrl/package.xml
/home/nicoleibert/RRC-RnD-Catbot/install/hyperdog_ctrl/lib/python3.10/site-packages/hyperdog_ctrl-0.0.0-py3.10.egg-info/top_level.txt
/home/nicoleibert/RRC-RnD-Catbot/install/hyperdog_ctrl/lib/python3.10/site-packages/hyperdog_ctrl-0.0.0-py3.10.egg-info/SOURCES.txt
/home/nicoleibert/RRC-RnD-Catbot/install/hyperdog_ctrl/lib/python3.10/site-packages/hyperdog_ctrl-0.0.0-py3.10.egg-info/requires.txt
/home/nicoleibert/RRC-RnD-Catbot/install/hyperdog_ctrl/lib/python3.10/site-packages/hyperdog_ctrl-0.0.0-py3.10.egg-info/entry_points.txt
/home/nicoleibert/RRC-RnD-Catbot/install/hyperdog_ctrl/lib/python3.10/site-packages/hyperdog_ctrl-0.0.0-py3.10.egg-info/dependency_links.txt
/home/nicoleibert/RRC-RnD-Catbot/install/hyperdog_ctrl/lib/python3.10/site-packages/hyperdog_ctrl-0.0.0-py3.10.egg-info/PKG-INFO
/home/nicoleibert/RRC-RnD-Catbot/install/hyperdog_ctrl/lib/python3.10/site-packages/hyperdog_ctrl-0.0.0-py3.10.egg-info/zip-safe
/home/nicoleibert/RRC-RnD-Catbot/install/hyperdog_ctrl/lib/hyperdog_ctrl/IK_node
/home/nicoleibert/RRC-RnD-Catbot/install/hyperdog_ctrl/lib/hyperdog_ctrl/cmd_manager_node
