[0.246s] Invoking command in '/home/nicoleibert/RRC-RnD-Catbot/build/hyperdog_teleop': AMENT_PREFIX_PATH=/home/nicoleibert/hyperdog_ws/install/hyperdog_msgs:${AMENT_PREFIX_PATH} CMAKE_PREFIX_PATH=/home/nicoleibert/RRC-RnD-Catbot/install/hyperdog_msgs:/opt/ros/iron LD_LIBRARY_PATH=/home/nicoleibert/hyperdog_ws/install/hyperdog_msgs/lib:/home/nicoleibert/RRC-RnD-Catbot/install/hyperdog_msgs/lib:${LD_LIBRARY_PATH} PYTHONPATH=/home/nicoleibert/hyperdog_ws/install/hyperdog_msgs/lib/python3.10/site-packages:/home/nicoleibert/RRC-RnD-Catbot/install/hyperdog_msgs/lib/python3.10/site-packages:${PYTHONPATH} /usr/bin/cmake --build /home/nicoleibert/RRC-RnD-Catbot/build/hyperdog_teleop -- -j16 -l16
[0.263s] -- Found ament_cmake: 2.0.3 (/opt/ros/iron/share/ament_cmake/cmake)
[0.364s] -- Found rclcpp: 21.0.3 (/opt/ros/iron/share/rclcpp/cmake)
[0.386s] -- Found rosidl_generator_c: 4.0.1 (/opt/ros/iron/share/rosidl_generator_c/cmake)
[0.393s] -- Found rosidl_generator_cpp: 4.0.1 (/opt/ros/iron/share/rosidl_generator_cpp/cmake)
[0.403s] -- Using all available rosidl_typesupport_c: rosidl_typesupport_fastrtps_c;rosidl_typesupport_introspection_c
[0.415s] -- Using all available rosidl_typesupport_cpp: rosidl_typesupport_fastrtps_cpp;rosidl_typesupport_introspection_cpp
[0.558s] -- Found rmw_implementation_cmake: 7.1.0 (/opt/ros/iron/share/rmw_implementation_cmake/cmake)
[0.559s] -- Found rmw_fastrtps_cpp: 7.1.1 (/opt/ros/iron/share/rmw_fastrtps_cpp/cmake)
[0.673s] -- Using RMW implementation 'rmw_fastrtps_cpp' as default
[0.783s] -- Found sensor_msgs: 5.0.0 (/opt/ros/iron/share/sensor_msgs/cmake)
[0.916s] -- Found hyperdog_msgs: 0.0.0 (/home/nicoleibert/hyperdog_ws/install/hyperdog_msgs/share/hyperdog_msgs/cmake)
[0.956s] -- Found trajectory_msgs: 5.0.0 (/opt/ros/iron/share/trajectory_msgs/cmake)
[1.051s] -- Configuring done
[1.060s] -- Generating done
[1.061s] -- Build files have been written to: /home/nicoleibert/hyperdog_ws/build/hyperdog_teleop
[1.081s] [35m[1mConsolidate compiler generated dependencies of target hyperdog_teleop_joy_node[0m
[1.093s] [100%] Built target hyperdog_teleop_joy_node
[1.124s] Invoked command in '/home/nicoleibert/RRC-RnD-Catbot/build/hyperdog_teleop' returned '0': AMENT_PREFIX_PATH=/home/nicoleibert/hyperdog_ws/install/hyperdog_msgs:${AMENT_PREFIX_PATH} CMAKE_PREFIX_PATH=/home/nicoleibert/RRC-RnD-Catbot/install/hyperdog_msgs:/opt/ros/iron LD_LIBRARY_PATH=/home/nicoleibert/hyperdog_ws/install/hyperdog_msgs/lib:/home/nicoleibert/RRC-RnD-Catbot/install/hyperdog_msgs/lib:${LD_LIBRARY_PATH} PYTHONPATH=/home/nicoleibert/hyperdog_ws/install/hyperdog_msgs/lib/python3.10/site-packages:/home/nicoleibert/RRC-RnD-Catbot/install/hyperdog_msgs/lib/python3.10/site-packages:${PYTHONPATH} /usr/bin/cmake --build /home/nicoleibert/RRC-RnD-Catbot/build/hyperdog_teleop -- -j16 -l16
[1.140s] Invoking command in '/home/nicoleibert/RRC-RnD-Catbot/build/hyperdog_teleop': AMENT_PREFIX_PATH=/home/nicoleibert/hyperdog_ws/install/hyperdog_msgs:${AMENT_PREFIX_PATH} CMAKE_PREFIX_PATH=/home/nicoleibert/RRC-RnD-Catbot/install/hyperdog_msgs:/opt/ros/iron LD_LIBRARY_PATH=/home/nicoleibert/hyperdog_ws/install/hyperdog_msgs/lib:/home/nicoleibert/RRC-RnD-Catbot/install/hyperdog_msgs/lib:${LD_LIBRARY_PATH} PYTHONPATH=/home/nicoleibert/hyperdog_ws/install/hyperdog_msgs/lib/python3.10/site-packages:/home/nicoleibert/RRC-RnD-Catbot/install/hyperdog_msgs/lib/python3.10/site-packages:${PYTHONPATH} /usr/bin/cmake --install /home/nicoleibert/RRC-RnD-Catbot/build/hyperdog_teleop
[1.146s] -- Install configuration: ""
[1.147s] -- Up-to-date: /home/nicoleibert/hyperdog_ws/install/hyperdog_teleop/lib/hyperdog_teleop/hyperdog_teleop_joy_node
[1.147s] -- Up-to-date: /home/nicoleibert/hyperdog_ws/install/hyperdog_teleop/share/hyperdog_teleop/src
[1.147s] -- Up-to-date: /home/nicoleibert/hyperdog_ws/install/hyperdog_teleop/share/hyperdog_teleop/src/hyperdog_definitions.hpp
[1.148s] -- Up-to-date: /home/nicoleibert/hyperdog_ws/install/hyperdog_teleop/share/hyperdog_teleop/src/hyperdog_teleop_joy.cpp
[1.148s] -- Up-to-date: /home/nicoleibert/hyperdog_ws/install/hyperdog_teleop/share/hyperdog_teleop/launch
[1.148s] -- Up-to-date: /home/nicoleibert/hyperdog_ws/install/hyperdog_teleop/share/hyperdog_teleop/launch/hyperdog_teleop.launch.py
[1.148s] -- Up-to-date: /home/nicoleibert/hyperdog_ws/install/hyperdog_teleop/share/ament_index/resource_index/package_run_dependencies/hyperdog_teleop
[1.148s] -- Up-to-date: /home/nicoleibert/hyperdog_ws/install/hyperdog_teleop/share/ament_index/resource_index/parent_prefix_path/hyperdog_teleop
[1.148s] -- Up-to-date: /home/nicoleibert/hyperdog_ws/install/hyperdog_teleop/share/hyperdog_teleop/environment/ament_prefix_path.sh
[1.149s] -- Up-to-date: /home/nicoleibert/hyperdog_ws/install/hyperdog_teleop/share/hyperdog_teleop/environment/ament_prefix_path.dsv
[1.149s] -- Up-to-date: /home/nicoleibert/hyperdog_ws/install/hyperdog_teleop/share/hyperdog_teleop/environment/path.sh
[1.149s] -- Up-to-date: /home/nicoleibert/hyperdog_ws/install/hyperdog_teleop/share/hyperdog_teleop/environment/path.dsv
[1.150s] -- Up-to-date: /home/nicoleibert/hyperdog_ws/install/hyperdog_teleop/share/hyperdog_teleop/local_setup.bash
[1.150s] -- Up-to-date: /home/nicoleibert/hyperdog_ws/install/hyperdog_teleop/share/hyperdog_teleop/local_setup.sh
[1.150s] -- Up-to-date: /home/nicoleibert/hyperdog_ws/install/hyperdog_teleop/share/hyperdog_teleop/local_setup.zsh
[1.150s] -- Up-to-date: /home/nicoleibert/hyperdog_ws/install/hyperdog_teleop/share/hyperdog_teleop/local_setup.dsv
[1.151s] -- Up-to-date: /home/nicoleibert/hyperdog_ws/install/hyperdog_teleop/share/hyperdog_teleop/package.dsv
[1.151s] -- Up-to-date: /home/nicoleibert/hyperdog_ws/install/hyperdog_teleop/share/ament_index/resource_index/packages/hyperdog_teleop
[1.151s] -- Up-to-date: /home/nicoleibert/hyperdog_ws/install/hyperdog_teleop/share/hyperdog_teleop/cmake/hyperdog_teleopConfig.cmake
[1.152s] -- Up-to-date: /home/nicoleibert/hyperdog_ws/install/hyperdog_teleop/share/hyperdog_teleop/cmake/hyperdog_teleopConfig-version.cmake
[1.152s] -- Up-to-date: /home/nicoleibert/hyperdog_ws/install/hyperdog_teleop/share/hyperdog_teleop/package.xml
[1.192s] Invoked command in '/home/nicoleibert/RRC-RnD-Catbot/build/hyperdog_teleop' returned '0': AMENT_PREFIX_PATH=/home/nicoleibert/hyperdog_ws/install/hyperdog_msgs:${AMENT_PREFIX_PATH} CMAKE_PREFIX_PATH=/home/nicoleibert/RRC-RnD-Catbot/install/hyperdog_msgs:/opt/ros/iron LD_LIBRARY_PATH=/home/nicoleibert/hyperdog_ws/install/hyperdog_msgs/lib:/home/nicoleibert/RRC-RnD-Catbot/install/hyperdog_msgs/lib:${LD_LIBRARY_PATH} PYTHONPATH=/home/nicoleibert/hyperdog_ws/install/hyperdog_msgs/lib/python3.10/site-packages:/home/nicoleibert/RRC-RnD-Catbot/install/hyperdog_msgs/lib/python3.10/site-packages:${PYTHONPATH} /usr/bin/cmake --install /home/nicoleibert/RRC-RnD-Catbot/build/hyperdog_teleop
