[0.079s] Invoking command in '/home/nicoleibert/RRC-RnD-Catbot/build/hyperdog_msgs': CMAKE_PREFIX_PATH=/opt/ros/iron /usr/bin/cmake --build /home/nicoleibert/RRC-RnD-Catbot/build/hyperdog_msgs -- -j16 -l16
[0.085s] [0mCMake Error: The current CMakeCache.txt directory /home/nicoleibert/RRC-RnD-Catbot/build/hyperdog_msgs/CMakeCache.txt is different than the directory /home/nicoleibert/hyperdog_ws/build/hyperdog_msgs where CMakeCache.txt was created. This may result in binaries being created in the wrong place. If you are not sure, reedit the CMakeCache.txt[0m
[0.097s] -- Found ament_cmake: 2.0.3 (/opt/ros/iron/share/ament_cmake/cmake)
[0.191s] -- Found rclcpp: 21.0.3 (/opt/ros/iron/share/rclcpp/cmake)
[0.209s] -- Found rosidl_generator_c: 4.0.1 (/opt/ros/iron/share/rosidl_generator_c/cmake)
[0.215s] -- Found rosidl_generator_cpp: 4.0.1 (/opt/ros/iron/share/rosidl_generator_cpp/cmake)
[0.223s] -- Using all available rosidl_typesupport_c: rosidl_typesupport_fastrtps_c;rosidl_typesupport_introspection_c
[0.233s] -- Using all available rosidl_typesupport_cpp: rosidl_typesupport_fastrtps_cpp;rosidl_typesupport_introspection_cpp
[0.331s] -- Found rmw_implementation_cmake: 7.1.0 (/opt/ros/iron/share/rmw_implementation_cmake/cmake)
[0.331s] -- Found rmw_fastrtps_cpp: 7.1.1 (/opt/ros/iron/share/rmw_fastrtps_cpp/cmake)
[0.412s] -- Using RMW implementation 'rmw_fastrtps_cpp' as default
[0.516s] -- Found std_msgs: 5.0.0 (/opt/ros/iron/share/std_msgs/cmake)
[0.537s] -- Found rosidl_default_generators: 1.5.0 (/opt/ros/iron/share/rosidl_default_generators/cmake)
[0.540s] -- Found rosidl_adapter: 4.0.1 (/opt/ros/iron/share/rosidl_adapter/cmake)
[0.543s] -- Found geometry_msgs: 5.0.0 (/opt/ros/iron/share/geometry_msgs/cmake)
[0.794s] -- Found ament_cmake_ros: 0.11.2 (/opt/ros/iron/share/ament_cmake_ros/cmake)
[1.050s] -- Using all available rosidl_typesupport_c: rosidl_typesupport_fastrtps_c;rosidl_typesupport_introspection_c
[1.155s] -- Using all available rosidl_typesupport_cpp: rosidl_typesupport_fastrtps_cpp;rosidl_typesupport_introspection_cpp
[1.177s] -- Found python_cmake_module: 0.10.2 (/opt/ros/iron/share/python_cmake_module/cmake)
[1.193s] -- Using PYTHON_EXECUTABLE: /usr/bin/python3
[1.193s] -- Using PYTHON_INCLUDE_DIRS: /usr/include/python3.10
[1.194s] -- Using PYTHON_LIBRARIES: /usr/lib/x86_64-linux-gnu/libpython3.10.so
[1.222s] -- Configuring done
[1.246s] -- Generating done
[1.247s] -- Build files have been written to: /home/nicoleibert/hyperdog_ws/build/hyperdog_msgs
[1.273s] [  1%] Built target hyperdog_msgs__rosidl_generator_type_description
[1.282s] [  1%] Built target ament_cmake_python_copy_hyperdog_msgs
[1.300s] [35m[1mConsolidate compiler generated dependencies of target hyperdog_msgs__rosidl_generator_c[0m
[1.303s] [  3%] Built target hyperdog_msgs__cpp
[1.310s] [  5%] [32mBuilding C object CMakeFiles/hyperdog_msgs__rosidl_generator_c.dir/rosidl_generator_c/hyperdog_msgs/msg/detail/joy_ctrl_cmds__type_support.c.o[0m
[1.310s] [  7%] [32mBuilding C object CMakeFiles/hyperdog_msgs__rosidl_generator_c.dir/rosidl_generator_c/hyperdog_msgs/msg/detail/joy_ctrl_cmds__functions.c.o[0m
[1.310s] [  9%] [32mBuilding C object CMakeFiles/hyperdog_msgs__rosidl_generator_c.dir/rosidl_generator_c/hyperdog_msgs/msg/detail/limits__type_support.c.o[0m
[1.311s] [ 14%] [32mBuilding C object CMakeFiles/hyperdog_msgs__rosidl_generator_c.dir/rosidl_generator_c/hyperdog_msgs/msg/detail/limits__functions.c.o[0m
[1.311s] [ 14%] [32mBuilding C object CMakeFiles/hyperdog_msgs__rosidl_generator_c.dir/rosidl_generator_c/hyperdog_msgs/msg/detail/geometry__description.c.o[0m
[1.311s] [ 14%] [32mBuilding C object CMakeFiles/hyperdog_msgs__rosidl_generator_c.dir/rosidl_generator_c/hyperdog_msgs/msg/detail/limits__description.c.o[0m
[1.312s] [ 16%] [32mBuilding C object CMakeFiles/hyperdog_msgs__rosidl_generator_c.dir/rosidl_generator_c/hyperdog_msgs/msg/detail/joy_ctrl_cmds__description.c.o[0m
[1.313s] [ 20%] [32mBuilding C object CMakeFiles/hyperdog_msgs__rosidl_generator_c.dir/rosidl_generator_c/hyperdog_msgs/msg/detail/geometry__functions.c.o[0m
[1.313s] [ 20%] [32mBuilding C object CMakeFiles/hyperdog_msgs__rosidl_generator_c.dir/rosidl_generator_c/hyperdog_msgs/msg/detail/geometry__type_support.c.o[0m
[1.353s] [ 22%] [32m[1mLinking C shared library libhyperdog_msgs__rosidl_generator_c.so[0m
[1.381s] [ 24%] Built target hyperdog_msgs__rosidl_generator_c
[1.390s] [35m[1mConsolidate compiler generated dependencies of target hyperdog_msgs__rosidl_typesupport_fastrtps_c[0m
[1.390s] [35m[1mConsolidate compiler generated dependencies of target hyperdog_msgs__rosidl_typesupport_fastrtps_cpp[0m
[1.391s] [35m[1mConsolidate compiler generated dependencies of target hyperdog_msgs__rosidl_typesupport_c[0m
[1.394s] [35m[1mConsolidate compiler generated dependencies of target hyperdog_msgs__rosidl_typesupport_cpp[0m
[1.396s] [35m[1mConsolidate compiler generated dependencies of target hyperdog_msgs__rosidl_typesupport_introspection_c[0m
[1.398s] [35m[1mConsolidate compiler generated dependencies of target hyperdog_msgs__rosidl_typesupport_introspection_cpp[0m
[1.403s] [ 25%] [32mBuilding CXX object CMakeFiles/hyperdog_msgs__rosidl_typesupport_fastrtps_c.dir/rosidl_typesupport_fastrtps_c/hyperdog_msgs/msg/detail/joy_ctrl_cmds__type_support_c.cpp.o[0m
[1.404s] [ 27%] [32mBuilding CXX object CMakeFiles/hyperdog_msgs__rosidl_typesupport_fastrtps_c.dir/rosidl_typesupport_fastrtps_c/hyperdog_msgs/msg/detail/limits__type_support_c.cpp.o[0m
[1.404s] [ 29%] [32mBuilding CXX object CMakeFiles/hyperdog_msgs__rosidl_typesupport_c.dir/rosidl_typesupport_c/hyperdog_msgs/msg/joy_ctrl_cmds__type_support.cpp.o[0m
[1.405s] [ 31%] [32mBuilding CXX object CMakeFiles/hyperdog_msgs__rosidl_typesupport_fastrtps_c.dir/rosidl_typesupport_fastrtps_c/hyperdog_msgs/msg/detail/geometry__type_support_c.cpp.o[0m
[1.405s] [ 33%] [32mBuilding CXX object CMakeFiles/hyperdog_msgs__rosidl_typesupport_c.dir/rosidl_typesupport_c/hyperdog_msgs/msg/limits__type_support.cpp.o[0m
[1.405s] [ 35%] [32mBuilding CXX object CMakeFiles/hyperdog_msgs__rosidl_typesupport_c.dir/rosidl_typesupport_c/hyperdog_msgs/msg/geometry__type_support.cpp.o[0m
[1.407s] [ 37%] [32mBuilding CXX object CMakeFiles/hyperdog_msgs__rosidl_typesupport_fastrtps_cpp.dir/rosidl_typesupport_fastrtps_cpp/hyperdog_msgs/msg/detail/dds_fastrtps/joy_ctrl_cmds__type_support.cpp.o[0m
[1.407s] [ 38%] [32mBuilding CXX object CMakeFiles/hyperdog_msgs__rosidl_typesupport_fastrtps_cpp.dir/rosidl_typesupport_fastrtps_cpp/hyperdog_msgs/msg/detail/dds_fastrtps/limits__type_support.cpp.o[0m
[1.407s] [ 40%] [32mBuilding CXX object CMakeFiles/hyperdog_msgs__rosidl_typesupport_fastrtps_cpp.dir/rosidl_typesupport_fastrtps_cpp/hyperdog_msgs/msg/detail/dds_fastrtps/geometry__type_support.cpp.o[0m
[1.413s] [ 42%] [32mBuilding C object CMakeFiles/hyperdog_msgs__rosidl_typesupport_introspection_c.dir/rosidl_typesupport_introspection_c/hyperdog_msgs/msg/detail/joy_ctrl_cmds__type_support.c.o[0m
[1.414s] [ 44%] [32mBuilding C object CMakeFiles/hyperdog_msgs__rosidl_typesupport_introspection_c.dir/rosidl_typesupport_introspection_c/hyperdog_msgs/msg/detail/geometry__type_support.c.o[0m
[1.414s] [ 46%] [32mBuilding C object CMakeFiles/hyperdog_msgs__rosidl_typesupport_introspection_c.dir/rosidl_typesupport_introspection_c/hyperdog_msgs/msg/detail/limits__type_support.c.o[0m
[1.414s] [ 48%] [32mBuilding CXX object CMakeFiles/hyperdog_msgs__rosidl_typesupport_cpp.dir/rosidl_typesupport_cpp/hyperdog_msgs/msg/joy_ctrl_cmds__type_support.cpp.o[0m
[1.414s] [ 50%] [32mBuilding CXX object CMakeFiles/hyperdog_msgs__rosidl_typesupport_cpp.dir/rosidl_typesupport_cpp/hyperdog_msgs/msg/limits__type_support.cpp.o[0m
[1.416s] [ 51%] [32mBuilding CXX object CMakeFiles/hyperdog_msgs__rosidl_typesupport_introspection_cpp.dir/rosidl_typesupport_introspection_cpp/hyperdog_msgs/msg/detail/joy_ctrl_cmds__type_support.cpp.o[0m
[1.469s] [ 53%] [32mBuilding CXX object CMakeFiles/hyperdog_msgs__rosidl_typesupport_introspection_cpp.dir/rosidl_typesupport_introspection_cpp/hyperdog_msgs/msg/detail/limits__type_support.cpp.o[0m
[1.469s] [ 55%] [32mBuilding CXX object CMakeFiles/hyperdog_msgs__rosidl_typesupport_cpp.dir/rosidl_typesupport_cpp/hyperdog_msgs/msg/geometry__type_support.cpp.o[0m
[1.473s] [ 57%] [32mBuilding CXX object CMakeFiles/hyperdog_msgs__rosidl_typesupport_introspection_cpp.dir/rosidl_typesupport_introspection_cpp/hyperdog_msgs/msg/detail/geometry__type_support.cpp.o[0m
[1.483s] [ 59%] [32m[1mLinking C shared library libhyperdog_msgs__rosidl_typesupport_introspection_c.so[0m
[1.484s] [ 61%] [32m[1mLinking CXX shared library libhyperdog_msgs__rosidl_typesupport_c.so[0m
[1.549s] [ 62%] Built target hyperdog_msgs__rosidl_typesupport_c
[1.586s] [ 64%] Built target hyperdog_msgs__rosidl_typesupport_introspection_c
[1.629s] running egg_info
[1.630s] writing hyperdog_msgs.egg-info/PKG-INFO
[1.631s] writing dependency_links to hyperdog_msgs.egg-info/dependency_links.txt
[1.632s] writing top-level names to hyperdog_msgs.egg-info/top_level.txt
[1.637s] reading manifest file 'hyperdog_msgs.egg-info/SOURCES.txt'
[1.639s] writing manifest file 'hyperdog_msgs.egg-info/SOURCES.txt'
[1.685s] [ 64%] Built target ament_cmake_python_build_hyperdog_msgs_egg
[1.957s] [ 66%] [32m[1mLinking CXX shared library libhyperdog_msgs__rosidl_typesupport_fastrtps_c.so[0m
[2.009s] [ 68%] [32m[1mLinking CXX shared library libhyperdog_msgs__rosidl_typesupport_cpp.so[0m
[2.037s] [ 70%] [32m[1mLinking CXX shared library libhyperdog_msgs__rosidl_typesupport_introspection_cpp.so[0m
[2.044s] [ 72%] Built target hyperdog_msgs__rosidl_typesupport_cpp
[2.051s] [ 74%] Built target hyperdog_msgs__rosidl_typesupport_fastrtps_c
[2.102s] [ 75%] Built target hyperdog_msgs__rosidl_typesupport_introspection_cpp
[2.154s] [ 77%] [32m[1mLinking CXX shared library libhyperdog_msgs__rosidl_typesupport_fastrtps_cpp.so[0m
[2.208s] [ 79%] Built target hyperdog_msgs__rosidl_typesupport_fastrtps_cpp
[2.225s] [ 79%] Built target hyperdog_msgs
[2.245s] [ 81%] Built target hyperdog_msgs__py
[2.252s] [35m[1mConsolidate compiler generated dependencies of target hyperdog_msgs__rosidl_generator_py[0m
[2.264s] [ 83%] [32mBuilding C object CMakeFiles/hyperdog_msgs__rosidl_generator_py.dir/rosidl_generator_py/hyperdog_msgs/msg/_limits_s.c.o[0m
[2.264s] [ 87%] [32mBuilding C object CMakeFiles/hyperdog_msgs__rosidl_generator_py.dir/rosidl_generator_py/hyperdog_msgs/msg/_geometry_s.c.o[0m
[2.264s] [ 85%] [32mBuilding C object CMakeFiles/hyperdog_msgs__rosidl_generator_py.dir/rosidl_generator_py/hyperdog_msgs/msg/_joy_ctrl_cmds_s.c.o[0m
[2.348s] [ 88%] [32m[1mLinking C shared library rosidl_generator_py/hyperdog_msgs/libhyperdog_msgs__rosidl_generator_py.so[0m
[2.378s] [ 88%] Built target hyperdog_msgs__rosidl_generator_py
[2.386s] [35m[1mConsolidate compiler generated dependencies of target hyperdog_msgs__rosidl_typesupport_c__pyext[0m
[2.386s] [35m[1mConsolidate compiler generated dependencies of target hyperdog_msgs__rosidl_typesupport_introspection_c__pyext[0m
[2.386s] [35m[1mConsolidate compiler generated dependencies of target hyperdog_msgs__rosidl_typesupport_fastrtps_c__pyext[0m
[2.396s] [ 90%] [32mBuilding C object CMakeFiles/hyperdog_msgs__rosidl_typesupport_c__pyext.dir/rosidl_generator_py/hyperdog_msgs/_hyperdog_msgs_s.ep.rosidl_typesupport_c.c.o[0m
[2.396s] [ 92%] [32mBuilding C object CMakeFiles/hyperdog_msgs__rosidl_typesupport_fastrtps_c__pyext.dir/rosidl_generator_py/hyperdog_msgs/_hyperdog_msgs_s.ep.rosidl_typesupport_fastrtps_c.c.o[0m
[2.396s] [ 94%] [32mBuilding C object CMakeFiles/hyperdog_msgs__rosidl_typesupport_introspection_c__pyext.dir/rosidl_generator_py/hyperdog_msgs/_hyperdog_msgs_s.ep.rosidl_typesupport_introspection_c.c.o[0m
[2.474s] [ 98%] [32m[1mLinking C shared library rosidl_generator_py/hyperdog_msgs/hyperdog_msgs_s__rosidl_typesupport_fastrtps_c.cpython-310-x86_64-linux-gnu.so[0m
[2.474s] [ 98%] [32m[1mLinking C shared library rosidl_generator_py/hyperdog_msgs/hyperdog_msgs_s__rosidl_typesupport_c.cpython-310-x86_64-linux-gnu.so[0m
[2.476s] [100%] [32m[1mLinking C shared library rosidl_generator_py/hyperdog_msgs/hyperdog_msgs_s__rosidl_typesupport_introspection_c.cpython-310-x86_64-linux-gnu.so[0m
[2.507s] [100%] Built target hyperdog_msgs__rosidl_typesupport_introspection_c__pyext
[2.507s] [100%] Built target hyperdog_msgs__rosidl_typesupport_fastrtps_c__pyext
[2.507s] [100%] Built target hyperdog_msgs__rosidl_typesupport_c__pyext
[2.516s] Invoked command in '/home/nicoleibert/RRC-RnD-Catbot/build/hyperdog_msgs' returned '0': CMAKE_PREFIX_PATH=/opt/ros/iron /usr/bin/cmake --build /home/nicoleibert/RRC-RnD-Catbot/build/hyperdog_msgs -- -j16 -l16
[2.648s] Invoking command in '/home/nicoleibert/RRC-RnD-Catbot/build/hyperdog_msgs': CMAKE_PREFIX_PATH=/opt/ros/iron /usr/bin/cmake --install /home/nicoleibert/RRC-RnD-Catbot/build/hyperdog_msgs
[2.653s] -- Install configuration: ""
[2.653s] -- Up-to-date: /home/nicoleibert/hyperdog_ws/install/hyperdog_msgs/share/ament_index/resource_index/rosidl_interfaces/hyperdog_msgs
[2.653s] -- Up-to-date: /home/nicoleibert/hyperdog_ws/install/hyperdog_msgs/share/hyperdog_msgs/msg/JoyCtrlCmds.json
[2.654s] -- Up-to-date: /home/nicoleibert/hyperdog_ws/install/hyperdog_msgs/share/hyperdog_msgs/msg/Limits.json
[2.654s] -- Up-to-date: /home/nicoleibert/hyperdog_ws/install/hyperdog_msgs/share/hyperdog_msgs/msg/Geometry.json
[2.654s] -- Up-to-date: /home/nicoleibert/hyperdog_ws/install/hyperdog_msgs/include/hyperdog_msgs/hyperdog_msgs
[2.654s] -- Up-to-date: /home/nicoleibert/hyperdog_ws/install/hyperdog_msgs/include/hyperdog_msgs/hyperdog_msgs/msg
[2.654s] -- Up-to-date: /home/nicoleibert/hyperdog_ws/install/hyperdog_msgs/include/hyperdog_msgs/hyperdog_msgs/msg/joy_ctrl_cmds.h
[2.654s] -- Up-to-date: /home/nicoleibert/hyperdog_ws/install/hyperdog_msgs/include/hyperdog_msgs/hyperdog_msgs/msg/limits.h
[2.654s] -- Up-to-date: /home/nicoleibert/hyperdog_ws/install/hyperdog_msgs/include/hyperdog_msgs/hyperdog_msgs/msg/geometry.h
[2.654s] -- Up-to-date: /home/nicoleibert/hyperdog_ws/install/hyperdog_msgs/include/hyperdog_msgs/hyperdog_msgs/msg/rosidl_generator_c__visibility_control.h
[2.654s] -- Up-to-date: /home/nicoleibert/hyperdog_ws/install/hyperdog_msgs/include/hyperdog_msgs/hyperdog_msgs/msg/detail
[2.654s] -- Up-to-date: /home/nicoleibert/hyperdog_ws/install/hyperdog_msgs/include/hyperdog_msgs/hyperdog_msgs/msg/detail/joy_ctrl_cmds__type_support.h
[2.654s] -- Up-to-date: /home/nicoleibert/hyperdog_ws/install/hyperdog_msgs/include/hyperdog_msgs/hyperdog_msgs/msg/detail/geometry__type_support.c
[2.654s] -- Up-to-date: /home/nicoleibert/hyperdog_ws/install/hyperdog_msgs/include/hyperdog_msgs/hyperdog_msgs/msg/detail/limits__type_support.c
[2.654s] -- Up-to-date: /home/nicoleibert/hyperdog_ws/install/hyperdog_msgs/include/hyperdog_msgs/hyperdog_msgs/msg/detail/limits__type_support.h
[2.654s] -- Up-to-date: /home/nicoleibert/hyperdog_ws/install/hyperdog_msgs/include/hyperdog_msgs/hyperdog_msgs/msg/detail/joy_ctrl_cmds__functions.h
[2.654s] -- Up-to-date: /home/nicoleibert/hyperdog_ws/install/hyperdog_msgs/include/hyperdog_msgs/hyperdog_msgs/msg/detail/geometry__description.c
[2.654s] -- Up-to-date: /home/nicoleibert/hyperdog_ws/install/hyperdog_msgs/include/hyperdog_msgs/hyperdog_msgs/msg/detail/joy_ctrl_cmds__struct.h
[2.654s] -- Up-to-date: /home/nicoleibert/hyperdog_ws/install/hyperdog_msgs/include/hyperdog_msgs/hyperdog_msgs/msg/detail/limits__struct.h
[2.654s] -- Up-to-date: /home/nicoleibert/hyperdog_ws/install/hyperdog_msgs/include/hyperdog_msgs/hyperdog_msgs/msg/detail/geometry__functions.h
[2.655s] -- Up-to-date: /home/nicoleibert/hyperdog_ws/install/hyperdog_msgs/include/hyperdog_msgs/hyperdog_msgs/msg/detail/joy_ctrl_cmds__type_support.c
[2.655s] -- Up-to-date: /home/nicoleibert/hyperdog_ws/install/hyperdog_msgs/include/hyperdog_msgs/hyperdog_msgs/msg/detail/limits__functions.h
[2.655s] -- Up-to-date: /home/nicoleibert/hyperdog_ws/install/hyperdog_msgs/include/hyperdog_msgs/hyperdog_msgs/msg/detail/joy_ctrl_cmds__functions.c
[2.655s] -- Up-to-date: /home/nicoleibert/hyperdog_ws/install/hyperdog_msgs/include/hyperdog_msgs/hyperdog_msgs/msg/detail/geometry__functions.c
[2.655s] -- Up-to-date: /home/nicoleibert/hyperdog_ws/install/hyperdog_msgs/include/hyperdog_msgs/hyperdog_msgs/msg/detail/geometry__struct.h
[2.655s] -- Up-to-date: /home/nicoleibert/hyperdog_ws/install/hyperdog_msgs/include/hyperdog_msgs/hyperdog_msgs/msg/detail/limits__description.c
[2.655s] -- Up-to-date: /home/nicoleibert/hyperdog_ws/install/hyperdog_msgs/include/hyperdog_msgs/hyperdog_msgs/msg/detail/limits__functions.c
[2.655s] -- Up-to-date: /home/nicoleibert/hyperdog_ws/install/hyperdog_msgs/include/hyperdog_msgs/hyperdog_msgs/msg/detail/geometry__type_support.h
[2.655s] -- Up-to-date: /home/nicoleibert/hyperdog_ws/install/hyperdog_msgs/include/hyperdog_msgs/hyperdog_msgs/msg/detail/joy_ctrl_cmds__description.c
[2.655s] -- Up-to-date: /home/nicoleibert/hyperdog_ws/install/hyperdog_msgs/share/hyperdog_msgs/environment/library_path.sh
[2.655s] -- Up-to-date: /home/nicoleibert/hyperdog_ws/install/hyperdog_msgs/share/hyperdog_msgs/environment/library_path.dsv
[2.655s] -- Up-to-date: /home/nicoleibert/hyperdog_ws/install/hyperdog_msgs/lib/libhyperdog_msgs__rosidl_generator_c.so
[2.655s] -- Up-to-date: /home/nicoleibert/hyperdog_ws/install/hyperdog_msgs/include/hyperdog_msgs/hyperdog_msgs
[2.655s] -- Up-to-date: /home/nicoleibert/hyperdog_ws/install/hyperdog_msgs/include/hyperdog_msgs/hyperdog_msgs/msg
[2.655s] -- Up-to-date: /home/nicoleibert/hyperdog_ws/install/hyperdog_msgs/include/hyperdog_msgs/hyperdog_msgs/msg/rosidl_typesupport_fastrtps_c__visibility_control.h
[2.655s] -- Up-to-date: /home/nicoleibert/hyperdog_ws/install/hyperdog_msgs/include/hyperdog_msgs/hyperdog_msgs/msg/detail
[2.655s] -- Up-to-date: /home/nicoleibert/hyperdog_ws/install/hyperdog_msgs/include/hyperdog_msgs/hyperdog_msgs/msg/detail/limits__rosidl_typesupport_fastrtps_c.h
[2.655s] -- Up-to-date: /home/nicoleibert/hyperdog_ws/install/hyperdog_msgs/include/hyperdog_msgs/hyperdog_msgs/msg/detail/geometry__rosidl_typesupport_fastrtps_c.h
[2.655s] -- Up-to-date: /home/nicoleibert/hyperdog_ws/install/hyperdog_msgs/include/hyperdog_msgs/hyperdog_msgs/msg/detail/joy_ctrl_cmds__rosidl_typesupport_fastrtps_c.h
[2.655s] -- Up-to-date: /home/nicoleibert/hyperdog_ws/install/hyperdog_msgs/lib/libhyperdog_msgs__rosidl_typesupport_fastrtps_c.so
[2.655s] -- Up-to-date: /home/nicoleibert/hyperdog_ws/install/hyperdog_msgs/include/hyperdog_msgs/hyperdog_msgs
[2.655s] -- Up-to-date: /home/nicoleibert/hyperdog_ws/install/hyperdog_msgs/include/hyperdog_msgs/hyperdog_msgs/msg
[2.655s] -- Up-to-date: /home/nicoleibert/hyperdog_ws/install/hyperdog_msgs/include/hyperdog_msgs/hyperdog_msgs/msg/joy_ctrl_cmds.hpp
[2.656s] -- Up-to-date: /home/nicoleibert/hyperdog_ws/install/hyperdog_msgs/include/hyperdog_msgs/hyperdog_msgs/msg/limits.hpp
[2.656s] -- Up-to-date: /home/nicoleibert/hyperdog_ws/install/hyperdog_msgs/include/hyperdog_msgs/hyperdog_msgs/msg/geometry.hpp
[2.656s] -- Up-to-date: /home/nicoleibert/hyperdog_ws/install/hyperdog_msgs/include/hyperdog_msgs/hyperdog_msgs/msg/detail
[2.656s] -- Up-to-date: /home/nicoleibert/hyperdog_ws/install/hyperdog_msgs/include/hyperdog_msgs/hyperdog_msgs/msg/detail/geometry__struct.hpp
[2.656s] -- Up-to-date: /home/nicoleibert/hyperdog_ws/install/hyperdog_msgs/include/hyperdog_msgs/hyperdog_msgs/msg/detail/joy_ctrl_cmds__traits.hpp
[2.656s] -- Up-to-date: /home/nicoleibert/hyperdog_ws/install/hyperdog_msgs/include/hyperdog_msgs/hyperdog_msgs/msg/detail/geometry__builder.hpp
[2.656s] -- Up-to-date: /home/nicoleibert/hyperdog_ws/install/hyperdog_msgs/include/hyperdog_msgs/hyperdog_msgs/msg/detail/joy_ctrl_cmds__builder.hpp
[2.656s] -- Up-to-date: /home/nicoleibert/hyperdog_ws/install/hyperdog_msgs/include/hyperdog_msgs/hyperdog_msgs/msg/detail/limits__traits.hpp
[2.656s] -- Up-to-date: /home/nicoleibert/hyperdog_ws/install/hyperdog_msgs/include/hyperdog_msgs/hyperdog_msgs/msg/detail/limits__struct.hpp
[2.656s] -- Up-to-date: /home/nicoleibert/hyperdog_ws/install/hyperdog_msgs/include/hyperdog_msgs/hyperdog_msgs/msg/detail/geometry__traits.hpp
[2.656s] -- Up-to-date: /home/nicoleibert/hyperdog_ws/install/hyperdog_msgs/include/hyperdog_msgs/hyperdog_msgs/msg/detail/limits__builder.hpp
[2.656s] -- Up-to-date: /home/nicoleibert/hyperdog_ws/install/hyperdog_msgs/include/hyperdog_msgs/hyperdog_msgs/msg/detail/joy_ctrl_cmds__struct.hpp
[2.656s] -- Up-to-date: /home/nicoleibert/hyperdog_ws/install/hyperdog_msgs/include/hyperdog_msgs/hyperdog_msgs
[2.656s] -- Up-to-date: /home/nicoleibert/hyperdog_ws/install/hyperdog_msgs/include/hyperdog_msgs/hyperdog_msgs/msg
[2.656s] -- Up-to-date: /home/nicoleibert/hyperdog_ws/install/hyperdog_msgs/include/hyperdog_msgs/hyperdog_msgs/msg/rosidl_typesupport_fastrtps_cpp__visibility_control.h
[2.656s] -- Up-to-date: /home/nicoleibert/hyperdog_ws/install/hyperdog_msgs/include/hyperdog_msgs/hyperdog_msgs/msg/detail
[2.656s] -- Up-to-date: /home/nicoleibert/hyperdog_ws/install/hyperdog_msgs/include/hyperdog_msgs/hyperdog_msgs/msg/detail/joy_ctrl_cmds__rosidl_typesupport_fastrtps_cpp.hpp
[2.656s] -- Up-to-date: /home/nicoleibert/hyperdog_ws/install/hyperdog_msgs/include/hyperdog_msgs/hyperdog_msgs/msg/detail/dds_fastrtps
[2.656s] -- Up-to-date: /home/nicoleibert/hyperdog_ws/install/hyperdog_msgs/include/hyperdog_msgs/hyperdog_msgs/msg/detail/geometry__rosidl_typesupport_fastrtps_cpp.hpp
[2.656s] -- Up-to-date: /home/nicoleibert/hyperdog_ws/install/hyperdog_msgs/include/hyperdog_msgs/hyperdog_msgs/msg/detail/limits__rosidl_typesupport_fastrtps_cpp.hpp
[2.656s] -- Up-to-date: /home/nicoleibert/hyperdog_ws/install/hyperdog_msgs/lib/libhyperdog_msgs__rosidl_typesupport_fastrtps_cpp.so
[2.656s] -- Up-to-date: /home/nicoleibert/hyperdog_ws/install/hyperdog_msgs/include/hyperdog_msgs/hyperdog_msgs
[2.656s] -- Up-to-date: /home/nicoleibert/hyperdog_ws/install/hyperdog_msgs/include/hyperdog_msgs/hyperdog_msgs/msg
[2.656s] -- Up-to-date: /home/nicoleibert/hyperdog_ws/install/hyperdog_msgs/include/hyperdog_msgs/hyperdog_msgs/msg/rosidl_typesupport_introspection_c__visibility_control.h
[2.656s] -- Up-to-date: /home/nicoleibert/hyperdog_ws/install/hyperdog_msgs/include/hyperdog_msgs/hyperdog_msgs/msg/detail
[2.656s] -- Up-to-date: /home/nicoleibert/hyperdog_ws/install/hyperdog_msgs/include/hyperdog_msgs/hyperdog_msgs/msg/detail/limits__rosidl_typesupport_introspection_c.h
[2.657s] -- Up-to-date: /home/nicoleibert/hyperdog_ws/install/hyperdog_msgs/include/hyperdog_msgs/hyperdog_msgs/msg/detail/geometry__type_support.c
[2.657s] -- Up-to-date: /home/nicoleibert/hyperdog_ws/install/hyperdog_msgs/include/hyperdog_msgs/hyperdog_msgs/msg/detail/limits__type_support.c
[2.657s] -- Up-to-date: /home/nicoleibert/hyperdog_ws/install/hyperdog_msgs/include/hyperdog_msgs/hyperdog_msgs/msg/detail/joy_ctrl_cmds__rosidl_typesupport_introspection_c.h
[2.657s] -- Up-to-date: /home/nicoleibert/hyperdog_ws/install/hyperdog_msgs/include/hyperdog_msgs/hyperdog_msgs/msg/detail/geometry__rosidl_typesupport_introspection_c.h
[2.657s] -- Up-to-date: /home/nicoleibert/hyperdog_ws/install/hyperdog_msgs/include/hyperdog_msgs/hyperdog_msgs/msg/detail/joy_ctrl_cmds__type_support.c
[2.657s] -- Up-to-date: /home/nicoleibert/hyperdog_ws/install/hyperdog_msgs/lib/libhyperdog_msgs__rosidl_typesupport_introspection_c.so
[2.657s] -- Up-to-date: /home/nicoleibert/hyperdog_ws/install/hyperdog_msgs/lib/libhyperdog_msgs__rosidl_typesupport_c.so
[2.657s] -- Up-to-date: /home/nicoleibert/hyperdog_ws/install/hyperdog_msgs/include/hyperdog_msgs/hyperdog_msgs
[2.657s] -- Up-to-date: /home/nicoleibert/hyperdog_ws/install/hyperdog_msgs/include/hyperdog_msgs/hyperdog_msgs/msg
[2.657s] -- Up-to-date: /home/nicoleibert/hyperdog_ws/install/hyperdog_msgs/include/hyperdog_msgs/hyperdog_msgs/msg/detail
[2.657s] -- Up-to-date: /home/nicoleibert/hyperdog_ws/install/hyperdog_msgs/include/hyperdog_msgs/hyperdog_msgs/msg/detail/limits__type_support.cpp
[2.657s] -- Up-to-date: /home/nicoleibert/hyperdog_ws/install/hyperdog_msgs/include/hyperdog_msgs/hyperdog_msgs/msg/detail/limits__rosidl_typesupport_introspection_cpp.hpp
[2.657s] -- Up-to-date: /home/nicoleibert/hyperdog_ws/install/hyperdog_msgs/include/hyperdog_msgs/hyperdog_msgs/msg/detail/joy_ctrl_cmds__type_support.cpp
[2.657s] -- Up-to-date: /home/nicoleibert/hyperdog_ws/install/hyperdog_msgs/include/hyperdog_msgs/hyperdog_msgs/msg/detail/geometry__rosidl_typesupport_introspection_cpp.hpp
[2.657s] -- Up-to-date: /home/nicoleibert/hyperdog_ws/install/hyperdog_msgs/include/hyperdog_msgs/hyperdog_msgs/msg/detail/geometry__type_support.cpp
[2.657s] -- Up-to-date: /home/nicoleibert/hyperdog_ws/install/hyperdog_msgs/include/hyperdog_msgs/hyperdog_msgs/msg/detail/joy_ctrl_cmds__rosidl_typesupport_introspection_cpp.hpp
[2.657s] -- Up-to-date: /home/nicoleibert/hyperdog_ws/install/hyperdog_msgs/lib/libhyperdog_msgs__rosidl_typesupport_introspection_cpp.so
[2.657s] -- Up-to-date: /home/nicoleibert/hyperdog_ws/install/hyperdog_msgs/lib/libhyperdog_msgs__rosidl_typesupport_cpp.so
[2.657s] -- Up-to-date: /home/nicoleibert/hyperdog_ws/install/hyperdog_msgs/share/hyperdog_msgs/environment/pythonpath.sh
[2.657s] -- Up-to-date: /home/nicoleibert/hyperdog_ws/install/hyperdog_msgs/share/hyperdog_msgs/environment/pythonpath.dsv
[2.657s] -- Up-to-date: /home/nicoleibert/hyperdog_ws/install/hyperdog_msgs/lib/python3.10/site-packages/hyperdog_msgs-0.0.0-py3.10.egg-info
[2.657s] -- Installing: /home/nicoleibert/hyperdog_ws/install/hyperdog_msgs/lib/python3.10/site-packages/hyperdog_msgs-0.0.0-py3.10.egg-info/top_level.txt
[2.657s] -- Installing: /home/nicoleibert/hyperdog_ws/install/hyperdog_msgs/lib/python3.10/site-packages/hyperdog_msgs-0.0.0-py3.10.egg-info/SOURCES.txt
[2.657s] -- Installing: /home/nicoleibert/hyperdog_ws/install/hyperdog_msgs/lib/python3.10/site-packages/hyperdog_msgs-0.0.0-py3.10.egg-info/dependency_links.txt
[2.657s] -- Installing: /home/nicoleibert/hyperdog_ws/install/hyperdog_msgs/lib/python3.10/site-packages/hyperdog_msgs-0.0.0-py3.10.egg-info/PKG-INFO
[2.658s] -- Up-to-date: /home/nicoleibert/hyperdog_ws/install/hyperdog_msgs/lib/python3.10/site-packages/hyperdog_msgs
[2.658s] -- Up-to-date: /home/nicoleibert/hyperdog_ws/install/hyperdog_msgs/lib/python3.10/site-packages/hyperdog_msgs/hyperdog_msgs_s__rosidl_typesupport_fastrtps_c.cpython-310-x86_64-linux-gnu.so
[2.658s] -- Up-to-date: /home/nicoleibert/hyperdog_ws/install/hyperdog_msgs/lib/python3.10/site-packages/hyperdog_msgs/_hyperdog_msgs_s.ep.rosidl_typesupport_c.c
[2.658s] -- Up-to-date: /home/nicoleibert/hyperdog_ws/install/hyperdog_msgs/lib/python3.10/site-packages/hyperdog_msgs/_hyperdog_msgs_s.ep.rosidl_typesupport_introspection_c.c
[2.658s] -- Up-to-date: /home/nicoleibert/hyperdog_ws/install/hyperdog_msgs/lib/python3.10/site-packages/hyperdog_msgs/hyperdog_msgs_s__rosidl_typesupport_introspection_c.cpython-310-x86_64-linux-gnu.so
[2.658s] -- Up-to-date: /home/nicoleibert/hyperdog_ws/install/hyperdog_msgs/lib/python3.10/site-packages/hyperdog_msgs/hyperdog_msgs_s__rosidl_typesupport_c.cpython-310-x86_64-linux-gnu.so
[2.658s] -- Up-to-date: /home/nicoleibert/hyperdog_ws/install/hyperdog_msgs/lib/python3.10/site-packages/hyperdog_msgs/msg
[2.658s] -- Up-to-date: /home/nicoleibert/hyperdog_ws/install/hyperdog_msgs/lib/python3.10/site-packages/hyperdog_msgs/msg/_geometry.py
[2.658s] -- Up-to-date: /home/nicoleibert/hyperdog_ws/install/hyperdog_msgs/lib/python3.10/site-packages/hyperdog_msgs/msg/_geometry_s.c
[2.658s] -- Up-to-date: /home/nicoleibert/hyperdog_ws/install/hyperdog_msgs/lib/python3.10/site-packages/hyperdog_msgs/msg/_joy_ctrl_cmds.py
[2.658s] -- Up-to-date: /home/nicoleibert/hyperdog_ws/install/hyperdog_msgs/lib/python3.10/site-packages/hyperdog_msgs/msg/_joy_ctrl_cmds_s.c
[2.658s] -- Up-to-date: /home/nicoleibert/hyperdog_ws/install/hyperdog_msgs/lib/python3.10/site-packages/hyperdog_msgs/msg/__init__.py
[2.658s] -- Up-to-date: /home/nicoleibert/hyperdog_ws/install/hyperdog_msgs/lib/python3.10/site-packages/hyperdog_msgs/msg/_limits_s.c
[2.658s] -- Up-to-date: /home/nicoleibert/hyperdog_ws/install/hyperdog_msgs/lib/python3.10/site-packages/hyperdog_msgs/msg/_limits.py
[2.658s] -- Installing: /home/nicoleibert/hyperdog_ws/install/hyperdog_msgs/lib/python3.10/site-packages/hyperdog_msgs/__init__.py
[2.658s] -- Up-to-date: /home/nicoleibert/hyperdog_ws/install/hyperdog_msgs/lib/python3.10/site-packages/hyperdog_msgs/libhyperdog_msgs__rosidl_generator_py.so
[2.658s] -- Up-to-date: /home/nicoleibert/hyperdog_ws/install/hyperdog_msgs/lib/python3.10/site-packages/hyperdog_msgs/_hyperdog_msgs_s.ep.rosidl_typesupport_fastrtps_c.c
[2.677s] Listing '/home/nicoleibert/hyperdog_ws/install/hyperdog_msgs/lib/python3.10/site-packages/hyperdog_msgs'...
[2.677s] Compiling '/home/nicoleibert/hyperdog_ws/install/hyperdog_msgs/lib/python3.10/site-packages/hyperdog_msgs/__init__.py'...
[2.677s] Listing '/home/nicoleibert/hyperdog_ws/install/hyperdog_msgs/lib/python3.10/site-packages/hyperdog_msgs/msg'...
[2.680s] -- Up-to-date: /home/nicoleibert/hyperdog_ws/install/hyperdog_msgs/lib/python3.10/site-packages/hyperdog_msgs/hyperdog_msgs_s__rosidl_typesupport_fastrtps_c.cpython-310-x86_64-linux-gnu.so
[2.681s] -- Up-to-date: /home/nicoleibert/hyperdog_ws/install/hyperdog_msgs/lib/python3.10/site-packages/hyperdog_msgs/hyperdog_msgs_s__rosidl_typesupport_introspection_c.cpython-310-x86_64-linux-gnu.so
[2.681s] -- Up-to-date: /home/nicoleibert/hyperdog_ws/install/hyperdog_msgs/lib/python3.10/site-packages/hyperdog_msgs/hyperdog_msgs_s__rosidl_typesupport_c.cpython-310-x86_64-linux-gnu.so
[2.681s] -- Up-to-date: /home/nicoleibert/hyperdog_ws/install/hyperdog_msgs/lib/libhyperdog_msgs__rosidl_generator_py.so
[2.681s] -- Up-to-date: /home/nicoleibert/hyperdog_ws/install/hyperdog_msgs/share/hyperdog_msgs/msg/JoyCtrlCmds.idl
[2.681s] -- Up-to-date: /home/nicoleibert/hyperdog_ws/install/hyperdog_msgs/share/hyperdog_msgs/msg/Limits.idl
[2.681s] -- Up-to-date: /home/nicoleibert/hyperdog_ws/install/hyperdog_msgs/share/hyperdog_msgs/msg/Geometry.idl
[2.681s] -- Up-to-date: /home/nicoleibert/hyperdog_ws/install/hyperdog_msgs/share/hyperdog_msgs/msg/JoyCtrlCmds.msg
[2.681s] -- Up-to-date: /home/nicoleibert/hyperdog_ws/install/hyperdog_msgs/share/hyperdog_msgs/msg/Limits.msg
[2.681s] -- Up-to-date: /home/nicoleibert/hyperdog_ws/install/hyperdog_msgs/share/hyperdog_msgs/msg/Geometry.msg
[2.682s] -- Up-to-date: /home/nicoleibert/hyperdog_ws/install/hyperdog_msgs/share/ament_index/resource_index/package_run_dependencies/hyperdog_msgs
[2.682s] -- Up-to-date: /home/nicoleibert/hyperdog_ws/install/hyperdog_msgs/share/ament_index/resource_index/parent_prefix_path/hyperdog_msgs
[2.682s] -- Up-to-date: /home/nicoleibert/hyperdog_ws/install/hyperdog_msgs/share/hyperdog_msgs/environment/ament_prefix_path.sh
[2.682s] -- Up-to-date: /home/nicoleibert/hyperdog_ws/install/hyperdog_msgs/share/hyperdog_msgs/environment/ament_prefix_path.dsv
[2.682s] -- Up-to-date: /home/nicoleibert/hyperdog_ws/install/hyperdog_msgs/share/hyperdog_msgs/environment/path.sh
[2.682s] -- Up-to-date: /home/nicoleibert/hyperdog_ws/install/hyperdog_msgs/share/hyperdog_msgs/environment/path.dsv
[2.682s] -- Up-to-date: /home/nicoleibert/hyperdog_ws/install/hyperdog_msgs/share/hyperdog_msgs/local_setup.bash
[2.682s] -- Up-to-date: /home/nicoleibert/hyperdog_ws/install/hyperdog_msgs/share/hyperdog_msgs/local_setup.sh
[2.682s] -- Up-to-date: /home/nicoleibert/hyperdog_ws/install/hyperdog_msgs/share/hyperdog_msgs/local_setup.zsh
[2.682s] -- Up-to-date: /home/nicoleibert/hyperdog_ws/install/hyperdog_msgs/share/hyperdog_msgs/local_setup.dsv
[2.682s] -- Installing: /home/nicoleibert/hyperdog_ws/install/hyperdog_msgs/share/hyperdog_msgs/package.dsv
[2.682s] -- Up-to-date: /home/nicoleibert/hyperdog_ws/install/hyperdog_msgs/share/ament_index/resource_index/packages/hyperdog_msgs
[2.682s] -- Up-to-date: /home/nicoleibert/hyperdog_ws/install/hyperdog_msgs/share/hyperdog_msgs/cmake/export_hyperdog_msgs__rosidl_generator_cExport.cmake
[2.682s] -- Up-to-date: /home/nicoleibert/hyperdog_ws/install/hyperdog_msgs/share/hyperdog_msgs/cmake/export_hyperdog_msgs__rosidl_generator_cExport-noconfig.cmake
[2.682s] -- Up-to-date: /home/nicoleibert/hyperdog_ws/install/hyperdog_msgs/share/hyperdog_msgs/cmake/export_hyperdog_msgs__rosidl_typesupport_fastrtps_cExport.cmake
[2.682s] -- Up-to-date: /home/nicoleibert/hyperdog_ws/install/hyperdog_msgs/share/hyperdog_msgs/cmake/export_hyperdog_msgs__rosidl_typesupport_fastrtps_cExport-noconfig.cmake
[2.682s] -- Up-to-date: /home/nicoleibert/hyperdog_ws/install/hyperdog_msgs/share/hyperdog_msgs/cmake/export_hyperdog_msgs__rosidl_generator_cppExport.cmake
[2.682s] -- Up-to-date: /home/nicoleibert/hyperdog_ws/install/hyperdog_msgs/share/hyperdog_msgs/cmake/export_hyperdog_msgs__rosidl_typesupport_fastrtps_cppExport.cmake
[2.682s] -- Up-to-date: /home/nicoleibert/hyperdog_ws/install/hyperdog_msgs/share/hyperdog_msgs/cmake/export_hyperdog_msgs__rosidl_typesupport_fastrtps_cppExport-noconfig.cmake
[2.682s] -- Up-to-date: /home/nicoleibert/hyperdog_ws/install/hyperdog_msgs/share/hyperdog_msgs/cmake/hyperdog_msgs__rosidl_typesupport_introspection_cExport.cmake
[2.682s] -- Up-to-date: /home/nicoleibert/hyperdog_ws/install/hyperdog_msgs/share/hyperdog_msgs/cmake/hyperdog_msgs__rosidl_typesupport_introspection_cExport-noconfig.cmake
[2.682s] -- Up-to-date: /home/nicoleibert/hyperdog_ws/install/hyperdog_msgs/share/hyperdog_msgs/cmake/hyperdog_msgs__rosidl_typesupport_cExport.cmake
[2.683s] -- Up-to-date: /home/nicoleibert/hyperdog_ws/install/hyperdog_msgs/share/hyperdog_msgs/cmake/hyperdog_msgs__rosidl_typesupport_cExport-noconfig.cmake
[2.683s] -- Up-to-date: /home/nicoleibert/hyperdog_ws/install/hyperdog_msgs/share/hyperdog_msgs/cmake/hyperdog_msgs__rosidl_typesupport_introspection_cppExport.cmake
[2.683s] -- Up-to-date: /home/nicoleibert/hyperdog_ws/install/hyperdog_msgs/share/hyperdog_msgs/cmake/hyperdog_msgs__rosidl_typesupport_introspection_cppExport-noconfig.cmake
[2.683s] -- Up-to-date: /home/nicoleibert/hyperdog_ws/install/hyperdog_msgs/share/hyperdog_msgs/cmake/hyperdog_msgs__rosidl_typesupport_cppExport.cmake
[2.683s] -- Up-to-date: /home/nicoleibert/hyperdog_ws/install/hyperdog_msgs/share/hyperdog_msgs/cmake/hyperdog_msgs__rosidl_typesupport_cppExport-noconfig.cmake
[2.683s] -- Up-to-date: /home/nicoleibert/hyperdog_ws/install/hyperdog_msgs/share/hyperdog_msgs/cmake/export_hyperdog_msgs__rosidl_generator_pyExport.cmake
[2.683s] -- Up-to-date: /home/nicoleibert/hyperdog_ws/install/hyperdog_msgs/share/hyperdog_msgs/cmake/export_hyperdog_msgs__rosidl_generator_pyExport-noconfig.cmake
[2.683s] -- Up-to-date: /home/nicoleibert/hyperdog_ws/install/hyperdog_msgs/share/hyperdog_msgs/cmake/rosidl_cmake-extras.cmake
[2.683s] -- Up-to-date: /home/nicoleibert/hyperdog_ws/install/hyperdog_msgs/share/hyperdog_msgs/cmake/ament_cmake_export_dependencies-extras.cmake
[2.683s] -- Up-to-date: /home/nicoleibert/hyperdog_ws/install/hyperdog_msgs/share/hyperdog_msgs/cmake/ament_cmake_export_include_directories-extras.cmake
[2.683s] -- Up-to-date: /home/nicoleibert/hyperdog_ws/install/hyperdog_msgs/share/hyperdog_msgs/cmake/ament_cmake_export_libraries-extras.cmake
[2.683s] -- Up-to-date: /home/nicoleibert/hyperdog_ws/install/hyperdog_msgs/share/hyperdog_msgs/cmake/ament_cmake_export_targets-extras.cmake
[2.683s] -- Up-to-date: /home/nicoleibert/hyperdog_ws/install/hyperdog_msgs/share/hyperdog_msgs/cmake/rosidl_cmake_export_typesupport_targets-extras.cmake
[2.683s] -- Up-to-date: /home/nicoleibert/hyperdog_ws/install/hyperdog_msgs/share/hyperdog_msgs/cmake/rosidl_cmake_export_typesupport_libraries-extras.cmake
[2.683s] -- Up-to-date: /home/nicoleibert/hyperdog_ws/install/hyperdog_msgs/share/hyperdog_msgs/cmake/hyperdog_msgsConfig.cmake
[2.683s] -- Up-to-date: /home/nicoleibert/hyperdog_ws/install/hyperdog_msgs/share/hyperdog_msgs/cmake/hyperdog_msgsConfig-version.cmake
[2.683s] -- Up-to-date: /home/nicoleibert/hyperdog_ws/install/hyperdog_msgs/share/hyperdog_msgs/package.xml
[2.684s] Invoked command in '/home/nicoleibert/RRC-RnD-Catbot/build/hyperdog_msgs' returned '0': CMAKE_PREFIX_PATH=/opt/ros/iron /usr/bin/cmake --install /home/nicoleibert/RRC-RnD-Catbot/build/hyperdog_msgs
