[100%] Built target hyperdog_gazebo_joint_ctrl_node
[100%] Built target fake_odom
-- Install configuration: ""
-- Up-to-date: /home/nicoleibert/hyperdog_ws/install/hyperdog_gazebo_sim/lib/hyperdog_gazebo_sim/hyperdog_gazebo_joint_ctrl_node
-- Up-to-date: /home/nicoleibert/hyperdog_ws/install/hyperdog_gazebo_sim/lib/hyperdog_gazebo_sim/fake_odom
-- Up-to-date: /home/nicoleibert/hyperdog_ws/install/hyperdog_gazebo_sim/share/hyperdog_gazebo_sim/config
-- Up-to-date: /home/nicoleibert/hyperdog_ws/install/hyperdog_gazebo_sim/share/hyperdog_gazebo_sim/config/hyperdog_joint_controller.yaml
-- Up-to-date: /home/nicoleibert/hyperdog_ws/install/hyperdog_gazebo_sim/share/hyperdog_gazebo_sim/description
-- Up-to-date: /home/nicoleibert/hyperdog_ws/install/hyperdog_gazebo_sim/share/hyperdog_gazebo_sim/description/physics.xacro
-- Up-to-date: /home/nicoleibert/hyperdog_ws/install/hyperdog_gazebo_sim/share/hyperdog_gazebo_sim/description/consts.xacro
-- Up-to-date: /home/nicoleibert/hyperdog_ws/install/hyperdog_gazebo_sim/share/hyperdog_gazebo_sim/description/hyperdog.urdf.xacro
-- Up-to-date: /home/nicoleibert/hyperdog_ws/install/hyperdog_gazebo_sim/share/hyperdog_gazebo_sim/description/hyperdog_urdf_links.xacro
-- Up-to-date: /home/nicoleibert/hyperdog_ws/install/hyperdog_gazebo_sim/share/hyperdog_gazebo_sim/description/hyperdog_gazebo.xacro
-- Up-to-date: /home/nicoleibert/hyperdog_ws/install/hyperdog_gazebo_sim/share/hyperdog_gazebo_sim/description/gazebo_ros2_control_plugin.xacro
-- Up-to-date: /home/nicoleibert/hyperdog_ws/install/hyperdog_gazebo_sim/share/hyperdog_gazebo_sim/description/hyperdog_urdf_joints.xacro
-- Up-to-date: /home/nicoleibert/hyperdog_ws/install/hyperdog_gazebo_sim/share/hyperdog_gazebo_sim/launch
-- Up-to-date: /home/nicoleibert/hyperdog_ws/install/hyperdog_gazebo_sim/share/hyperdog_gazebo_sim/launch/hyperdog_gazebo_sim.launch.py
-- Up-to-date: /home/nicoleibert/hyperdog_ws/install/hyperdog_gazebo_sim/share/hyperdog_gazebo_sim/launch/hyperdog_gazebo_sim_allPkgs.launch.py
-- Up-to-date: /home/nicoleibert/hyperdog_ws/install/hyperdog_gazebo_sim/share/hyperdog_gazebo_sim/meshes
-- Up-to-date: /home/nicoleibert/hyperdog_ws/install/hyperdog_gazebo_sim/share/hyperdog_gazebo_sim/meshes/LLEG.stl
-- Up-to-date: /home/nicoleibert/hyperdog_ws/install/hyperdog_gazebo_sim/share/hyperdog_gazebo_sim/meshes/RIGHT_ULEG.stl
-- Up-to-date: /home/nicoleibert/hyperdog_ws/install/hyperdog_gazebo_sim/share/hyperdog_gazebo_sim/meshes/body.stl
-- Up-to-date: /home/nicoleibert/hyperdog_ws/install/hyperdog_gazebo_sim/share/hyperdog_gazebo_sim/meshes/LEFT_ULEG.stl
-- Up-to-date: /home/nicoleibert/hyperdog_ws/install/hyperdog_gazebo_sim/share/hyperdog_gazebo_sim/meshes/LEFT_HIP.stl
-- Up-to-date: /home/nicoleibert/hyperdog_ws/install/hyperdog_gazebo_sim/share/hyperdog_gazebo_sim/meshes/RIGHT_HIP.stl
-- Up-to-date: /home/nicoleibert/hyperdog_ws/install/hyperdog_gazebo_sim/share/hyperdog_gazebo_sim/meshes/mm_scaled
-- Up-to-date: /home/nicoleibert/hyperdog_ws/install/hyperdog_gazebo_sim/share/hyperdog_gazebo_sim/meshes/mm_scaled/LLEG.dae
-- Up-to-date: /home/nicoleibert/hyperdog_ws/install/hyperdog_gazebo_sim/share/hyperdog_gazebo_sim/meshes/mm_scaled/LLEG.stl
-- Up-to-date: /home/nicoleibert/hyperdog_ws/install/hyperdog_gazebo_sim/share/hyperdog_gazebo_sim/worlds
-- Up-to-date: /home/nicoleibert/hyperdog_ws/install/hyperdog_gazebo_sim/share/hyperdog_gazebo_sim/worlds/dolly_city.world
-- Up-to-date: /home/nicoleibert/hyperdog_ws/install/hyperdog_gazebo_sim/share/hyperdog_gazebo_sim/worlds/test_world.world
-- Up-to-date: /home/nicoleibert/hyperdog_ws/install/hyperdog_gazebo_sim/share/hyperdog_gazebo_sim/worlds/contact.world
-- Up-to-date: /home/nicoleibert/hyperdog_ws/install/hyperdog_gazebo_sim/share/hyperdog_gazebo_sim/src
-- Up-to-date: /home/nicoleibert/hyperdog_ws/install/hyperdog_gazebo_sim/share/hyperdog_gazebo_sim/src/hyperdog_gazebo_joint_controller.cpp
-- Up-to-date: /home/nicoleibert/hyperdog_ws/install/hyperdog_gazebo_sim/share/hyperdog_gazebo_sim/src/fake_odom.cpp
-- Up-to-date: /home/nicoleibert/hyperdog_ws/install/hyperdog_gazebo_sim/share/ament_index/resource_index/package_run_dependencies/hyperdog_gazebo_sim
-- Up-to-date: /home/nicoleibert/hyperdog_ws/install/hyperdog_gazebo_sim/share/ament_index/resource_index/parent_prefix_path/hyperdog_gazebo_sim
-- Up-to-date: /home/nicoleibert/hyperdog_ws/install/hyperdog_gazebo_sim/share/hyperdog_gazebo_sim/environment/ament_prefix_path.sh
-- Up-to-date: /home/nicoleibert/hyperdog_ws/install/hyperdog_gazebo_sim/share/hyperdog_gazebo_sim/environment/ament_prefix_path.dsv
-- Up-to-date: /home/nicoleibert/hyperdog_ws/install/hyperdog_gazebo_sim/share/hyperdog_gazebo_sim/environment/path.sh
-- Up-to-date: /home/nicoleibert/hyperdog_ws/install/hyperdog_gazebo_sim/share/hyperdog_gazebo_sim/environment/path.dsv
-- Up-to-date: /home/nicoleibert/hyperdog_ws/install/hyperdog_gazebo_sim/share/hyperdog_gazebo_sim/local_setup.bash
-- Up-to-date: /home/nicoleibert/hyperdog_ws/install/hyperdog_gazebo_sim/share/hyperdog_gazebo_sim/local_setup.sh
-- Up-to-date: /home/nicoleibert/hyperdog_ws/install/hyperdog_gazebo_sim/share/hyperdog_gazebo_sim/local_setup.zsh
-- Up-to-date: /home/nicoleibert/hyperdog_ws/install/hyperdog_gazebo_sim/share/hyperdog_gazebo_sim/local_setup.dsv
-- Installing: /home/nicoleibert/hyperdog_ws/install/hyperdog_gazebo_sim/share/hyperdog_gazebo_sim/package.dsv
-- Up-to-date: /home/nicoleibert/hyperdog_ws/install/hyperdog_gazebo_sim/share/ament_index/resource_index/packages/hyperdog_gazebo_sim
-- Up-to-date: /home/nicoleibert/hyperdog_ws/install/hyperdog_gazebo_sim/share/hyperdog_gazebo_sim/cmake/hyperdog_gazebo_simConfig.cmake
-- Up-to-date: /home/nicoleibert/hyperdog_ws/install/hyperdog_gazebo_sim/share/hyperdog_gazebo_sim/cmake/hyperdog_gazebo_simConfig-version.cmake
-- Up-to-date: /home/nicoleibert/hyperdog_ws/install/hyperdog_gazebo_sim/share/hyperdog_gazebo_sim/package.xml
