[0.466s] Invoking command in '/home/nicoleibert/hyperdog_ws/build/hyperdog_gazebo_sim': AMENT_PREFIX_PATH=/home/nicoleibert/hyperdog_ws/install/hyperdog_msgs:${AMENT_PREFIX_PATH} CMAKE_PREFIX_PATH=/home/nicoleibert/hyperdog_ws/install/hyperdog_msgs:/opt/ros/iron LD_LIBRARY_PATH=/home/nicoleibert/hyperdog_ws/install/hyperdog_msgs/lib:${LD_LIBRARY_PATH} PYTHONPATH=/home/nicoleibert/hyperdog_ws/install/hyperdog_msgs/lib/python3.10/site-packages:${PYTHONPATH} /usr/bin/cmake --build /home/nicoleibert/hyperdog_ws/build/hyperdog_gazebo_sim -- -j16 -l16
[0.521s] [100%] Built target hyperdog_gazebo_joint_ctrl_node
[0.522s] [100%] Built target fake_odom
[0.533s] Invoked command in '/home/nicoleibert/hyperdog_ws/build/hyperdog_gazebo_sim' returned '0': AMENT_PREFIX_PATH=/home/nicoleibert/hyperdog_ws/install/hyperdog_msgs:${AMENT_PREFIX_PATH} CMAKE_PREFIX_PATH=/home/nicoleibert/hyperdog_ws/install/hyperdog_msgs:/opt/ros/iron LD_LIBRARY_PATH=/home/nicoleibert/hyperdog_ws/install/hyperdog_msgs/lib:${LD_LIBRARY_PATH} PYTHONPATH=/home/nicoleibert/hyperdog_ws/install/hyperdog_msgs/lib/python3.10/site-packages:${PYTHONPATH} /usr/bin/cmake --build /home/nicoleibert/hyperdog_ws/build/hyperdog_gazebo_sim -- -j16 -l16
[0.563s] Invoking command in '/home/nicoleibert/hyperdog_ws/build/hyperdog_gazebo_sim': AMENT_PREFIX_PATH=/home/nicoleibert/hyperdog_ws/install/hyperdog_msgs:${AMENT_PREFIX_PATH} CMAKE_PREFIX_PATH=/home/nicoleibert/hyperdog_ws/install/hyperdog_msgs:/opt/ros/iron LD_LIBRARY_PATH=/home/nicoleibert/hyperdog_ws/install/hyperdog_msgs/lib:${LD_LIBRARY_PATH} PYTHONPATH=/home/nicoleibert/hyperdog_ws/install/hyperdog_msgs/lib/python3.10/site-packages:${PYTHONPATH} /usr/bin/cmake --install /home/nicoleibert/hyperdog_ws/build/hyperdog_gazebo_sim
[0.570s] -- Install configuration: ""
[0.570s] -- Up-to-date: /home/nicoleibert/hyperdog_ws/install/hyperdog_gazebo_sim/lib/hyperdog_gazebo_sim/hyperdog_gazebo_joint_ctrl_node
[0.571s] -- Up-to-date: /home/nicoleibert/hyperdog_ws/install/hyperdog_gazebo_sim/lib/hyperdog_gazebo_sim/fake_odom
[0.571s] -- Up-to-date: /home/nicoleibert/hyperdog_ws/install/hyperdog_gazebo_sim/share/hyperdog_gazebo_sim/config
[0.571s] -- Up-to-date: /home/nicoleibert/hyperdog_ws/install/hyperdog_gazebo_sim/share/hyperdog_gazebo_sim/config/hyperdog_joint_controller.yaml
[0.571s] -- Up-to-date: /home/nicoleibert/hyperdog_ws/install/hyperdog_gazebo_sim/share/hyperdog_gazebo_sim/description
[0.571s] -- Up-to-date: /home/nicoleibert/hyperdog_ws/install/hyperdog_gazebo_sim/share/hyperdog_gazebo_sim/description/physics.xacro
[0.572s] -- Up-to-date: /home/nicoleibert/hyperdog_ws/install/hyperdog_gazebo_sim/share/hyperdog_gazebo_sim/description/consts.xacro
[0.572s] -- Up-to-date: /home/nicoleibert/hyperdog_ws/install/hyperdog_gazebo_sim/share/hyperdog_gazebo_sim/description/hyperdog.urdf.xacro
[0.572s] -- Up-to-date: /home/nicoleibert/hyperdog_ws/install/hyperdog_gazebo_sim/share/hyperdog_gazebo_sim/description/hyperdog_urdf_links.xacro
[0.572s] -- Up-to-date: /home/nicoleibert/hyperdog_ws/install/hyperdog_gazebo_sim/share/hyperdog_gazebo_sim/description/hyperdog_gazebo.xacro
[0.572s] -- Up-to-date: /home/nicoleibert/hyperdog_ws/install/hyperdog_gazebo_sim/share/hyperdog_gazebo_sim/description/gazebo_ros2_control_plugin.xacro
[0.572s] -- Up-to-date: /home/nicoleibert/hyperdog_ws/install/hyperdog_gazebo_sim/share/hyperdog_gazebo_sim/description/hyperdog_urdf_joints.xacro
[0.572s] -- Up-to-date: /home/nicoleibert/hyperdog_ws/install/hyperdog_gazebo_sim/share/hyperdog_gazebo_sim/launch
[0.572s] -- Up-to-date: /home/nicoleibert/hyperdog_ws/install/hyperdog_gazebo_sim/share/hyperdog_gazebo_sim/launch/hyperdog_gazebo_sim.launch.py
[0.573s] -- Up-to-date: /home/nicoleibert/hyperdog_ws/install/hyperdog_gazebo_sim/share/hyperdog_gazebo_sim/launch/hyperdog_gazebo_sim_allPkgs.launch.py
[0.573s] -- Up-to-date: /home/nicoleibert/hyperdog_ws/install/hyperdog_gazebo_sim/share/hyperdog_gazebo_sim/meshes
[0.573s] -- Up-to-date: /home/nicoleibert/hyperdog_ws/install/hyperdog_gazebo_sim/share/hyperdog_gazebo_sim/meshes/LLEG.stl
[0.573s] -- Up-to-date: /home/nicoleibert/hyperdog_ws/install/hyperdog_gazebo_sim/share/hyperdog_gazebo_sim/meshes/RIGHT_ULEG.stl
[0.573s] -- Up-to-date: /home/nicoleibert/hyperdog_ws/install/hyperdog_gazebo_sim/share/hyperdog_gazebo_sim/meshes/body.stl
[0.573s] -- Up-to-date: /home/nicoleibert/hyperdog_ws/install/hyperdog_gazebo_sim/share/hyperdog_gazebo_sim/meshes/LEFT_ULEG.stl
[0.574s] -- Up-to-date: /home/nicoleibert/hyperdog_ws/install/hyperdog_gazebo_sim/share/hyperdog_gazebo_sim/meshes/LEFT_HIP.stl
[0.575s] -- Up-to-date: /home/nicoleibert/hyperdog_ws/install/hyperdog_gazebo_sim/share/hyperdog_gazebo_sim/meshes/RIGHT_HIP.stl
[0.575s] -- Up-to-date: /home/nicoleibert/hyperdog_ws/install/hyperdog_gazebo_sim/share/hyperdog_gazebo_sim/meshes/mm_scaled
[0.575s] -- Up-to-date: /home/nicoleibert/hyperdog_ws/install/hyperdog_gazebo_sim/share/hyperdog_gazebo_sim/meshes/mm_scaled/LLEG.dae
[0.576s] -- Up-to-date: /home/nicoleibert/hyperdog_ws/install/hyperdog_gazebo_sim/share/hyperdog_gazebo_sim/meshes/mm_scaled/LLEG.stl
[0.576s] -- Up-to-date: /home/nicoleibert/hyperdog_ws/install/hyperdog_gazebo_sim/share/hyperdog_gazebo_sim/worlds
[0.577s] -- Up-to-date: /home/nicoleibert/hyperdog_ws/install/hyperdog_gazebo_sim/share/hyperdog_gazebo_sim/worlds/dolly_city.world
[0.577s] -- Up-to-date: /home/nicoleibert/hyperdog_ws/install/hyperdog_gazebo_sim/share/hyperdog_gazebo_sim/worlds/test_world.world
[0.577s] -- Up-to-date: /home/nicoleibert/hyperdog_ws/install/hyperdog_gazebo_sim/share/hyperdog_gazebo_sim/worlds/contact.world
[0.577s] -- Up-to-date: /home/nicoleibert/hyperdog_ws/install/hyperdog_gazebo_sim/share/hyperdog_gazebo_sim/src
[0.578s] -- Up-to-date: /home/nicoleibert/hyperdog_ws/install/hyperdog_gazebo_sim/share/hyperdog_gazebo_sim/src/hyperdog_gazebo_joint_controller.cpp
[0.579s] -- Up-to-date: /home/nicoleibert/hyperdog_ws/install/hyperdog_gazebo_sim/share/hyperdog_gazebo_sim/src/fake_odom.cpp
[0.579s] -- Up-to-date: /home/nicoleibert/hyperdog_ws/install/hyperdog_gazebo_sim/share/ament_index/resource_index/package_run_dependencies/hyperdog_gazebo_sim
[0.580s] -- Up-to-date: /home/nicoleibert/hyperdog_ws/install/hyperdog_gazebo_sim/share/ament_index/resource_index/parent_prefix_path/hyperdog_gazebo_sim
[0.581s] -- Up-to-date: /home/nicoleibert/hyperdog_ws/install/hyperdog_gazebo_sim/share/hyperdog_gazebo_sim/environment/ament_prefix_path.sh
[0.581s] -- Up-to-date: /home/nicoleibert/hyperdog_ws/install/hyperdog_gazebo_sim/share/hyperdog_gazebo_sim/environment/ament_prefix_path.dsv
[0.582s] -- Up-to-date: /home/nicoleibert/hyperdog_ws/install/hyperdog_gazebo_sim/share/hyperdog_gazebo_sim/environment/path.sh
[0.582s] -- Up-to-date: /home/nicoleibert/hyperdog_ws/install/hyperdog_gazebo_sim/share/hyperdog_gazebo_sim/environment/path.dsv
[0.582s] -- Up-to-date: /home/nicoleibert/hyperdog_ws/install/hyperdog_gazebo_sim/share/hyperdog_gazebo_sim/local_setup.bash
[0.583s] -- Up-to-date: /home/nicoleibert/hyperdog_ws/install/hyperdog_gazebo_sim/share/hyperdog_gazebo_sim/local_setup.sh
[0.583s] -- Up-to-date: /home/nicoleibert/hyperdog_ws/install/hyperdog_gazebo_sim/share/hyperdog_gazebo_sim/local_setup.zsh
[0.584s] -- Up-to-date: /home/nicoleibert/hyperdog_ws/install/hyperdog_gazebo_sim/share/hyperdog_gazebo_sim/local_setup.dsv
[0.584s] -- Installing: /home/nicoleibert/hyperdog_ws/install/hyperdog_gazebo_sim/share/hyperdog_gazebo_sim/package.dsv
[0.585s] -- Up-to-date: /home/nicoleibert/hyperdog_ws/install/hyperdog_gazebo_sim/share/ament_index/resource_index/packages/hyperdog_gazebo_sim
[0.585s] -- Up-to-date: /home/nicoleibert/hyperdog_ws/install/hyperdog_gazebo_sim/share/hyperdog_gazebo_sim/cmake/hyperdog_gazebo_simConfig.cmake
[0.586s] -- Up-to-date: /home/nicoleibert/hyperdog_ws/install/hyperdog_gazebo_sim/share/hyperdog_gazebo_sim/cmake/hyperdog_gazebo_simConfig-version.cmake
[0.586s] -- Up-to-date: /home/nicoleibert/hyperdog_ws/install/hyperdog_gazebo_sim/share/hyperdog_gazebo_sim/package.xml
[0.587s] Invoked command in '/home/nicoleibert/hyperdog_ws/build/hyperdog_gazebo_sim' returned '0': AMENT_PREFIX_PATH=/home/nicoleibert/hyperdog_ws/install/hyperdog_msgs:${AMENT_PREFIX_PATH} CMAKE_PREFIX_PATH=/home/nicoleibert/hyperdog_ws/install/hyperdog_msgs:/opt/ros/iron LD_LIBRARY_PATH=/home/nicoleibert/hyperdog_ws/install/hyperdog_msgs/lib:${LD_LIBRARY_PATH} PYTHONPATH=/home/nicoleibert/hyperdog_ws/install/hyperdog_msgs/lib/python3.10/site-packages:${PYTHONPATH} /usr/bin/cmake --install /home/nicoleibert/hyperdog_ws/build/hyperdog_gazebo_sim
