[2.175s] DEBUG:colcon:Command line arguments: ['/usr/bin/colcon', 'list', '-p', '--base-paths', '/home/winsonl8/catbot2023']
[2.176s] DEBUG:colcon:Parsed command line arguments: Namespace(log_base=None, log_level=None, verb_name='list', build_base='build', ignore_user_meta=False, metas=['./colcon.meta'], base_paths=['/home/winsonl8/catbot2023'], packages_ignore=None, packages_ignore_regex=None, paths=None, packages_up_to=None, packages_up_to_regex=None, packages_above=None, packages_above_and_dependencies=None, packages_above_depth=None, packages_select_by_dep=None, packages_skip_by_dep=None, packages_skip_up_to=None, packages_select_build_failed=False, packages_skip_build_finished=False, packages_select_test_failures=False, packages_skip_test_passed=False, packages_select=None, packages_skip=None, packages_select_regex=None, packages_skip_regex=None, packages_start=None, packages_end=None, allow_overriding=[], topological_order=False, names_only=False, paths_only=True, topological_graph=False, topological_graph_dot=False, topological_graph_density=False, topological_graph_legend=False, topological_graph_dot_cluster=False, topological_graph_dot_include_skipped=False, verb_parser=<colcon_defaults.argument_parser.defaults.DefaultArgumentsDecorator object at 0x7f6a593d2740>, verb_extension=<colcon_package_information.verb.list.ListVerb object at 0x7f6a593b85e0>, main=<bound method ListVerb.main of <colcon_package_information.verb.list.ListVerb object at 0x7f6a593b85e0>>)
[2.373s] Level 1:colcon.colcon_core.package_discovery:discover_packages(colcon_meta) check parameters
[2.374s] Level 1:colcon.colcon_core.package_discovery:discover_packages(recursive) check parameters
[2.374s] Level 1:colcon.colcon_core.package_discovery:discover_packages(ignore) check parameters
[2.374s] Level 1:colcon.colcon_core.package_discovery:discover_packages(path) check parameters
[2.374s] Level 1:colcon.colcon_core.package_discovery:discover_packages(recursive) discover
[2.374s] INFO:colcon.colcon_core.package_discovery:Crawling recursively for packages in '/home/winsonl8/catbot2023'
[2.375s] Level 1:colcon.colcon_core.package_identification:_identify(/home/winsonl8/catbot2023) by extensions ['ignore', 'ignore_ament_install']
[2.375s] Level 1:colcon.colcon_core.package_identification:_identify(/home/winsonl8/catbot2023) by extension 'ignore'
[2.375s] Level 1:colcon.colcon_core.package_identification:_identify(/home/winsonl8/catbot2023) by extension 'ignore_ament_install'
[2.375s] Level 1:colcon.colcon_core.package_identification:_identify(/home/winsonl8/catbot2023) by extensions ['colcon_pkg']
[2.375s] Level 1:colcon.colcon_core.package_identification:_identify(/home/winsonl8/catbot2023) by extension 'colcon_pkg'
[2.375s] Level 1:colcon.colcon_core.package_identification:_identify(/home/winsonl8/catbot2023) by extensions ['colcon_meta']
[2.376s] Level 1:colcon.colcon_core.package_identification:_identify(/home/winsonl8/catbot2023) by extension 'colcon_meta'
[2.376s] Level 1:colcon.colcon_core.package_identification:_identify(/home/winsonl8/catbot2023) by extensions ['ros']
[2.376s] Level 1:colcon.colcon_core.package_identification:_identify(/home/winsonl8/catbot2023) by extension 'ros'
[2.414s] Level 1:colcon.colcon_core.package_identification:_identify(/home/winsonl8/catbot2023) by extensions ['cmake', 'python']
[2.414s] Level 1:colcon.colcon_core.package_identification:_identify(/home/winsonl8/catbot2023) by extension 'cmake'
[2.415s] Level 1:colcon.colcon_core.package_identification:_identify(/home/winsonl8/catbot2023) by extension 'python'
[2.415s] Level 1:colcon.colcon_core.package_identification:_identify(/home/winsonl8/catbot2023) by extensions ['python_setup_py']
[2.415s] Level 1:colcon.colcon_core.package_identification:_identify(/home/winsonl8/catbot2023) by extension 'python_setup_py'
[2.416s] Level 1:colcon.colcon_core.package_identification:_identify(/home/winsonl8/catbot2023/build) by extensions ['ignore', 'ignore_ament_install']
[2.416s] Level 1:colcon.colcon_core.package_identification:_identify(/home/winsonl8/catbot2023/build) by extension 'ignore'
[2.416s] Level 1:colcon.colcon_core.package_identification:_identify(/home/winsonl8/catbot2023/build) ignored
[2.417s] Level 1:colcon.colcon_core.package_identification:_identify(/home/winsonl8/catbot2023/install) by extensions ['ignore', 'ignore_ament_install']
[2.417s] Level 1:colcon.colcon_core.package_identification:_identify(/home/winsonl8/catbot2023/install) by extension 'ignore'
[2.417s] Level 1:colcon.colcon_core.package_identification:_identify(/home/winsonl8/catbot2023/install) ignored
[2.418s] Level 1:colcon.colcon_core.package_identification:_identify(/home/winsonl8/catbot2023/log) by extensions ['ignore', 'ignore_ament_install']
[2.418s] Level 1:colcon.colcon_core.package_identification:_identify(/home/winsonl8/catbot2023/log) by extension 'ignore'
[2.418s] Level 1:colcon.colcon_core.package_identification:_identify(/home/winsonl8/catbot2023/log) ignored
[2.418s] Level 1:colcon.colcon_core.package_identification:_identify(/home/winsonl8/catbot2023/src) by extensions ['ignore', 'ignore_ament_install']
[2.419s] Level 1:colcon.colcon_core.package_identification:_identify(/home/winsonl8/catbot2023/src) by extension 'ignore'
[2.419s] Level 1:colcon.colcon_core.package_identification:_identify(/home/winsonl8/catbot2023/src) by extension 'ignore_ament_install'
[2.419s] Level 1:colcon.colcon_core.package_identification:_identify(/home/winsonl8/catbot2023/src) by extensions ['colcon_pkg']
[2.419s] Level 1:colcon.colcon_core.package_identification:_identify(/home/winsonl8/catbot2023/src) by extension 'colcon_pkg'
[2.419s] Level 1:colcon.colcon_core.package_identification:_identify(/home/winsonl8/catbot2023/src) by extensions ['colcon_meta']
[2.419s] Level 1:colcon.colcon_core.package_identification:_identify(/home/winsonl8/catbot2023/src) by extension 'colcon_meta'
[2.420s] Level 1:colcon.colcon_core.package_identification:_identify(/home/winsonl8/catbot2023/src) by extensions ['ros']
[2.420s] Level 1:colcon.colcon_core.package_identification:_identify(/home/winsonl8/catbot2023/src) by extension 'ros'
[2.420s] Level 1:colcon.colcon_core.package_identification:_identify(/home/winsonl8/catbot2023/src) by extensions ['cmake', 'python']
[2.421s] Level 1:colcon.colcon_core.package_identification:_identify(/home/winsonl8/catbot2023/src) by extension 'cmake'
[2.421s] Level 1:colcon.colcon_core.package_identification:_identify(/home/winsonl8/catbot2023/src) by extension 'python'
[2.421s] Level 1:colcon.colcon_core.package_identification:_identify(/home/winsonl8/catbot2023/src) by extensions ['python_setup_py']
[2.421s] Level 1:colcon.colcon_core.package_identification:_identify(/home/winsonl8/catbot2023/src) by extension 'python_setup_py'
[2.421s] Level 1:colcon.colcon_core.package_identification:_identify(/home/winsonl8/catbot2023/src/motors) by extensions ['ignore', 'ignore_ament_install']
[2.422s] Level 1:colcon.colcon_core.package_identification:_identify(/home/winsonl8/catbot2023/src/motors) by extension 'ignore'
[2.422s] Level 1:colcon.colcon_core.package_identification:_identify(/home/winsonl8/catbot2023/src/motors) by extension 'ignore_ament_install'
[2.422s] Level 1:colcon.colcon_core.package_identification:_identify(/home/winsonl8/catbot2023/src/motors) by extensions ['colcon_pkg']
[2.422s] Level 1:colcon.colcon_core.package_identification:_identify(/home/winsonl8/catbot2023/src/motors) by extension 'colcon_pkg'
[2.422s] Level 1:colcon.colcon_core.package_identification:_identify(/home/winsonl8/catbot2023/src/motors) by extensions ['colcon_meta']
[2.422s] Level 1:colcon.colcon_core.package_identification:_identify(/home/winsonl8/catbot2023/src/motors) by extension 'colcon_meta'
[2.422s] Level 1:colcon.colcon_core.package_identification:_identify(/home/winsonl8/catbot2023/src/motors) by extensions ['ros']
[2.423s] Level 1:colcon.colcon_core.package_identification:_identify(/home/winsonl8/catbot2023/src/motors) by extension 'ros'
[2.423s] Level 1:colcon.colcon_core.package_identification:_identify(/home/winsonl8/catbot2023/src/motors) by extensions ['cmake', 'python']
[2.423s] Level 1:colcon.colcon_core.package_identification:_identify(/home/winsonl8/catbot2023/src/motors) by extension 'cmake'
[2.423s] Level 1:colcon.colcon_core.package_identification:_identify(/home/winsonl8/catbot2023/src/motors) by extension 'python'
[2.423s] Level 1:colcon.colcon_core.package_identification:_identify(/home/winsonl8/catbot2023/src/motors) by extensions ['python_setup_py']
[2.423s] Level 1:colcon.colcon_core.package_identification:_identify(/home/winsonl8/catbot2023/src/motors) by extension 'python_setup_py'
[2.423s] Level 1:colcon.colcon_core.package_identification:_identify(/home/winsonl8/catbot2023/src/motors/motor_package) by extensions ['ignore', 'ignore_ament_install']
[2.424s] Level 1:colcon.colcon_core.package_identification:_identify(/home/winsonl8/catbot2023/src/motors/motor_package) by extension 'ignore'
[2.424s] Level 1:colcon.colcon_core.package_identification:_identify(/home/winsonl8/catbot2023/src/motors/motor_package) by extension 'ignore_ament_install'
[2.424s] Level 1:colcon.colcon_core.package_identification:_identify(/home/winsonl8/catbot2023/src/motors/motor_package) by extensions ['colcon_pkg']
[2.424s] Level 1:colcon.colcon_core.package_identification:_identify(/home/winsonl8/catbot2023/src/motors/motor_package) by extension 'colcon_pkg'
[2.424s] Level 1:colcon.colcon_core.package_identification:_identify(/home/winsonl8/catbot2023/src/motors/motor_package) by extensions ['colcon_meta']
[2.424s] Level 1:colcon.colcon_core.package_identification:_identify(/home/winsonl8/catbot2023/src/motors/motor_package) by extension 'colcon_meta'
[2.424s] Level 1:colcon.colcon_core.package_identification:_identify(/home/winsonl8/catbot2023/src/motors/motor_package) by extensions ['ros']
[2.424s] Level 1:colcon.colcon_core.package_identification:_identify(/home/winsonl8/catbot2023/src/motors/motor_package) by extension 'ros'
[2.430s] DEBUG:colcon.colcon_core.package_identification:Package '/home/winsonl8/catbot2023/src/motors/motor_package' with type 'ros.ament_python' and name 'motor_package'
[2.431s] Level 1:colcon.colcon_core.package_discovery:discover_packages(recursive) using defaults
