[0.869s] DEBUG:colcon:Command line arguments: ['/usr/bin/colcon', 'build']
[0.869s] DEBUG:colcon:Parsed command line arguments: Namespace(log_base=None, log_level=None, verb_name='build', build_base='build', install_base='install', merge_install=False, symlink_install=False, test_result_base=None, continue_on_error=False, executor='parallel', parallel_workers=16, event_handlers=None, ignore_user_meta=False, metas=['./colcon.meta'], base_paths=['.'], packages_ignore=None, packages_ignore_regex=None, paths=None, packages_up_to=None, packages_up_to_regex=None, packages_above=None, packages_above_and_dependencies=None, packages_above_depth=None, packages_select_by_dep=None, packages_skip_by_dep=None, packages_skip_up_to=None, packages_select_build_failed=False, packages_skip_build_finished=False, packages_select_test_failures=False, packages_skip_test_passed=False, packages_select=None, packages_skip=None, packages_select_regex=None, packages_skip_regex=None, packages_start=None, packages_end=None, allow_overriding=[], cmake_args=None, cmake_target=None, cmake_target_skip_unavailable=False, cmake_clean_cache=False, cmake_clean_first=False, cmake_force_configure=False, ament_cmake_args=None, catkin_cmake_args=None, catkin_skip_building_tests=False, verb_parser=<colcon_defaults.argument_parser.defaults.DefaultArgumentsDecorator object at 0x7fb212892a70>, verb_extension=<colcon_core.verb.build.BuildVerb object at 0x7fb21284b580>, main=<bound method BuildVerb.main of <colcon_core.verb.build.BuildVerb object at 0x7fb21284b580>>)
[0.901s] Level 1:colcon.colcon_core.package_discovery:discover_packages(colcon_meta) check parameters
[0.901s] Level 1:colcon.colcon_core.package_discovery:discover_packages(recursive) check parameters
[0.901s] Level 1:colcon.colcon_core.package_discovery:discover_packages(ignore) check parameters
[0.901s] Level 1:colcon.colcon_core.package_discovery:discover_packages(path) check parameters
[0.901s] Level 1:colcon.colcon_core.package_discovery:discover_packages(colcon_meta) discover
[0.901s] Level 1:colcon.colcon_core.package_discovery:discover_packages(recursive) discover
[0.901s] INFO:colcon.colcon_core.package_discovery:Crawling recursively for packages in '/home/nicoleibert/hyperdog_ws'
[0.901s] Level 1:colcon.colcon_core.package_identification:_identify(.) by extensions ['ignore', 'ignore_ament_install']
[0.901s] Level 1:colcon.colcon_core.package_identification:_identify(.) by extension 'ignore'
[0.901s] Level 1:colcon.colcon_core.package_identification:_identify(.) by extension 'ignore_ament_install'
[0.901s] Level 1:colcon.colcon_core.package_identification:_identify(.) by extensions ['colcon_pkg']
[0.901s] Level 1:colcon.colcon_core.package_identification:_identify(.) by extension 'colcon_pkg'
[0.901s] Level 1:colcon.colcon_core.package_identification:_identify(.) by extensions ['colcon_meta']
[0.901s] Level 1:colcon.colcon_core.package_identification:_identify(.) by extension 'colcon_meta'
[0.901s] Level 1:colcon.colcon_core.package_identification:_identify(.) by extensions ['ros']
[0.901s] Level 1:colcon.colcon_core.package_identification:_identify(.) by extension 'ros'
[0.909s] Level 1:colcon.colcon_core.package_identification:_identify(.) by extensions ['cmake', 'python']
[0.909s] Level 1:colcon.colcon_core.package_identification:_identify(.) by extension 'cmake'
[0.909s] Level 1:colcon.colcon_core.package_identification:_identify(.) by extension 'python'
[0.909s] Level 1:colcon.colcon_core.package_identification:_identify(.) by extensions ['python_setup_py']
[0.909s] Level 1:colcon.colcon_core.package_identification:_identify(.) by extension 'python_setup_py'
[0.909s] Level 1:colcon.colcon_core.package_identification:_identify(build) by extensions ['ignore', 'ignore_ament_install']
[0.909s] Level 1:colcon.colcon_core.package_identification:_identify(build) by extension 'ignore'
[0.909s] Level 1:colcon.colcon_core.package_identification:_identify(build) ignored
[0.909s] Level 1:colcon.colcon_core.package_identification:_identify(install) by extensions ['ignore', 'ignore_ament_install']
[0.909s] Level 1:colcon.colcon_core.package_identification:_identify(install) by extension 'ignore'
[0.909s] Level 1:colcon.colcon_core.package_identification:_identify(install) ignored
[0.909s] Level 1:colcon.colcon_core.package_identification:_identify(log) by extensions ['ignore', 'ignore_ament_install']
[0.909s] Level 1:colcon.colcon_core.package_identification:_identify(log) by extension 'ignore'
[0.909s] Level 1:colcon.colcon_core.package_identification:_identify(log) ignored
[0.910s] Level 1:colcon.colcon_core.package_identification:_identify(src) by extensions ['ignore', 'ignore_ament_install']
[0.910s] Level 1:colcon.colcon_core.package_identification:_identify(src) by extension 'ignore'
[0.910s] Level 1:colcon.colcon_core.package_identification:_identify(src) by extension 'ignore_ament_install'
[0.910s] Level 1:colcon.colcon_core.package_identification:_identify(src) by extensions ['colcon_pkg']
[0.910s] Level 1:colcon.colcon_core.package_identification:_identify(src) by extension 'colcon_pkg'
[0.910s] Level 1:colcon.colcon_core.package_identification:_identify(src) by extensions ['colcon_meta']
[0.910s] Level 1:colcon.colcon_core.package_identification:_identify(src) by extension 'colcon_meta'
[0.910s] Level 1:colcon.colcon_core.package_identification:_identify(src) by extensions ['ros']
[0.910s] Level 1:colcon.colcon_core.package_identification:_identify(src) by extension 'ros'
[0.910s] Level 1:colcon.colcon_core.package_identification:_identify(src) by extensions ['cmake', 'python']
[0.910s] Level 1:colcon.colcon_core.package_identification:_identify(src) by extension 'cmake'
[0.910s] Level 1:colcon.colcon_core.package_identification:_identify(src) by extension 'python'
[0.910s] Level 1:colcon.colcon_core.package_identification:_identify(src) by extensions ['python_setup_py']
[0.910s] Level 1:colcon.colcon_core.package_identification:_identify(src) by extension 'python_setup_py'
[0.910s] Level 1:colcon.colcon_core.package_identification:_identify(src/hyperdog_ros2) by extensions ['ignore', 'ignore_ament_install']
[0.910s] Level 1:colcon.colcon_core.package_identification:_identify(src/hyperdog_ros2) by extension 'ignore'
[0.910s] Level 1:colcon.colcon_core.package_identification:_identify(src/hyperdog_ros2) by extension 'ignore_ament_install'
[0.910s] Level 1:colcon.colcon_core.package_identification:_identify(src/hyperdog_ros2) by extensions ['colcon_pkg']
[0.910s] Level 1:colcon.colcon_core.package_identification:_identify(src/hyperdog_ros2) by extension 'colcon_pkg'
[0.910s] Level 1:colcon.colcon_core.package_identification:_identify(src/hyperdog_ros2) by extensions ['colcon_meta']
[0.910s] Level 1:colcon.colcon_core.package_identification:_identify(src/hyperdog_ros2) by extension 'colcon_meta'
[0.910s] Level 1:colcon.colcon_core.package_identification:_identify(src/hyperdog_ros2) by extensions ['ros']
[0.910s] Level 1:colcon.colcon_core.package_identification:_identify(src/hyperdog_ros2) by extension 'ros'
[0.910s] Level 1:colcon.colcon_core.package_identification:_identify(src/hyperdog_ros2) by extensions ['cmake', 'python']
[0.910s] Level 1:colcon.colcon_core.package_identification:_identify(src/hyperdog_ros2) by extension 'cmake'
[0.910s] Level 1:colcon.colcon_core.package_identification:_identify(src/hyperdog_ros2) by extension 'python'
[0.910s] Level 1:colcon.colcon_core.package_identification:_identify(src/hyperdog_ros2) by extensions ['python_setup_py']
[0.910s] Level 1:colcon.colcon_core.package_identification:_identify(src/hyperdog_ros2) by extension 'python_setup_py'
[0.910s] Level 1:colcon.colcon_core.package_identification:_identify(src/hyperdog_ros2/hyperdog_ctrl) by extensions ['ignore', 'ignore_ament_install']
[0.910s] Level 1:colcon.colcon_core.package_identification:_identify(src/hyperdog_ros2/hyperdog_ctrl) by extension 'ignore'
[0.910s] Level 1:colcon.colcon_core.package_identification:_identify(src/hyperdog_ros2/hyperdog_ctrl) by extension 'ignore_ament_install'
[0.911s] Level 1:colcon.colcon_core.package_identification:_identify(src/hyperdog_ros2/hyperdog_ctrl) by extensions ['colcon_pkg']
[0.911s] Level 1:colcon.colcon_core.package_identification:_identify(src/hyperdog_ros2/hyperdog_ctrl) by extension 'colcon_pkg'
[0.911s] Level 1:colcon.colcon_core.package_identification:_identify(src/hyperdog_ros2/hyperdog_ctrl) by extensions ['colcon_meta']
[0.911s] Level 1:colcon.colcon_core.package_identification:_identify(src/hyperdog_ros2/hyperdog_ctrl) by extension 'colcon_meta'
[0.911s] Level 1:colcon.colcon_core.package_identification:_identify(src/hyperdog_ros2/hyperdog_ctrl) by extensions ['ros']
[0.911s] Level 1:colcon.colcon_core.package_identification:_identify(src/hyperdog_ros2/hyperdog_ctrl) by extension 'ros'
[0.912s] DEBUG:colcon.colcon_core.package_identification:Package 'src/hyperdog_ros2/hyperdog_ctrl' with type 'ros.ament_python' and name 'hyperdog_ctrl'
[0.912s] Level 1:colcon.colcon_core.package_identification:_identify(src/hyperdog_ros2/hyperdog_gazebo_sim) by extensions ['ignore', 'ignore_ament_install']
[0.912s] Level 1:colcon.colcon_core.package_identification:_identify(src/hyperdog_ros2/hyperdog_gazebo_sim) by extension 'ignore'
[0.912s] Level 1:colcon.colcon_core.package_identification:_identify(src/hyperdog_ros2/hyperdog_gazebo_sim) by extension 'ignore_ament_install'
[0.912s] Level 1:colcon.colcon_core.package_identification:_identify(src/hyperdog_ros2/hyperdog_gazebo_sim) by extensions ['colcon_pkg']
[0.912s] Level 1:colcon.colcon_core.package_identification:_identify(src/hyperdog_ros2/hyperdog_gazebo_sim) by extension 'colcon_pkg'
[0.912s] Level 1:colcon.colcon_core.package_identification:_identify(src/hyperdog_ros2/hyperdog_gazebo_sim) by extensions ['colcon_meta']
[0.912s] Level 1:colcon.colcon_core.package_identification:_identify(src/hyperdog_ros2/hyperdog_gazebo_sim) by extension 'colcon_meta'
[0.913s] Level 1:colcon.colcon_core.package_identification:_identify(src/hyperdog_ros2/hyperdog_gazebo_sim) by extensions ['ros']
[0.913s] Level 1:colcon.colcon_core.package_identification:_identify(src/hyperdog_ros2/hyperdog_gazebo_sim) by extension 'ros'
[0.913s] DEBUG:colcon.colcon_core.package_identification:Package 'src/hyperdog_ros2/hyperdog_gazebo_sim' with type 'ros.ament_cmake' and name 'hyperdog_gazebo_sim'
[0.913s] Level 1:colcon.colcon_core.package_identification:_identify(src/hyperdog_ros2/hyperdog_launch) by extensions ['ignore', 'ignore_ament_install']
[0.913s] Level 1:colcon.colcon_core.package_identification:_identify(src/hyperdog_ros2/hyperdog_launch) by extension 'ignore'
[0.913s] Level 1:colcon.colcon_core.package_identification:_identify(src/hyperdog_ros2/hyperdog_launch) by extension 'ignore_ament_install'
[0.913s] Level 1:colcon.colcon_core.package_identification:_identify(src/hyperdog_ros2/hyperdog_launch) by extensions ['colcon_pkg']
[0.913s] Level 1:colcon.colcon_core.package_identification:_identify(src/hyperdog_ros2/hyperdog_launch) by extension 'colcon_pkg'
[0.913s] Level 1:colcon.colcon_core.package_identification:_identify(src/hyperdog_ros2/hyperdog_launch) by extensions ['colcon_meta']
[0.913s] Level 1:colcon.colcon_core.package_identification:_identify(src/hyperdog_ros2/hyperdog_launch) by extension 'colcon_meta'
[0.913s] Level 1:colcon.colcon_core.package_identification:_identify(src/hyperdog_ros2/hyperdog_launch) by extensions ['ros']
[0.913s] Level 1:colcon.colcon_core.package_identification:_identify(src/hyperdog_ros2/hyperdog_launch) by extension 'ros'
[0.913s] DEBUG:colcon.colcon_core.package_identification:Package 'src/hyperdog_ros2/hyperdog_launch' with type 'ros.ament_python' and name 'hyperdog_launch'
[0.914s] Level 1:colcon.colcon_core.package_identification:_identify(src/hyperdog_ros2/hyperdog_msgs) by extensions ['ignore', 'ignore_ament_install']
[0.914s] Level 1:colcon.colcon_core.package_identification:_identify(src/hyperdog_ros2/hyperdog_msgs) by extension 'ignore'
[0.914s] Level 1:colcon.colcon_core.package_identification:_identify(src/hyperdog_ros2/hyperdog_msgs) by extension 'ignore_ament_install'
[0.914s] Level 1:colcon.colcon_core.package_identification:_identify(src/hyperdog_ros2/hyperdog_msgs) by extensions ['colcon_pkg']
[0.914s] Level 1:colcon.colcon_core.package_identification:_identify(src/hyperdog_ros2/hyperdog_msgs) by extension 'colcon_pkg'
[0.914s] Level 1:colcon.colcon_core.package_identification:_identify(src/hyperdog_ros2/hyperdog_msgs) by extensions ['colcon_meta']
[0.914s] Level 1:colcon.colcon_core.package_identification:_identify(src/hyperdog_ros2/hyperdog_msgs) by extension 'colcon_meta'
[0.914s] Level 1:colcon.colcon_core.package_identification:_identify(src/hyperdog_ros2/hyperdog_msgs) by extensions ['ros']
[0.914s] Level 1:colcon.colcon_core.package_identification:_identify(src/hyperdog_ros2/hyperdog_msgs) by extension 'ros'
[0.914s] DEBUG:colcon.colcon_core.package_identification:Package 'src/hyperdog_ros2/hyperdog_msgs' with type 'ros.ament_cmake' and name 'hyperdog_msgs'
[0.914s] Level 1:colcon.colcon_core.package_identification:_identify(src/hyperdog_ros2/hyperdog_teleop) by extensions ['ignore', 'ignore_ament_install']
[0.914s] Level 1:colcon.colcon_core.package_identification:_identify(src/hyperdog_ros2/hyperdog_teleop) by extension 'ignore'
[0.914s] Level 1:colcon.colcon_core.package_identification:_identify(src/hyperdog_ros2/hyperdog_teleop) by extension 'ignore_ament_install'
[0.914s] Level 1:colcon.colcon_core.package_identification:_identify(src/hyperdog_ros2/hyperdog_teleop) by extensions ['colcon_pkg']
[0.914s] Level 1:colcon.colcon_core.package_identification:_identify(src/hyperdog_ros2/hyperdog_teleop) by extension 'colcon_pkg'
[0.914s] Level 1:colcon.colcon_core.package_identification:_identify(src/hyperdog_ros2/hyperdog_teleop) by extensions ['colcon_meta']
[0.914s] Level 1:colcon.colcon_core.package_identification:_identify(src/hyperdog_ros2/hyperdog_teleop) by extension 'colcon_meta'
[0.914s] Level 1:colcon.colcon_core.package_identification:_identify(src/hyperdog_ros2/hyperdog_teleop) by extensions ['ros']
[0.914s] Level 1:colcon.colcon_core.package_identification:_identify(src/hyperdog_ros2/hyperdog_teleop) by extension 'ros'
[0.915s] DEBUG:colcon.colcon_core.package_identification:Package 'src/hyperdog_ros2/hyperdog_teleop' with type 'ros.ament_cmake' and name 'hyperdog_teleop'
[0.915s] Level 1:colcon.colcon_core.package_identification:_identify(src/hyperdog_ros2/uros) by extensions ['ignore', 'ignore_ament_install']
[0.915s] Level 1:colcon.colcon_core.package_identification:_identify(src/hyperdog_ros2/uros) by extension 'ignore'
[0.915s] Level 1:colcon.colcon_core.package_identification:_identify(src/hyperdog_ros2/uros) by extension 'ignore_ament_install'
[0.915s] Level 1:colcon.colcon_core.package_identification:_identify(src/hyperdog_ros2/uros) by extensions ['colcon_pkg']
[0.915s] Level 1:colcon.colcon_core.package_identification:_identify(src/hyperdog_ros2/uros) by extension 'colcon_pkg'
[0.915s] Level 1:colcon.colcon_core.package_identification:_identify(src/hyperdog_ros2/uros) by extensions ['colcon_meta']
[0.915s] Level 1:colcon.colcon_core.package_identification:_identify(src/hyperdog_ros2/uros) by extension 'colcon_meta'
[0.915s] Level 1:colcon.colcon_core.package_identification:_identify(src/hyperdog_ros2/uros) by extensions ['ros']
[0.915s] Level 1:colcon.colcon_core.package_identification:_identify(src/hyperdog_ros2/uros) by extension 'ros'
[0.915s] Level 1:colcon.colcon_core.package_identification:_identify(src/hyperdog_ros2/uros) by extensions ['cmake', 'python']
[0.915s] Level 1:colcon.colcon_core.package_identification:_identify(src/hyperdog_ros2/uros) by extension 'cmake'
[0.915s] Level 1:colcon.colcon_core.package_identification:_identify(src/hyperdog_ros2/uros) by extension 'python'
[0.915s] Level 1:colcon.colcon_core.package_identification:_identify(src/hyperdog_ros2/uros) by extensions ['python_setup_py']
[0.915s] Level 1:colcon.colcon_core.package_identification:_identify(src/hyperdog_ros2/uros) by extension 'python_setup_py'
[0.915s] Level 1:colcon.colcon_core.package_identification:_identify(src/hyperdog_ros2/uros/drive_base) by extensions ['ignore', 'ignore_ament_install']
[0.915s] Level 1:colcon.colcon_core.package_identification:_identify(src/hyperdog_ros2/uros/drive_base) by extension 'ignore'
[0.915s] Level 1:colcon.colcon_core.package_identification:_identify(src/hyperdog_ros2/uros/drive_base) by extension 'ignore_ament_install'
[0.915s] Level 1:colcon.colcon_core.package_identification:_identify(src/hyperdog_ros2/uros/drive_base) by extensions ['colcon_pkg']
[0.915s] Level 1:colcon.colcon_core.package_identification:_identify(src/hyperdog_ros2/uros/drive_base) by extension 'colcon_pkg'
[0.916s] Level 1:colcon.colcon_core.package_identification:_identify(src/hyperdog_ros2/uros/drive_base) by extensions ['colcon_meta']
[0.916s] Level 1:colcon.colcon_core.package_identification:_identify(src/hyperdog_ros2/uros/drive_base) by extension 'colcon_meta'
[0.916s] Level 1:colcon.colcon_core.package_identification:_identify(src/hyperdog_ros2/uros/drive_base) by extensions ['ros']
[0.916s] Level 1:colcon.colcon_core.package_identification:_identify(src/hyperdog_ros2/uros/drive_base) by extension 'ros'
[0.916s] Level 1:colcon.colcon_core.package_identification:_identify(src/hyperdog_ros2/uros/drive_base) by extensions ['cmake', 'python']
[0.916s] Level 1:colcon.colcon_core.package_identification:_identify(src/hyperdog_ros2/uros/drive_base) by extension 'cmake'
[0.916s] Level 1:colcon.colcon_core.package_identification:_identify(src/hyperdog_ros2/uros/drive_base) by extension 'python'
[0.916s] Level 1:colcon.colcon_core.package_identification:_identify(src/hyperdog_ros2/uros/drive_base) by extensions ['python_setup_py']
[0.916s] Level 1:colcon.colcon_core.package_identification:_identify(src/hyperdog_ros2/uros/drive_base) by extension 'python_setup_py'
[0.916s] Level 1:colcon.colcon_core.package_identification:_identify(src/hyperdog_ros2/uros/micro-ROS-Agent) by extensions ['ignore', 'ignore_ament_install']
[0.916s] Level 1:colcon.colcon_core.package_identification:_identify(src/hyperdog_ros2/uros/micro-ROS-Agent) by extension 'ignore'
[0.916s] Level 1:colcon.colcon_core.package_identification:_identify(src/hyperdog_ros2/uros/micro-ROS-Agent) by extension 'ignore_ament_install'
[0.916s] Level 1:colcon.colcon_core.package_identification:_identify(src/hyperdog_ros2/uros/micro-ROS-Agent) by extensions ['colcon_pkg']
[0.916s] Level 1:colcon.colcon_core.package_identification:_identify(src/hyperdog_ros2/uros/micro-ROS-Agent) by extension 'colcon_pkg'
[0.916s] Level 1:colcon.colcon_core.package_identification:_identify(src/hyperdog_ros2/uros/micro-ROS-Agent) by extensions ['colcon_meta']
[0.916s] Level 1:colcon.colcon_core.package_identification:_identify(src/hyperdog_ros2/uros/micro-ROS-Agent) by extension 'colcon_meta'
[0.916s] Level 1:colcon.colcon_core.package_identification:_identify(src/hyperdog_ros2/uros/micro-ROS-Agent) by extensions ['ros']
[0.916s] Level 1:colcon.colcon_core.package_identification:_identify(src/hyperdog_ros2/uros/micro-ROS-Agent) by extension 'ros'
[0.916s] Level 1:colcon.colcon_core.package_identification:_identify(src/hyperdog_ros2/uros/micro-ROS-Agent) by extensions ['cmake', 'python']
[0.916s] Level 1:colcon.colcon_core.package_identification:_identify(src/hyperdog_ros2/uros/micro-ROS-Agent) by extension 'cmake'
[0.916s] Level 1:colcon.colcon_core.package_identification:_identify(src/hyperdog_ros2/uros/micro-ROS-Agent) by extension 'python'
[0.916s] Level 1:colcon.colcon_core.package_identification:_identify(src/hyperdog_ros2/uros/micro-ROS-Agent) by extensions ['python_setup_py']
[0.916s] Level 1:colcon.colcon_core.package_identification:_identify(src/hyperdog_ros2/uros/micro-ROS-Agent) by extension 'python_setup_py'
[0.916s] Level 1:colcon.colcon_core.package_identification:_identify(src/hyperdog_ros2/uros/micro_ros_msgs) by extensions ['ignore', 'ignore_ament_install']
[0.916s] Level 1:colcon.colcon_core.package_identification:_identify(src/hyperdog_ros2/uros/micro_ros_msgs) by extension 'ignore'
[0.916s] Level 1:colcon.colcon_core.package_identification:_identify(src/hyperdog_ros2/uros/micro_ros_msgs) by extension 'ignore_ament_install'
[0.916s] Level 1:colcon.colcon_core.package_identification:_identify(src/hyperdog_ros2/uros/micro_ros_msgs) by extensions ['colcon_pkg']
[0.916s] Level 1:colcon.colcon_core.package_identification:_identify(src/hyperdog_ros2/uros/micro_ros_msgs) by extension 'colcon_pkg'
[0.916s] Level 1:colcon.colcon_core.package_identification:_identify(src/hyperdog_ros2/uros/micro_ros_msgs) by extensions ['colcon_meta']
[0.916s] Level 1:colcon.colcon_core.package_identification:_identify(src/hyperdog_ros2/uros/micro_ros_msgs) by extension 'colcon_meta'
[0.916s] Level 1:colcon.colcon_core.package_identification:_identify(src/hyperdog_ros2/uros/micro_ros_msgs) by extensions ['ros']
[0.916s] Level 1:colcon.colcon_core.package_identification:_identify(src/hyperdog_ros2/uros/micro_ros_msgs) by extension 'ros'
[0.916s] Level 1:colcon.colcon_core.package_identification:_identify(src/hyperdog_ros2/uros/micro_ros_msgs) by extensions ['cmake', 'python']
[0.916s] Level 1:colcon.colcon_core.package_identification:_identify(src/hyperdog_ros2/uros/micro_ros_msgs) by extension 'cmake'
[0.917s] Level 1:colcon.colcon_core.package_identification:_identify(src/hyperdog_ros2/uros/micro_ros_msgs) by extension 'python'
[0.917s] Level 1:colcon.colcon_core.package_identification:_identify(src/hyperdog_ros2/uros/micro_ros_msgs) by extensions ['python_setup_py']
[0.917s] Level 1:colcon.colcon_core.package_identification:_identify(src/hyperdog_ros2/uros/micro_ros_msgs) by extension 'python_setup_py'
[0.917s] Level 1:colcon.colcon_core.package_identification:_identify(src/hyperdog_ros2/uros_pkg) by extensions ['ignore', 'ignore_ament_install']
[0.917s] Level 1:colcon.colcon_core.package_identification:_identify(src/hyperdog_ros2/uros_pkg) by extension 'ignore'
[0.917s] Level 1:colcon.colcon_core.package_identification:_identify(src/hyperdog_ros2/uros_pkg) by extension 'ignore_ament_install'
[0.917s] Level 1:colcon.colcon_core.package_identification:_identify(src/hyperdog_ros2/uros_pkg) by extensions ['colcon_pkg']
[0.917s] Level 1:colcon.colcon_core.package_identification:_identify(src/hyperdog_ros2/uros_pkg) by extension 'colcon_pkg'
[0.917s] Level 1:colcon.colcon_core.package_identification:_identify(src/hyperdog_ros2/uros_pkg) by extensions ['colcon_meta']
[0.917s] Level 1:colcon.colcon_core.package_identification:_identify(src/hyperdog_ros2/uros_pkg) by extension 'colcon_meta'
[0.917s] Level 1:colcon.colcon_core.package_identification:_identify(src/hyperdog_ros2/uros_pkg) by extensions ['ros']
[0.917s] Level 1:colcon.colcon_core.package_identification:_identify(src/hyperdog_ros2/uros_pkg) by extension 'ros'
[0.917s] Level 1:colcon.colcon_core.package_identification:_identify(src/hyperdog_ros2/uros_pkg) by extensions ['cmake', 'python']
[0.917s] Level 1:colcon.colcon_core.package_identification:_identify(src/hyperdog_ros2/uros_pkg) by extension 'cmake'
[0.917s] Level 1:colcon.colcon_core.package_identification:_identify(src/hyperdog_ros2/uros_pkg) by extension 'python'
[0.917s] Level 1:colcon.colcon_core.package_identification:_identify(src/hyperdog_ros2/uros_pkg) by extensions ['python_setup_py']
[0.917s] Level 1:colcon.colcon_core.package_identification:_identify(src/hyperdog_ros2/uros_pkg) by extension 'python_setup_py'
[0.917s] Level 1:colcon.colcon_core.package_identification:_identify(src/hyperdog_ros2/uros_pkg/src) by extensions ['ignore', 'ignore_ament_install']
[0.917s] Level 1:colcon.colcon_core.package_identification:_identify(src/hyperdog_ros2/uros_pkg/src) by extension 'ignore'
[0.917s] Level 1:colcon.colcon_core.package_identification:_identify(src/hyperdog_ros2/uros_pkg/src) by extension 'ignore_ament_install'
[0.917s] Level 1:colcon.colcon_core.package_identification:_identify(src/hyperdog_ros2/uros_pkg/src) by extensions ['colcon_pkg']
[0.917s] Level 1:colcon.colcon_core.package_identification:_identify(src/hyperdog_ros2/uros_pkg/src) by extension 'colcon_pkg'
[0.917s] Level 1:colcon.colcon_core.package_identification:_identify(src/hyperdog_ros2/uros_pkg/src) by extensions ['colcon_meta']
[0.917s] Level 1:colcon.colcon_core.package_identification:_identify(src/hyperdog_ros2/uros_pkg/src) by extension 'colcon_meta'
[0.917s] Level 1:colcon.colcon_core.package_identification:_identify(src/hyperdog_ros2/uros_pkg/src) by extensions ['ros']
[0.917s] Level 1:colcon.colcon_core.package_identification:_identify(src/hyperdog_ros2/uros_pkg/src) by extension 'ros'
[0.917s] Level 1:colcon.colcon_core.package_identification:_identify(src/hyperdog_ros2/uros_pkg/src) by extensions ['cmake', 'python']
[0.917s] Level 1:colcon.colcon_core.package_identification:_identify(src/hyperdog_ros2/uros_pkg/src) by extension 'cmake'
[0.917s] Level 1:colcon.colcon_core.package_identification:_identify(src/hyperdog_ros2/uros_pkg/src) by extension 'python'
[0.917s] Level 1:colcon.colcon_core.package_identification:_identify(src/hyperdog_ros2/uros_pkg/src) by extensions ['python_setup_py']
[0.917s] Level 1:colcon.colcon_core.package_identification:_identify(src/hyperdog_ros2/uros_pkg/src) by extension 'python_setup_py'
[0.918s] Level 1:colcon.colcon_core.package_identification:_identify(src/hyperdog_ros2/uros_pkg/src/micro_ros_setup) by extensions ['ignore', 'ignore_ament_install']
[0.918s] Level 1:colcon.colcon_core.package_identification:_identify(src/hyperdog_ros2/uros_pkg/src/micro_ros_setup) by extension 'ignore'
[0.918s] Level 1:colcon.colcon_core.package_identification:_identify(src/hyperdog_ros2/uros_pkg/src/micro_ros_setup) by extension 'ignore_ament_install'
[0.918s] Level 1:colcon.colcon_core.package_identification:_identify(src/hyperdog_ros2/uros_pkg/src/micro_ros_setup) by extensions ['colcon_pkg']
[0.918s] Level 1:colcon.colcon_core.package_identification:_identify(src/hyperdog_ros2/uros_pkg/src/micro_ros_setup) by extension 'colcon_pkg'
[0.918s] Level 1:colcon.colcon_core.package_identification:_identify(src/hyperdog_ros2/uros_pkg/src/micro_ros_setup) by extensions ['colcon_meta']
[0.918s] Level 1:colcon.colcon_core.package_identification:_identify(src/hyperdog_ros2/uros_pkg/src/micro_ros_setup) by extension 'colcon_meta'
[0.918s] Level 1:colcon.colcon_core.package_identification:_identify(src/hyperdog_ros2/uros_pkg/src/micro_ros_setup) by extensions ['ros']
[0.918s] Level 1:colcon.colcon_core.package_identification:_identify(src/hyperdog_ros2/uros_pkg/src/micro_ros_setup) by extension 'ros'
[0.918s] Level 1:colcon.colcon_core.package_identification:_identify(src/hyperdog_ros2/uros_pkg/src/micro_ros_setup) by extensions ['cmake', 'python']
[0.918s] Level 1:colcon.colcon_core.package_identification:_identify(src/hyperdog_ros2/uros_pkg/src/micro_ros_setup) by extension 'cmake'
[0.918s] Level 1:colcon.colcon_core.package_identification:_identify(src/hyperdog_ros2/uros_pkg/src/micro_ros_setup) by extension 'python'
[0.918s] Level 1:colcon.colcon_core.package_identification:_identify(src/hyperdog_ros2/uros_pkg/src/micro_ros_setup) by extensions ['python_setup_py']
[0.918s] Level 1:colcon.colcon_core.package_identification:_identify(src/hyperdog_ros2/uros_pkg/src/micro_ros_setup) by extension 'python_setup_py'
[0.918s] Level 1:colcon.colcon_core.package_discovery:discover_packages(recursive) using defaults
[0.918s] Level 1:colcon.colcon_core.package_discovery:discover_packages(ignore) discover
[0.918s] Level 1:colcon.colcon_core.package_discovery:discover_packages(ignore) using defaults
[0.918s] Level 1:colcon.colcon_core.package_discovery:discover_packages(path) discover
[0.918s] Level 1:colcon.colcon_core.package_discovery:discover_packages(path) using defaults
[0.991s] Level 1:colcon.colcon_core.package_discovery:discover_packages(prefix_path) check parameters
[0.991s] Level 1:colcon.colcon_core.package_discovery:discover_packages(prefix_path) discover
[1.021s] DEBUG:colcon.colcon_installed_package_information.package_discovery:Found 404 installed packages in /opt/ros/iron
[1.022s] Level 1:colcon.colcon_core.package_discovery:discover_packages(prefix_path) using defaults
[1.087s] Level 5:colcon.colcon_core.verb:set package 'hyperdog_launch' build argument 'cmake_args' from command line to 'None'
[1.087s] Level 5:colcon.colcon_core.verb:set package 'hyperdog_launch' build argument 'cmake_target' from command line to 'None'
[1.087s] Level 5:colcon.colcon_core.verb:set package 'hyperdog_launch' build argument 'cmake_target_skip_unavailable' from command line to 'False'
[1.087s] Level 5:colcon.colcon_core.verb:set package 'hyperdog_launch' build argument 'cmake_clean_cache' from command line to 'False'
[1.087s] Level 5:colcon.colcon_core.verb:set package 'hyperdog_launch' build argument 'cmake_clean_first' from command line to 'False'
[1.087s] Level 5:colcon.colcon_core.verb:set package 'hyperdog_launch' build argument 'cmake_force_configure' from command line to 'False'
[1.087s] Level 5:colcon.colcon_core.verb:set package 'hyperdog_launch' build argument 'ament_cmake_args' from command line to 'None'
[1.087s] Level 5:colcon.colcon_core.verb:set package 'hyperdog_launch' build argument 'catkin_cmake_args' from command line to 'None'
[1.087s] Level 5:colcon.colcon_core.verb:set package 'hyperdog_launch' build argument 'catkin_skip_building_tests' from command line to 'False'
[1.087s] DEBUG:colcon.colcon_core.verb:Building package 'hyperdog_launch' with the following arguments: {'ament_cmake_args': None, 'build_base': '/home/nicoleibert/hyperdog_ws/build/hyperdog_launch', 'catkin_cmake_args': None, 'catkin_skip_building_tests': False, 'cmake_args': None, 'cmake_clean_cache': False, 'cmake_clean_first': False, 'cmake_force_configure': False, 'cmake_target': None, 'cmake_target_skip_unavailable': False, 'install_base': '/home/nicoleibert/hyperdog_ws/install/hyperdog_launch', 'merge_install': False, 'path': '/home/nicoleibert/hyperdog_ws/src/hyperdog_ros2/hyperdog_launch', 'symlink_install': False, 'test_result_base': None}
[1.097s] Level 5:colcon.colcon_core.verb:set package 'hyperdog_msgs' build argument 'cmake_args' from command line to 'None'
[1.097s] Level 5:colcon.colcon_core.verb:set package 'hyperdog_msgs' build argument 'cmake_target' from command line to 'None'
[1.097s] Level 5:colcon.colcon_core.verb:set package 'hyperdog_msgs' build argument 'cmake_target_skip_unavailable' from command line to 'False'
[1.097s] Level 5:colcon.colcon_core.verb:set package 'hyperdog_msgs' build argument 'cmake_clean_cache' from command line to 'False'
[1.097s] Level 5:colcon.colcon_core.verb:set package 'hyperdog_msgs' build argument 'cmake_clean_first' from command line to 'False'
[1.097s] Level 5:colcon.colcon_core.verb:set package 'hyperdog_msgs' build argument 'cmake_force_configure' from command line to 'False'
[1.097s] Level 5:colcon.colcon_core.verb:set package 'hyperdog_msgs' build argument 'ament_cmake_args' from command line to 'None'
[1.097s] Level 5:colcon.colcon_core.verb:set package 'hyperdog_msgs' build argument 'catkin_cmake_args' from command line to 'None'
[1.097s] Level 5:colcon.colcon_core.verb:set package 'hyperdog_msgs' build argument 'catkin_skip_building_tests' from command line to 'False'
[1.097s] DEBUG:colcon.colcon_core.verb:Building package 'hyperdog_msgs' with the following arguments: {'ament_cmake_args': None, 'build_base': '/home/nicoleibert/hyperdog_ws/build/hyperdog_msgs', 'catkin_cmake_args': None, 'catkin_skip_building_tests': False, 'cmake_args': None, 'cmake_clean_cache': False, 'cmake_clean_first': False, 'cmake_force_configure': False, 'cmake_target': None, 'cmake_target_skip_unavailable': False, 'install_base': '/home/nicoleibert/hyperdog_ws/install/hyperdog_msgs', 'merge_install': False, 'path': '/home/nicoleibert/hyperdog_ws/src/hyperdog_ros2/hyperdog_msgs', 'symlink_install': False, 'test_result_base': None}
[1.108s] Level 5:colcon.colcon_core.verb:set package 'hyperdog_ctrl' build argument 'cmake_args' from command line to 'None'
[1.108s] Level 5:colcon.colcon_core.verb:set package 'hyperdog_ctrl' build argument 'cmake_target' from command line to 'None'
[1.108s] Level 5:colcon.colcon_core.verb:set package 'hyperdog_ctrl' build argument 'cmake_target_skip_unavailable' from command line to 'False'
[1.108s] Level 5:colcon.colcon_core.verb:set package 'hyperdog_ctrl' build argument 'cmake_clean_cache' from command line to 'False'
[1.108s] Level 5:colcon.colcon_core.verb:set package 'hyperdog_ctrl' build argument 'cmake_clean_first' from command line to 'False'
[1.108s] Level 5:colcon.colcon_core.verb:set package 'hyperdog_ctrl' build argument 'cmake_force_configure' from command line to 'False'
[1.108s] Level 5:colcon.colcon_core.verb:set package 'hyperdog_ctrl' build argument 'ament_cmake_args' from command line to 'None'
[1.108s] Level 5:colcon.colcon_core.verb:set package 'hyperdog_ctrl' build argument 'catkin_cmake_args' from command line to 'None'
[1.108s] Level 5:colcon.colcon_core.verb:set package 'hyperdog_ctrl' build argument 'catkin_skip_building_tests' from command line to 'False'
[1.108s] DEBUG:colcon.colcon_core.verb:Building package 'hyperdog_ctrl' with the following arguments: {'ament_cmake_args': None, 'build_base': '/home/nicoleibert/hyperdog_ws/build/hyperdog_ctrl', 'catkin_cmake_args': None, 'catkin_skip_building_tests': False, 'cmake_args': None, 'cmake_clean_cache': False, 'cmake_clean_first': False, 'cmake_force_configure': False, 'cmake_target': None, 'cmake_target_skip_unavailable': False, 'install_base': '/home/nicoleibert/hyperdog_ws/install/hyperdog_ctrl', 'merge_install': False, 'path': '/home/nicoleibert/hyperdog_ws/src/hyperdog_ros2/hyperdog_ctrl', 'symlink_install': False, 'test_result_base': None}
[1.118s] Level 5:colcon.colcon_core.verb:set package 'hyperdog_gazebo_sim' build argument 'cmake_args' from command line to 'None'
[1.118s] Level 5:colcon.colcon_core.verb:set package 'hyperdog_gazebo_sim' build argument 'cmake_target' from command line to 'None'
[1.118s] Level 5:colcon.colcon_core.verb:set package 'hyperdog_gazebo_sim' build argument 'cmake_target_skip_unavailable' from command line to 'False'
[1.118s] Level 5:colcon.colcon_core.verb:set package 'hyperdog_gazebo_sim' build argument 'cmake_clean_cache' from command line to 'False'
[1.118s] Level 5:colcon.colcon_core.verb:set package 'hyperdog_gazebo_sim' build argument 'cmake_clean_first' from command line to 'False'
[1.118s] Level 5:colcon.colcon_core.verb:set package 'hyperdog_gazebo_sim' build argument 'cmake_force_configure' from command line to 'False'
[1.118s] Level 5:colcon.colcon_core.verb:set package 'hyperdog_gazebo_sim' build argument 'ament_cmake_args' from command line to 'None'
[1.118s] Level 5:colcon.colcon_core.verb:set package 'hyperdog_gazebo_sim' build argument 'catkin_cmake_args' from command line to 'None'
[1.119s] Level 5:colcon.colcon_core.verb:set package 'hyperdog_gazebo_sim' build argument 'catkin_skip_building_tests' from command line to 'False'
[1.119s] DEBUG:colcon.colcon_core.verb:Building package 'hyperdog_gazebo_sim' with the following arguments: {'ament_cmake_args': None, 'build_base': '/home/nicoleibert/hyperdog_ws/build/hyperdog_gazebo_sim', 'catkin_cmake_args': None, 'catkin_skip_building_tests': False, 'cmake_args': None, 'cmake_clean_cache': False, 'cmake_clean_first': False, 'cmake_force_configure': False, 'cmake_target': None, 'cmake_target_skip_unavailable': False, 'install_base': '/home/nicoleibert/hyperdog_ws/install/hyperdog_gazebo_sim', 'merge_install': False, 'path': '/home/nicoleibert/hyperdog_ws/src/hyperdog_ros2/hyperdog_gazebo_sim', 'symlink_install': False, 'test_result_base': None}
[1.129s] Level 5:colcon.colcon_core.verb:set package 'hyperdog_teleop' build argument 'cmake_args' from command line to 'None'
[1.129s] Level 5:colcon.colcon_core.verb:set package 'hyperdog_teleop' build argument 'cmake_target' from command line to 'None'
[1.129s] Level 5:colcon.colcon_core.verb:set package 'hyperdog_teleop' build argument 'cmake_target_skip_unavailable' from command line to 'False'
[1.129s] Level 5:colcon.colcon_core.verb:set package 'hyperdog_teleop' build argument 'cmake_clean_cache' from command line to 'False'
[1.129s] Level 5:colcon.colcon_core.verb:set package 'hyperdog_teleop' build argument 'cmake_clean_first' from command line to 'False'
[1.129s] Level 5:colcon.colcon_core.verb:set package 'hyperdog_teleop' build argument 'cmake_force_configure' from command line to 'False'
[1.130s] Level 5:colcon.colcon_core.verb:set package 'hyperdog_teleop' build argument 'ament_cmake_args' from command line to 'None'
[1.130s] Level 5:colcon.colcon_core.verb:set package 'hyperdog_teleop' build argument 'catkin_cmake_args' from command line to 'None'
[1.130s] Level 5:colcon.colcon_core.verb:set package 'hyperdog_teleop' build argument 'catkin_skip_building_tests' from command line to 'False'
[1.130s] DEBUG:colcon.colcon_core.verb:Building package 'hyperdog_teleop' with the following arguments: {'ament_cmake_args': None, 'build_base': '/home/nicoleibert/hyperdog_ws/build/hyperdog_teleop', 'catkin_cmake_args': None, 'catkin_skip_building_tests': False, 'cmake_args': None, 'cmake_clean_cache': False, 'cmake_clean_first': False, 'cmake_force_configure': False, 'cmake_target': None, 'cmake_target_skip_unavailable': False, 'install_base': '/home/nicoleibert/hyperdog_ws/install/hyperdog_teleop', 'merge_install': False, 'path': '/home/nicoleibert/hyperdog_ws/src/hyperdog_ros2/hyperdog_teleop', 'symlink_install': False, 'test_result_base': None}
[1.140s] INFO:colcon.colcon_core.executor:Executing jobs using 'parallel' executor
[1.151s] DEBUG:colcon.colcon_parallel_executor.executor.parallel:run_until_complete
[1.151s] INFO:colcon.colcon_ros.task.ament_cmake.build:Building ROS package in '/home/nicoleibert/hyperdog_ws/src/hyperdog_ros2/hyperdog_msgs' with build type 'ament_cmake'
[1.151s] INFO:colcon.colcon_cmake.task.cmake.build:Building CMake package in '/home/nicoleibert/hyperdog_ws/src/hyperdog_ros2/hyperdog_msgs'
[1.172s] INFO:colcon.colcon_core.plugin_system:Skipping extension 'colcon_core.shell.bat': Not used on non-Windows systems
[1.172s] INFO:colcon.colcon_core.shell:Skip shell extension 'powershell' for command environment: Not usable outside of PowerShell
[1.172s] DEBUG:colcon.colcon_core.shell:Skip shell extension 'dsv' for command environment
[1.199s] INFO:colcon.colcon_ros.task.ament_python.build:Building ROS package in '/home/nicoleibert/hyperdog_ws/src/hyperdog_ros2/hyperdog_launch' with build type 'ament_python'
[1.199s] Level 1:colcon.colcon_core.shell:create_environment_hook('hyperdog_launch', 'ament_prefix_path')
[1.211s] INFO:colcon.colcon_core.shell:Creating environment hook '/home/nicoleibert/hyperdog_ws/install/hyperdog_launch/share/hyperdog_launch/hook/ament_prefix_path.ps1'
[1.211s] INFO:colcon.colcon_core.shell:Creating environment descriptor '/home/nicoleibert/hyperdog_ws/install/hyperdog_launch/share/hyperdog_launch/hook/ament_prefix_path.dsv'
[1.212s] INFO:colcon.colcon_core.shell:Creating environment hook '/home/nicoleibert/hyperdog_ws/install/hyperdog_launch/share/hyperdog_launch/hook/ament_prefix_path.sh'
[1.224s] INFO:colcon.colcon_core.shell:Skip shell extension 'powershell' for command environment: Not usable outside of PowerShell
[1.224s] DEBUG:colcon.colcon_core.shell:Skip shell extension 'dsv' for command environment
[1.249s] DEBUG:colcon.colcon_core.event_handler.log_command:Invoking command in '/home/nicoleibert/hyperdog_ws/build/hyperdog_msgs': CMAKE_PREFIX_PATH=/opt/ros/iron /usr/bin/cmake /home/nicoleibert/hyperdog_ws/src/hyperdog_ros2/hyperdog_msgs -DCMAKE_INSTALL_PREFIX=/home/nicoleibert/hyperdog_ws/install/hyperdog_msgs
[1.553s] INFO:colcon.colcon_core.task.python.build:Building Python package in '/home/nicoleibert/hyperdog_ws/src/hyperdog_ros2/hyperdog_launch'
[1.566s] INFO:colcon.colcon_core.shell:Skip shell extension 'powershell' for command environment: Not usable outside of PowerShell
[1.566s] DEBUG:colcon.colcon_core.shell:Skip shell extension 'dsv' for command environment
[2.055s] DEBUG:colcon.colcon_core.event_handler.log_command:Invoking command in '/home/nicoleibert/hyperdog_ws/src/hyperdog_ros2/hyperdog_launch': PYTHONPATH=/home/nicoleibert/hyperdog_ws/build/hyperdog_launch/prefix_override:/home/nicoleibert/hyperdog_ws/install/hyperdog_launch/lib/python3.10/site-packages:${PYTHONPATH} /usr/bin/python3 setup.py egg_info --egg-base ../../../build/hyperdog_launch build --build-base /home/nicoleibert/hyperdog_ws/build/hyperdog_launch/build install --record /home/nicoleibert/hyperdog_ws/build/hyperdog_launch/install.log --install-scripts $base/lib/hyperdog_launch --single-version-externally-managed
[2.309s] DEBUG:colcon.colcon_core.event_handler.log_command:Invoked command in '/home/nicoleibert/hyperdog_ws/src/hyperdog_ros2/hyperdog_launch' returned '0': PYTHONPATH=/home/nicoleibert/hyperdog_ws/build/hyperdog_launch/prefix_override:/home/nicoleibert/hyperdog_ws/install/hyperdog_launch/lib/python3.10/site-packages:${PYTHONPATH} /usr/bin/python3 setup.py egg_info --egg-base ../../../build/hyperdog_launch build --build-base /home/nicoleibert/hyperdog_ws/build/hyperdog_launch/build install --record /home/nicoleibert/hyperdog_ws/build/hyperdog_launch/install.log --install-scripts $base/lib/hyperdog_launch --single-version-externally-managed
[2.325s] Level 1:colcon.colcon_core.environment:checking '/home/nicoleibert/hyperdog_ws/install/hyperdog_launch' for CMake module files
[2.326s] Level 1:colcon.colcon_core.environment:checking '/home/nicoleibert/hyperdog_ws/install/hyperdog_launch' for CMake config files
[2.327s] Level 1:colcon.colcon_core.environment:checking '/home/nicoleibert/hyperdog_ws/install/hyperdog_launch/lib'
[2.327s] Level 1:colcon.colcon_core.environment:checking '/home/nicoleibert/hyperdog_ws/install/hyperdog_launch/bin'
[2.327s] Level 1:colcon.colcon_core.environment:checking '/home/nicoleibert/hyperdog_ws/install/hyperdog_launch/lib/pkgconfig/hyperdog_launch.pc'
[2.327s] Level 1:colcon.colcon_core.environment:checking '/home/nicoleibert/hyperdog_ws/install/hyperdog_launch/lib/python3.10/site-packages'
[2.328s] Level 1:colcon.colcon_core.shell:create_environment_hook('hyperdog_launch', 'pythonpath')
[2.349s] INFO:colcon.colcon_core.shell:Creating environment hook '/home/nicoleibert/hyperdog_ws/install/hyperdog_launch/share/hyperdog_launch/hook/pythonpath.ps1'
[2.349s] INFO:colcon.colcon_core.shell:Creating environment descriptor '/home/nicoleibert/hyperdog_ws/install/hyperdog_launch/share/hyperdog_launch/hook/pythonpath.dsv'
[2.350s] INFO:colcon.colcon_core.shell:Creating environment hook '/home/nicoleibert/hyperdog_ws/install/hyperdog_launch/share/hyperdog_launch/hook/pythonpath.sh'
[2.350s] Level 1:colcon.colcon_core.environment:checking '/home/nicoleibert/hyperdog_ws/install/hyperdog_launch/bin'
[2.350s] Level 1:colcon.colcon_core.environment:create_environment_scripts_only(hyperdog_launch)
[2.367s] INFO:colcon.colcon_core.shell:Creating package script '/home/nicoleibert/hyperdog_ws/install/hyperdog_launch/share/hyperdog_launch/package.ps1'
[2.368s] INFO:colcon.colcon_core.shell:Creating package descriptor '/home/nicoleibert/hyperdog_ws/install/hyperdog_launch/share/hyperdog_launch/package.dsv'
[2.368s] INFO:colcon.colcon_core.shell:Creating package script '/home/nicoleibert/hyperdog_ws/install/hyperdog_launch/share/hyperdog_launch/package.sh'
[2.369s] INFO:colcon.colcon_core.shell:Creating package script '/home/nicoleibert/hyperdog_ws/install/hyperdog_launch/share/hyperdog_launch/package.bash'
[2.369s] INFO:colcon.colcon_core.shell:Creating package script '/home/nicoleibert/hyperdog_ws/install/hyperdog_launch/share/hyperdog_launch/package.zsh'
[2.370s] Level 1:colcon.colcon_core.environment:create_file_with_runtime_dependencies(/home/nicoleibert/hyperdog_ws/install/hyperdog_launch/share/colcon-core/packages/hyperdog_launch)
[4.388s] DEBUG:colcon.colcon_core.event_handler.log_command:Invoked command in '/home/nicoleibert/hyperdog_ws/build/hyperdog_msgs' returned '0': CMAKE_PREFIX_PATH=/opt/ros/iron /usr/bin/cmake /home/nicoleibert/hyperdog_ws/src/hyperdog_ros2/hyperdog_msgs -DCMAKE_INSTALL_PREFIX=/home/nicoleibert/hyperdog_ws/install/hyperdog_msgs
[4.391s] DEBUG:colcon.colcon_core.event_handler.log_command:Invoking command in '/home/nicoleibert/hyperdog_ws/build/hyperdog_msgs': CMAKE_PREFIX_PATH=/opt/ros/iron /usr/bin/cmake --build /home/nicoleibert/hyperdog_ws/build/hyperdog_msgs -- -j16 -l16
[8.044s] DEBUG:colcon.colcon_core.event_handler.log_command:Invoked command in '/home/nicoleibert/hyperdog_ws/build/hyperdog_msgs' returned '0': CMAKE_PREFIX_PATH=/opt/ros/iron /usr/bin/cmake --build /home/nicoleibert/hyperdog_ws/build/hyperdog_msgs -- -j16 -l16
[8.240s] DEBUG:colcon.colcon_core.event_handler.log_command:Invoking command in '/home/nicoleibert/hyperdog_ws/build/hyperdog_msgs': CMAKE_PREFIX_PATH=/opt/ros/iron /usr/bin/cmake --install /home/nicoleibert/hyperdog_ws/build/hyperdog_msgs
[8.326s] Level 1:colcon.colcon_core.environment:create_environment_scripts_only(hyperdog_msgs)
[8.327s] DEBUG:colcon.colcon_core.event_handler.log_command:Invoked command in '/home/nicoleibert/hyperdog_ws/build/hyperdog_msgs' returned '0': CMAKE_PREFIX_PATH=/opt/ros/iron /usr/bin/cmake --install /home/nicoleibert/hyperdog_ws/build/hyperdog_msgs
[8.339s] Level 1:colcon.colcon_core.environment:checking '/home/nicoleibert/hyperdog_ws/install/hyperdog_msgs' for CMake module files
[8.340s] Level 1:colcon.colcon_core.environment:checking '/home/nicoleibert/hyperdog_ws/install/hyperdog_msgs' for CMake config files
[8.340s] Level 1:colcon.colcon_core.shell:create_environment_hook('hyperdog_msgs', 'cmake_prefix_path')
[8.350s] INFO:colcon.colcon_core.shell:Creating environment hook '/home/nicoleibert/hyperdog_ws/install/hyperdog_msgs/share/hyperdog_msgs/hook/cmake_prefix_path.ps1'
[8.351s] INFO:colcon.colcon_core.shell:Creating environment descriptor '/home/nicoleibert/hyperdog_ws/install/hyperdog_msgs/share/hyperdog_msgs/hook/cmake_prefix_path.dsv'
[8.351s] INFO:colcon.colcon_core.shell:Creating environment hook '/home/nicoleibert/hyperdog_ws/install/hyperdog_msgs/share/hyperdog_msgs/hook/cmake_prefix_path.sh'
[8.351s] Level 1:colcon.colcon_core.environment:checking '/home/nicoleibert/hyperdog_ws/install/hyperdog_msgs/lib'
[8.351s] Level 1:colcon.colcon_core.shell:create_environment_hook('hyperdog_msgs', 'ld_library_path_lib')
[8.362s] INFO:colcon.colcon_core.shell:Creating environment hook '/home/nicoleibert/hyperdog_ws/install/hyperdog_msgs/share/hyperdog_msgs/hook/ld_library_path_lib.ps1'
[8.362s] INFO:colcon.colcon_core.shell:Creating environment descriptor '/home/nicoleibert/hyperdog_ws/install/hyperdog_msgs/share/hyperdog_msgs/hook/ld_library_path_lib.dsv'
[8.362s] INFO:colcon.colcon_core.shell:Creating environment hook '/home/nicoleibert/hyperdog_ws/install/hyperdog_msgs/share/hyperdog_msgs/hook/ld_library_path_lib.sh'
[8.362s] Level 1:colcon.colcon_core.environment:checking '/home/nicoleibert/hyperdog_ws/install/hyperdog_msgs/bin'
[8.362s] Level 1:colcon.colcon_core.environment:checking '/home/nicoleibert/hyperdog_ws/install/hyperdog_msgs/lib/pkgconfig/hyperdog_msgs.pc'
[8.362s] Level 1:colcon.colcon_core.environment:checking '/home/nicoleibert/hyperdog_ws/install/hyperdog_msgs/lib/python3.10/site-packages'
[8.362s] Level 1:colcon.colcon_core.shell:create_environment_hook('hyperdog_msgs', 'pythonpath')
[8.373s] INFO:colcon.colcon_core.shell:Creating environment hook '/home/nicoleibert/hyperdog_ws/install/hyperdog_msgs/share/hyperdog_msgs/hook/pythonpath.ps1'
[8.373s] INFO:colcon.colcon_core.shell:Creating environment descriptor '/home/nicoleibert/hyperdog_ws/install/hyperdog_msgs/share/hyperdog_msgs/hook/pythonpath.dsv'
[8.374s] INFO:colcon.colcon_core.shell:Creating environment hook '/home/nicoleibert/hyperdog_ws/install/hyperdog_msgs/share/hyperdog_msgs/hook/pythonpath.sh'
[8.374s] Level 1:colcon.colcon_core.environment:checking '/home/nicoleibert/hyperdog_ws/install/hyperdog_msgs/bin'
[8.384s] INFO:colcon.colcon_core.shell:Creating package script '/home/nicoleibert/hyperdog_ws/install/hyperdog_msgs/share/hyperdog_msgs/package.ps1'
[8.384s] INFO:colcon.colcon_core.shell:Creating package descriptor '/home/nicoleibert/hyperdog_ws/install/hyperdog_msgs/share/hyperdog_msgs/package.dsv'
[8.385s] INFO:colcon.colcon_core.shell:Creating package script '/home/nicoleibert/hyperdog_ws/install/hyperdog_msgs/share/hyperdog_msgs/package.sh'
[8.385s] INFO:colcon.colcon_core.shell:Creating package script '/home/nicoleibert/hyperdog_ws/install/hyperdog_msgs/share/hyperdog_msgs/package.bash'
[8.385s] INFO:colcon.colcon_core.shell:Creating package script '/home/nicoleibert/hyperdog_ws/install/hyperdog_msgs/share/hyperdog_msgs/package.zsh'
[8.385s] Level 1:colcon.colcon_core.environment:create_file_with_runtime_dependencies(/home/nicoleibert/hyperdog_ws/install/hyperdog_msgs/share/colcon-core/packages/hyperdog_msgs)
[8.538s] Level 1:colcon.colcon_core.environment:create_environment_scripts_only(hyperdog_msgs)
[8.549s] Level 1:colcon.colcon_core.environment:checking '/home/nicoleibert/hyperdog_ws/install/hyperdog_msgs' for CMake module files
[8.549s] Level 1:colcon.colcon_core.environment:checking '/home/nicoleibert/hyperdog_ws/install/hyperdog_msgs' for CMake config files
[8.550s] Level 1:colcon.colcon_core.shell:create_environment_hook('hyperdog_msgs', 'cmake_prefix_path')
[8.560s] INFO:colcon.colcon_core.shell:Creating environment hook '/home/nicoleibert/hyperdog_ws/install/hyperdog_msgs/share/hyperdog_msgs/hook/cmake_prefix_path.ps1'
[8.560s] INFO:colcon.colcon_core.shell:Creating environment descriptor '/home/nicoleibert/hyperdog_ws/install/hyperdog_msgs/share/hyperdog_msgs/hook/cmake_prefix_path.dsv'
[8.560s] INFO:colcon.colcon_core.shell:Creating environment hook '/home/nicoleibert/hyperdog_ws/install/hyperdog_msgs/share/hyperdog_msgs/hook/cmake_prefix_path.sh'
[8.561s] Level 1:colcon.colcon_core.environment:checking '/home/nicoleibert/hyperdog_ws/install/hyperdog_msgs/lib'
[8.561s] Level 1:colcon.colcon_core.shell:create_environment_hook('hyperdog_msgs', 'ld_library_path_lib')
[8.571s] INFO:colcon.colcon_core.shell:Creating environment hook '/home/nicoleibert/hyperdog_ws/install/hyperdog_msgs/share/hyperdog_msgs/hook/ld_library_path_lib.ps1'
[8.571s] INFO:colcon.colcon_core.shell:Creating environment descriptor '/home/nicoleibert/hyperdog_ws/install/hyperdog_msgs/share/hyperdog_msgs/hook/ld_library_path_lib.dsv'
[8.571s] INFO:colcon.colcon_core.shell:Creating environment hook '/home/nicoleibert/hyperdog_ws/install/hyperdog_msgs/share/hyperdog_msgs/hook/ld_library_path_lib.sh'
[8.571s] Level 1:colcon.colcon_core.environment:checking '/home/nicoleibert/hyperdog_ws/install/hyperdog_msgs/bin'
[8.571s] Level 1:colcon.colcon_core.environment:checking '/home/nicoleibert/hyperdog_ws/install/hyperdog_msgs/lib/pkgconfig/hyperdog_msgs.pc'
[8.572s] Level 1:colcon.colcon_core.environment:checking '/home/nicoleibert/hyperdog_ws/install/hyperdog_msgs/lib/python3.10/site-packages'
[8.572s] Level 1:colcon.colcon_core.shell:create_environment_hook('hyperdog_msgs', 'pythonpath')
[8.583s] INFO:colcon.colcon_core.shell:Creating environment hook '/home/nicoleibert/hyperdog_ws/install/hyperdog_msgs/share/hyperdog_msgs/hook/pythonpath.ps1'
[8.583s] INFO:colcon.colcon_core.shell:Creating environment descriptor '/home/nicoleibert/hyperdog_ws/install/hyperdog_msgs/share/hyperdog_msgs/hook/pythonpath.dsv'
[8.583s] INFO:colcon.colcon_core.shell:Creating environment hook '/home/nicoleibert/hyperdog_ws/install/hyperdog_msgs/share/hyperdog_msgs/hook/pythonpath.sh'
[8.583s] Level 1:colcon.colcon_core.environment:checking '/home/nicoleibert/hyperdog_ws/install/hyperdog_msgs/bin'
[8.594s] INFO:colcon.colcon_core.shell:Creating package script '/home/nicoleibert/hyperdog_ws/install/hyperdog_msgs/share/hyperdog_msgs/package.ps1'
[8.594s] INFO:colcon.colcon_core.shell:Creating package descriptor '/home/nicoleibert/hyperdog_ws/install/hyperdog_msgs/share/hyperdog_msgs/package.dsv'
[8.594s] INFO:colcon.colcon_core.shell:Creating package script '/home/nicoleibert/hyperdog_ws/install/hyperdog_msgs/share/hyperdog_msgs/package.sh'
[8.595s] INFO:colcon.colcon_core.shell:Creating package script '/home/nicoleibert/hyperdog_ws/install/hyperdog_msgs/share/hyperdog_msgs/package.bash'
[8.595s] INFO:colcon.colcon_core.shell:Creating package script '/home/nicoleibert/hyperdog_ws/install/hyperdog_msgs/share/hyperdog_msgs/package.zsh'
[8.595s] Level 1:colcon.colcon_core.environment:create_file_with_runtime_dependencies(/home/nicoleibert/hyperdog_ws/install/hyperdog_msgs/share/colcon-core/packages/hyperdog_msgs)
[8.595s] INFO:colcon.colcon_ros.task.ament_python.build:Building ROS package in '/home/nicoleibert/hyperdog_ws/src/hyperdog_ros2/hyperdog_ctrl' with build type 'ament_python'
[8.595s] Level 1:colcon.colcon_core.shell:create_environment_hook('hyperdog_ctrl', 'ament_prefix_path')
[8.607s] INFO:colcon.colcon_core.shell:Creating environment hook '/home/nicoleibert/hyperdog_ws/install/hyperdog_ctrl/share/hyperdog_ctrl/hook/ament_prefix_path.ps1'
[8.607s] INFO:colcon.colcon_core.shell:Creating environment descriptor '/home/nicoleibert/hyperdog_ws/install/hyperdog_ctrl/share/hyperdog_ctrl/hook/ament_prefix_path.dsv'
[8.607s] INFO:colcon.colcon_core.shell:Creating environment hook '/home/nicoleibert/hyperdog_ws/install/hyperdog_ctrl/share/hyperdog_ctrl/hook/ament_prefix_path.sh'
[8.618s] INFO:colcon.colcon_core.shell:Skip shell extension 'powershell' for command environment: Not usable outside of PowerShell
[8.618s] DEBUG:colcon.colcon_core.shell:Skip shell extension 'dsv' for command environment
[8.641s] INFO:colcon.colcon_ros.task.ament_cmake.build:Building ROS package in '/home/nicoleibert/hyperdog_ws/src/hyperdog_ros2/hyperdog_gazebo_sim' with build type 'ament_cmake'
[8.641s] INFO:colcon.colcon_cmake.task.cmake.build:Building CMake package in '/home/nicoleibert/hyperdog_ws/src/hyperdog_ros2/hyperdog_gazebo_sim'
[8.653s] INFO:colcon.colcon_core.shell:Skip shell extension 'powershell' for command environment: Not usable outside of PowerShell
[8.653s] DEBUG:colcon.colcon_core.shell:Skip shell extension 'dsv' for command environment
[8.678s] INFO:colcon.colcon_ros.task.ament_cmake.build:Building ROS package in '/home/nicoleibert/hyperdog_ws/src/hyperdog_ros2/hyperdog_teleop' with build type 'ament_cmake'
[8.678s] INFO:colcon.colcon_cmake.task.cmake.build:Building CMake package in '/home/nicoleibert/hyperdog_ws/src/hyperdog_ros2/hyperdog_teleop'
[8.689s] INFO:colcon.colcon_core.shell:Skip shell extension 'powershell' for command environment: Not usable outside of PowerShell
[8.689s] DEBUG:colcon.colcon_core.shell:Skip shell extension 'dsv' for command environment
[8.910s] INFO:colcon.colcon_core.task.python.build:Building Python package in '/home/nicoleibert/hyperdog_ws/src/hyperdog_ros2/hyperdog_ctrl'
[8.921s] INFO:colcon.colcon_core.shell:Skip shell extension 'powershell' for command environment: Not usable outside of PowerShell
[8.921s] DEBUG:colcon.colcon_core.shell:Skip shell extension 'dsv' for command environment
[8.949s] DEBUG:colcon.colcon_core.event_handler.log_command:Invoking command in '/home/nicoleibert/hyperdog_ws/build/hyperdog_gazebo_sim': AMENT_PREFIX_PATH=/home/nicoleibert/hyperdog_ws/install/hyperdog_msgs:${AMENT_PREFIX_PATH} CMAKE_PREFIX_PATH=/home/nicoleibert/hyperdog_ws/install/hyperdog_msgs:/opt/ros/iron LD_LIBRARY_PATH=/home/nicoleibert/hyperdog_ws/install/hyperdog_msgs/lib:${LD_LIBRARY_PATH} PYTHONPATH=/home/nicoleibert/hyperdog_ws/install/hyperdog_msgs/lib/python3.10/site-packages:${PYTHONPATH} /usr/bin/cmake /home/nicoleibert/hyperdog_ws/src/hyperdog_ros2/hyperdog_gazebo_sim -DCMAKE_INSTALL_PREFIX=/home/nicoleibert/hyperdog_ws/install/hyperdog_gazebo_sim
[8.952s] DEBUG:colcon.colcon_core.event_handler.log_command:Invoking command in '/home/nicoleibert/hyperdog_ws/build/hyperdog_teleop': AMENT_PREFIX_PATH=/home/nicoleibert/hyperdog_ws/install/hyperdog_msgs:${AMENT_PREFIX_PATH} CMAKE_PREFIX_PATH=/home/nicoleibert/hyperdog_ws/install/hyperdog_msgs:/opt/ros/iron LD_LIBRARY_PATH=/home/nicoleibert/hyperdog_ws/install/hyperdog_msgs/lib:${LD_LIBRARY_PATH} PYTHONPATH=/home/nicoleibert/hyperdog_ws/install/hyperdog_msgs/lib/python3.10/site-packages:${PYTHONPATH} /usr/bin/cmake /home/nicoleibert/hyperdog_ws/src/hyperdog_ros2/hyperdog_teleop -DCMAKE_INSTALL_PREFIX=/home/nicoleibert/hyperdog_ws/install/hyperdog_teleop
[9.318s] DEBUG:colcon.colcon_core.event_handler.log_command:Invoking command in '/home/nicoleibert/hyperdog_ws/src/hyperdog_ros2/hyperdog_ctrl': AMENT_PREFIX_PATH=/home/nicoleibert/hyperdog_ws/install/hyperdog_msgs:${AMENT_PREFIX_PATH} CMAKE_PREFIX_PATH=/home/nicoleibert/hyperdog_ws/install/hyperdog_msgs LD_LIBRARY_PATH=/home/nicoleibert/hyperdog_ws/install/hyperdog_msgs/lib:${LD_LIBRARY_PATH} PYTHONPATH=/home/nicoleibert/hyperdog_ws/build/hyperdog_ctrl/prefix_override:/home/nicoleibert/hyperdog_ws/install/hyperdog_ctrl/lib/python3.10/site-packages:/home/nicoleibert/hyperdog_ws/install/hyperdog_msgs/lib/python3.10/site-packages:${PYTHONPATH} /usr/bin/python3 setup.py egg_info --egg-base ../../../build/hyperdog_ctrl build --build-base /home/nicoleibert/hyperdog_ws/build/hyperdog_ctrl/build install --record /home/nicoleibert/hyperdog_ws/build/hyperdog_ctrl/install.log --install-scripts $base/lib/hyperdog_ctrl --single-version-externally-managed
[9.661s] DEBUG:colcon.colcon_core.event_handler.log_command:Invoked command in '/home/nicoleibert/hyperdog_ws/src/hyperdog_ros2/hyperdog_ctrl' returned '0': AMENT_PREFIX_PATH=/home/nicoleibert/hyperdog_ws/install/hyperdog_msgs:${AMENT_PREFIX_PATH} CMAKE_PREFIX_PATH=/home/nicoleibert/hyperdog_ws/install/hyperdog_msgs LD_LIBRARY_PATH=/home/nicoleibert/hyperdog_ws/install/hyperdog_msgs/lib:${LD_LIBRARY_PATH} PYTHONPATH=/home/nicoleibert/hyperdog_ws/build/hyperdog_ctrl/prefix_override:/home/nicoleibert/hyperdog_ws/install/hyperdog_ctrl/lib/python3.10/site-packages:/home/nicoleibert/hyperdog_ws/install/hyperdog_msgs/lib/python3.10/site-packages:${PYTHONPATH} /usr/bin/python3 setup.py egg_info --egg-base ../../../build/hyperdog_ctrl build --build-base /home/nicoleibert/hyperdog_ws/build/hyperdog_ctrl/build install --record /home/nicoleibert/hyperdog_ws/build/hyperdog_ctrl/install.log --install-scripts $base/lib/hyperdog_ctrl --single-version-externally-managed
[9.674s] Level 1:colcon.colcon_core.environment:checking '/home/nicoleibert/hyperdog_ws/install/hyperdog_ctrl' for CMake module files
[9.674s] Level 1:colcon.colcon_core.environment:checking '/home/nicoleibert/hyperdog_ws/install/hyperdog_ctrl' for CMake config files
[9.675s] Level 1:colcon.colcon_core.environment:checking '/home/nicoleibert/hyperdog_ws/install/hyperdog_ctrl/lib'
[9.675s] Level 1:colcon.colcon_core.environment:checking '/home/nicoleibert/hyperdog_ws/install/hyperdog_ctrl/bin'
[9.675s] Level 1:colcon.colcon_core.environment:checking '/home/nicoleibert/hyperdog_ws/install/hyperdog_ctrl/lib/pkgconfig/hyperdog_ctrl.pc'
[9.675s] Level 1:colcon.colcon_core.environment:checking '/home/nicoleibert/hyperdog_ws/install/hyperdog_ctrl/lib/python3.10/site-packages'
[9.675s] Level 1:colcon.colcon_core.shell:create_environment_hook('hyperdog_ctrl', 'pythonpath')
[9.689s] INFO:colcon.colcon_core.shell:Creating environment hook '/home/nicoleibert/hyperdog_ws/install/hyperdog_ctrl/share/hyperdog_ctrl/hook/pythonpath.ps1'
[9.689s] INFO:colcon.colcon_core.shell:Creating environment descriptor '/home/nicoleibert/hyperdog_ws/install/hyperdog_ctrl/share/hyperdog_ctrl/hook/pythonpath.dsv'
[9.689s] INFO:colcon.colcon_core.shell:Creating environment hook '/home/nicoleibert/hyperdog_ws/install/hyperdog_ctrl/share/hyperdog_ctrl/hook/pythonpath.sh'
[9.690s] Level 1:colcon.colcon_core.environment:checking '/home/nicoleibert/hyperdog_ws/install/hyperdog_ctrl/bin'
[9.690s] Level 1:colcon.colcon_core.environment:create_environment_scripts_only(hyperdog_ctrl)
[9.703s] INFO:colcon.colcon_core.shell:Creating package script '/home/nicoleibert/hyperdog_ws/install/hyperdog_ctrl/share/hyperdog_ctrl/package.ps1'
[9.704s] INFO:colcon.colcon_core.shell:Creating package descriptor '/home/nicoleibert/hyperdog_ws/install/hyperdog_ctrl/share/hyperdog_ctrl/package.dsv'
[9.704s] INFO:colcon.colcon_core.shell:Creating package script '/home/nicoleibert/hyperdog_ws/install/hyperdog_ctrl/share/hyperdog_ctrl/package.sh'
[9.704s] INFO:colcon.colcon_core.shell:Creating package script '/home/nicoleibert/hyperdog_ws/install/hyperdog_ctrl/share/hyperdog_ctrl/package.bash'
[9.705s] INFO:colcon.colcon_core.shell:Creating package script '/home/nicoleibert/hyperdog_ws/install/hyperdog_ctrl/share/hyperdog_ctrl/package.zsh'
[9.705s] Level 1:colcon.colcon_core.environment:create_file_with_runtime_dependencies(/home/nicoleibert/hyperdog_ws/install/hyperdog_ctrl/share/colcon-core/packages/hyperdog_ctrl)
[10.473s] DEBUG:colcon.colcon_core.event_handler.log_command:Invoked command in '/home/nicoleibert/hyperdog_ws/build/hyperdog_teleop' returned '0': AMENT_PREFIX_PATH=/home/nicoleibert/hyperdog_ws/install/hyperdog_msgs:${AMENT_PREFIX_PATH} CMAKE_PREFIX_PATH=/home/nicoleibert/hyperdog_ws/install/hyperdog_msgs:/opt/ros/iron LD_LIBRARY_PATH=/home/nicoleibert/hyperdog_ws/install/hyperdog_msgs/lib:${LD_LIBRARY_PATH} PYTHONPATH=/home/nicoleibert/hyperdog_ws/install/hyperdog_msgs/lib/python3.10/site-packages:${PYTHONPATH} /usr/bin/cmake /home/nicoleibert/hyperdog_ws/src/hyperdog_ros2/hyperdog_teleop -DCMAKE_INSTALL_PREFIX=/home/nicoleibert/hyperdog_ws/install/hyperdog_teleop
[10.476s] DEBUG:colcon.colcon_core.event_handler.log_command:Invoking command in '/home/nicoleibert/hyperdog_ws/build/hyperdog_teleop': AMENT_PREFIX_PATH=/home/nicoleibert/hyperdog_ws/install/hyperdog_msgs:${AMENT_PREFIX_PATH} CMAKE_PREFIX_PATH=/home/nicoleibert/hyperdog_ws/install/hyperdog_msgs:/opt/ros/iron LD_LIBRARY_PATH=/home/nicoleibert/hyperdog_ws/install/hyperdog_msgs/lib:${LD_LIBRARY_PATH} PYTHONPATH=/home/nicoleibert/hyperdog_ws/install/hyperdog_msgs/lib/python3.10/site-packages:${PYTHONPATH} /usr/bin/cmake --build /home/nicoleibert/hyperdog_ws/build/hyperdog_teleop -- -j16 -l16
[10.479s] DEBUG:colcon.colcon_core.event_handler.log_command:Invoked command in '/home/nicoleibert/hyperdog_ws/build/hyperdog_gazebo_sim' returned '0': AMENT_PREFIX_PATH=/home/nicoleibert/hyperdog_ws/install/hyperdog_msgs:${AMENT_PREFIX_PATH} CMAKE_PREFIX_PATH=/home/nicoleibert/hyperdog_ws/install/hyperdog_msgs:/opt/ros/iron LD_LIBRARY_PATH=/home/nicoleibert/hyperdog_ws/install/hyperdog_msgs/lib:${LD_LIBRARY_PATH} PYTHONPATH=/home/nicoleibert/hyperdog_ws/install/hyperdog_msgs/lib/python3.10/site-packages:${PYTHONPATH} /usr/bin/cmake /home/nicoleibert/hyperdog_ws/src/hyperdog_ros2/hyperdog_gazebo_sim -DCMAKE_INSTALL_PREFIX=/home/nicoleibert/hyperdog_ws/install/hyperdog_gazebo_sim
[10.481s] DEBUG:colcon.colcon_core.event_handler.log_command:Invoking command in '/home/nicoleibert/hyperdog_ws/build/hyperdog_gazebo_sim': AMENT_PREFIX_PATH=/home/nicoleibert/hyperdog_ws/install/hyperdog_msgs:${AMENT_PREFIX_PATH} CMAKE_PREFIX_PATH=/home/nicoleibert/hyperdog_ws/install/hyperdog_msgs:/opt/ros/iron LD_LIBRARY_PATH=/home/nicoleibert/hyperdog_ws/install/hyperdog_msgs/lib:${LD_LIBRARY_PATH} PYTHONPATH=/home/nicoleibert/hyperdog_ws/install/hyperdog_msgs/lib/python3.10/site-packages:${PYTHONPATH} /usr/bin/cmake --build /home/nicoleibert/hyperdog_ws/build/hyperdog_gazebo_sim -- -j16 -l16
[10.802s] DEBUG:colcon.colcon_core.event_handler.log_command:Invoked command in '/home/nicoleibert/hyperdog_ws/build/hyperdog_teleop' returned '2': AMENT_PREFIX_PATH=/home/nicoleibert/hyperdog_ws/install/hyperdog_msgs:${AMENT_PREFIX_PATH} CMAKE_PREFIX_PATH=/home/nicoleibert/hyperdog_ws/install/hyperdog_msgs:/opt/ros/iron LD_LIBRARY_PATH=/home/nicoleibert/hyperdog_ws/install/hyperdog_msgs/lib:${LD_LIBRARY_PATH} PYTHONPATH=/home/nicoleibert/hyperdog_ws/install/hyperdog_msgs/lib/python3.10/site-packages:${PYTHONPATH} /usr/bin/cmake --build /home/nicoleibert/hyperdog_ws/build/hyperdog_teleop -- -j16 -l16
[10.852s] Level 1:colcon.colcon_core.environment:create_environment_scripts_only(hyperdog_teleop)
[10.865s] Level 1:colcon.colcon_core.environment:checking '/home/nicoleibert/hyperdog_ws/install/hyperdog_teleop' for CMake module files
[10.866s] Level 1:colcon.colcon_core.environment:checking '/home/nicoleibert/hyperdog_ws/install/hyperdog_teleop' for CMake config files
[10.866s] Level 1:colcon.colcon_core.environment:checking '/home/nicoleibert/hyperdog_ws/install/hyperdog_teleop/bin'
[10.866s] Level 1:colcon.colcon_core.environment:checking '/home/nicoleibert/hyperdog_ws/install/hyperdog_teleop/lib/pkgconfig/hyperdog_teleop.pc'
[10.866s] Level 1:colcon.colcon_core.environment:checking '/home/nicoleibert/hyperdog_ws/install/hyperdog_teleop/lib/python3.10/site-packages'
[10.866s] Level 1:colcon.colcon_core.environment:checking '/home/nicoleibert/hyperdog_ws/install/hyperdog_teleop/bin'
[10.879s] INFO:colcon.colcon_core.shell:Creating package script '/home/nicoleibert/hyperdog_ws/install/hyperdog_teleop/share/hyperdog_teleop/package.ps1'
[10.880s] INFO:colcon.colcon_core.shell:Creating package descriptor '/home/nicoleibert/hyperdog_ws/install/hyperdog_teleop/share/hyperdog_teleop/package.dsv'
[10.880s] INFO:colcon.colcon_core.shell:Creating package script '/home/nicoleibert/hyperdog_ws/install/hyperdog_teleop/share/hyperdog_teleop/package.sh'
[10.880s] INFO:colcon.colcon_core.shell:Creating package script '/home/nicoleibert/hyperdog_ws/install/hyperdog_teleop/share/hyperdog_teleop/package.bash'
[10.881s] INFO:colcon.colcon_core.shell:Creating package script '/home/nicoleibert/hyperdog_ws/install/hyperdog_teleop/share/hyperdog_teleop/package.zsh'
[10.881s] Level 1:colcon.colcon_core.environment:create_file_with_runtime_dependencies(/home/nicoleibert/hyperdog_ws/install/hyperdog_teleop/share/colcon-core/packages/hyperdog_teleop)
[17.023s] DEBUG:colcon.colcon_parallel_executor.executor.parallel:closing loop
[17.023s] DEBUG:colcon.colcon_parallel_executor.executor.parallel:loop closed
[17.023s] DEBUG:colcon.colcon_parallel_executor.executor.parallel:run_until_complete finished with '2'
[17.023s] DEBUG:colcon.colcon_core.event_reactor:joining thread
[17.061s] INFO:colcon.colcon_core.plugin_system:Skipping extension 'colcon_notification.desktop_notification.terminal_notifier': Not used on non-Darwin systems
[17.061s] INFO:colcon.colcon_core.plugin_system:Skipping extension 'colcon_notification.desktop_notification.win32': Not used on non-Windows systems
[17.061s] INFO:colcon.colcon_notification.desktop_notification:Sending desktop notification using 'notify2'
[17.089s] DEBUG:colcon.colcon_core.event_reactor:joined thread
[17.131s] INFO:colcon.colcon_core.shell:Creating prefix script '/home/nicoleibert/hyperdog_ws/install/local_setup.ps1'
[17.132s] INFO:colcon.colcon_core.shell:Creating prefix util module '/home/nicoleibert/hyperdog_ws/install/_local_setup_util_ps1.py'
[17.135s] INFO:colcon.colcon_core.shell:Creating prefix chain script '/home/nicoleibert/hyperdog_ws/install/setup.ps1'
[17.164s] INFO:colcon.colcon_core.shell:Creating prefix script '/home/nicoleibert/hyperdog_ws/install/local_setup.sh'
[17.165s] INFO:colcon.colcon_core.shell:Creating prefix util module '/home/nicoleibert/hyperdog_ws/install/_local_setup_util_sh.py'
[17.165s] INFO:colcon.colcon_core.shell:Creating prefix chain script '/home/nicoleibert/hyperdog_ws/install/setup.sh'
[17.192s] INFO:colcon.colcon_core.shell:Creating prefix script '/home/nicoleibert/hyperdog_ws/install/local_setup.bash'
[17.193s] INFO:colcon.colcon_core.shell:Creating prefix chain script '/home/nicoleibert/hyperdog_ws/install/setup.bash'
[17.211s] INFO:colcon.colcon_core.shell:Creating prefix script '/home/nicoleibert/hyperdog_ws/install/local_setup.zsh'
[17.211s] INFO:colcon.colcon_core.shell:Creating prefix chain script '/home/nicoleibert/hyperdog_ws/install/setup.zsh'
