[0.635s] DEBUG:colcon:Command line arguments: ['/usr/bin/colcon', 'build']
[0.635s] DEBUG:colcon:Parsed command line arguments: Namespace(log_base=None, log_level=None, verb_name='build', build_base='build', install_base='install', merge_install=False, symlink_install=False, test_result_base=None, continue_on_error=False, executor='parallel', parallel_workers=16, event_handlers=None, ignore_user_meta=False, metas=['./colcon.meta'], base_paths=['.'], packages_ignore=None, packages_ignore_regex=None, paths=None, packages_up_to=None, packages_up_to_regex=None, packages_above=None, packages_above_and_dependencies=None, packages_above_depth=None, packages_select_by_dep=None, packages_skip_by_dep=None, packages_skip_up_to=None, packages_select_build_failed=False, packages_skip_build_finished=False, packages_select_test_failures=False, packages_skip_test_passed=False, packages_select=None, packages_skip=None, packages_select_regex=None, packages_skip_regex=None, packages_start=None, packages_end=None, allow_overriding=[], cmake_args=None, cmake_target=None, cmake_target_skip_unavailable=False, cmake_clean_cache=False, cmake_clean_first=False, cmake_force_configure=False, ament_cmake_args=None, catkin_cmake_args=None, catkin_skip_building_tests=False, verb_parser=<colcon_defaults.argument_parser.defaults.DefaultArgumentsDecorator object at 0x7fdca8edca30>, verb_extension=<colcon_core.verb.build.BuildVerb object at 0x7fdca8e95de0>, main=<bound method BuildVerb.main of <colcon_core.verb.build.BuildVerb object at 0x7fdca8e95de0>>)
[0.665s] Level 1:colcon.colcon_core.package_discovery:discover_packages(colcon_meta) check parameters
[0.665s] Level 1:colcon.colcon_core.package_discovery:discover_packages(recursive) check parameters
[0.665s] Level 1:colcon.colcon_core.package_discovery:discover_packages(ignore) check parameters
[0.665s] Level 1:colcon.colcon_core.package_discovery:discover_packages(path) check parameters
[0.665s] Level 1:colcon.colcon_core.package_discovery:discover_packages(colcon_meta) discover
[0.665s] Level 1:colcon.colcon_core.package_discovery:discover_packages(recursive) discover
[0.665s] INFO:colcon.colcon_core.package_discovery:Crawling recursively for packages in '/home/nicoleibert/RRC-RnD-Catbot'
[0.665s] Level 1:colcon.colcon_core.package_identification:_identify(.) by extensions ['ignore', 'ignore_ament_install']
[0.665s] Level 1:colcon.colcon_core.package_identification:_identify(.) by extension 'ignore'
[0.665s] Level 1:colcon.colcon_core.package_identification:_identify(.) by extension 'ignore_ament_install'
[0.665s] Level 1:colcon.colcon_core.package_identification:_identify(.) by extensions ['colcon_pkg']
[0.665s] Level 1:colcon.colcon_core.package_identification:_identify(.) by extension 'colcon_pkg'
[0.665s] Level 1:colcon.colcon_core.package_identification:_identify(.) by extensions ['colcon_meta']
[0.666s] Level 1:colcon.colcon_core.package_identification:_identify(.) by extension 'colcon_meta'
[0.666s] Level 1:colcon.colcon_core.package_identification:_identify(.) by extensions ['ros']
[0.666s] Level 1:colcon.colcon_core.package_identification:_identify(.) by extension 'ros'
[0.673s] Level 1:colcon.colcon_core.package_identification:_identify(.) by extensions ['cmake', 'python']
[0.673s] Level 1:colcon.colcon_core.package_identification:_identify(.) by extension 'cmake'
[0.673s] Level 1:colcon.colcon_core.package_identification:_identify(.) by extension 'python'
[0.673s] Level 1:colcon.colcon_core.package_identification:_identify(.) by extensions ['python_setup_py']
[0.673s] Level 1:colcon.colcon_core.package_identification:_identify(.) by extension 'python_setup_py'
[0.673s] Level 1:colcon.colcon_core.package_identification:_identify(build) by extensions ['ignore', 'ignore_ament_install']
[0.673s] Level 1:colcon.colcon_core.package_identification:_identify(build) by extension 'ignore'
[0.673s] Level 1:colcon.colcon_core.package_identification:_identify(build) ignored
[0.673s] Level 1:colcon.colcon_core.package_identification:_identify(install) by extensions ['ignore', 'ignore_ament_install']
[0.674s] Level 1:colcon.colcon_core.package_identification:_identify(install) by extension 'ignore'
[0.674s] Level 1:colcon.colcon_core.package_identification:_identify(install) ignored
[0.674s] Level 1:colcon.colcon_core.package_identification:_identify(log) by extensions ['ignore', 'ignore_ament_install']
[0.674s] Level 1:colcon.colcon_core.package_identification:_identify(log) by extension 'ignore'
[0.674s] Level 1:colcon.colcon_core.package_identification:_identify(log) ignored
[0.674s] Level 1:colcon.colcon_core.package_identification:_identify(src) by extensions ['ignore', 'ignore_ament_install']
[0.674s] Level 1:colcon.colcon_core.package_identification:_identify(src) by extension 'ignore'
[0.674s] Level 1:colcon.colcon_core.package_identification:_identify(src) by extension 'ignore_ament_install'
[0.674s] Level 1:colcon.colcon_core.package_identification:_identify(src) by extensions ['colcon_pkg']
[0.674s] Level 1:colcon.colcon_core.package_identification:_identify(src) by extension 'colcon_pkg'
[0.674s] Level 1:colcon.colcon_core.package_identification:_identify(src) by extensions ['colcon_meta']
[0.674s] Level 1:colcon.colcon_core.package_identification:_identify(src) by extension 'colcon_meta'
[0.674s] Level 1:colcon.colcon_core.package_identification:_identify(src) by extensions ['ros']
[0.674s] Level 1:colcon.colcon_core.package_identification:_identify(src) by extension 'ros'
[0.674s] Level 1:colcon.colcon_core.package_identification:_identify(src) by extensions ['cmake', 'python']
[0.674s] Level 1:colcon.colcon_core.package_identification:_identify(src) by extension 'cmake'
[0.674s] Level 1:colcon.colcon_core.package_identification:_identify(src) by extension 'python'
[0.674s] Level 1:colcon.colcon_core.package_identification:_identify(src) by extensions ['python_setup_py']
[0.674s] Level 1:colcon.colcon_core.package_identification:_identify(src) by extension 'python_setup_py'
[0.674s] Level 1:colcon.colcon_core.package_identification:_identify(src/hyperdog_ros2) by extensions ['ignore', 'ignore_ament_install']
[0.674s] Level 1:colcon.colcon_core.package_identification:_identify(src/hyperdog_ros2) by extension 'ignore'
[0.674s] Level 1:colcon.colcon_core.package_identification:_identify(src/hyperdog_ros2) by extension 'ignore_ament_install'
[0.674s] Level 1:colcon.colcon_core.package_identification:_identify(src/hyperdog_ros2) by extensions ['colcon_pkg']
[0.674s] Level 1:colcon.colcon_core.package_identification:_identify(src/hyperdog_ros2) by extension 'colcon_pkg'
[0.674s] Level 1:colcon.colcon_core.package_identification:_identify(src/hyperdog_ros2) by extensions ['colcon_meta']
[0.674s] Level 1:colcon.colcon_core.package_identification:_identify(src/hyperdog_ros2) by extension 'colcon_meta'
[0.674s] Level 1:colcon.colcon_core.package_identification:_identify(src/hyperdog_ros2) by extensions ['ros']
[0.674s] Level 1:colcon.colcon_core.package_identification:_identify(src/hyperdog_ros2) by extension 'ros'
[0.674s] Level 1:colcon.colcon_core.package_identification:_identify(src/hyperdog_ros2) by extensions ['cmake', 'python']
[0.674s] Level 1:colcon.colcon_core.package_identification:_identify(src/hyperdog_ros2) by extension 'cmake'
[0.674s] Level 1:colcon.colcon_core.package_identification:_identify(src/hyperdog_ros2) by extension 'python'
[0.675s] Level 1:colcon.colcon_core.package_identification:_identify(src/hyperdog_ros2) by extensions ['python_setup_py']
[0.675s] Level 1:colcon.colcon_core.package_identification:_identify(src/hyperdog_ros2) by extension 'python_setup_py'
[0.675s] Level 1:colcon.colcon_core.package_identification:_identify(src/hyperdog_ros2/hyperdog_ctrl) by extensions ['ignore', 'ignore_ament_install']
[0.675s] Level 1:colcon.colcon_core.package_identification:_identify(src/hyperdog_ros2/hyperdog_ctrl) by extension 'ignore'
[0.675s] Level 1:colcon.colcon_core.package_identification:_identify(src/hyperdog_ros2/hyperdog_ctrl) by extension 'ignore_ament_install'
[0.675s] Level 1:colcon.colcon_core.package_identification:_identify(src/hyperdog_ros2/hyperdog_ctrl) by extensions ['colcon_pkg']
[0.675s] Level 1:colcon.colcon_core.package_identification:_identify(src/hyperdog_ros2/hyperdog_ctrl) by extension 'colcon_pkg'
[0.675s] Level 1:colcon.colcon_core.package_identification:_identify(src/hyperdog_ros2/hyperdog_ctrl) by extensions ['colcon_meta']
[0.675s] Level 1:colcon.colcon_core.package_identification:_identify(src/hyperdog_ros2/hyperdog_ctrl) by extension 'colcon_meta'
[0.675s] Level 1:colcon.colcon_core.package_identification:_identify(src/hyperdog_ros2/hyperdog_ctrl) by extensions ['ros']
[0.675s] Level 1:colcon.colcon_core.package_identification:_identify(src/hyperdog_ros2/hyperdog_ctrl) by extension 'ros'
[0.676s] DEBUG:colcon.colcon_core.package_identification:Package 'src/hyperdog_ros2/hyperdog_ctrl' with type 'ros.ament_python' and name 'hyperdog_ctrl'
[0.677s] Level 1:colcon.colcon_core.package_identification:_identify(src/hyperdog_ros2/hyperdog_gazebo_sim) by extensions ['ignore', 'ignore_ament_install']
[0.677s] Level 1:colcon.colcon_core.package_identification:_identify(src/hyperdog_ros2/hyperdog_gazebo_sim) by extension 'ignore'
[0.677s] Level 1:colcon.colcon_core.package_identification:_identify(src/hyperdog_ros2/hyperdog_gazebo_sim) by extension 'ignore_ament_install'
[0.677s] Level 1:colcon.colcon_core.package_identification:_identify(src/hyperdog_ros2/hyperdog_gazebo_sim) by extensions ['colcon_pkg']
[0.677s] Level 1:colcon.colcon_core.package_identification:_identify(src/hyperdog_ros2/hyperdog_gazebo_sim) by extension 'colcon_pkg'
[0.677s] Level 1:colcon.colcon_core.package_identification:_identify(src/hyperdog_ros2/hyperdog_gazebo_sim) by extensions ['colcon_meta']
[0.677s] Level 1:colcon.colcon_core.package_identification:_identify(src/hyperdog_ros2/hyperdog_gazebo_sim) by extension 'colcon_meta'
[0.677s] Level 1:colcon.colcon_core.package_identification:_identify(src/hyperdog_ros2/hyperdog_gazebo_sim) by extensions ['ros']
[0.677s] Level 1:colcon.colcon_core.package_identification:_identify(src/hyperdog_ros2/hyperdog_gazebo_sim) by extension 'ros'
[0.677s] DEBUG:colcon.colcon_core.package_identification:Package 'src/hyperdog_ros2/hyperdog_gazebo_sim' with type 'ros.ament_cmake' and name 'hyperdog_gazebo_sim'
[0.677s] Level 1:colcon.colcon_core.package_identification:_identify(src/hyperdog_ros2/hyperdog_launch) by extensions ['ignore', 'ignore_ament_install']
[0.677s] Level 1:colcon.colcon_core.package_identification:_identify(src/hyperdog_ros2/hyperdog_launch) by extension 'ignore'
[0.677s] Level 1:colcon.colcon_core.package_identification:_identify(src/hyperdog_ros2/hyperdog_launch) by extension 'ignore_ament_install'
[0.677s] Level 1:colcon.colcon_core.package_identification:_identify(src/hyperdog_ros2/hyperdog_launch) by extensions ['colcon_pkg']
[0.677s] Level 1:colcon.colcon_core.package_identification:_identify(src/hyperdog_ros2/hyperdog_launch) by extension 'colcon_pkg'
[0.677s] Level 1:colcon.colcon_core.package_identification:_identify(src/hyperdog_ros2/hyperdog_launch) by extensions ['colcon_meta']
[0.677s] Level 1:colcon.colcon_core.package_identification:_identify(src/hyperdog_ros2/hyperdog_launch) by extension 'colcon_meta'
[0.677s] Level 1:colcon.colcon_core.package_identification:_identify(src/hyperdog_ros2/hyperdog_launch) by extensions ['ros']
[0.677s] Level 1:colcon.colcon_core.package_identification:_identify(src/hyperdog_ros2/hyperdog_launch) by extension 'ros'
[0.678s] DEBUG:colcon.colcon_core.package_identification:Package 'src/hyperdog_ros2/hyperdog_launch' with type 'ros.ament_python' and name 'hyperdog_launch'
[0.678s] Level 1:colcon.colcon_core.package_identification:_identify(src/hyperdog_ros2/hyperdog_msgs) by extensions ['ignore', 'ignore_ament_install']
[0.678s] Level 1:colcon.colcon_core.package_identification:_identify(src/hyperdog_ros2/hyperdog_msgs) by extension 'ignore'
[0.678s] Level 1:colcon.colcon_core.package_identification:_identify(src/hyperdog_ros2/hyperdog_msgs) by extension 'ignore_ament_install'
[0.678s] Level 1:colcon.colcon_core.package_identification:_identify(src/hyperdog_ros2/hyperdog_msgs) by extensions ['colcon_pkg']
[0.678s] Level 1:colcon.colcon_core.package_identification:_identify(src/hyperdog_ros2/hyperdog_msgs) by extension 'colcon_pkg'
[0.678s] Level 1:colcon.colcon_core.package_identification:_identify(src/hyperdog_ros2/hyperdog_msgs) by extensions ['colcon_meta']
[0.678s] Level 1:colcon.colcon_core.package_identification:_identify(src/hyperdog_ros2/hyperdog_msgs) by extension 'colcon_meta'
[0.678s] Level 1:colcon.colcon_core.package_identification:_identify(src/hyperdog_ros2/hyperdog_msgs) by extensions ['ros']
[0.678s] Level 1:colcon.colcon_core.package_identification:_identify(src/hyperdog_ros2/hyperdog_msgs) by extension 'ros'
[0.678s] DEBUG:colcon.colcon_core.package_identification:Package 'src/hyperdog_ros2/hyperdog_msgs' with type 'ros.ament_cmake' and name 'hyperdog_msgs'
[0.678s] Level 1:colcon.colcon_core.package_identification:_identify(src/hyperdog_ros2/hyperdog_teleop) by extensions ['ignore', 'ignore_ament_install']
[0.679s] Level 1:colcon.colcon_core.package_identification:_identify(src/hyperdog_ros2/hyperdog_teleop) by extension 'ignore'
[0.679s] Level 1:colcon.colcon_core.package_identification:_identify(src/hyperdog_ros2/hyperdog_teleop) by extension 'ignore_ament_install'
[0.679s] Level 1:colcon.colcon_core.package_identification:_identify(src/hyperdog_ros2/hyperdog_teleop) by extensions ['colcon_pkg']
[0.679s] Level 1:colcon.colcon_core.package_identification:_identify(src/hyperdog_ros2/hyperdog_teleop) by extension 'colcon_pkg'
[0.679s] Level 1:colcon.colcon_core.package_identification:_identify(src/hyperdog_ros2/hyperdog_teleop) by extensions ['colcon_meta']
[0.679s] Level 1:colcon.colcon_core.package_identification:_identify(src/hyperdog_ros2/hyperdog_teleop) by extension 'colcon_meta'
[0.679s] Level 1:colcon.colcon_core.package_identification:_identify(src/hyperdog_ros2/hyperdog_teleop) by extensions ['ros']
[0.679s] Level 1:colcon.colcon_core.package_identification:_identify(src/hyperdog_ros2/hyperdog_teleop) by extension 'ros'
[0.679s] DEBUG:colcon.colcon_core.package_identification:Package 'src/hyperdog_ros2/hyperdog_teleop' with type 'ros.ament_cmake' and name 'hyperdog_teleop'
[0.679s] Level 1:colcon.colcon_core.package_discovery:discover_packages(recursive) using defaults
[0.679s] Level 1:colcon.colcon_core.package_discovery:discover_packages(ignore) discover
[0.679s] Level 1:colcon.colcon_core.package_discovery:discover_packages(ignore) using defaults
[0.679s] Level 1:colcon.colcon_core.package_discovery:discover_packages(path) discover
[0.679s] Level 1:colcon.colcon_core.package_discovery:discover_packages(path) using defaults
[0.741s] Level 1:colcon.colcon_core.package_discovery:discover_packages(prefix_path) check parameters
[0.741s] Level 1:colcon.colcon_core.package_discovery:discover_packages(prefix_path) discover
[0.768s] DEBUG:colcon.colcon_installed_package_information.package_discovery:Found 404 installed packages in /opt/ros/iron
[0.770s] Level 1:colcon.colcon_core.package_discovery:discover_packages(prefix_path) using defaults
[0.830s] Level 5:colcon.colcon_core.verb:set package 'hyperdog_launch' build argument 'cmake_args' from command line to 'None'
[0.830s] Level 5:colcon.colcon_core.verb:set package 'hyperdog_launch' build argument 'cmake_target' from command line to 'None'
[0.830s] Level 5:colcon.colcon_core.verb:set package 'hyperdog_launch' build argument 'cmake_target_skip_unavailable' from command line to 'False'
[0.830s] Level 5:colcon.colcon_core.verb:set package 'hyperdog_launch' build argument 'cmake_clean_cache' from command line to 'False'
[0.830s] Level 5:colcon.colcon_core.verb:set package 'hyperdog_launch' build argument 'cmake_clean_first' from command line to 'False'
[0.830s] Level 5:colcon.colcon_core.verb:set package 'hyperdog_launch' build argument 'cmake_force_configure' from command line to 'False'
[0.830s] Level 5:colcon.colcon_core.verb:set package 'hyperdog_launch' build argument 'ament_cmake_args' from command line to 'None'
[0.830s] Level 5:colcon.colcon_core.verb:set package 'hyperdog_launch' build argument 'catkin_cmake_args' from command line to 'None'
[0.830s] Level 5:colcon.colcon_core.verb:set package 'hyperdog_launch' build argument 'catkin_skip_building_tests' from command line to 'False'
[0.830s] DEBUG:colcon.colcon_core.verb:Building package 'hyperdog_launch' with the following arguments: {'ament_cmake_args': None, 'build_base': '/home/nicoleibert/RRC-RnD-Catbot/build/hyperdog_launch', 'catkin_cmake_args': None, 'catkin_skip_building_tests': False, 'cmake_args': None, 'cmake_clean_cache': False, 'cmake_clean_first': False, 'cmake_force_configure': False, 'cmake_target': None, 'cmake_target_skip_unavailable': False, 'install_base': '/home/nicoleibert/RRC-RnD-Catbot/install/hyperdog_launch', 'merge_install': False, 'path': '/home/nicoleibert/RRC-RnD-Catbot/src/hyperdog_ros2/hyperdog_launch', 'symlink_install': False, 'test_result_base': None}
[0.840s] Level 5:colcon.colcon_core.verb:set package 'hyperdog_msgs' build argument 'cmake_args' from command line to 'None'
[0.840s] Level 5:colcon.colcon_core.verb:set package 'hyperdog_msgs' build argument 'cmake_target' from command line to 'None'
[0.840s] Level 5:colcon.colcon_core.verb:set package 'hyperdog_msgs' build argument 'cmake_target_skip_unavailable' from command line to 'False'
[0.840s] Level 5:colcon.colcon_core.verb:set package 'hyperdog_msgs' build argument 'cmake_clean_cache' from command line to 'False'
[0.840s] Level 5:colcon.colcon_core.verb:set package 'hyperdog_msgs' build argument 'cmake_clean_first' from command line to 'False'
[0.840s] Level 5:colcon.colcon_core.verb:set package 'hyperdog_msgs' build argument 'cmake_force_configure' from command line to 'False'
[0.840s] Level 5:colcon.colcon_core.verb:set package 'hyperdog_msgs' build argument 'ament_cmake_args' from command line to 'None'
[0.840s] Level 5:colcon.colcon_core.verb:set package 'hyperdog_msgs' build argument 'catkin_cmake_args' from command line to 'None'
[0.840s] Level 5:colcon.colcon_core.verb:set package 'hyperdog_msgs' build argument 'catkin_skip_building_tests' from command line to 'False'
[0.840s] DEBUG:colcon.colcon_core.verb:Building package 'hyperdog_msgs' with the following arguments: {'ament_cmake_args': None, 'build_base': '/home/nicoleibert/RRC-RnD-Catbot/build/hyperdog_msgs', 'catkin_cmake_args': None, 'catkin_skip_building_tests': False, 'cmake_args': None, 'cmake_clean_cache': False, 'cmake_clean_first': False, 'cmake_force_configure': False, 'cmake_target': None, 'cmake_target_skip_unavailable': False, 'install_base': '/home/nicoleibert/RRC-RnD-Catbot/install/hyperdog_msgs', 'merge_install': False, 'path': '/home/nicoleibert/RRC-RnD-Catbot/src/hyperdog_ros2/hyperdog_msgs', 'symlink_install': False, 'test_result_base': None}
[0.850s] Level 5:colcon.colcon_core.verb:set package 'hyperdog_ctrl' build argument 'cmake_args' from command line to 'None'
[0.850s] Level 5:colcon.colcon_core.verb:set package 'hyperdog_ctrl' build argument 'cmake_target' from command line to 'None'
[0.850s] Level 5:colcon.colcon_core.verb:set package 'hyperdog_ctrl' build argument 'cmake_target_skip_unavailable' from command line to 'False'
[0.850s] Level 5:colcon.colcon_core.verb:set package 'hyperdog_ctrl' build argument 'cmake_clean_cache' from command line to 'False'
[0.850s] Level 5:colcon.colcon_core.verb:set package 'hyperdog_ctrl' build argument 'cmake_clean_first' from command line to 'False'
[0.850s] Level 5:colcon.colcon_core.verb:set package 'hyperdog_ctrl' build argument 'cmake_force_configure' from command line to 'False'
[0.850s] Level 5:colcon.colcon_core.verb:set package 'hyperdog_ctrl' build argument 'ament_cmake_args' from command line to 'None'
[0.850s] Level 5:colcon.colcon_core.verb:set package 'hyperdog_ctrl' build argument 'catkin_cmake_args' from command line to 'None'
[0.850s] Level 5:colcon.colcon_core.verb:set package 'hyperdog_ctrl' build argument 'catkin_skip_building_tests' from command line to 'False'
[0.851s] DEBUG:colcon.colcon_core.verb:Building package 'hyperdog_ctrl' with the following arguments: {'ament_cmake_args': None, 'build_base': '/home/nicoleibert/RRC-RnD-Catbot/build/hyperdog_ctrl', 'catkin_cmake_args': None, 'catkin_skip_building_tests': False, 'cmake_args': None, 'cmake_clean_cache': False, 'cmake_clean_first': False, 'cmake_force_configure': False, 'cmake_target': None, 'cmake_target_skip_unavailable': False, 'install_base': '/home/nicoleibert/RRC-RnD-Catbot/install/hyperdog_ctrl', 'merge_install': False, 'path': '/home/nicoleibert/RRC-RnD-Catbot/src/hyperdog_ros2/hyperdog_ctrl', 'symlink_install': False, 'test_result_base': None}
[0.861s] Level 5:colcon.colcon_core.verb:set package 'hyperdog_gazebo_sim' build argument 'cmake_args' from command line to 'None'
[0.861s] Level 5:colcon.colcon_core.verb:set package 'hyperdog_gazebo_sim' build argument 'cmake_target' from command line to 'None'
[0.861s] Level 5:colcon.colcon_core.verb:set package 'hyperdog_gazebo_sim' build argument 'cmake_target_skip_unavailable' from command line to 'False'
[0.861s] Level 5:colcon.colcon_core.verb:set package 'hyperdog_gazebo_sim' build argument 'cmake_clean_cache' from command line to 'False'
[0.861s] Level 5:colcon.colcon_core.verb:set package 'hyperdog_gazebo_sim' build argument 'cmake_clean_first' from command line to 'False'
[0.861s] Level 5:colcon.colcon_core.verb:set package 'hyperdog_gazebo_sim' build argument 'cmake_force_configure' from command line to 'False'
[0.861s] Level 5:colcon.colcon_core.verb:set package 'hyperdog_gazebo_sim' build argument 'ament_cmake_args' from command line to 'None'
[0.861s] Level 5:colcon.colcon_core.verb:set package 'hyperdog_gazebo_sim' build argument 'catkin_cmake_args' from command line to 'None'
[0.861s] Level 5:colcon.colcon_core.verb:set package 'hyperdog_gazebo_sim' build argument 'catkin_skip_building_tests' from command line to 'False'
[0.861s] DEBUG:colcon.colcon_core.verb:Building package 'hyperdog_gazebo_sim' with the following arguments: {'ament_cmake_args': None, 'build_base': '/home/nicoleibert/RRC-RnD-Catbot/build/hyperdog_gazebo_sim', 'catkin_cmake_args': None, 'catkin_skip_building_tests': False, 'cmake_args': None, 'cmake_clean_cache': False, 'cmake_clean_first': False, 'cmake_force_configure': False, 'cmake_target': None, 'cmake_target_skip_unavailable': False, 'install_base': '/home/nicoleibert/RRC-RnD-Catbot/install/hyperdog_gazebo_sim', 'merge_install': False, 'path': '/home/nicoleibert/RRC-RnD-Catbot/src/hyperdog_ros2/hyperdog_gazebo_sim', 'symlink_install': False, 'test_result_base': None}
[0.871s] Level 5:colcon.colcon_core.verb:set package 'hyperdog_teleop' build argument 'cmake_args' from command line to 'None'
[0.871s] Level 5:colcon.colcon_core.verb:set package 'hyperdog_teleop' build argument 'cmake_target' from command line to 'None'
[0.871s] Level 5:colcon.colcon_core.verb:set package 'hyperdog_teleop' build argument 'cmake_target_skip_unavailable' from command line to 'False'
[0.871s] Level 5:colcon.colcon_core.verb:set package 'hyperdog_teleop' build argument 'cmake_clean_cache' from command line to 'False'
[0.871s] Level 5:colcon.colcon_core.verb:set package 'hyperdog_teleop' build argument 'cmake_clean_first' from command line to 'False'
[0.871s] Level 5:colcon.colcon_core.verb:set package 'hyperdog_teleop' build argument 'cmake_force_configure' from command line to 'False'
[0.871s] Level 5:colcon.colcon_core.verb:set package 'hyperdog_teleop' build argument 'ament_cmake_args' from command line to 'None'
[0.871s] Level 5:colcon.colcon_core.verb:set package 'hyperdog_teleop' build argument 'catkin_cmake_args' from command line to 'None'
[0.871s] Level 5:colcon.colcon_core.verb:set package 'hyperdog_teleop' build argument 'catkin_skip_building_tests' from command line to 'False'
[0.871s] DEBUG:colcon.colcon_core.verb:Building package 'hyperdog_teleop' with the following arguments: {'ament_cmake_args': None, 'build_base': '/home/nicoleibert/RRC-RnD-Catbot/build/hyperdog_teleop', 'catkin_cmake_args': None, 'catkin_skip_building_tests': False, 'cmake_args': None, 'cmake_clean_cache': False, 'cmake_clean_first': False, 'cmake_force_configure': False, 'cmake_target': None, 'cmake_target_skip_unavailable': False, 'install_base': '/home/nicoleibert/RRC-RnD-Catbot/install/hyperdog_teleop', 'merge_install': False, 'path': '/home/nicoleibert/RRC-RnD-Catbot/src/hyperdog_ros2/hyperdog_teleop', 'symlink_install': False, 'test_result_base': None}
[0.881s] INFO:colcon.colcon_core.executor:Executing jobs using 'parallel' executor
[0.892s] DEBUG:colcon.colcon_parallel_executor.executor.parallel:run_until_complete
[0.892s] INFO:colcon.colcon_ros.task.ament_cmake.build:Building ROS package in '/home/nicoleibert/RRC-RnD-Catbot/src/hyperdog_ros2/hyperdog_msgs' with build type 'ament_cmake'
[0.892s] INFO:colcon.colcon_cmake.task.cmake.build:Building CMake package in '/home/nicoleibert/RRC-RnD-Catbot/src/hyperdog_ros2/hyperdog_msgs'
[0.905s] INFO:colcon.colcon_core.plugin_system:Skipping extension 'colcon_core.shell.bat': Not used on non-Windows systems
[0.905s] INFO:colcon.colcon_core.shell:Skip shell extension 'powershell' for command environment: Not usable outside of PowerShell
[0.905s] DEBUG:colcon.colcon_core.shell:Skip shell extension 'dsv' for command environment
[0.932s] INFO:colcon.colcon_ros.task.ament_python.build:Building ROS package in '/home/nicoleibert/RRC-RnD-Catbot/src/hyperdog_ros2/hyperdog_launch' with build type 'ament_python'
[0.932s] Level 1:colcon.colcon_core.shell:create_environment_hook('hyperdog_launch', 'ament_prefix_path')
[0.943s] INFO:colcon.colcon_core.shell:Creating environment hook '/home/nicoleibert/RRC-RnD-Catbot/install/hyperdog_launch/share/hyperdog_launch/hook/ament_prefix_path.ps1'
[0.943s] INFO:colcon.colcon_core.shell:Creating environment descriptor '/home/nicoleibert/RRC-RnD-Catbot/install/hyperdog_launch/share/hyperdog_launch/hook/ament_prefix_path.dsv'
[0.944s] INFO:colcon.colcon_core.shell:Creating environment hook '/home/nicoleibert/RRC-RnD-Catbot/install/hyperdog_launch/share/hyperdog_launch/hook/ament_prefix_path.sh'
[0.958s] INFO:colcon.colcon_core.shell:Skip shell extension 'powershell' for command environment: Not usable outside of PowerShell
[0.958s] DEBUG:colcon.colcon_core.shell:Skip shell extension 'dsv' for command environment
[0.983s] DEBUG:colcon.colcon_core.event_handler.log_command:Invoking command in '/home/nicoleibert/RRC-RnD-Catbot/build/hyperdog_msgs': CMAKE_PREFIX_PATH=/opt/ros/iron /usr/bin/cmake --build /home/nicoleibert/RRC-RnD-Catbot/build/hyperdog_msgs -- -j16 -l16
[1.160s] INFO:colcon.colcon_core.task.python.build:Building Python package in '/home/nicoleibert/RRC-RnD-Catbot/src/hyperdog_ros2/hyperdog_launch'
[1.170s] INFO:colcon.colcon_core.shell:Skip shell extension 'powershell' for command environment: Not usable outside of PowerShell
[1.170s] DEBUG:colcon.colcon_core.shell:Skip shell extension 'dsv' for command environment
[1.431s] DEBUG:colcon.colcon_core.event_handler.log_command:Invoking command in '/home/nicoleibert/RRC-RnD-Catbot/src/hyperdog_ros2/hyperdog_launch': PYTHONPATH=/home/nicoleibert/RRC-RnD-Catbot/build/hyperdog_launch/prefix_override:/home/nicoleibert/RRC-RnD-Catbot/install/hyperdog_launch/lib/python3.10/site-packages:${PYTHONPATH} /usr/bin/python3 setup.py egg_info --egg-base ../../../build/hyperdog_launch build --build-base /home/nicoleibert/RRC-RnD-Catbot/build/hyperdog_launch/build install --record /home/nicoleibert/RRC-RnD-Catbot/build/hyperdog_launch/install.log --single-version-externally-managed
[1.626s] DEBUG:colcon.colcon_core.event_handler.log_command:Invoked command in '/home/nicoleibert/RRC-RnD-Catbot/src/hyperdog_ros2/hyperdog_launch' returned '0': PYTHONPATH=/home/nicoleibert/RRC-RnD-Catbot/build/hyperdog_launch/prefix_override:/home/nicoleibert/RRC-RnD-Catbot/install/hyperdog_launch/lib/python3.10/site-packages:${PYTHONPATH} /usr/bin/python3 setup.py egg_info --egg-base ../../../build/hyperdog_launch build --build-base /home/nicoleibert/RRC-RnD-Catbot/build/hyperdog_launch/build install --record /home/nicoleibert/RRC-RnD-Catbot/build/hyperdog_launch/install.log --single-version-externally-managed
[1.636s] Level 1:colcon.colcon_core.environment:checking '/home/nicoleibert/RRC-RnD-Catbot/install/hyperdog_launch' for CMake module files
[1.636s] Level 1:colcon.colcon_core.environment:checking '/home/nicoleibert/RRC-RnD-Catbot/install/hyperdog_launch' for CMake config files
[1.637s] Level 1:colcon.colcon_core.environment:checking '/home/nicoleibert/RRC-RnD-Catbot/install/hyperdog_launch/lib'
[1.637s] Level 1:colcon.colcon_core.environment:checking '/home/nicoleibert/RRC-RnD-Catbot/install/hyperdog_launch/bin'
[1.637s] Level 1:colcon.colcon_core.environment:checking '/home/nicoleibert/RRC-RnD-Catbot/install/hyperdog_launch/lib/pkgconfig/hyperdog_launch.pc'
[1.637s] Level 1:colcon.colcon_core.environment:checking '/home/nicoleibert/RRC-RnD-Catbot/install/hyperdog_launch/lib/python3.10/site-packages'
[1.637s] Level 1:colcon.colcon_core.shell:create_environment_hook('hyperdog_launch', 'pythonpath')
[1.646s] INFO:colcon.colcon_core.shell:Creating environment hook '/home/nicoleibert/RRC-RnD-Catbot/install/hyperdog_launch/share/hyperdog_launch/hook/pythonpath.ps1'
[1.646s] INFO:colcon.colcon_core.shell:Creating environment descriptor '/home/nicoleibert/RRC-RnD-Catbot/install/hyperdog_launch/share/hyperdog_launch/hook/pythonpath.dsv'
[1.647s] INFO:colcon.colcon_core.shell:Creating environment hook '/home/nicoleibert/RRC-RnD-Catbot/install/hyperdog_launch/share/hyperdog_launch/hook/pythonpath.sh'
[1.647s] Level 1:colcon.colcon_core.environment:checking '/home/nicoleibert/RRC-RnD-Catbot/install/hyperdog_launch/bin'
[1.647s] Level 1:colcon.colcon_core.environment:create_environment_scripts_only(hyperdog_launch)
[1.656s] INFO:colcon.colcon_core.shell:Creating package script '/home/nicoleibert/RRC-RnD-Catbot/install/hyperdog_launch/share/hyperdog_launch/package.ps1'
[1.657s] INFO:colcon.colcon_core.shell:Creating package descriptor '/home/nicoleibert/RRC-RnD-Catbot/install/hyperdog_launch/share/hyperdog_launch/package.dsv'
[1.657s] INFO:colcon.colcon_core.shell:Creating package script '/home/nicoleibert/RRC-RnD-Catbot/install/hyperdog_launch/share/hyperdog_launch/package.sh'
[1.658s] INFO:colcon.colcon_core.shell:Creating package script '/home/nicoleibert/RRC-RnD-Catbot/install/hyperdog_launch/share/hyperdog_launch/package.bash'
[1.658s] INFO:colcon.colcon_core.shell:Creating package script '/home/nicoleibert/RRC-RnD-Catbot/install/hyperdog_launch/share/hyperdog_launch/package.zsh'
[1.658s] Level 1:colcon.colcon_core.environment:create_file_with_runtime_dependencies(/home/nicoleibert/RRC-RnD-Catbot/install/hyperdog_launch/share/colcon-core/packages/hyperdog_launch)
[2.348s] DEBUG:colcon.colcon_core.event_handler.log_command:Invoked command in '/home/nicoleibert/RRC-RnD-Catbot/build/hyperdog_msgs' returned '0': CMAKE_PREFIX_PATH=/opt/ros/iron /usr/bin/cmake --build /home/nicoleibert/RRC-RnD-Catbot/build/hyperdog_msgs -- -j16 -l16
[2.445s] DEBUG:colcon.colcon_core.event_handler.log_command:Invoking command in '/home/nicoleibert/RRC-RnD-Catbot/build/hyperdog_msgs': CMAKE_PREFIX_PATH=/opt/ros/iron /usr/bin/cmake --install /home/nicoleibert/RRC-RnD-Catbot/build/hyperdog_msgs
[2.478s] Level 1:colcon.colcon_core.environment:create_environment_scripts_only(hyperdog_msgs)
[2.479s] DEBUG:colcon.colcon_core.event_handler.log_command:Invoked command in '/home/nicoleibert/RRC-RnD-Catbot/build/hyperdog_msgs' returned '0': CMAKE_PREFIX_PATH=/opt/ros/iron /usr/bin/cmake --install /home/nicoleibert/RRC-RnD-Catbot/build/hyperdog_msgs
[2.493s] Level 1:colcon.colcon_core.environment:checking '/home/nicoleibert/RRC-RnD-Catbot/install/hyperdog_msgs' for CMake module files
[2.493s] Level 1:colcon.colcon_core.environment:checking '/home/nicoleibert/RRC-RnD-Catbot/install/hyperdog_msgs' for CMake config files
[2.493s] Level 1:colcon.colcon_core.shell:create_environment_hook('hyperdog_msgs', 'cmake_prefix_path')
[2.504s] INFO:colcon.colcon_core.shell:Creating environment hook '/home/nicoleibert/RRC-RnD-Catbot/install/hyperdog_msgs/share/hyperdog_msgs/hook/cmake_prefix_path.ps1'
[2.505s] INFO:colcon.colcon_core.shell:Creating environment descriptor '/home/nicoleibert/RRC-RnD-Catbot/install/hyperdog_msgs/share/hyperdog_msgs/hook/cmake_prefix_path.dsv'
[2.505s] INFO:colcon.colcon_core.shell:Creating environment hook '/home/nicoleibert/RRC-RnD-Catbot/install/hyperdog_msgs/share/hyperdog_msgs/hook/cmake_prefix_path.sh'
[2.505s] Level 1:colcon.colcon_core.environment:checking '/home/nicoleibert/RRC-RnD-Catbot/install/hyperdog_msgs/lib'
[2.505s] Level 1:colcon.colcon_core.shell:create_environment_hook('hyperdog_msgs', 'ld_library_path_lib')
[2.516s] INFO:colcon.colcon_core.shell:Creating environment hook '/home/nicoleibert/RRC-RnD-Catbot/install/hyperdog_msgs/share/hyperdog_msgs/hook/ld_library_path_lib.ps1'
[2.516s] INFO:colcon.colcon_core.shell:Creating environment descriptor '/home/nicoleibert/RRC-RnD-Catbot/install/hyperdog_msgs/share/hyperdog_msgs/hook/ld_library_path_lib.dsv'
[2.517s] INFO:colcon.colcon_core.shell:Creating environment hook '/home/nicoleibert/RRC-RnD-Catbot/install/hyperdog_msgs/share/hyperdog_msgs/hook/ld_library_path_lib.sh'
[2.517s] Level 1:colcon.colcon_core.environment:checking '/home/nicoleibert/RRC-RnD-Catbot/install/hyperdog_msgs/bin'
[2.517s] Level 1:colcon.colcon_core.environment:checking '/home/nicoleibert/RRC-RnD-Catbot/install/hyperdog_msgs/lib/pkgconfig/hyperdog_msgs.pc'
[2.517s] Level 1:colcon.colcon_core.environment:checking '/home/nicoleibert/RRC-RnD-Catbot/install/hyperdog_msgs/lib/python3.10/site-packages'
[2.517s] Level 1:colcon.colcon_core.shell:create_environment_hook('hyperdog_msgs', 'pythonpath')
[2.527s] INFO:colcon.colcon_core.shell:Creating environment hook '/home/nicoleibert/RRC-RnD-Catbot/install/hyperdog_msgs/share/hyperdog_msgs/hook/pythonpath.ps1'
[2.527s] INFO:colcon.colcon_core.shell:Creating environment descriptor '/home/nicoleibert/RRC-RnD-Catbot/install/hyperdog_msgs/share/hyperdog_msgs/hook/pythonpath.dsv'
[2.527s] INFO:colcon.colcon_core.shell:Creating environment hook '/home/nicoleibert/RRC-RnD-Catbot/install/hyperdog_msgs/share/hyperdog_msgs/hook/pythonpath.sh'
[2.528s] Level 1:colcon.colcon_core.environment:checking '/home/nicoleibert/RRC-RnD-Catbot/install/hyperdog_msgs/bin'
[2.540s] INFO:colcon.colcon_core.shell:Creating package script '/home/nicoleibert/RRC-RnD-Catbot/install/hyperdog_msgs/share/hyperdog_msgs/package.ps1'
[2.540s] INFO:colcon.colcon_core.shell:Creating package descriptor '/home/nicoleibert/RRC-RnD-Catbot/install/hyperdog_msgs/share/hyperdog_msgs/package.dsv'
[2.541s] INFO:colcon.colcon_core.shell:Creating package script '/home/nicoleibert/RRC-RnD-Catbot/install/hyperdog_msgs/share/hyperdog_msgs/package.sh'
[2.541s] INFO:colcon.colcon_core.shell:Creating package script '/home/nicoleibert/RRC-RnD-Catbot/install/hyperdog_msgs/share/hyperdog_msgs/package.bash'
[2.542s] INFO:colcon.colcon_core.shell:Creating package script '/home/nicoleibert/RRC-RnD-Catbot/install/hyperdog_msgs/share/hyperdog_msgs/package.zsh'
[2.542s] Level 1:colcon.colcon_core.environment:create_file_with_runtime_dependencies(/home/nicoleibert/RRC-RnD-Catbot/install/hyperdog_msgs/share/colcon-core/packages/hyperdog_msgs)
[2.630s] Level 1:colcon.colcon_core.environment:create_environment_scripts_only(hyperdog_msgs)
[2.640s] Level 1:colcon.colcon_core.environment:checking '/home/nicoleibert/RRC-RnD-Catbot/install/hyperdog_msgs' for CMake module files
[2.640s] Level 1:colcon.colcon_core.environment:checking '/home/nicoleibert/RRC-RnD-Catbot/install/hyperdog_msgs' for CMake config files
[2.640s] Level 1:colcon.colcon_core.shell:create_environment_hook('hyperdog_msgs', 'cmake_prefix_path')
[2.650s] INFO:colcon.colcon_core.shell:Creating environment hook '/home/nicoleibert/RRC-RnD-Catbot/install/hyperdog_msgs/share/hyperdog_msgs/hook/cmake_prefix_path.ps1'
[2.650s] INFO:colcon.colcon_core.shell:Creating environment descriptor '/home/nicoleibert/RRC-RnD-Catbot/install/hyperdog_msgs/share/hyperdog_msgs/hook/cmake_prefix_path.dsv'
[2.651s] INFO:colcon.colcon_core.shell:Creating environment hook '/home/nicoleibert/RRC-RnD-Catbot/install/hyperdog_msgs/share/hyperdog_msgs/hook/cmake_prefix_path.sh'
[2.651s] Level 1:colcon.colcon_core.environment:checking '/home/nicoleibert/RRC-RnD-Catbot/install/hyperdog_msgs/lib'
[2.651s] Level 1:colcon.colcon_core.shell:create_environment_hook('hyperdog_msgs', 'ld_library_path_lib')
[2.660s] INFO:colcon.colcon_core.shell:Creating environment hook '/home/nicoleibert/RRC-RnD-Catbot/install/hyperdog_msgs/share/hyperdog_msgs/hook/ld_library_path_lib.ps1'
[2.661s] INFO:colcon.colcon_core.shell:Creating environment descriptor '/home/nicoleibert/RRC-RnD-Catbot/install/hyperdog_msgs/share/hyperdog_msgs/hook/ld_library_path_lib.dsv'
[2.661s] INFO:colcon.colcon_core.shell:Creating environment hook '/home/nicoleibert/RRC-RnD-Catbot/install/hyperdog_msgs/share/hyperdog_msgs/hook/ld_library_path_lib.sh'
[2.661s] Level 1:colcon.colcon_core.environment:checking '/home/nicoleibert/RRC-RnD-Catbot/install/hyperdog_msgs/bin'
[2.661s] Level 1:colcon.colcon_core.environment:checking '/home/nicoleibert/RRC-RnD-Catbot/install/hyperdog_msgs/lib/pkgconfig/hyperdog_msgs.pc'
[2.661s] Level 1:colcon.colcon_core.environment:checking '/home/nicoleibert/RRC-RnD-Catbot/install/hyperdog_msgs/lib/python3.10/site-packages'
[2.661s] Level 1:colcon.colcon_core.shell:create_environment_hook('hyperdog_msgs', 'pythonpath')
[2.671s] INFO:colcon.colcon_core.shell:Creating environment hook '/home/nicoleibert/RRC-RnD-Catbot/install/hyperdog_msgs/share/hyperdog_msgs/hook/pythonpath.ps1'
[2.671s] INFO:colcon.colcon_core.shell:Creating environment descriptor '/home/nicoleibert/RRC-RnD-Catbot/install/hyperdog_msgs/share/hyperdog_msgs/hook/pythonpath.dsv'
[2.671s] INFO:colcon.colcon_core.shell:Creating environment hook '/home/nicoleibert/RRC-RnD-Catbot/install/hyperdog_msgs/share/hyperdog_msgs/hook/pythonpath.sh'
[2.672s] Level 1:colcon.colcon_core.environment:checking '/home/nicoleibert/RRC-RnD-Catbot/install/hyperdog_msgs/bin'
[2.681s] INFO:colcon.colcon_core.shell:Creating package script '/home/nicoleibert/RRC-RnD-Catbot/install/hyperdog_msgs/share/hyperdog_msgs/package.ps1'
[2.681s] INFO:colcon.colcon_core.shell:Creating package descriptor '/home/nicoleibert/RRC-RnD-Catbot/install/hyperdog_msgs/share/hyperdog_msgs/package.dsv'
[2.681s] INFO:colcon.colcon_core.shell:Creating package script '/home/nicoleibert/RRC-RnD-Catbot/install/hyperdog_msgs/share/hyperdog_msgs/package.sh'
[2.682s] INFO:colcon.colcon_core.shell:Creating package script '/home/nicoleibert/RRC-RnD-Catbot/install/hyperdog_msgs/share/hyperdog_msgs/package.bash'
[2.682s] INFO:colcon.colcon_core.shell:Creating package script '/home/nicoleibert/RRC-RnD-Catbot/install/hyperdog_msgs/share/hyperdog_msgs/package.zsh'
[2.682s] Level 1:colcon.colcon_core.environment:create_file_with_runtime_dependencies(/home/nicoleibert/RRC-RnD-Catbot/install/hyperdog_msgs/share/colcon-core/packages/hyperdog_msgs)
[2.682s] INFO:colcon.colcon_ros.task.ament_python.build:Building ROS package in '/home/nicoleibert/RRC-RnD-Catbot/src/hyperdog_ros2/hyperdog_ctrl' with build type 'ament_python'
[2.682s] Level 1:colcon.colcon_core.shell:create_environment_hook('hyperdog_ctrl', 'ament_prefix_path')
[2.693s] INFO:colcon.colcon_core.shell:Creating environment hook '/home/nicoleibert/RRC-RnD-Catbot/install/hyperdog_ctrl/share/hyperdog_ctrl/hook/ament_prefix_path.ps1'
[2.694s] INFO:colcon.colcon_core.shell:Creating environment descriptor '/home/nicoleibert/RRC-RnD-Catbot/install/hyperdog_ctrl/share/hyperdog_ctrl/hook/ament_prefix_path.dsv'
[2.694s] INFO:colcon.colcon_core.shell:Creating environment hook '/home/nicoleibert/RRC-RnD-Catbot/install/hyperdog_ctrl/share/hyperdog_ctrl/hook/ament_prefix_path.sh'
[2.708s] INFO:colcon.colcon_core.shell:Skip shell extension 'powershell' for command environment: Not usable outside of PowerShell
[2.708s] DEBUG:colcon.colcon_core.shell:Skip shell extension 'dsv' for command environment
[2.730s] INFO:colcon.colcon_ros.task.ament_cmake.build:Building ROS package in '/home/nicoleibert/RRC-RnD-Catbot/src/hyperdog_ros2/hyperdog_gazebo_sim' with build type 'ament_cmake'
[2.730s] INFO:colcon.colcon_cmake.task.cmake.build:Building CMake package in '/home/nicoleibert/RRC-RnD-Catbot/src/hyperdog_ros2/hyperdog_gazebo_sim'
[2.740s] INFO:colcon.colcon_core.shell:Skip shell extension 'powershell' for command environment: Not usable outside of PowerShell
[2.740s] DEBUG:colcon.colcon_core.shell:Skip shell extension 'dsv' for command environment
[2.765s] INFO:colcon.colcon_ros.task.ament_cmake.build:Building ROS package in '/home/nicoleibert/RRC-RnD-Catbot/src/hyperdog_ros2/hyperdog_teleop' with build type 'ament_cmake'
[2.765s] INFO:colcon.colcon_cmake.task.cmake.build:Building CMake package in '/home/nicoleibert/RRC-RnD-Catbot/src/hyperdog_ros2/hyperdog_teleop'
[2.775s] INFO:colcon.colcon_core.shell:Skip shell extension 'powershell' for command environment: Not usable outside of PowerShell
[2.775s] DEBUG:colcon.colcon_core.shell:Skip shell extension 'dsv' for command environment
[2.984s] INFO:colcon.colcon_core.task.python.build:Building Python package in '/home/nicoleibert/RRC-RnD-Catbot/src/hyperdog_ros2/hyperdog_ctrl'
[2.994s] INFO:colcon.colcon_core.shell:Skip shell extension 'powershell' for command environment: Not usable outside of PowerShell
[2.994s] DEBUG:colcon.colcon_core.shell:Skip shell extension 'dsv' for command environment
[3.019s] DEBUG:colcon.colcon_core.event_handler.log_command:Invoking command in '/home/nicoleibert/RRC-RnD-Catbot/build/hyperdog_gazebo_sim': AMENT_PREFIX_PATH=/home/nicoleibert/hyperdog_ws/install/hyperdog_msgs:${AMENT_PREFIX_PATH} CMAKE_PREFIX_PATH=/home/nicoleibert/RRC-RnD-Catbot/install/hyperdog_msgs:/opt/ros/iron LD_LIBRARY_PATH=/home/nicoleibert/hyperdog_ws/install/hyperdog_msgs/lib:/home/nicoleibert/RRC-RnD-Catbot/install/hyperdog_msgs/lib:${LD_LIBRARY_PATH} PYTHONPATH=/home/nicoleibert/hyperdog_ws/install/hyperdog_msgs/lib/python3.10/site-packages:/home/nicoleibert/RRC-RnD-Catbot/install/hyperdog_msgs/lib/python3.10/site-packages:${PYTHONPATH} /usr/bin/cmake --build /home/nicoleibert/RRC-RnD-Catbot/build/hyperdog_gazebo_sim -- -j16 -l16
[3.021s] DEBUG:colcon.colcon_core.event_handler.log_command:Invoking command in '/home/nicoleibert/RRC-RnD-Catbot/build/hyperdog_teleop': AMENT_PREFIX_PATH=/home/nicoleibert/hyperdog_ws/install/hyperdog_msgs:${AMENT_PREFIX_PATH} CMAKE_PREFIX_PATH=/home/nicoleibert/RRC-RnD-Catbot/install/hyperdog_msgs:/opt/ros/iron LD_LIBRARY_PATH=/home/nicoleibert/hyperdog_ws/install/hyperdog_msgs/lib:/home/nicoleibert/RRC-RnD-Catbot/install/hyperdog_msgs/lib:${LD_LIBRARY_PATH} PYTHONPATH=/home/nicoleibert/hyperdog_ws/install/hyperdog_msgs/lib/python3.10/site-packages:/home/nicoleibert/RRC-RnD-Catbot/install/hyperdog_msgs/lib/python3.10/site-packages:${PYTHONPATH} /usr/bin/cmake --build /home/nicoleibert/RRC-RnD-Catbot/build/hyperdog_teleop -- -j16 -l16
[3.306s] DEBUG:colcon.colcon_core.event_handler.log_command:Invoking command in '/home/nicoleibert/RRC-RnD-Catbot/src/hyperdog_ros2/hyperdog_ctrl': AMENT_PREFIX_PATH=/home/nicoleibert/hyperdog_ws/install/hyperdog_msgs:${AMENT_PREFIX_PATH} CMAKE_PREFIX_PATH=/home/nicoleibert/RRC-RnD-Catbot/install/hyperdog_msgs LD_LIBRARY_PATH=/home/nicoleibert/hyperdog_ws/install/hyperdog_msgs/lib:/home/nicoleibert/RRC-RnD-Catbot/install/hyperdog_msgs/lib:${LD_LIBRARY_PATH} PYTHONPATH=/home/nicoleibert/RRC-RnD-Catbot/build/hyperdog_ctrl/prefix_override:/home/nicoleibert/RRC-RnD-Catbot/install/hyperdog_ctrl/lib/python3.10/site-packages:/home/nicoleibert/hyperdog_ws/install/hyperdog_msgs/lib/python3.10/site-packages:/home/nicoleibert/RRC-RnD-Catbot/install/hyperdog_msgs/lib/python3.10/site-packages:${PYTHONPATH} /usr/bin/python3 setup.py egg_info --egg-base ../../../build/hyperdog_ctrl build --build-base /home/nicoleibert/RRC-RnD-Catbot/build/hyperdog_ctrl/build install --record /home/nicoleibert/RRC-RnD-Catbot/build/hyperdog_ctrl/install.log --single-version-externally-managed
[3.538s] DEBUG:colcon.colcon_core.event_handler.log_command:Invoked command in '/home/nicoleibert/RRC-RnD-Catbot/src/hyperdog_ros2/hyperdog_ctrl' returned '0': AMENT_PREFIX_PATH=/home/nicoleibert/hyperdog_ws/install/hyperdog_msgs:${AMENT_PREFIX_PATH} CMAKE_PREFIX_PATH=/home/nicoleibert/RRC-RnD-Catbot/install/hyperdog_msgs LD_LIBRARY_PATH=/home/nicoleibert/hyperdog_ws/install/hyperdog_msgs/lib:/home/nicoleibert/RRC-RnD-Catbot/install/hyperdog_msgs/lib:${LD_LIBRARY_PATH} PYTHONPATH=/home/nicoleibert/RRC-RnD-Catbot/build/hyperdog_ctrl/prefix_override:/home/nicoleibert/RRC-RnD-Catbot/install/hyperdog_ctrl/lib/python3.10/site-packages:/home/nicoleibert/hyperdog_ws/install/hyperdog_msgs/lib/python3.10/site-packages:/home/nicoleibert/RRC-RnD-Catbot/install/hyperdog_msgs/lib/python3.10/site-packages:${PYTHONPATH} /usr/bin/python3 setup.py egg_info --egg-base ../../../build/hyperdog_ctrl build --build-base /home/nicoleibert/RRC-RnD-Catbot/build/hyperdog_ctrl/build install --record /home/nicoleibert/RRC-RnD-Catbot/build/hyperdog_ctrl/install.log --single-version-externally-managed
[3.555s] Level 1:colcon.colcon_core.environment:checking '/home/nicoleibert/RRC-RnD-Catbot/install/hyperdog_ctrl' for CMake module files
[3.555s] Level 1:colcon.colcon_core.environment:checking '/home/nicoleibert/RRC-RnD-Catbot/install/hyperdog_ctrl' for CMake config files
[3.556s] Level 1:colcon.colcon_core.environment:checking '/home/nicoleibert/RRC-RnD-Catbot/install/hyperdog_ctrl/lib'
[3.556s] Level 1:colcon.colcon_core.environment:checking '/home/nicoleibert/RRC-RnD-Catbot/install/hyperdog_ctrl/bin'
[3.556s] Level 1:colcon.colcon_core.environment:checking '/home/nicoleibert/RRC-RnD-Catbot/install/hyperdog_ctrl/lib/pkgconfig/hyperdog_ctrl.pc'
[3.556s] Level 1:colcon.colcon_core.environment:checking '/home/nicoleibert/RRC-RnD-Catbot/install/hyperdog_ctrl/lib/python3.10/site-packages'
[3.556s] Level 1:colcon.colcon_core.shell:create_environment_hook('hyperdog_ctrl', 'pythonpath')
[3.572s] INFO:colcon.colcon_core.shell:Creating environment hook '/home/nicoleibert/RRC-RnD-Catbot/install/hyperdog_ctrl/share/hyperdog_ctrl/hook/pythonpath.ps1'
[3.573s] INFO:colcon.colcon_core.shell:Creating environment descriptor '/home/nicoleibert/RRC-RnD-Catbot/install/hyperdog_ctrl/share/hyperdog_ctrl/hook/pythonpath.dsv'
[3.574s] INFO:colcon.colcon_core.shell:Creating environment hook '/home/nicoleibert/RRC-RnD-Catbot/install/hyperdog_ctrl/share/hyperdog_ctrl/hook/pythonpath.sh'
[3.574s] Level 1:colcon.colcon_core.environment:checking '/home/nicoleibert/RRC-RnD-Catbot/install/hyperdog_ctrl/bin'
[3.574s] Level 1:colcon.colcon_core.environment:create_environment_scripts_only(hyperdog_ctrl)
[3.591s] INFO:colcon.colcon_core.shell:Creating package script '/home/nicoleibert/RRC-RnD-Catbot/install/hyperdog_ctrl/share/hyperdog_ctrl/package.ps1'
[3.591s] INFO:colcon.colcon_core.shell:Creating package descriptor '/home/nicoleibert/RRC-RnD-Catbot/install/hyperdog_ctrl/share/hyperdog_ctrl/package.dsv'
[3.591s] INFO:colcon.colcon_core.shell:Creating package script '/home/nicoleibert/RRC-RnD-Catbot/install/hyperdog_ctrl/share/hyperdog_ctrl/package.sh'
[3.592s] INFO:colcon.colcon_core.shell:Creating package script '/home/nicoleibert/RRC-RnD-Catbot/install/hyperdog_ctrl/share/hyperdog_ctrl/package.bash'
[3.592s] INFO:colcon.colcon_core.shell:Creating package script '/home/nicoleibert/RRC-RnD-Catbot/install/hyperdog_ctrl/share/hyperdog_ctrl/package.zsh'
[3.592s] Level 1:colcon.colcon_core.environment:create_file_with_runtime_dependencies(/home/nicoleibert/RRC-RnD-Catbot/install/hyperdog_ctrl/share/colcon-core/packages/hyperdog_ctrl)
[3.828s] DEBUG:colcon.colcon_core.event_handler.log_command:Invoked command in '/home/nicoleibert/RRC-RnD-Catbot/build/hyperdog_gazebo_sim' returned '0': AMENT_PREFIX_PATH=/home/nicoleibert/hyperdog_ws/install/hyperdog_msgs:${AMENT_PREFIX_PATH} CMAKE_PREFIX_PATH=/home/nicoleibert/RRC-RnD-Catbot/install/hyperdog_msgs:/opt/ros/iron LD_LIBRARY_PATH=/home/nicoleibert/hyperdog_ws/install/hyperdog_msgs/lib:/home/nicoleibert/RRC-RnD-Catbot/install/hyperdog_msgs/lib:${LD_LIBRARY_PATH} PYTHONPATH=/home/nicoleibert/hyperdog_ws/install/hyperdog_msgs/lib/python3.10/site-packages:/home/nicoleibert/RRC-RnD-Catbot/install/hyperdog_msgs/lib/python3.10/site-packages:${PYTHONPATH} /usr/bin/cmake --build /home/nicoleibert/RRC-RnD-Catbot/build/hyperdog_gazebo_sim -- -j16 -l16
[3.845s] DEBUG:colcon.colcon_core.event_handler.log_command:Invoking command in '/home/nicoleibert/RRC-RnD-Catbot/build/hyperdog_gazebo_sim': AMENT_PREFIX_PATH=/home/nicoleibert/hyperdog_ws/install/hyperdog_msgs:${AMENT_PREFIX_PATH} CMAKE_PREFIX_PATH=/home/nicoleibert/RRC-RnD-Catbot/install/hyperdog_msgs:/opt/ros/iron LD_LIBRARY_PATH=/home/nicoleibert/hyperdog_ws/install/hyperdog_msgs/lib:/home/nicoleibert/RRC-RnD-Catbot/install/hyperdog_msgs/lib:${LD_LIBRARY_PATH} PYTHONPATH=/home/nicoleibert/hyperdog_ws/install/hyperdog_msgs/lib/python3.10/site-packages:/home/nicoleibert/RRC-RnD-Catbot/install/hyperdog_msgs/lib/python3.10/site-packages:${PYTHONPATH} /usr/bin/cmake --install /home/nicoleibert/RRC-RnD-Catbot/build/hyperdog_gazebo_sim
[3.854s] Level 1:colcon.colcon_core.environment:create_environment_scripts_only(hyperdog_gazebo_sim)
[3.854s] DEBUG:colcon.colcon_core.event_handler.log_command:Invoked command in '/home/nicoleibert/RRC-RnD-Catbot/build/hyperdog_gazebo_sim' returned '0': AMENT_PREFIX_PATH=/home/nicoleibert/hyperdog_ws/install/hyperdog_msgs:${AMENT_PREFIX_PATH} CMAKE_PREFIX_PATH=/home/nicoleibert/RRC-RnD-Catbot/install/hyperdog_msgs:/opt/ros/iron LD_LIBRARY_PATH=/home/nicoleibert/hyperdog_ws/install/hyperdog_msgs/lib:/home/nicoleibert/RRC-RnD-Catbot/install/hyperdog_msgs/lib:${LD_LIBRARY_PATH} PYTHONPATH=/home/nicoleibert/hyperdog_ws/install/hyperdog_msgs/lib/python3.10/site-packages:/home/nicoleibert/RRC-RnD-Catbot/install/hyperdog_msgs/lib/python3.10/site-packages:${PYTHONPATH} /usr/bin/cmake --install /home/nicoleibert/RRC-RnD-Catbot/build/hyperdog_gazebo_sim
[3.872s] Level 1:colcon.colcon_core.environment:checking '/home/nicoleibert/RRC-RnD-Catbot/install/hyperdog_gazebo_sim' for CMake module files
[3.872s] Level 1:colcon.colcon_core.environment:checking '/home/nicoleibert/RRC-RnD-Catbot/install/hyperdog_gazebo_sim' for CMake config files
[3.872s] Level 1:colcon.colcon_core.shell:create_environment_hook('hyperdog_gazebo_sim', 'cmake_prefix_path')
[3.883s] INFO:colcon.colcon_core.shell:Creating environment hook '/home/nicoleibert/RRC-RnD-Catbot/install/hyperdog_gazebo_sim/share/hyperdog_gazebo_sim/hook/cmake_prefix_path.ps1'
[3.884s] INFO:colcon.colcon_core.shell:Creating environment descriptor '/home/nicoleibert/RRC-RnD-Catbot/install/hyperdog_gazebo_sim/share/hyperdog_gazebo_sim/hook/cmake_prefix_path.dsv'
[3.884s] INFO:colcon.colcon_core.shell:Creating environment hook '/home/nicoleibert/RRC-RnD-Catbot/install/hyperdog_gazebo_sim/share/hyperdog_gazebo_sim/hook/cmake_prefix_path.sh'
[3.885s] Level 1:colcon.colcon_core.environment:checking '/home/nicoleibert/RRC-RnD-Catbot/install/hyperdog_gazebo_sim/lib'
[3.885s] Level 1:colcon.colcon_core.environment:checking '/home/nicoleibert/RRC-RnD-Catbot/install/hyperdog_gazebo_sim/bin'
[3.885s] Level 1:colcon.colcon_core.environment:checking '/home/nicoleibert/RRC-RnD-Catbot/install/hyperdog_gazebo_sim/lib/pkgconfig/hyperdog_gazebo_sim.pc'
[3.885s] Level 1:colcon.colcon_core.environment:checking '/home/nicoleibert/RRC-RnD-Catbot/install/hyperdog_gazebo_sim/lib/python3.10/site-packages'
[3.885s] Level 1:colcon.colcon_core.environment:checking '/home/nicoleibert/RRC-RnD-Catbot/install/hyperdog_gazebo_sim/bin'
[3.895s] INFO:colcon.colcon_core.shell:Creating package script '/home/nicoleibert/RRC-RnD-Catbot/install/hyperdog_gazebo_sim/share/hyperdog_gazebo_sim/package.ps1'
[3.896s] INFO:colcon.colcon_core.shell:Creating package descriptor '/home/nicoleibert/RRC-RnD-Catbot/install/hyperdog_gazebo_sim/share/hyperdog_gazebo_sim/package.dsv'
[3.896s] INFO:colcon.colcon_core.shell:Creating package script '/home/nicoleibert/RRC-RnD-Catbot/install/hyperdog_gazebo_sim/share/hyperdog_gazebo_sim/package.sh'
[3.896s] INFO:colcon.colcon_core.shell:Creating package script '/home/nicoleibert/RRC-RnD-Catbot/install/hyperdog_gazebo_sim/share/hyperdog_gazebo_sim/package.bash'
[3.896s] INFO:colcon.colcon_core.shell:Creating package script '/home/nicoleibert/RRC-RnD-Catbot/install/hyperdog_gazebo_sim/share/hyperdog_gazebo_sim/package.zsh'
[3.897s] Level 1:colcon.colcon_core.environment:create_file_with_runtime_dependencies(/home/nicoleibert/RRC-RnD-Catbot/install/hyperdog_gazebo_sim/share/colcon-core/packages/hyperdog_gazebo_sim)
[3.927s] Level 1:colcon.colcon_core.environment:create_environment_scripts_only(hyperdog_gazebo_sim)
[3.938s] Level 1:colcon.colcon_core.environment:checking '/home/nicoleibert/RRC-RnD-Catbot/install/hyperdog_gazebo_sim' for CMake module files
[3.939s] Level 1:colcon.colcon_core.environment:checking '/home/nicoleibert/RRC-RnD-Catbot/install/hyperdog_gazebo_sim' for CMake config files
[3.939s] Level 1:colcon.colcon_core.shell:create_environment_hook('hyperdog_gazebo_sim', 'cmake_prefix_path')
[3.949s] INFO:colcon.colcon_core.shell:Creating environment hook '/home/nicoleibert/RRC-RnD-Catbot/install/hyperdog_gazebo_sim/share/hyperdog_gazebo_sim/hook/cmake_prefix_path.ps1'
[3.949s] INFO:colcon.colcon_core.shell:Creating environment descriptor '/home/nicoleibert/RRC-RnD-Catbot/install/hyperdog_gazebo_sim/share/hyperdog_gazebo_sim/hook/cmake_prefix_path.dsv'
[3.949s] INFO:colcon.colcon_core.shell:Creating environment hook '/home/nicoleibert/RRC-RnD-Catbot/install/hyperdog_gazebo_sim/share/hyperdog_gazebo_sim/hook/cmake_prefix_path.sh'
[3.950s] Level 1:colcon.colcon_core.environment:checking '/home/nicoleibert/RRC-RnD-Catbot/install/hyperdog_gazebo_sim/lib'
[3.950s] Level 1:colcon.colcon_core.environment:checking '/home/nicoleibert/RRC-RnD-Catbot/install/hyperdog_gazebo_sim/bin'
[3.950s] Level 1:colcon.colcon_core.environment:checking '/home/nicoleibert/RRC-RnD-Catbot/install/hyperdog_gazebo_sim/lib/pkgconfig/hyperdog_gazebo_sim.pc'
[3.950s] Level 1:colcon.colcon_core.environment:checking '/home/nicoleibert/RRC-RnD-Catbot/install/hyperdog_gazebo_sim/lib/python3.10/site-packages'
[3.950s] Level 1:colcon.colcon_core.environment:checking '/home/nicoleibert/RRC-RnD-Catbot/install/hyperdog_gazebo_sim/bin'
[3.960s] INFO:colcon.colcon_core.shell:Creating package script '/home/nicoleibert/RRC-RnD-Catbot/install/hyperdog_gazebo_sim/share/hyperdog_gazebo_sim/package.ps1'
[3.960s] INFO:colcon.colcon_core.shell:Creating package descriptor '/home/nicoleibert/RRC-RnD-Catbot/install/hyperdog_gazebo_sim/share/hyperdog_gazebo_sim/package.dsv'
[3.961s] INFO:colcon.colcon_core.shell:Creating package script '/home/nicoleibert/RRC-RnD-Catbot/install/hyperdog_gazebo_sim/share/hyperdog_gazebo_sim/package.sh'
[3.961s] INFO:colcon.colcon_core.shell:Creating package script '/home/nicoleibert/RRC-RnD-Catbot/install/hyperdog_gazebo_sim/share/hyperdog_gazebo_sim/package.bash'
[3.961s] INFO:colcon.colcon_core.shell:Creating package script '/home/nicoleibert/RRC-RnD-Catbot/install/hyperdog_gazebo_sim/share/hyperdog_gazebo_sim/package.zsh'
[3.961s] Level 1:colcon.colcon_core.environment:create_file_with_runtime_dependencies(/home/nicoleibert/RRC-RnD-Catbot/install/hyperdog_gazebo_sim/share/colcon-core/packages/hyperdog_gazebo_sim)
[3.963s] DEBUG:colcon.colcon_core.event_handler.log_command:Invoked command in '/home/nicoleibert/RRC-RnD-Catbot/build/hyperdog_teleop' returned '0': AMENT_PREFIX_PATH=/home/nicoleibert/hyperdog_ws/install/hyperdog_msgs:${AMENT_PREFIX_PATH} CMAKE_PREFIX_PATH=/home/nicoleibert/RRC-RnD-Catbot/install/hyperdog_msgs:/opt/ros/iron LD_LIBRARY_PATH=/home/nicoleibert/hyperdog_ws/install/hyperdog_msgs/lib:/home/nicoleibert/RRC-RnD-Catbot/install/hyperdog_msgs/lib:${LD_LIBRARY_PATH} PYTHONPATH=/home/nicoleibert/hyperdog_ws/install/hyperdog_msgs/lib/python3.10/site-packages:/home/nicoleibert/RRC-RnD-Catbot/install/hyperdog_msgs/lib/python3.10/site-packages:${PYTHONPATH} /usr/bin/cmake --build /home/nicoleibert/RRC-RnD-Catbot/build/hyperdog_teleop -- -j16 -l16
[3.982s] DEBUG:colcon.colcon_core.event_handler.log_command:Invoking command in '/home/nicoleibert/RRC-RnD-Catbot/build/hyperdog_teleop': AMENT_PREFIX_PATH=/home/nicoleibert/hyperdog_ws/install/hyperdog_msgs:${AMENT_PREFIX_PATH} CMAKE_PREFIX_PATH=/home/nicoleibert/RRC-RnD-Catbot/install/hyperdog_msgs:/opt/ros/iron LD_LIBRARY_PATH=/home/nicoleibert/hyperdog_ws/install/hyperdog_msgs/lib:/home/nicoleibert/RRC-RnD-Catbot/install/hyperdog_msgs/lib:${LD_LIBRARY_PATH} PYTHONPATH=/home/nicoleibert/hyperdog_ws/install/hyperdog_msgs/lib/python3.10/site-packages:/home/nicoleibert/RRC-RnD-Catbot/install/hyperdog_msgs/lib/python3.10/site-packages:${PYTHONPATH} /usr/bin/cmake --install /home/nicoleibert/RRC-RnD-Catbot/build/hyperdog_teleop
[3.990s] Level 1:colcon.colcon_core.environment:create_environment_scripts_only(hyperdog_teleop)
[3.990s] DEBUG:colcon.colcon_core.event_handler.log_command:Invoked command in '/home/nicoleibert/RRC-RnD-Catbot/build/hyperdog_teleop' returned '0': AMENT_PREFIX_PATH=/home/nicoleibert/hyperdog_ws/install/hyperdog_msgs:${AMENT_PREFIX_PATH} CMAKE_PREFIX_PATH=/home/nicoleibert/RRC-RnD-Catbot/install/hyperdog_msgs:/opt/ros/iron LD_LIBRARY_PATH=/home/nicoleibert/hyperdog_ws/install/hyperdog_msgs/lib:/home/nicoleibert/RRC-RnD-Catbot/install/hyperdog_msgs/lib:${LD_LIBRARY_PATH} PYTHONPATH=/home/nicoleibert/hyperdog_ws/install/hyperdog_msgs/lib/python3.10/site-packages:/home/nicoleibert/RRC-RnD-Catbot/install/hyperdog_msgs/lib/python3.10/site-packages:${PYTHONPATH} /usr/bin/cmake --install /home/nicoleibert/RRC-RnD-Catbot/build/hyperdog_teleop
[4.001s] Level 1:colcon.colcon_core.environment:checking '/home/nicoleibert/RRC-RnD-Catbot/install/hyperdog_teleop' for CMake module files
[4.001s] Level 1:colcon.colcon_core.environment:checking '/home/nicoleibert/RRC-RnD-Catbot/install/hyperdog_teleop' for CMake config files
[4.001s] Level 1:colcon.colcon_core.shell:create_environment_hook('hyperdog_teleop', 'cmake_prefix_path')
[4.013s] INFO:colcon.colcon_core.shell:Creating environment hook '/home/nicoleibert/RRC-RnD-Catbot/install/hyperdog_teleop/share/hyperdog_teleop/hook/cmake_prefix_path.ps1'
[4.013s] INFO:colcon.colcon_core.shell:Creating environment descriptor '/home/nicoleibert/RRC-RnD-Catbot/install/hyperdog_teleop/share/hyperdog_teleop/hook/cmake_prefix_path.dsv'
[4.013s] INFO:colcon.colcon_core.shell:Creating environment hook '/home/nicoleibert/RRC-RnD-Catbot/install/hyperdog_teleop/share/hyperdog_teleop/hook/cmake_prefix_path.sh'
[4.014s] Level 1:colcon.colcon_core.environment:checking '/home/nicoleibert/RRC-RnD-Catbot/install/hyperdog_teleop/lib'
[4.014s] Level 1:colcon.colcon_core.environment:checking '/home/nicoleibert/RRC-RnD-Catbot/install/hyperdog_teleop/bin'
[4.014s] Level 1:colcon.colcon_core.environment:checking '/home/nicoleibert/RRC-RnD-Catbot/install/hyperdog_teleop/lib/pkgconfig/hyperdog_teleop.pc'
[4.014s] Level 1:colcon.colcon_core.environment:checking '/home/nicoleibert/RRC-RnD-Catbot/install/hyperdog_teleop/lib/python3.10/site-packages'
[4.014s] Level 1:colcon.colcon_core.environment:checking '/home/nicoleibert/RRC-RnD-Catbot/install/hyperdog_teleop/bin'
[4.024s] INFO:colcon.colcon_core.shell:Creating package script '/home/nicoleibert/RRC-RnD-Catbot/install/hyperdog_teleop/share/hyperdog_teleop/package.ps1'
[4.024s] INFO:colcon.colcon_core.shell:Creating package descriptor '/home/nicoleibert/RRC-RnD-Catbot/install/hyperdog_teleop/share/hyperdog_teleop/package.dsv'
[4.025s] INFO:colcon.colcon_core.shell:Creating package script '/home/nicoleibert/RRC-RnD-Catbot/install/hyperdog_teleop/share/hyperdog_teleop/package.sh'
[4.025s] INFO:colcon.colcon_core.shell:Creating package script '/home/nicoleibert/RRC-RnD-Catbot/install/hyperdog_teleop/share/hyperdog_teleop/package.bash'
[4.025s] INFO:colcon.colcon_core.shell:Creating package script '/home/nicoleibert/RRC-RnD-Catbot/install/hyperdog_teleop/share/hyperdog_teleop/package.zsh'
[4.025s] Level 1:colcon.colcon_core.environment:create_file_with_runtime_dependencies(/home/nicoleibert/RRC-RnD-Catbot/install/hyperdog_teleop/share/colcon-core/packages/hyperdog_teleop)
[4.059s] Level 1:colcon.colcon_core.environment:create_environment_scripts_only(hyperdog_teleop)
[4.069s] Level 1:colcon.colcon_core.environment:checking '/home/nicoleibert/RRC-RnD-Catbot/install/hyperdog_teleop' for CMake module files
[4.070s] Level 1:colcon.colcon_core.environment:checking '/home/nicoleibert/RRC-RnD-Catbot/install/hyperdog_teleop' for CMake config files
[4.070s] Level 1:colcon.colcon_core.shell:create_environment_hook('hyperdog_teleop', 'cmake_prefix_path')
[4.080s] INFO:colcon.colcon_core.shell:Creating environment hook '/home/nicoleibert/RRC-RnD-Catbot/install/hyperdog_teleop/share/hyperdog_teleop/hook/cmake_prefix_path.ps1'
[4.080s] INFO:colcon.colcon_core.shell:Creating environment descriptor '/home/nicoleibert/RRC-RnD-Catbot/install/hyperdog_teleop/share/hyperdog_teleop/hook/cmake_prefix_path.dsv'
[4.080s] INFO:colcon.colcon_core.shell:Creating environment hook '/home/nicoleibert/RRC-RnD-Catbot/install/hyperdog_teleop/share/hyperdog_teleop/hook/cmake_prefix_path.sh'
[4.081s] Level 1:colcon.colcon_core.environment:checking '/home/nicoleibert/RRC-RnD-Catbot/install/hyperdog_teleop/lib'
[4.081s] Level 1:colcon.colcon_core.environment:checking '/home/nicoleibert/RRC-RnD-Catbot/install/hyperdog_teleop/bin'
[4.081s] Level 1:colcon.colcon_core.environment:checking '/home/nicoleibert/RRC-RnD-Catbot/install/hyperdog_teleop/lib/pkgconfig/hyperdog_teleop.pc'
[4.081s] Level 1:colcon.colcon_core.environment:checking '/home/nicoleibert/RRC-RnD-Catbot/install/hyperdog_teleop/lib/python3.10/site-packages'
[4.081s] Level 1:colcon.colcon_core.environment:checking '/home/nicoleibert/RRC-RnD-Catbot/install/hyperdog_teleop/bin'
[4.091s] INFO:colcon.colcon_core.shell:Creating package script '/home/nicoleibert/RRC-RnD-Catbot/install/hyperdog_teleop/share/hyperdog_teleop/package.ps1'
[4.092s] INFO:colcon.colcon_core.shell:Creating package descriptor '/home/nicoleibert/RRC-RnD-Catbot/install/hyperdog_teleop/share/hyperdog_teleop/package.dsv'
[4.092s] INFO:colcon.colcon_core.shell:Creating package script '/home/nicoleibert/RRC-RnD-Catbot/install/hyperdog_teleop/share/hyperdog_teleop/package.sh'
[4.092s] INFO:colcon.colcon_core.shell:Creating package script '/home/nicoleibert/RRC-RnD-Catbot/install/hyperdog_teleop/share/hyperdog_teleop/package.bash'
[4.092s] INFO:colcon.colcon_core.shell:Creating package script '/home/nicoleibert/RRC-RnD-Catbot/install/hyperdog_teleop/share/hyperdog_teleop/package.zsh'
[4.093s] Level 1:colcon.colcon_core.environment:create_file_with_runtime_dependencies(/home/nicoleibert/RRC-RnD-Catbot/install/hyperdog_teleop/share/colcon-core/packages/hyperdog_teleop)
[4.093s] DEBUG:colcon.colcon_parallel_executor.executor.parallel:closing loop
[4.093s] DEBUG:colcon.colcon_parallel_executor.executor.parallel:loop closed
[4.093s] DEBUG:colcon.colcon_parallel_executor.executor.parallel:run_until_complete finished with '0'
[4.093s] DEBUG:colcon.colcon_core.event_reactor:joining thread
[4.107s] INFO:colcon.colcon_core.plugin_system:Skipping extension 'colcon_notification.desktop_notification.terminal_notifier': Not used on non-Darwin systems
[4.107s] INFO:colcon.colcon_core.plugin_system:Skipping extension 'colcon_notification.desktop_notification.win32': Not used on non-Windows systems
[4.107s] INFO:colcon.colcon_notification.desktop_notification:Sending desktop notification using 'notify2'
[4.114s] DEBUG:colcon.colcon_core.event_reactor:joined thread
[4.124s] INFO:colcon.colcon_core.shell:Creating prefix script '/home/nicoleibert/RRC-RnD-Catbot/install/local_setup.ps1'
[4.125s] INFO:colcon.colcon_core.shell:Creating prefix util module '/home/nicoleibert/RRC-RnD-Catbot/install/_local_setup_util_ps1.py'
[4.126s] INFO:colcon.colcon_core.shell:Creating prefix chain script '/home/nicoleibert/RRC-RnD-Catbot/install/setup.ps1'
[4.136s] INFO:colcon.colcon_core.shell:Creating prefix script '/home/nicoleibert/RRC-RnD-Catbot/install/local_setup.sh'
[4.136s] INFO:colcon.colcon_core.shell:Creating prefix util module '/home/nicoleibert/RRC-RnD-Catbot/install/_local_setup_util_sh.py'
[4.137s] INFO:colcon.colcon_core.shell:Creating prefix chain script '/home/nicoleibert/RRC-RnD-Catbot/install/setup.sh'
[4.147s] INFO:colcon.colcon_core.shell:Creating prefix script '/home/nicoleibert/RRC-RnD-Catbot/install/local_setup.bash'
[4.147s] INFO:colcon.colcon_core.shell:Creating prefix chain script '/home/nicoleibert/RRC-RnD-Catbot/install/setup.bash'
[4.156s] INFO:colcon.colcon_core.shell:Creating prefix script '/home/nicoleibert/RRC-RnD-Catbot/install/local_setup.zsh'
[4.157s] INFO:colcon.colcon_core.shell:Creating prefix chain script '/home/nicoleibert/RRC-RnD-Catbot/install/setup.zsh'
