-- Found ament_cmake: 2.0.3 (/opt/ros/iron/share/ament_cmake/cmake)
-- Found rclcpp: 21.0.3 (/opt/ros/iron/share/rclcpp/cmake)
-- Found rosidl_generator_c: 4.0.1 (/opt/ros/iron/share/rosidl_generator_c/cmake)
-- Found rosidl_generator_cpp: 4.0.1 (/opt/ros/iron/share/rosidl_generator_cpp/cmake)
-- Using all available rosidl_typesupport_c: rosidl_typesupport_fastrtps_c;rosidl_typesupport_introspection_c
-- Using all available rosidl_typesupport_cpp: rosidl_typesupport_fastrtps_cpp;rosidl_typesupport_introspection_cpp
-- Found rmw_implementation_cmake: 7.1.0 (/opt/ros/iron/share/rmw_implementation_cmake/cmake)
-- Found rmw_fastrtps_cpp: 7.1.1 (/opt/ros/iron/share/rmw_fastrtps_cpp/cmake)
-- Using RMW implementation 'rmw_fastrtps_cpp' as default
-- Found sensor_msgs: 5.0.0 (/opt/ros/iron/share/sensor_msgs/cmake)
-- Found hyperdog_msgs: 0.0.0 (/home/nicoleibert/hyperdog_ws/install/hyperdog_msgs/share/hyperdog_msgs/cmake)
-- Found trajectory_msgs: 5.0.0 (/opt/ros/iron/share/trajectory_msgs/cmake)
-- Configuring done
-- Generating done
-- Build files have been written to: /home/nicoleibert/hyperdog_ws/build/hyperdog_teleop
[ 50%] [32mBuilding CXX object CMakeFiles/hyperdog_teleop_joy_node.dir/src/hyperdog_teleop_joy.cpp.o[0m
[100%] [32m[1mLinking CXX executable hyperdog_teleop_joy_node[0m
[100%] Built target hyperdog_teleop_joy_node
-- Install configuration: ""
-- Installing: /home/nicoleibert/hyperdog_ws/install/hyperdog_teleop/lib/hyperdog_teleop/hyperdog_teleop_joy_node
-- Set runtime path of "/home/nicoleibert/hyperdog_ws/install/hyperdog_teleop/lib/hyperdog_teleop/hyperdog_teleop_joy_node" to ""
-- Installing: /home/nicoleibert/hyperdog_ws/install/hyperdog_teleop/share/hyperdog_teleop/src
-- Installing: /home/nicoleibert/hyperdog_ws/install/hyperdog_teleop/share/hyperdog_teleop/src/hyperdog_definitions.hpp
-- Installing: /home/nicoleibert/hyperdog_ws/install/hyperdog_teleop/share/hyperdog_teleop/src/hyperdog_teleop_joy.cpp
-- Installing: /home/nicoleibert/hyperdog_ws/install/hyperdog_teleop/share/hyperdog_teleop/launch
-- Installing: /home/nicoleibert/hyperdog_ws/install/hyperdog_teleop/share/hyperdog_teleop/launch/hyperdog_teleop.launch.py
-- Installing: /home/nicoleibert/hyperdog_ws/install/hyperdog_teleop/share/ament_index/resource_index/package_run_dependencies/hyperdog_teleop
-- Installing: /home/nicoleibert/hyperdog_ws/install/hyperdog_teleop/share/ament_index/resource_index/parent_prefix_path/hyperdog_teleop
-- Installing: /home/nicoleibert/hyperdog_ws/install/hyperdog_teleop/share/hyperdog_teleop/environment/ament_prefix_path.sh
-- Installing: /home/nicoleibert/hyperdog_ws/install/hyperdog_teleop/share/hyperdog_teleop/environment/ament_prefix_path.dsv
-- Installing: /home/nicoleibert/hyperdog_ws/install/hyperdog_teleop/share/hyperdog_teleop/environment/path.sh
-- Installing: /home/nicoleibert/hyperdog_ws/install/hyperdog_teleop/share/hyperdog_teleop/environment/path.dsv
-- Installing: /home/nicoleibert/hyperdog_ws/install/hyperdog_teleop/share/hyperdog_teleop/local_setup.bash
-- Installing: /home/nicoleibert/hyperdog_ws/install/hyperdog_teleop/share/hyperdog_teleop/local_setup.sh
-- Installing: /home/nicoleibert/hyperdog_ws/install/hyperdog_teleop/share/hyperdog_teleop/local_setup.zsh
-- Installing: /home/nicoleibert/hyperdog_ws/install/hyperdog_teleop/share/hyperdog_teleop/local_setup.dsv
-- Installing: /home/nicoleibert/hyperdog_ws/install/hyperdog_teleop/share/hyperdog_teleop/package.dsv
-- Installing: /home/nicoleibert/hyperdog_ws/install/hyperdog_teleop/share/ament_index/resource_index/packages/hyperdog_teleop
-- Installing: /home/nicoleibert/hyperdog_ws/install/hyperdog_teleop/share/hyperdog_teleop/cmake/hyperdog_teleopConfig.cmake
-- Installing: /home/nicoleibert/hyperdog_ws/install/hyperdog_teleop/share/hyperdog_teleop/cmake/hyperdog_teleopConfig-version.cmake
-- Installing: /home/nicoleibert/hyperdog_ws/install/hyperdog_teleop/share/hyperdog_teleop/package.xml
