[0.479s] Invoking command in '/home/nicoleibert/hyperdog_ws/build/hyperdog_teleop': AMENT_PREFIX_PATH=/home/nicoleibert/hyperdog_ws/install/hyperdog_msgs:${AMENT_PREFIX_PATH} CMAKE_PREFIX_PATH=/home/nicoleibert/hyperdog_ws/install/hyperdog_msgs:/opt/ros/iron LD_LIBRARY_PATH=/home/nicoleibert/hyperdog_ws/install/hyperdog_msgs/lib:${LD_LIBRARY_PATH} PYTHONPATH=/home/nicoleibert/hyperdog_ws/install/hyperdog_msgs/lib/python3.10/site-packages:${PYTHONPATH} /usr/bin/cmake --build /home/nicoleibert/hyperdog_ws/build/hyperdog_teleop -- -j16 -l16
[0.502s] -- Found ament_cmake: 2.0.3 (/opt/ros/iron/share/ament_cmake/cmake)
[0.653s] -- Found rclcpp: 21.0.3 (/opt/ros/iron/share/rclcpp/cmake)
[0.679s] -- Found rosidl_generator_c: 4.0.1 (/opt/ros/iron/share/rosidl_generator_c/cmake)
[0.687s] -- Found rosidl_generator_cpp: 4.0.1 (/opt/ros/iron/share/rosidl_generator_cpp/cmake)
[0.697s] -- Using all available rosidl_typesupport_c: rosidl_typesupport_fastrtps_c;rosidl_typesupport_introspection_c
[0.711s] -- Using all available rosidl_typesupport_cpp: rosidl_typesupport_fastrtps_cpp;rosidl_typesupport_introspection_cpp
[0.842s] -- Found rmw_implementation_cmake: 7.1.0 (/opt/ros/iron/share/rmw_implementation_cmake/cmake)
[0.843s] -- Found rmw_fastrtps_cpp: 7.1.1 (/opt/ros/iron/share/rmw_fastrtps_cpp/cmake)
[0.955s] -- Using RMW implementation 'rmw_fastrtps_cpp' as default
[1.098s] -- Found sensor_msgs: 5.0.0 (/opt/ros/iron/share/sensor_msgs/cmake)
[1.269s] -- Found hyperdog_msgs: 0.0.0 (/home/nicoleibert/hyperdog_ws/install/hyperdog_msgs/share/hyperdog_msgs/cmake)
[1.330s] -- Found trajectory_msgs: 5.0.0 (/opt/ros/iron/share/trajectory_msgs/cmake)
[1.452s] -- Configuring done
[1.463s] -- Generating done
[1.464s] -- Build files have been written to: /home/nicoleibert/hyperdog_ws/build/hyperdog_teleop
[1.496s] [ 50%] [32mBuilding CXX object CMakeFiles/hyperdog_teleop_joy_node.dir/src/hyperdog_teleop_joy.cpp.o[0m
[7.212s] [100%] [32m[1mLinking CXX executable hyperdog_teleop_joy_node[0m
[7.605s] [100%] Built target hyperdog_teleop_joy_node
[7.619s] Invoked command in '/home/nicoleibert/hyperdog_ws/build/hyperdog_teleop' returned '0': AMENT_PREFIX_PATH=/home/nicoleibert/hyperdog_ws/install/hyperdog_msgs:${AMENT_PREFIX_PATH} CMAKE_PREFIX_PATH=/home/nicoleibert/hyperdog_ws/install/hyperdog_msgs:/opt/ros/iron LD_LIBRARY_PATH=/home/nicoleibert/hyperdog_ws/install/hyperdog_msgs/lib:${LD_LIBRARY_PATH} PYTHONPATH=/home/nicoleibert/hyperdog_ws/install/hyperdog_msgs/lib/python3.10/site-packages:${PYTHONPATH} /usr/bin/cmake --build /home/nicoleibert/hyperdog_ws/build/hyperdog_teleop -- -j16 -l16
[7.667s] Invoking command in '/home/nicoleibert/hyperdog_ws/build/hyperdog_teleop': AMENT_PREFIX_PATH=/home/nicoleibert/hyperdog_ws/install/hyperdog_msgs:${AMENT_PREFIX_PATH} CMAKE_PREFIX_PATH=/home/nicoleibert/hyperdog_ws/install/hyperdog_msgs:/opt/ros/iron LD_LIBRARY_PATH=/home/nicoleibert/hyperdog_ws/install/hyperdog_msgs/lib:${LD_LIBRARY_PATH} PYTHONPATH=/home/nicoleibert/hyperdog_ws/install/hyperdog_msgs/lib/python3.10/site-packages:${PYTHONPATH} /usr/bin/cmake --install /home/nicoleibert/hyperdog_ws/build/hyperdog_teleop
[7.679s] -- Install configuration: ""
[7.679s] -- Installing: /home/nicoleibert/hyperdog_ws/install/hyperdog_teleop/lib/hyperdog_teleop/hyperdog_teleop_joy_node
[7.687s] -- Set runtime path of "/home/nicoleibert/hyperdog_ws/install/hyperdog_teleop/lib/hyperdog_teleop/hyperdog_teleop_joy_node" to ""
[7.687s] -- Installing: /home/nicoleibert/hyperdog_ws/install/hyperdog_teleop/share/hyperdog_teleop/src
[7.687s] -- Installing: /home/nicoleibert/hyperdog_ws/install/hyperdog_teleop/share/hyperdog_teleop/src/hyperdog_definitions.hpp
[7.688s] -- Installing: /home/nicoleibert/hyperdog_ws/install/hyperdog_teleop/share/hyperdog_teleop/src/hyperdog_teleop_joy.cpp
[7.688s] -- Installing: /home/nicoleibert/hyperdog_ws/install/hyperdog_teleop/share/hyperdog_teleop/launch
[7.688s] -- Installing: /home/nicoleibert/hyperdog_ws/install/hyperdog_teleop/share/hyperdog_teleop/launch/hyperdog_teleop.launch.py
[7.688s] -- Installing: /home/nicoleibert/hyperdog_ws/install/hyperdog_teleop/share/ament_index/resource_index/package_run_dependencies/hyperdog_teleop
[7.688s] -- Installing: /home/nicoleibert/hyperdog_ws/install/hyperdog_teleop/share/ament_index/resource_index/parent_prefix_path/hyperdog_teleop
[7.689s] -- Installing: /home/nicoleibert/hyperdog_ws/install/hyperdog_teleop/share/hyperdog_teleop/environment/ament_prefix_path.sh
[7.689s] -- Installing: /home/nicoleibert/hyperdog_ws/install/hyperdog_teleop/share/hyperdog_teleop/environment/ament_prefix_path.dsv
[7.689s] -- Installing: /home/nicoleibert/hyperdog_ws/install/hyperdog_teleop/share/hyperdog_teleop/environment/path.sh
[7.689s] -- Installing: /home/nicoleibert/hyperdog_ws/install/hyperdog_teleop/share/hyperdog_teleop/environment/path.dsv
[7.689s] -- Installing: /home/nicoleibert/hyperdog_ws/install/hyperdog_teleop/share/hyperdog_teleop/local_setup.bash
[7.689s] -- Installing: /home/nicoleibert/hyperdog_ws/install/hyperdog_teleop/share/hyperdog_teleop/local_setup.sh
[7.689s] -- Installing: /home/nicoleibert/hyperdog_ws/install/hyperdog_teleop/share/hyperdog_teleop/local_setup.zsh
[7.690s] -- Installing: /home/nicoleibert/hyperdog_ws/install/hyperdog_teleop/share/hyperdog_teleop/local_setup.dsv
[7.690s] -- Installing: /home/nicoleibert/hyperdog_ws/install/hyperdog_teleop/share/hyperdog_teleop/package.dsv
[7.690s] -- Installing: /home/nicoleibert/hyperdog_ws/install/hyperdog_teleop/share/ament_index/resource_index/packages/hyperdog_teleop
[7.690s] -- Installing: /home/nicoleibert/hyperdog_ws/install/hyperdog_teleop/share/hyperdog_teleop/cmake/hyperdog_teleopConfig.cmake
[7.690s] -- Installing: /home/nicoleibert/hyperdog_ws/install/hyperdog_teleop/share/hyperdog_teleop/cmake/hyperdog_teleopConfig-version.cmake
[7.690s] -- Installing: /home/nicoleibert/hyperdog_ws/install/hyperdog_teleop/share/hyperdog_teleop/package.xml
[7.693s] Invoked command in '/home/nicoleibert/hyperdog_ws/build/hyperdog_teleop' returned '0': AMENT_PREFIX_PATH=/home/nicoleibert/hyperdog_ws/install/hyperdog_msgs:${AMENT_PREFIX_PATH} CMAKE_PREFIX_PATH=/home/nicoleibert/hyperdog_ws/install/hyperdog_msgs:/opt/ros/iron LD_LIBRARY_PATH=/home/nicoleibert/hyperdog_ws/install/hyperdog_msgs/lib:${LD_LIBRARY_PATH} PYTHONPATH=/home/nicoleibert/hyperdog_ws/install/hyperdog_msgs/lib/python3.10/site-packages:${PYTHONPATH} /usr/bin/cmake --install /home/nicoleibert/hyperdog_ws/build/hyperdog_teleop
