[0.935s] Invoking command in '/home/nicoleibert/hyperdog_ws/src/hyperdog_ros2/hyperdog_ctrl': AMENT_PREFIX_PATH=/home/nicoleibert/hyperdog_ws/install/hyperdog_msgs:${AMENT_PREFIX_PATH} CMAKE_PREFIX_PATH=/home/nicoleibert/hyperdog_ws/install/hyperdog_msgs LD_LIBRARY_PATH=/home/nicoleibert/hyperdog_ws/install/hyperdog_msgs/lib:${LD_LIBRARY_PATH} PYTHONPATH=/home/nicoleibert/hyperdog_ws/build/hyperdog_ctrl/prefix_override:/home/nicoleibert/hyperdog_ws/install/hyperdog_ctrl/lib/python3.10/site-packages:/home/nicoleibert/hyperdog_ws/install/hyperdog_msgs/lib/python3.10/site-packages:${PYTHONPATH} /usr/bin/python3 setup.py egg_info --egg-base ../../../build/hyperdog_ctrl build --build-base /home/nicoleibert/hyperdog_ws/build/hyperdog_ctrl/build install --record /home/nicoleibert/hyperdog_ws/build/hyperdog_ctrl/install.log --single-version-externally-managed
[1.159s] running egg_info
[1.160s] writing ../../../build/hyperdog_ctrl/hyperdog_ctrl.egg-info/PKG-INFO
[1.160s] writing dependency_links to ../../../build/hyperdog_ctrl/hyperdog_ctrl.egg-info/dependency_links.txt
[1.160s] writing entry points to ../../../build/hyperdog_ctrl/hyperdog_ctrl.egg-info/entry_points.txt
[1.160s] writing requirements to ../../../build/hyperdog_ctrl/hyperdog_ctrl.egg-info/requires.txt
[1.160s] writing top-level names to ../../../build/hyperdog_ctrl/hyperdog_ctrl.egg-info/top_level.txt
[1.162s] reading manifest file '../../../build/hyperdog_ctrl/hyperdog_ctrl.egg-info/SOURCES.txt'
[1.163s] writing manifest file '../../../build/hyperdog_ctrl/hyperdog_ctrl.egg-info/SOURCES.txt'
[1.163s] running build
[1.163s] running build_py
[1.164s] running install
[1.164s] running install_lib
[1.165s] running install_data
[1.166s] running install_egg_info
[1.167s] removing '/home/nicoleibert/hyperdog_ws/install/hyperdog_ctrl/lib/python3.10/site-packages/hyperdog_ctrl-0.0.0-py3.10.egg-info' (and everything under it)
[1.167s] Copying ../../../build/hyperdog_ctrl/hyperdog_ctrl.egg-info to /home/nicoleibert/hyperdog_ws/install/hyperdog_ctrl/lib/python3.10/site-packages/hyperdog_ctrl-0.0.0-py3.10.egg-info
[1.168s] running install_scripts
[1.185s] Installing IK_node script to /home/nicoleibert/hyperdog_ws/install/hyperdog_ctrl/lib/hyperdog_ctrl
[1.186s] Installing cmd_manager_node script to /home/nicoleibert/hyperdog_ws/install/hyperdog_ctrl/lib/hyperdog_ctrl
[1.186s] writing list of installed files to '/home/nicoleibert/hyperdog_ws/build/hyperdog_ctrl/install.log'
[1.206s] Invoked command in '/home/nicoleibert/hyperdog_ws/src/hyperdog_ros2/hyperdog_ctrl' returned '0': AMENT_PREFIX_PATH=/home/nicoleibert/hyperdog_ws/install/hyperdog_msgs:${AMENT_PREFIX_PATH} CMAKE_PREFIX_PATH=/home/nicoleibert/hyperdog_ws/install/hyperdog_msgs LD_LIBRARY_PATH=/home/nicoleibert/hyperdog_ws/install/hyperdog_msgs/lib:${LD_LIBRARY_PATH} PYTHONPATH=/home/nicoleibert/hyperdog_ws/build/hyperdog_ctrl/prefix_override:/home/nicoleibert/hyperdog_ws/install/hyperdog_ctrl/lib/python3.10/site-packages:/home/nicoleibert/hyperdog_ws/install/hyperdog_msgs/lib/python3.10/site-packages:${PYTHONPATH} /usr/bin/python3 setup.py egg_info --egg-base ../../../build/hyperdog_ctrl build --build-base /home/nicoleibert/hyperdog_ws/build/hyperdog_ctrl/build install --record /home/nicoleibert/hyperdog_ws/build/hyperdog_ctrl/install.log --single-version-externally-managed
