[0.631s] DEBUG:colcon:Command line arguments: ['/usr/bin/colcon', 'build']
[0.631s] DEBUG:colcon:Parsed command line arguments: Namespace(log_base=None, log_level=None, verb_name='build', build_base='build', install_base='install', merge_install=False, symlink_install=False, test_result_base=None, continue_on_error=False, executor='parallel', parallel_workers=16, event_handlers=None, ignore_user_meta=False, metas=['./colcon.meta'], base_paths=['.'], packages_ignore=None, packages_ignore_regex=None, paths=None, packages_up_to=None, packages_up_to_regex=None, packages_above=None, packages_above_and_dependencies=None, packages_above_depth=None, packages_select_by_dep=None, packages_skip_by_dep=None, packages_skip_up_to=None, packages_select_build_failed=False, packages_skip_build_finished=False, packages_select_test_failures=False, packages_skip_test_passed=False, packages_select=None, packages_skip=None, packages_select_regex=None, packages_skip_regex=None, packages_start=None, packages_end=None, allow_overriding=[], cmake_args=None, cmake_target=None, cmake_target_skip_unavailable=False, cmake_clean_cache=False, cmake_clean_first=False, cmake_force_configure=False, ament_cmake_args=None, catkin_cmake_args=None, catkin_skip_building_tests=False, verb_parser=<colcon_defaults.argument_parser.defaults.DefaultArgumentsDecorator object at 0x7f9daf476260>, verb_extension=<colcon_core.verb.build.BuildVerb object at 0x7f9daf42c3a0>, main=<bound method BuildVerb.main of <colcon_core.verb.build.BuildVerb object at 0x7f9daf42c3a0>>)
[0.659s] Level 1:colcon.colcon_core.package_discovery:discover_packages(colcon_meta) check parameters
[0.659s] Level 1:colcon.colcon_core.package_discovery:discover_packages(recursive) check parameters
[0.659s] Level 1:colcon.colcon_core.package_discovery:discover_packages(ignore) check parameters
[0.659s] Level 1:colcon.colcon_core.package_discovery:discover_packages(path) check parameters
[0.659s] Level 1:colcon.colcon_core.package_discovery:discover_packages(colcon_meta) discover
[0.659s] Level 1:colcon.colcon_core.package_discovery:discover_packages(recursive) discover
[0.659s] INFO:colcon.colcon_core.package_discovery:Crawling recursively for packages in '/home/nicoleibert/RRC-RnD-Catbot'
[0.659s] Level 1:colcon.colcon_core.package_identification:_identify(.) by extensions ['ignore', 'ignore_ament_install']
[0.659s] Level 1:colcon.colcon_core.package_identification:_identify(.) by extension 'ignore'
[0.659s] Level 1:colcon.colcon_core.package_identification:_identify(.) by extension 'ignore_ament_install'
[0.659s] Level 1:colcon.colcon_core.package_identification:_identify(.) by extensions ['colcon_pkg']
[0.659s] Level 1:colcon.colcon_core.package_identification:_identify(.) by extension 'colcon_pkg'
[0.659s] Level 1:colcon.colcon_core.package_identification:_identify(.) by extensions ['colcon_meta']
[0.659s] Level 1:colcon.colcon_core.package_identification:_identify(.) by extension 'colcon_meta'
[0.659s] Level 1:colcon.colcon_core.package_identification:_identify(.) by extensions ['ros']
[0.659s] Level 1:colcon.colcon_core.package_identification:_identify(.) by extension 'ros'
[0.666s] Level 1:colcon.colcon_core.package_identification:_identify(.) by extensions ['cmake', 'python']
[0.666s] Level 1:colcon.colcon_core.package_identification:_identify(.) by extension 'cmake'
[0.666s] Level 1:colcon.colcon_core.package_identification:_identify(.) by extension 'python'
[0.666s] Level 1:colcon.colcon_core.package_identification:_identify(.) by extensions ['python_setup_py']
[0.666s] Level 1:colcon.colcon_core.package_identification:_identify(.) by extension 'python_setup_py'
[0.666s] Level 1:colcon.colcon_core.package_identification:_identify(build) by extensions ['ignore', 'ignore_ament_install']
[0.666s] Level 1:colcon.colcon_core.package_identification:_identify(build) by extension 'ignore'
[0.666s] Level 1:colcon.colcon_core.package_identification:_identify(build) ignored
[0.666s] Level 1:colcon.colcon_core.package_identification:_identify(install) by extensions ['ignore', 'ignore_ament_install']
[0.667s] Level 1:colcon.colcon_core.package_identification:_identify(install) by extension 'ignore'
[0.667s] Level 1:colcon.colcon_core.package_identification:_identify(install) ignored
[0.667s] Level 1:colcon.colcon_core.package_identification:_identify(log) by extensions ['ignore', 'ignore_ament_install']
[0.667s] Level 1:colcon.colcon_core.package_identification:_identify(log) by extension 'ignore'
[0.667s] Level 1:colcon.colcon_core.package_identification:_identify(log) ignored
[0.667s] Level 1:colcon.colcon_core.package_identification:_identify(src) by extensions ['ignore', 'ignore_ament_install']
[0.667s] Level 1:colcon.colcon_core.package_identification:_identify(src) by extension 'ignore'
[0.667s] Level 1:colcon.colcon_core.package_identification:_identify(src) by extension 'ignore_ament_install'
[0.667s] Level 1:colcon.colcon_core.package_identification:_identify(src) by extensions ['colcon_pkg']
[0.667s] Level 1:colcon.colcon_core.package_identification:_identify(src) by extension 'colcon_pkg'
[0.667s] Level 1:colcon.colcon_core.package_identification:_identify(src) by extensions ['colcon_meta']
[0.667s] Level 1:colcon.colcon_core.package_identification:_identify(src) by extension 'colcon_meta'
[0.667s] Level 1:colcon.colcon_core.package_identification:_identify(src) by extensions ['ros']
[0.667s] Level 1:colcon.colcon_core.package_identification:_identify(src) by extension 'ros'
[0.667s] Level 1:colcon.colcon_core.package_identification:_identify(src) by extensions ['cmake', 'python']
[0.667s] Level 1:colcon.colcon_core.package_identification:_identify(src) by extension 'cmake'
[0.667s] Level 1:colcon.colcon_core.package_identification:_identify(src) by extension 'python'
[0.667s] Level 1:colcon.colcon_core.package_identification:_identify(src) by extensions ['python_setup_py']
[0.667s] Level 1:colcon.colcon_core.package_identification:_identify(src) by extension 'python_setup_py'
[0.667s] Level 1:colcon.colcon_core.package_identification:_identify(src/hyperdog_ros2) by extensions ['ignore', 'ignore_ament_install']
[0.667s] Level 1:colcon.colcon_core.package_identification:_identify(src/hyperdog_ros2) by extension 'ignore'
[0.667s] Level 1:colcon.colcon_core.package_identification:_identify(src/hyperdog_ros2) by extension 'ignore_ament_install'
[0.667s] Level 1:colcon.colcon_core.package_identification:_identify(src/hyperdog_ros2) by extensions ['colcon_pkg']
[0.667s] Level 1:colcon.colcon_core.package_identification:_identify(src/hyperdog_ros2) by extension 'colcon_pkg'
[0.667s] Level 1:colcon.colcon_core.package_identification:_identify(src/hyperdog_ros2) by extensions ['colcon_meta']
[0.667s] Level 1:colcon.colcon_core.package_identification:_identify(src/hyperdog_ros2) by extension 'colcon_meta'
[0.667s] Level 1:colcon.colcon_core.package_identification:_identify(src/hyperdog_ros2) by extensions ['ros']
[0.667s] Level 1:colcon.colcon_core.package_identification:_identify(src/hyperdog_ros2) by extension 'ros'
[0.667s] Level 1:colcon.colcon_core.package_identification:_identify(src/hyperdog_ros2) by extensions ['cmake', 'python']
[0.667s] Level 1:colcon.colcon_core.package_identification:_identify(src/hyperdog_ros2) by extension 'cmake'
[0.667s] Level 1:colcon.colcon_core.package_identification:_identify(src/hyperdog_ros2) by extension 'python'
[0.667s] Level 1:colcon.colcon_core.package_identification:_identify(src/hyperdog_ros2) by extensions ['python_setup_py']
[0.667s] Level 1:colcon.colcon_core.package_identification:_identify(src/hyperdog_ros2) by extension 'python_setup_py'
[0.668s] Level 1:colcon.colcon_core.package_identification:_identify(src/hyperdog_ros2/hyperdog_ctrl) by extensions ['ignore', 'ignore_ament_install']
[0.668s] Level 1:colcon.colcon_core.package_identification:_identify(src/hyperdog_ros2/hyperdog_ctrl) by extension 'ignore'
[0.668s] Level 1:colcon.colcon_core.package_identification:_identify(src/hyperdog_ros2/hyperdog_ctrl) by extension 'ignore_ament_install'
[0.668s] Level 1:colcon.colcon_core.package_identification:_identify(src/hyperdog_ros2/hyperdog_ctrl) by extensions ['colcon_pkg']
[0.668s] Level 1:colcon.colcon_core.package_identification:_identify(src/hyperdog_ros2/hyperdog_ctrl) by extension 'colcon_pkg'
[0.668s] Level 1:colcon.colcon_core.package_identification:_identify(src/hyperdog_ros2/hyperdog_ctrl) by extensions ['colcon_meta']
[0.668s] Level 1:colcon.colcon_core.package_identification:_identify(src/hyperdog_ros2/hyperdog_ctrl) by extension 'colcon_meta'
[0.668s] Level 1:colcon.colcon_core.package_identification:_identify(src/hyperdog_ros2/hyperdog_ctrl) by extensions ['ros']
[0.668s] Level 1:colcon.colcon_core.package_identification:_identify(src/hyperdog_ros2/hyperdog_ctrl) by extension 'ros'
[0.669s] DEBUG:colcon.colcon_core.package_identification:Package 'src/hyperdog_ros2/hyperdog_ctrl' with type 'ros.ament_python' and name 'hyperdog_ctrl'
[0.669s] Level 1:colcon.colcon_core.package_identification:_identify(src/hyperdog_ros2/hyperdog_gazebo_sim) by extensions ['ignore', 'ignore_ament_install']
[0.669s] Level 1:colcon.colcon_core.package_identification:_identify(src/hyperdog_ros2/hyperdog_gazebo_sim) by extension 'ignore'
[0.669s] Level 1:colcon.colcon_core.package_identification:_identify(src/hyperdog_ros2/hyperdog_gazebo_sim) by extension 'ignore_ament_install'
[0.669s] Level 1:colcon.colcon_core.package_identification:_identify(src/hyperdog_ros2/hyperdog_gazebo_sim) by extensions ['colcon_pkg']
[0.669s] Level 1:colcon.colcon_core.package_identification:_identify(src/hyperdog_ros2/hyperdog_gazebo_sim) by extension 'colcon_pkg'
[0.669s] Level 1:colcon.colcon_core.package_identification:_identify(src/hyperdog_ros2/hyperdog_gazebo_sim) by extensions ['colcon_meta']
[0.669s] Level 1:colcon.colcon_core.package_identification:_identify(src/hyperdog_ros2/hyperdog_gazebo_sim) by extension 'colcon_meta'
[0.669s] Level 1:colcon.colcon_core.package_identification:_identify(src/hyperdog_ros2/hyperdog_gazebo_sim) by extensions ['ros']
[0.669s] Level 1:colcon.colcon_core.package_identification:_identify(src/hyperdog_ros2/hyperdog_gazebo_sim) by extension 'ros'
[0.670s] DEBUG:colcon.colcon_core.package_identification:Package 'src/hyperdog_ros2/hyperdog_gazebo_sim' with type 'ros.ament_cmake' and name 'hyperdog_gazebo_sim'
[0.670s] Level 1:colcon.colcon_core.package_identification:_identify(src/hyperdog_ros2/hyperdog_launch) by extensions ['ignore', 'ignore_ament_install']
[0.670s] Level 1:colcon.colcon_core.package_identification:_identify(src/hyperdog_ros2/hyperdog_launch) by extension 'ignore'
[0.670s] Level 1:colcon.colcon_core.package_identification:_identify(src/hyperdog_ros2/hyperdog_launch) by extension 'ignore_ament_install'
[0.670s] Level 1:colcon.colcon_core.package_identification:_identify(src/hyperdog_ros2/hyperdog_launch) by extensions ['colcon_pkg']
[0.670s] Level 1:colcon.colcon_core.package_identification:_identify(src/hyperdog_ros2/hyperdog_launch) by extension 'colcon_pkg'
[0.670s] Level 1:colcon.colcon_core.package_identification:_identify(src/hyperdog_ros2/hyperdog_launch) by extensions ['colcon_meta']
[0.670s] Level 1:colcon.colcon_core.package_identification:_identify(src/hyperdog_ros2/hyperdog_launch) by extension 'colcon_meta'
[0.670s] Level 1:colcon.colcon_core.package_identification:_identify(src/hyperdog_ros2/hyperdog_launch) by extensions ['ros']
[0.670s] Level 1:colcon.colcon_core.package_identification:_identify(src/hyperdog_ros2/hyperdog_launch) by extension 'ros'
[0.670s] DEBUG:colcon.colcon_core.package_identification:Package 'src/hyperdog_ros2/hyperdog_launch' with type 'ros.ament_python' and name 'hyperdog_launch'
[0.670s] Level 1:colcon.colcon_core.package_identification:_identify(src/hyperdog_ros2/hyperdog_msgs) by extensions ['ignore', 'ignore_ament_install']
[0.670s] Level 1:colcon.colcon_core.package_identification:_identify(src/hyperdog_ros2/hyperdog_msgs) by extension 'ignore'
[0.670s] Level 1:colcon.colcon_core.package_identification:_identify(src/hyperdog_ros2/hyperdog_msgs) by extension 'ignore_ament_install'
[0.671s] Level 1:colcon.colcon_core.package_identification:_identify(src/hyperdog_ros2/hyperdog_msgs) by extensions ['colcon_pkg']
[0.671s] Level 1:colcon.colcon_core.package_identification:_identify(src/hyperdog_ros2/hyperdog_msgs) by extension 'colcon_pkg'
[0.671s] Level 1:colcon.colcon_core.package_identification:_identify(src/hyperdog_ros2/hyperdog_msgs) by extensions ['colcon_meta']
[0.671s] Level 1:colcon.colcon_core.package_identification:_identify(src/hyperdog_ros2/hyperdog_msgs) by extension 'colcon_meta'
[0.671s] Level 1:colcon.colcon_core.package_identification:_identify(src/hyperdog_ros2/hyperdog_msgs) by extensions ['ros']
[0.671s] Level 1:colcon.colcon_core.package_identification:_identify(src/hyperdog_ros2/hyperdog_msgs) by extension 'ros'
[0.671s] DEBUG:colcon.colcon_core.package_identification:Package 'src/hyperdog_ros2/hyperdog_msgs' with type 'ros.ament_cmake' and name 'hyperdog_msgs'
[0.671s] Level 1:colcon.colcon_core.package_identification:_identify(src/hyperdog_ros2/hyperdog_teleop) by extensions ['ignore', 'ignore_ament_install']
[0.671s] Level 1:colcon.colcon_core.package_identification:_identify(src/hyperdog_ros2/hyperdog_teleop) by extension 'ignore'
[0.671s] Level 1:colcon.colcon_core.package_identification:_identify(src/hyperdog_ros2/hyperdog_teleop) by extension 'ignore_ament_install'
[0.671s] Level 1:colcon.colcon_core.package_identification:_identify(src/hyperdog_ros2/hyperdog_teleop) by extensions ['colcon_pkg']
[0.671s] Level 1:colcon.colcon_core.package_identification:_identify(src/hyperdog_ros2/hyperdog_teleop) by extension 'colcon_pkg'
[0.671s] Level 1:colcon.colcon_core.package_identification:_identify(src/hyperdog_ros2/hyperdog_teleop) by extensions ['colcon_meta']
[0.671s] Level 1:colcon.colcon_core.package_identification:_identify(src/hyperdog_ros2/hyperdog_teleop) by extension 'colcon_meta'
[0.671s] Level 1:colcon.colcon_core.package_identification:_identify(src/hyperdog_ros2/hyperdog_teleop) by extensions ['ros']
[0.671s] Level 1:colcon.colcon_core.package_identification:_identify(src/hyperdog_ros2/hyperdog_teleop) by extension 'ros'
[0.672s] DEBUG:colcon.colcon_core.package_identification:Package 'src/hyperdog_ros2/hyperdog_teleop' with type 'ros.ament_cmake' and name 'hyperdog_teleop'
[0.672s] Level 1:colcon.colcon_core.package_discovery:discover_packages(recursive) using defaults
[0.672s] Level 1:colcon.colcon_core.package_discovery:discover_packages(ignore) discover
[0.672s] Level 1:colcon.colcon_core.package_discovery:discover_packages(ignore) using defaults
[0.672s] Level 1:colcon.colcon_core.package_discovery:discover_packages(path) discover
[0.672s] Level 1:colcon.colcon_core.package_discovery:discover_packages(path) using defaults
[0.728s] Level 1:colcon.colcon_core.package_discovery:discover_packages(prefix_path) check parameters
[0.728s] Level 1:colcon.colcon_core.package_discovery:discover_packages(prefix_path) discover
[0.752s] DEBUG:colcon.colcon_installed_package_information.package_discovery:Found 404 installed packages in /opt/ros/iron
[0.753s] Level 1:colcon.colcon_core.package_discovery:discover_packages(prefix_path) using defaults
[0.809s] Level 5:colcon.colcon_core.verb:set package 'hyperdog_launch' build argument 'cmake_args' from command line to 'None'
[0.809s] Level 5:colcon.colcon_core.verb:set package 'hyperdog_launch' build argument 'cmake_target' from command line to 'None'
[0.809s] Level 5:colcon.colcon_core.verb:set package 'hyperdog_launch' build argument 'cmake_target_skip_unavailable' from command line to 'False'
[0.809s] Level 5:colcon.colcon_core.verb:set package 'hyperdog_launch' build argument 'cmake_clean_cache' from command line to 'False'
[0.809s] Level 5:colcon.colcon_core.verb:set package 'hyperdog_launch' build argument 'cmake_clean_first' from command line to 'False'
[0.809s] Level 5:colcon.colcon_core.verb:set package 'hyperdog_launch' build argument 'cmake_force_configure' from command line to 'False'
[0.809s] Level 5:colcon.colcon_core.verb:set package 'hyperdog_launch' build argument 'ament_cmake_args' from command line to 'None'
[0.809s] Level 5:colcon.colcon_core.verb:set package 'hyperdog_launch' build argument 'catkin_cmake_args' from command line to 'None'
[0.809s] Level 5:colcon.colcon_core.verb:set package 'hyperdog_launch' build argument 'catkin_skip_building_tests' from command line to 'False'
[0.809s] DEBUG:colcon.colcon_core.verb:Building package 'hyperdog_launch' with the following arguments: {'ament_cmake_args': None, 'build_base': '/home/nicoleibert/RRC-RnD-Catbot/build/hyperdog_launch', 'catkin_cmake_args': None, 'catkin_skip_building_tests': False, 'cmake_args': None, 'cmake_clean_cache': False, 'cmake_clean_first': False, 'cmake_force_configure': False, 'cmake_target': None, 'cmake_target_skip_unavailable': False, 'install_base': '/home/nicoleibert/RRC-RnD-Catbot/install/hyperdog_launch', 'merge_install': False, 'path': '/home/nicoleibert/RRC-RnD-Catbot/src/hyperdog_ros2/hyperdog_launch', 'symlink_install': False, 'test_result_base': None}
[0.818s] Level 5:colcon.colcon_core.verb:set package 'hyperdog_msgs' build argument 'cmake_args' from command line to 'None'
[0.818s] Level 5:colcon.colcon_core.verb:set package 'hyperdog_msgs' build argument 'cmake_target' from command line to 'None'
[0.818s] Level 5:colcon.colcon_core.verb:set package 'hyperdog_msgs' build argument 'cmake_target_skip_unavailable' from command line to 'False'
[0.818s] Level 5:colcon.colcon_core.verb:set package 'hyperdog_msgs' build argument 'cmake_clean_cache' from command line to 'False'
[0.818s] Level 5:colcon.colcon_core.verb:set package 'hyperdog_msgs' build argument 'cmake_clean_first' from command line to 'False'
[0.818s] Level 5:colcon.colcon_core.verb:set package 'hyperdog_msgs' build argument 'cmake_force_configure' from command line to 'False'
[0.818s] Level 5:colcon.colcon_core.verb:set package 'hyperdog_msgs' build argument 'ament_cmake_args' from command line to 'None'
[0.818s] Level 5:colcon.colcon_core.verb:set package 'hyperdog_msgs' build argument 'catkin_cmake_args' from command line to 'None'
[0.818s] Level 5:colcon.colcon_core.verb:set package 'hyperdog_msgs' build argument 'catkin_skip_building_tests' from command line to 'False'
[0.818s] DEBUG:colcon.colcon_core.verb:Building package 'hyperdog_msgs' with the following arguments: {'ament_cmake_args': None, 'build_base': '/home/nicoleibert/RRC-RnD-Catbot/build/hyperdog_msgs', 'catkin_cmake_args': None, 'catkin_skip_building_tests': False, 'cmake_args': None, 'cmake_clean_cache': False, 'cmake_clean_first': False, 'cmake_force_configure': False, 'cmake_target': None, 'cmake_target_skip_unavailable': False, 'install_base': '/home/nicoleibert/RRC-RnD-Catbot/install/hyperdog_msgs', 'merge_install': False, 'path': '/home/nicoleibert/RRC-RnD-Catbot/src/hyperdog_ros2/hyperdog_msgs', 'symlink_install': False, 'test_result_base': None}
[0.827s] Level 5:colcon.colcon_core.verb:set package 'hyperdog_ctrl' build argument 'cmake_args' from command line to 'None'
[0.827s] Level 5:colcon.colcon_core.verb:set package 'hyperdog_ctrl' build argument 'cmake_target' from command line to 'None'
[0.827s] Level 5:colcon.colcon_core.verb:set package 'hyperdog_ctrl' build argument 'cmake_target_skip_unavailable' from command line to 'False'
[0.827s] Level 5:colcon.colcon_core.verb:set package 'hyperdog_ctrl' build argument 'cmake_clean_cache' from command line to 'False'
[0.827s] Level 5:colcon.colcon_core.verb:set package 'hyperdog_ctrl' build argument 'cmake_clean_first' from command line to 'False'
[0.827s] Level 5:colcon.colcon_core.verb:set package 'hyperdog_ctrl' build argument 'cmake_force_configure' from command line to 'False'
[0.827s] Level 5:colcon.colcon_core.verb:set package 'hyperdog_ctrl' build argument 'ament_cmake_args' from command line to 'None'
[0.827s] Level 5:colcon.colcon_core.verb:set package 'hyperdog_ctrl' build argument 'catkin_cmake_args' from command line to 'None'
[0.827s] Level 5:colcon.colcon_core.verb:set package 'hyperdog_ctrl' build argument 'catkin_skip_building_tests' from command line to 'False'
[0.827s] DEBUG:colcon.colcon_core.verb:Building package 'hyperdog_ctrl' with the following arguments: {'ament_cmake_args': None, 'build_base': '/home/nicoleibert/RRC-RnD-Catbot/build/hyperdog_ctrl', 'catkin_cmake_args': None, 'catkin_skip_building_tests': False, 'cmake_args': None, 'cmake_clean_cache': False, 'cmake_clean_first': False, 'cmake_force_configure': False, 'cmake_target': None, 'cmake_target_skip_unavailable': False, 'install_base': '/home/nicoleibert/RRC-RnD-Catbot/install/hyperdog_ctrl', 'merge_install': False, 'path': '/home/nicoleibert/RRC-RnD-Catbot/src/hyperdog_ros2/hyperdog_ctrl', 'symlink_install': False, 'test_result_base': None}
[0.836s] Level 5:colcon.colcon_core.verb:set package 'hyperdog_gazebo_sim' build argument 'cmake_args' from command line to 'None'
[0.836s] Level 5:colcon.colcon_core.verb:set package 'hyperdog_gazebo_sim' build argument 'cmake_target' from command line to 'None'
[0.836s] Level 5:colcon.colcon_core.verb:set package 'hyperdog_gazebo_sim' build argument 'cmake_target_skip_unavailable' from command line to 'False'
[0.836s] Level 5:colcon.colcon_core.verb:set package 'hyperdog_gazebo_sim' build argument 'cmake_clean_cache' from command line to 'False'
[0.836s] Level 5:colcon.colcon_core.verb:set package 'hyperdog_gazebo_sim' build argument 'cmake_clean_first' from command line to 'False'
[0.836s] Level 5:colcon.colcon_core.verb:set package 'hyperdog_gazebo_sim' build argument 'cmake_force_configure' from command line to 'False'
[0.836s] Level 5:colcon.colcon_core.verb:set package 'hyperdog_gazebo_sim' build argument 'ament_cmake_args' from command line to 'None'
[0.836s] Level 5:colcon.colcon_core.verb:set package 'hyperdog_gazebo_sim' build argument 'catkin_cmake_args' from command line to 'None'
[0.836s] Level 5:colcon.colcon_core.verb:set package 'hyperdog_gazebo_sim' build argument 'catkin_skip_building_tests' from command line to 'False'
[0.836s] DEBUG:colcon.colcon_core.verb:Building package 'hyperdog_gazebo_sim' with the following arguments: {'ament_cmake_args': None, 'build_base': '/home/nicoleibert/RRC-RnD-Catbot/build/hyperdog_gazebo_sim', 'catkin_cmake_args': None, 'catkin_skip_building_tests': False, 'cmake_args': None, 'cmake_clean_cache': False, 'cmake_clean_first': False, 'cmake_force_configure': False, 'cmake_target': None, 'cmake_target_skip_unavailable': False, 'install_base': '/home/nicoleibert/RRC-RnD-Catbot/install/hyperdog_gazebo_sim', 'merge_install': False, 'path': '/home/nicoleibert/RRC-RnD-Catbot/src/hyperdog_ros2/hyperdog_gazebo_sim', 'symlink_install': False, 'test_result_base': None}
[0.845s] Level 5:colcon.colcon_core.verb:set package 'hyperdog_teleop' build argument 'cmake_args' from command line to 'None'
[0.845s] Level 5:colcon.colcon_core.verb:set package 'hyperdog_teleop' build argument 'cmake_target' from command line to 'None'
[0.845s] Level 5:colcon.colcon_core.verb:set package 'hyperdog_teleop' build argument 'cmake_target_skip_unavailable' from command line to 'False'
[0.845s] Level 5:colcon.colcon_core.verb:set package 'hyperdog_teleop' build argument 'cmake_clean_cache' from command line to 'False'
[0.845s] Level 5:colcon.colcon_core.verb:set package 'hyperdog_teleop' build argument 'cmake_clean_first' from command line to 'False'
[0.845s] Level 5:colcon.colcon_core.verb:set package 'hyperdog_teleop' build argument 'cmake_force_configure' from command line to 'False'
[0.845s] Level 5:colcon.colcon_core.verb:set package 'hyperdog_teleop' build argument 'ament_cmake_args' from command line to 'None'
[0.845s] Level 5:colcon.colcon_core.verb:set package 'hyperdog_teleop' build argument 'catkin_cmake_args' from command line to 'None'
[0.845s] Level 5:colcon.colcon_core.verb:set package 'hyperdog_teleop' build argument 'catkin_skip_building_tests' from command line to 'False'
[0.845s] DEBUG:colcon.colcon_core.verb:Building package 'hyperdog_teleop' with the following arguments: {'ament_cmake_args': None, 'build_base': '/home/nicoleibert/RRC-RnD-Catbot/build/hyperdog_teleop', 'catkin_cmake_args': None, 'catkin_skip_building_tests': False, 'cmake_args': None, 'cmake_clean_cache': False, 'cmake_clean_first': False, 'cmake_force_configure': False, 'cmake_target': None, 'cmake_target_skip_unavailable': False, 'install_base': '/home/nicoleibert/RRC-RnD-Catbot/install/hyperdog_teleop', 'merge_install': False, 'path': '/home/nicoleibert/RRC-RnD-Catbot/src/hyperdog_ros2/hyperdog_teleop', 'symlink_install': False, 'test_result_base': None}
[0.854s] INFO:colcon.colcon_core.executor:Executing jobs using 'parallel' executor
[0.863s] DEBUG:colcon.colcon_parallel_executor.executor.parallel:run_until_complete
[0.863s] INFO:colcon.colcon_ros.task.ament_cmake.build:Building ROS package in '/home/nicoleibert/RRC-RnD-Catbot/src/hyperdog_ros2/hyperdog_msgs' with build type 'ament_cmake'
[0.864s] INFO:colcon.colcon_cmake.task.cmake.build:Building CMake package in '/home/nicoleibert/RRC-RnD-Catbot/src/hyperdog_ros2/hyperdog_msgs'
[0.874s] INFO:colcon.colcon_core.plugin_system:Skipping extension 'colcon_core.shell.bat': Not used on non-Windows systems
[0.874s] INFO:colcon.colcon_core.shell:Skip shell extension 'powershell' for command environment: Not usable outside of PowerShell
[0.874s] DEBUG:colcon.colcon_core.shell:Skip shell extension 'dsv' for command environment
[0.896s] INFO:colcon.colcon_ros.task.ament_python.build:Building ROS package in '/home/nicoleibert/RRC-RnD-Catbot/src/hyperdog_ros2/hyperdog_launch' with build type 'ament_python'
[0.896s] Level 1:colcon.colcon_core.shell:create_environment_hook('hyperdog_launch', 'ament_prefix_path')
[0.905s] INFO:colcon.colcon_core.shell:Creating environment hook '/home/nicoleibert/RRC-RnD-Catbot/install/hyperdog_launch/share/hyperdog_launch/hook/ament_prefix_path.ps1'
[0.906s] INFO:colcon.colcon_core.shell:Creating environment descriptor '/home/nicoleibert/RRC-RnD-Catbot/install/hyperdog_launch/share/hyperdog_launch/hook/ament_prefix_path.dsv'
[0.906s] INFO:colcon.colcon_core.shell:Creating environment hook '/home/nicoleibert/RRC-RnD-Catbot/install/hyperdog_launch/share/hyperdog_launch/hook/ament_prefix_path.sh'
[0.917s] INFO:colcon.colcon_core.shell:Skip shell extension 'powershell' for command environment: Not usable outside of PowerShell
[0.917s] DEBUG:colcon.colcon_core.shell:Skip shell extension 'dsv' for command environment
[0.941s] DEBUG:colcon.colcon_core.event_handler.log_command:Invoking command in '/home/nicoleibert/RRC-RnD-Catbot/build/hyperdog_msgs': CMAKE_PREFIX_PATH=/opt/ros/iron /usr/bin/cmake --build /home/nicoleibert/RRC-RnD-Catbot/build/hyperdog_msgs -- -j16 -l16
[1.117s] INFO:colcon.colcon_core.task.python.build:Building Python package in '/home/nicoleibert/RRC-RnD-Catbot/src/hyperdog_ros2/hyperdog_launch'
[1.127s] INFO:colcon.colcon_core.shell:Skip shell extension 'powershell' for command environment: Not usable outside of PowerShell
[1.127s] DEBUG:colcon.colcon_core.shell:Skip shell extension 'dsv' for command environment
[1.378s] DEBUG:colcon.colcon_core.event_handler.log_command:Invoking command in '/home/nicoleibert/RRC-RnD-Catbot/src/hyperdog_ros2/hyperdog_launch': PYTHONPATH=/home/nicoleibert/RRC-RnD-Catbot/build/hyperdog_launch/prefix_override:/home/nicoleibert/RRC-RnD-Catbot/install/hyperdog_launch/lib/python3.10/site-packages:${PYTHONPATH} /usr/bin/python3 setup.py egg_info --egg-base ../../../build/hyperdog_launch build --build-base /home/nicoleibert/RRC-RnD-Catbot/build/hyperdog_launch/build install --record /home/nicoleibert/RRC-RnD-Catbot/build/hyperdog_launch/install.log --single-version-externally-managed
[1.581s] DEBUG:colcon.colcon_core.event_handler.log_command:Invoked command in '/home/nicoleibert/RRC-RnD-Catbot/src/hyperdog_ros2/hyperdog_launch' returned '0': PYTHONPATH=/home/nicoleibert/RRC-RnD-Catbot/build/hyperdog_launch/prefix_override:/home/nicoleibert/RRC-RnD-Catbot/install/hyperdog_launch/lib/python3.10/site-packages:${PYTHONPATH} /usr/bin/python3 setup.py egg_info --egg-base ../../../build/hyperdog_launch build --build-base /home/nicoleibert/RRC-RnD-Catbot/build/hyperdog_launch/build install --record /home/nicoleibert/RRC-RnD-Catbot/build/hyperdog_launch/install.log --single-version-externally-managed
[1.592s] Level 1:colcon.colcon_core.environment:checking '/home/nicoleibert/RRC-RnD-Catbot/install/hyperdog_launch' for CMake module files
[1.592s] Level 1:colcon.colcon_core.environment:checking '/home/nicoleibert/RRC-RnD-Catbot/install/hyperdog_launch' for CMake config files
[1.593s] Level 1:colcon.colcon_core.environment:checking '/home/nicoleibert/RRC-RnD-Catbot/install/hyperdog_launch/lib'
[1.593s] Level 1:colcon.colcon_core.environment:checking '/home/nicoleibert/RRC-RnD-Catbot/install/hyperdog_launch/bin'
[1.593s] Level 1:colcon.colcon_core.environment:checking '/home/nicoleibert/RRC-RnD-Catbot/install/hyperdog_launch/lib/pkgconfig/hyperdog_launch.pc'
[1.593s] Level 1:colcon.colcon_core.environment:checking '/home/nicoleibert/RRC-RnD-Catbot/install/hyperdog_launch/lib/python3.10/site-packages'
[1.593s] Level 1:colcon.colcon_core.shell:create_environment_hook('hyperdog_launch', 'pythonpath')
[1.602s] INFO:colcon.colcon_core.shell:Creating environment hook '/home/nicoleibert/RRC-RnD-Catbot/install/hyperdog_launch/share/hyperdog_launch/hook/pythonpath.ps1'
[1.603s] INFO:colcon.colcon_core.shell:Creating environment descriptor '/home/nicoleibert/RRC-RnD-Catbot/install/hyperdog_launch/share/hyperdog_launch/hook/pythonpath.dsv'
[1.603s] INFO:colcon.colcon_core.shell:Creating environment hook '/home/nicoleibert/RRC-RnD-Catbot/install/hyperdog_launch/share/hyperdog_launch/hook/pythonpath.sh'
[1.603s] Level 1:colcon.colcon_core.environment:checking '/home/nicoleibert/RRC-RnD-Catbot/install/hyperdog_launch/bin'
[1.603s] Level 1:colcon.colcon_core.environment:create_environment_scripts_only(hyperdog_launch)
[1.612s] INFO:colcon.colcon_core.shell:Creating package script '/home/nicoleibert/RRC-RnD-Catbot/install/hyperdog_launch/share/hyperdog_launch/package.ps1'
[1.613s] INFO:colcon.colcon_core.shell:Creating package descriptor '/home/nicoleibert/RRC-RnD-Catbot/install/hyperdog_launch/share/hyperdog_launch/package.dsv'
[1.613s] INFO:colcon.colcon_core.shell:Creating package script '/home/nicoleibert/RRC-RnD-Catbot/install/hyperdog_launch/share/hyperdog_launch/package.sh'
[1.613s] INFO:colcon.colcon_core.shell:Creating package script '/home/nicoleibert/RRC-RnD-Catbot/install/hyperdog_launch/share/hyperdog_launch/package.bash'
[1.614s] INFO:colcon.colcon_core.shell:Creating package script '/home/nicoleibert/RRC-RnD-Catbot/install/hyperdog_launch/share/hyperdog_launch/package.zsh'
[1.614s] Level 1:colcon.colcon_core.environment:create_file_with_runtime_dependencies(/home/nicoleibert/RRC-RnD-Catbot/install/hyperdog_launch/share/colcon-core/packages/hyperdog_launch)
[2.302s] DEBUG:colcon.colcon_core.event_handler.log_command:Invoked command in '/home/nicoleibert/RRC-RnD-Catbot/build/hyperdog_msgs' returned '0': CMAKE_PREFIX_PATH=/opt/ros/iron /usr/bin/cmake --build /home/nicoleibert/RRC-RnD-Catbot/build/hyperdog_msgs -- -j16 -l16
[2.393s] DEBUG:colcon.colcon_core.event_handler.log_command:Invoking command in '/home/nicoleibert/RRC-RnD-Catbot/build/hyperdog_msgs': CMAKE_PREFIX_PATH=/opt/ros/iron /usr/bin/cmake --install /home/nicoleibert/RRC-RnD-Catbot/build/hyperdog_msgs
[2.430s] Level 1:colcon.colcon_core.environment:create_environment_scripts_only(hyperdog_msgs)
[2.430s] DEBUG:colcon.colcon_core.event_handler.log_command:Invoked command in '/home/nicoleibert/RRC-RnD-Catbot/build/hyperdog_msgs' returned '0': CMAKE_PREFIX_PATH=/opt/ros/iron /usr/bin/cmake --install /home/nicoleibert/RRC-RnD-Catbot/build/hyperdog_msgs
[2.440s] Level 1:colcon.colcon_core.environment:checking '/home/nicoleibert/RRC-RnD-Catbot/install/hyperdog_msgs' for CMake module files
[2.441s] Level 1:colcon.colcon_core.environment:checking '/home/nicoleibert/RRC-RnD-Catbot/install/hyperdog_msgs' for CMake config files
[2.441s] Level 1:colcon.colcon_core.shell:create_environment_hook('hyperdog_msgs', 'cmake_prefix_path')
[2.451s] INFO:colcon.colcon_core.shell:Creating environment hook '/home/nicoleibert/RRC-RnD-Catbot/install/hyperdog_msgs/share/hyperdog_msgs/hook/cmake_prefix_path.ps1'
[2.451s] INFO:colcon.colcon_core.shell:Creating environment descriptor '/home/nicoleibert/RRC-RnD-Catbot/install/hyperdog_msgs/share/hyperdog_msgs/hook/cmake_prefix_path.dsv'
[2.451s] INFO:colcon.colcon_core.shell:Creating environment hook '/home/nicoleibert/RRC-RnD-Catbot/install/hyperdog_msgs/share/hyperdog_msgs/hook/cmake_prefix_path.sh'
[2.452s] Level 1:colcon.colcon_core.environment:checking '/home/nicoleibert/RRC-RnD-Catbot/install/hyperdog_msgs/lib'
[2.452s] Level 1:colcon.colcon_core.shell:create_environment_hook('hyperdog_msgs', 'ld_library_path_lib')
[2.461s] INFO:colcon.colcon_core.shell:Creating environment hook '/home/nicoleibert/RRC-RnD-Catbot/install/hyperdog_msgs/share/hyperdog_msgs/hook/ld_library_path_lib.ps1'
[2.462s] INFO:colcon.colcon_core.shell:Creating environment descriptor '/home/nicoleibert/RRC-RnD-Catbot/install/hyperdog_msgs/share/hyperdog_msgs/hook/ld_library_path_lib.dsv'
[2.462s] INFO:colcon.colcon_core.shell:Creating environment hook '/home/nicoleibert/RRC-RnD-Catbot/install/hyperdog_msgs/share/hyperdog_msgs/hook/ld_library_path_lib.sh'
[2.462s] Level 1:colcon.colcon_core.environment:checking '/home/nicoleibert/RRC-RnD-Catbot/install/hyperdog_msgs/bin'
[2.462s] Level 1:colcon.colcon_core.environment:checking '/home/nicoleibert/RRC-RnD-Catbot/install/hyperdog_msgs/lib/pkgconfig/hyperdog_msgs.pc'
[2.462s] Level 1:colcon.colcon_core.environment:checking '/home/nicoleibert/RRC-RnD-Catbot/install/hyperdog_msgs/lib/python3.10/site-packages'
[2.462s] Level 1:colcon.colcon_core.shell:create_environment_hook('hyperdog_msgs', 'pythonpath')
[2.472s] INFO:colcon.colcon_core.shell:Creating environment hook '/home/nicoleibert/RRC-RnD-Catbot/install/hyperdog_msgs/share/hyperdog_msgs/hook/pythonpath.ps1'
[2.472s] INFO:colcon.colcon_core.shell:Creating environment descriptor '/home/nicoleibert/RRC-RnD-Catbot/install/hyperdog_msgs/share/hyperdog_msgs/hook/pythonpath.dsv'
[2.472s] INFO:colcon.colcon_core.shell:Creating environment hook '/home/nicoleibert/RRC-RnD-Catbot/install/hyperdog_msgs/share/hyperdog_msgs/hook/pythonpath.sh'
[2.473s] Level 1:colcon.colcon_core.environment:checking '/home/nicoleibert/RRC-RnD-Catbot/install/hyperdog_msgs/bin'
[2.484s] INFO:colcon.colcon_core.shell:Creating package script '/home/nicoleibert/RRC-RnD-Catbot/install/hyperdog_msgs/share/hyperdog_msgs/package.ps1'
[2.484s] INFO:colcon.colcon_core.shell:Creating package descriptor '/home/nicoleibert/RRC-RnD-Catbot/install/hyperdog_msgs/share/hyperdog_msgs/package.dsv'
[2.484s] INFO:colcon.colcon_core.shell:Creating package script '/home/nicoleibert/RRC-RnD-Catbot/install/hyperdog_msgs/share/hyperdog_msgs/package.sh'
[2.484s] INFO:colcon.colcon_core.shell:Creating package script '/home/nicoleibert/RRC-RnD-Catbot/install/hyperdog_msgs/share/hyperdog_msgs/package.bash'
[2.485s] INFO:colcon.colcon_core.shell:Creating package script '/home/nicoleibert/RRC-RnD-Catbot/install/hyperdog_msgs/share/hyperdog_msgs/package.zsh'
[2.485s] Level 1:colcon.colcon_core.environment:create_file_with_runtime_dependencies(/home/nicoleibert/RRC-RnD-Catbot/install/hyperdog_msgs/share/colcon-core/packages/hyperdog_msgs)
[2.581s] Level 1:colcon.colcon_core.environment:create_environment_scripts_only(hyperdog_msgs)
[2.591s] Level 1:colcon.colcon_core.environment:checking '/home/nicoleibert/RRC-RnD-Catbot/install/hyperdog_msgs' for CMake module files
[2.592s] Level 1:colcon.colcon_core.environment:checking '/home/nicoleibert/RRC-RnD-Catbot/install/hyperdog_msgs' for CMake config files
[2.592s] Level 1:colcon.colcon_core.shell:create_environment_hook('hyperdog_msgs', 'cmake_prefix_path')
[2.601s] INFO:colcon.colcon_core.shell:Creating environment hook '/home/nicoleibert/RRC-RnD-Catbot/install/hyperdog_msgs/share/hyperdog_msgs/hook/cmake_prefix_path.ps1'
[2.601s] INFO:colcon.colcon_core.shell:Creating environment descriptor '/home/nicoleibert/RRC-RnD-Catbot/install/hyperdog_msgs/share/hyperdog_msgs/hook/cmake_prefix_path.dsv'
[2.602s] INFO:colcon.colcon_core.shell:Creating environment hook '/home/nicoleibert/RRC-RnD-Catbot/install/hyperdog_msgs/share/hyperdog_msgs/hook/cmake_prefix_path.sh'
[2.602s] Level 1:colcon.colcon_core.environment:checking '/home/nicoleibert/RRC-RnD-Catbot/install/hyperdog_msgs/lib'
[2.602s] Level 1:colcon.colcon_core.shell:create_environment_hook('hyperdog_msgs', 'ld_library_path_lib')
[2.611s] INFO:colcon.colcon_core.shell:Creating environment hook '/home/nicoleibert/RRC-RnD-Catbot/install/hyperdog_msgs/share/hyperdog_msgs/hook/ld_library_path_lib.ps1'
[2.612s] INFO:colcon.colcon_core.shell:Creating environment descriptor '/home/nicoleibert/RRC-RnD-Catbot/install/hyperdog_msgs/share/hyperdog_msgs/hook/ld_library_path_lib.dsv'
[2.612s] INFO:colcon.colcon_core.shell:Creating environment hook '/home/nicoleibert/RRC-RnD-Catbot/install/hyperdog_msgs/share/hyperdog_msgs/hook/ld_library_path_lib.sh'
[2.612s] Level 1:colcon.colcon_core.environment:checking '/home/nicoleibert/RRC-RnD-Catbot/install/hyperdog_msgs/bin'
[2.612s] Level 1:colcon.colcon_core.environment:checking '/home/nicoleibert/RRC-RnD-Catbot/install/hyperdog_msgs/lib/pkgconfig/hyperdog_msgs.pc'
[2.613s] Level 1:colcon.colcon_core.environment:checking '/home/nicoleibert/RRC-RnD-Catbot/install/hyperdog_msgs/lib/python3.10/site-packages'
[2.613s] Level 1:colcon.colcon_core.shell:create_environment_hook('hyperdog_msgs', 'pythonpath')
[2.622s] INFO:colcon.colcon_core.shell:Creating environment hook '/home/nicoleibert/RRC-RnD-Catbot/install/hyperdog_msgs/share/hyperdog_msgs/hook/pythonpath.ps1'
[2.623s] INFO:colcon.colcon_core.shell:Creating environment descriptor '/home/nicoleibert/RRC-RnD-Catbot/install/hyperdog_msgs/share/hyperdog_msgs/hook/pythonpath.dsv'
[2.623s] INFO:colcon.colcon_core.shell:Creating environment hook '/home/nicoleibert/RRC-RnD-Catbot/install/hyperdog_msgs/share/hyperdog_msgs/hook/pythonpath.sh'
[2.623s] Level 1:colcon.colcon_core.environment:checking '/home/nicoleibert/RRC-RnD-Catbot/install/hyperdog_msgs/bin'
[2.632s] INFO:colcon.colcon_core.shell:Creating package script '/home/nicoleibert/RRC-RnD-Catbot/install/hyperdog_msgs/share/hyperdog_msgs/package.ps1'
[2.633s] INFO:colcon.colcon_core.shell:Creating package descriptor '/home/nicoleibert/RRC-RnD-Catbot/install/hyperdog_msgs/share/hyperdog_msgs/package.dsv'
[2.633s] INFO:colcon.colcon_core.shell:Creating package script '/home/nicoleibert/RRC-RnD-Catbot/install/hyperdog_msgs/share/hyperdog_msgs/package.sh'
[2.633s] INFO:colcon.colcon_core.shell:Creating package script '/home/nicoleibert/RRC-RnD-Catbot/install/hyperdog_msgs/share/hyperdog_msgs/package.bash'
[2.634s] INFO:colcon.colcon_core.shell:Creating package script '/home/nicoleibert/RRC-RnD-Catbot/install/hyperdog_msgs/share/hyperdog_msgs/package.zsh'
[2.634s] Level 1:colcon.colcon_core.environment:create_file_with_runtime_dependencies(/home/nicoleibert/RRC-RnD-Catbot/install/hyperdog_msgs/share/colcon-core/packages/hyperdog_msgs)
[2.634s] INFO:colcon.colcon_ros.task.ament_python.build:Building ROS package in '/home/nicoleibert/RRC-RnD-Catbot/src/hyperdog_ros2/hyperdog_ctrl' with build type 'ament_python'
[2.634s] Level 1:colcon.colcon_core.shell:create_environment_hook('hyperdog_ctrl', 'ament_prefix_path')
[2.646s] INFO:colcon.colcon_core.shell:Creating environment hook '/home/nicoleibert/RRC-RnD-Catbot/install/hyperdog_ctrl/share/hyperdog_ctrl/hook/ament_prefix_path.ps1'
[2.646s] INFO:colcon.colcon_core.shell:Creating environment descriptor '/home/nicoleibert/RRC-RnD-Catbot/install/hyperdog_ctrl/share/hyperdog_ctrl/hook/ament_prefix_path.dsv'
[2.646s] INFO:colcon.colcon_core.shell:Creating environment hook '/home/nicoleibert/RRC-RnD-Catbot/install/hyperdog_ctrl/share/hyperdog_ctrl/hook/ament_prefix_path.sh'
[2.662s] INFO:colcon.colcon_core.shell:Skip shell extension 'powershell' for command environment: Not usable outside of PowerShell
[2.662s] DEBUG:colcon.colcon_core.shell:Skip shell extension 'dsv' for command environment
[2.691s] INFO:colcon.colcon_ros.task.ament_cmake.build:Building ROS package in '/home/nicoleibert/RRC-RnD-Catbot/src/hyperdog_ros2/hyperdog_gazebo_sim' with build type 'ament_cmake'
[2.691s] INFO:colcon.colcon_cmake.task.cmake.build:Building CMake package in '/home/nicoleibert/RRC-RnD-Catbot/src/hyperdog_ros2/hyperdog_gazebo_sim'
[2.701s] INFO:colcon.colcon_core.shell:Skip shell extension 'powershell' for command environment: Not usable outside of PowerShell
[2.701s] DEBUG:colcon.colcon_core.shell:Skip shell extension 'dsv' for command environment
[2.724s] INFO:colcon.colcon_ros.task.ament_cmake.build:Building ROS package in '/home/nicoleibert/RRC-RnD-Catbot/src/hyperdog_ros2/hyperdog_teleop' with build type 'ament_cmake'
[2.724s] INFO:colcon.colcon_cmake.task.cmake.build:Building CMake package in '/home/nicoleibert/RRC-RnD-Catbot/src/hyperdog_ros2/hyperdog_teleop'
[2.734s] INFO:colcon.colcon_core.shell:Skip shell extension 'powershell' for command environment: Not usable outside of PowerShell
[2.734s] DEBUG:colcon.colcon_core.shell:Skip shell extension 'dsv' for command environment
[2.935s] INFO:colcon.colcon_core.task.python.build:Building Python package in '/home/nicoleibert/RRC-RnD-Catbot/src/hyperdog_ros2/hyperdog_ctrl'
[2.944s] INFO:colcon.colcon_core.shell:Skip shell extension 'powershell' for command environment: Not usable outside of PowerShell
[2.944s] DEBUG:colcon.colcon_core.shell:Skip shell extension 'dsv' for command environment
[2.969s] DEBUG:colcon.colcon_core.event_handler.log_command:Invoking command in '/home/nicoleibert/RRC-RnD-Catbot/build/hyperdog_gazebo_sim': AMENT_PREFIX_PATH=/home/nicoleibert/hyperdog_ws/install/hyperdog_msgs:${AMENT_PREFIX_PATH} CMAKE_PREFIX_PATH=/home/nicoleibert/RRC-RnD-Catbot/install/hyperdog_msgs:/opt/ros/iron LD_LIBRARY_PATH=/home/nicoleibert/hyperdog_ws/install/hyperdog_msgs/lib:/home/nicoleibert/RRC-RnD-Catbot/install/hyperdog_msgs/lib:${LD_LIBRARY_PATH} PYTHONPATH=/home/nicoleibert/hyperdog_ws/install/hyperdog_msgs/lib/python3.10/site-packages:/home/nicoleibert/RRC-RnD-Catbot/install/hyperdog_msgs/lib/python3.10/site-packages:${PYTHONPATH} /usr/bin/cmake --build /home/nicoleibert/RRC-RnD-Catbot/build/hyperdog_gazebo_sim -- -j16 -l16
[2.971s] DEBUG:colcon.colcon_core.event_handler.log_command:Invoking command in '/home/nicoleibert/RRC-RnD-Catbot/build/hyperdog_teleop': AMENT_PREFIX_PATH=/home/nicoleibert/hyperdog_ws/install/hyperdog_msgs:${AMENT_PREFIX_PATH} CMAKE_PREFIX_PATH=/home/nicoleibert/RRC-RnD-Catbot/install/hyperdog_msgs:/opt/ros/iron LD_LIBRARY_PATH=/home/nicoleibert/hyperdog_ws/install/hyperdog_msgs/lib:/home/nicoleibert/RRC-RnD-Catbot/install/hyperdog_msgs/lib:${LD_LIBRARY_PATH} PYTHONPATH=/home/nicoleibert/hyperdog_ws/install/hyperdog_msgs/lib/python3.10/site-packages:/home/nicoleibert/RRC-RnD-Catbot/install/hyperdog_msgs/lib/python3.10/site-packages:${PYTHONPATH} /usr/bin/cmake --build /home/nicoleibert/RRC-RnD-Catbot/build/hyperdog_teleop -- -j16 -l16
[3.268s] DEBUG:colcon.colcon_core.event_handler.log_command:Invoking command in '/home/nicoleibert/RRC-RnD-Catbot/src/hyperdog_ros2/hyperdog_ctrl': AMENT_PREFIX_PATH=/home/nicoleibert/hyperdog_ws/install/hyperdog_msgs:${AMENT_PREFIX_PATH} CMAKE_PREFIX_PATH=/home/nicoleibert/RRC-RnD-Catbot/install/hyperdog_msgs LD_LIBRARY_PATH=/home/nicoleibert/hyperdog_ws/install/hyperdog_msgs/lib:/home/nicoleibert/RRC-RnD-Catbot/install/hyperdog_msgs/lib:${LD_LIBRARY_PATH} PYTHONPATH=/home/nicoleibert/RRC-RnD-Catbot/build/hyperdog_ctrl/prefix_override:/home/nicoleibert/RRC-RnD-Catbot/install/hyperdog_ctrl/lib/python3.10/site-packages:/home/nicoleibert/hyperdog_ws/install/hyperdog_msgs/lib/python3.10/site-packages:/home/nicoleibert/RRC-RnD-Catbot/install/hyperdog_msgs/lib/python3.10/site-packages:${PYTHONPATH} /usr/bin/python3 setup.py egg_info --egg-base ../../../build/hyperdog_ctrl build --build-base /home/nicoleibert/RRC-RnD-Catbot/build/hyperdog_ctrl/build install --record /home/nicoleibert/RRC-RnD-Catbot/build/hyperdog_ctrl/install.log --single-version-externally-managed
[3.493s] DEBUG:colcon.colcon_core.event_handler.log_command:Invoked command in '/home/nicoleibert/RRC-RnD-Catbot/src/hyperdog_ros2/hyperdog_ctrl' returned '0': AMENT_PREFIX_PATH=/home/nicoleibert/hyperdog_ws/install/hyperdog_msgs:${AMENT_PREFIX_PATH} CMAKE_PREFIX_PATH=/home/nicoleibert/RRC-RnD-Catbot/install/hyperdog_msgs LD_LIBRARY_PATH=/home/nicoleibert/hyperdog_ws/install/hyperdog_msgs/lib:/home/nicoleibert/RRC-RnD-Catbot/install/hyperdog_msgs/lib:${LD_LIBRARY_PATH} PYTHONPATH=/home/nicoleibert/RRC-RnD-Catbot/build/hyperdog_ctrl/prefix_override:/home/nicoleibert/RRC-RnD-Catbot/install/hyperdog_ctrl/lib/python3.10/site-packages:/home/nicoleibert/hyperdog_ws/install/hyperdog_msgs/lib/python3.10/site-packages:/home/nicoleibert/RRC-RnD-Catbot/install/hyperdog_msgs/lib/python3.10/site-packages:${PYTHONPATH} /usr/bin/python3 setup.py egg_info --egg-base ../../../build/hyperdog_ctrl build --build-base /home/nicoleibert/RRC-RnD-Catbot/build/hyperdog_ctrl/build install --record /home/nicoleibert/RRC-RnD-Catbot/build/hyperdog_ctrl/install.log --single-version-externally-managed
[3.503s] Level 1:colcon.colcon_core.environment:checking '/home/nicoleibert/RRC-RnD-Catbot/install/hyperdog_ctrl' for CMake module files
[3.503s] Level 1:colcon.colcon_core.environment:checking '/home/nicoleibert/RRC-RnD-Catbot/install/hyperdog_ctrl' for CMake config files
[3.504s] Level 1:colcon.colcon_core.environment:checking '/home/nicoleibert/RRC-RnD-Catbot/install/hyperdog_ctrl/lib'
[3.504s] Level 1:colcon.colcon_core.environment:checking '/home/nicoleibert/RRC-RnD-Catbot/install/hyperdog_ctrl/bin'
[3.504s] Level 1:colcon.colcon_core.environment:checking '/home/nicoleibert/RRC-RnD-Catbot/install/hyperdog_ctrl/lib/pkgconfig/hyperdog_ctrl.pc'
[3.504s] Level 1:colcon.colcon_core.environment:checking '/home/nicoleibert/RRC-RnD-Catbot/install/hyperdog_ctrl/lib/python3.10/site-packages'
[3.504s] Level 1:colcon.colcon_core.shell:create_environment_hook('hyperdog_ctrl', 'pythonpath')
[3.514s] INFO:colcon.colcon_core.shell:Creating environment hook '/home/nicoleibert/RRC-RnD-Catbot/install/hyperdog_ctrl/share/hyperdog_ctrl/hook/pythonpath.ps1'
[3.514s] INFO:colcon.colcon_core.shell:Creating environment descriptor '/home/nicoleibert/RRC-RnD-Catbot/install/hyperdog_ctrl/share/hyperdog_ctrl/hook/pythonpath.dsv'
[3.515s] INFO:colcon.colcon_core.shell:Creating environment hook '/home/nicoleibert/RRC-RnD-Catbot/install/hyperdog_ctrl/share/hyperdog_ctrl/hook/pythonpath.sh'
[3.515s] Level 1:colcon.colcon_core.environment:checking '/home/nicoleibert/RRC-RnD-Catbot/install/hyperdog_ctrl/bin'
[3.515s] Level 1:colcon.colcon_core.environment:create_environment_scripts_only(hyperdog_ctrl)
[3.529s] INFO:colcon.colcon_core.shell:Creating package script '/home/nicoleibert/RRC-RnD-Catbot/install/hyperdog_ctrl/share/hyperdog_ctrl/package.ps1'
[3.529s] INFO:colcon.colcon_core.shell:Creating package descriptor '/home/nicoleibert/RRC-RnD-Catbot/install/hyperdog_ctrl/share/hyperdog_ctrl/package.dsv'
[3.529s] INFO:colcon.colcon_core.shell:Creating package script '/home/nicoleibert/RRC-RnD-Catbot/install/hyperdog_ctrl/share/hyperdog_ctrl/package.sh'
[3.530s] INFO:colcon.colcon_core.shell:Creating package script '/home/nicoleibert/RRC-RnD-Catbot/install/hyperdog_ctrl/share/hyperdog_ctrl/package.bash'
[3.530s] INFO:colcon.colcon_core.shell:Creating package script '/home/nicoleibert/RRC-RnD-Catbot/install/hyperdog_ctrl/share/hyperdog_ctrl/package.zsh'
[3.530s] Level 1:colcon.colcon_core.environment:create_file_with_runtime_dependencies(/home/nicoleibert/RRC-RnD-Catbot/install/hyperdog_ctrl/share/colcon-core/packages/hyperdog_ctrl)
[3.771s] DEBUG:colcon.colcon_core.event_handler.log_command:Invoked command in '/home/nicoleibert/RRC-RnD-Catbot/build/hyperdog_gazebo_sim' returned '0': AMENT_PREFIX_PATH=/home/nicoleibert/hyperdog_ws/install/hyperdog_msgs:${AMENT_PREFIX_PATH} CMAKE_PREFIX_PATH=/home/nicoleibert/RRC-RnD-Catbot/install/hyperdog_msgs:/opt/ros/iron LD_LIBRARY_PATH=/home/nicoleibert/hyperdog_ws/install/hyperdog_msgs/lib:/home/nicoleibert/RRC-RnD-Catbot/install/hyperdog_msgs/lib:${LD_LIBRARY_PATH} PYTHONPATH=/home/nicoleibert/hyperdog_ws/install/hyperdog_msgs/lib/python3.10/site-packages:/home/nicoleibert/RRC-RnD-Catbot/install/hyperdog_msgs/lib/python3.10/site-packages:${PYTHONPATH} /usr/bin/cmake --build /home/nicoleibert/RRC-RnD-Catbot/build/hyperdog_gazebo_sim -- -j16 -l16
[3.791s] DEBUG:colcon.colcon_core.event_handler.log_command:Invoking command in '/home/nicoleibert/RRC-RnD-Catbot/build/hyperdog_gazebo_sim': AMENT_PREFIX_PATH=/home/nicoleibert/hyperdog_ws/install/hyperdog_msgs:${AMENT_PREFIX_PATH} CMAKE_PREFIX_PATH=/home/nicoleibert/RRC-RnD-Catbot/install/hyperdog_msgs:/opt/ros/iron LD_LIBRARY_PATH=/home/nicoleibert/hyperdog_ws/install/hyperdog_msgs/lib:/home/nicoleibert/RRC-RnD-Catbot/install/hyperdog_msgs/lib:${LD_LIBRARY_PATH} PYTHONPATH=/home/nicoleibert/hyperdog_ws/install/hyperdog_msgs/lib/python3.10/site-packages:/home/nicoleibert/RRC-RnD-Catbot/install/hyperdog_msgs/lib/python3.10/site-packages:${PYTHONPATH} /usr/bin/cmake --install /home/nicoleibert/RRC-RnD-Catbot/build/hyperdog_gazebo_sim
[3.800s] Level 1:colcon.colcon_core.environment:create_environment_scripts_only(hyperdog_gazebo_sim)
[3.803s] DEBUG:colcon.colcon_core.event_handler.log_command:Invoked command in '/home/nicoleibert/RRC-RnD-Catbot/build/hyperdog_gazebo_sim' returned '0': AMENT_PREFIX_PATH=/home/nicoleibert/hyperdog_ws/install/hyperdog_msgs:${AMENT_PREFIX_PATH} CMAKE_PREFIX_PATH=/home/nicoleibert/RRC-RnD-Catbot/install/hyperdog_msgs:/opt/ros/iron LD_LIBRARY_PATH=/home/nicoleibert/hyperdog_ws/install/hyperdog_msgs/lib:/home/nicoleibert/RRC-RnD-Catbot/install/hyperdog_msgs/lib:${LD_LIBRARY_PATH} PYTHONPATH=/home/nicoleibert/hyperdog_ws/install/hyperdog_msgs/lib/python3.10/site-packages:/home/nicoleibert/RRC-RnD-Catbot/install/hyperdog_msgs/lib/python3.10/site-packages:${PYTHONPATH} /usr/bin/cmake --install /home/nicoleibert/RRC-RnD-Catbot/build/hyperdog_gazebo_sim
[3.820s] Level 1:colcon.colcon_core.environment:checking '/home/nicoleibert/RRC-RnD-Catbot/install/hyperdog_gazebo_sim' for CMake module files
[3.821s] Level 1:colcon.colcon_core.environment:checking '/home/nicoleibert/RRC-RnD-Catbot/install/hyperdog_gazebo_sim' for CMake config files
[3.821s] Level 1:colcon.colcon_core.shell:create_environment_hook('hyperdog_gazebo_sim', 'cmake_prefix_path')
[3.832s] INFO:colcon.colcon_core.shell:Creating environment hook '/home/nicoleibert/RRC-RnD-Catbot/install/hyperdog_gazebo_sim/share/hyperdog_gazebo_sim/hook/cmake_prefix_path.ps1'
[3.833s] INFO:colcon.colcon_core.shell:Creating environment descriptor '/home/nicoleibert/RRC-RnD-Catbot/install/hyperdog_gazebo_sim/share/hyperdog_gazebo_sim/hook/cmake_prefix_path.dsv'
[3.833s] INFO:colcon.colcon_core.shell:Creating environment hook '/home/nicoleibert/RRC-RnD-Catbot/install/hyperdog_gazebo_sim/share/hyperdog_gazebo_sim/hook/cmake_prefix_path.sh'
[3.833s] Level 1:colcon.colcon_core.environment:checking '/home/nicoleibert/RRC-RnD-Catbot/install/hyperdog_gazebo_sim/lib'
[3.833s] Level 1:colcon.colcon_core.environment:checking '/home/nicoleibert/RRC-RnD-Catbot/install/hyperdog_gazebo_sim/bin'
[3.833s] Level 1:colcon.colcon_core.environment:checking '/home/nicoleibert/RRC-RnD-Catbot/install/hyperdog_gazebo_sim/lib/pkgconfig/hyperdog_gazebo_sim.pc'
[3.834s] Level 1:colcon.colcon_core.environment:checking '/home/nicoleibert/RRC-RnD-Catbot/install/hyperdog_gazebo_sim/lib/python3.10/site-packages'
[3.834s] Level 1:colcon.colcon_core.environment:checking '/home/nicoleibert/RRC-RnD-Catbot/install/hyperdog_gazebo_sim/bin'
[3.844s] INFO:colcon.colcon_core.shell:Creating package script '/home/nicoleibert/RRC-RnD-Catbot/install/hyperdog_gazebo_sim/share/hyperdog_gazebo_sim/package.ps1'
[3.845s] INFO:colcon.colcon_core.shell:Creating package descriptor '/home/nicoleibert/RRC-RnD-Catbot/install/hyperdog_gazebo_sim/share/hyperdog_gazebo_sim/package.dsv'
[3.845s] INFO:colcon.colcon_core.shell:Creating package script '/home/nicoleibert/RRC-RnD-Catbot/install/hyperdog_gazebo_sim/share/hyperdog_gazebo_sim/package.sh'
[3.845s] INFO:colcon.colcon_core.shell:Creating package script '/home/nicoleibert/RRC-RnD-Catbot/install/hyperdog_gazebo_sim/share/hyperdog_gazebo_sim/package.bash'
[3.846s] INFO:colcon.colcon_core.shell:Creating package script '/home/nicoleibert/RRC-RnD-Catbot/install/hyperdog_gazebo_sim/share/hyperdog_gazebo_sim/package.zsh'
[3.846s] Level 1:colcon.colcon_core.environment:create_file_with_runtime_dependencies(/home/nicoleibert/RRC-RnD-Catbot/install/hyperdog_gazebo_sim/share/colcon-core/packages/hyperdog_gazebo_sim)
[3.848s] DEBUG:colcon.colcon_core.event_handler.log_command:Invoked command in '/home/nicoleibert/RRC-RnD-Catbot/build/hyperdog_teleop' returned '0': AMENT_PREFIX_PATH=/home/nicoleibert/hyperdog_ws/install/hyperdog_msgs:${AMENT_PREFIX_PATH} CMAKE_PREFIX_PATH=/home/nicoleibert/RRC-RnD-Catbot/install/hyperdog_msgs:/opt/ros/iron LD_LIBRARY_PATH=/home/nicoleibert/hyperdog_ws/install/hyperdog_msgs/lib:/home/nicoleibert/RRC-RnD-Catbot/install/hyperdog_msgs/lib:${LD_LIBRARY_PATH} PYTHONPATH=/home/nicoleibert/hyperdog_ws/install/hyperdog_msgs/lib/python3.10/site-packages:/home/nicoleibert/RRC-RnD-Catbot/install/hyperdog_msgs/lib/python3.10/site-packages:${PYTHONPATH} /usr/bin/cmake --build /home/nicoleibert/RRC-RnD-Catbot/build/hyperdog_teleop -- -j16 -l16
[3.865s] DEBUG:colcon.colcon_core.event_handler.log_command:Invoking command in '/home/nicoleibert/RRC-RnD-Catbot/build/hyperdog_teleop': AMENT_PREFIX_PATH=/home/nicoleibert/hyperdog_ws/install/hyperdog_msgs:${AMENT_PREFIX_PATH} CMAKE_PREFIX_PATH=/home/nicoleibert/RRC-RnD-Catbot/install/hyperdog_msgs:/opt/ros/iron LD_LIBRARY_PATH=/home/nicoleibert/hyperdog_ws/install/hyperdog_msgs/lib:/home/nicoleibert/RRC-RnD-Catbot/install/hyperdog_msgs/lib:${LD_LIBRARY_PATH} PYTHONPATH=/home/nicoleibert/hyperdog_ws/install/hyperdog_msgs/lib/python3.10/site-packages:/home/nicoleibert/RRC-RnD-Catbot/install/hyperdog_msgs/lib/python3.10/site-packages:${PYTHONPATH} /usr/bin/cmake --install /home/nicoleibert/RRC-RnD-Catbot/build/hyperdog_teleop
[3.882s] Level 1:colcon.colcon_core.environment:create_environment_scripts_only(hyperdog_gazebo_sim)
[3.892s] Level 1:colcon.colcon_core.environment:checking '/home/nicoleibert/RRC-RnD-Catbot/install/hyperdog_gazebo_sim' for CMake module files
[3.893s] Level 1:colcon.colcon_core.environment:checking '/home/nicoleibert/RRC-RnD-Catbot/install/hyperdog_gazebo_sim' for CMake config files
[3.893s] Level 1:colcon.colcon_core.shell:create_environment_hook('hyperdog_gazebo_sim', 'cmake_prefix_path')
[3.903s] INFO:colcon.colcon_core.shell:Creating environment hook '/home/nicoleibert/RRC-RnD-Catbot/install/hyperdog_gazebo_sim/share/hyperdog_gazebo_sim/hook/cmake_prefix_path.ps1'
[3.903s] INFO:colcon.colcon_core.shell:Creating environment descriptor '/home/nicoleibert/RRC-RnD-Catbot/install/hyperdog_gazebo_sim/share/hyperdog_gazebo_sim/hook/cmake_prefix_path.dsv'
[3.903s] INFO:colcon.colcon_core.shell:Creating environment hook '/home/nicoleibert/RRC-RnD-Catbot/install/hyperdog_gazebo_sim/share/hyperdog_gazebo_sim/hook/cmake_prefix_path.sh'
[3.904s] Level 1:colcon.colcon_core.environment:checking '/home/nicoleibert/RRC-RnD-Catbot/install/hyperdog_gazebo_sim/lib'
[3.904s] Level 1:colcon.colcon_core.environment:checking '/home/nicoleibert/RRC-RnD-Catbot/install/hyperdog_gazebo_sim/bin'
[3.904s] Level 1:colcon.colcon_core.environment:checking '/home/nicoleibert/RRC-RnD-Catbot/install/hyperdog_gazebo_sim/lib/pkgconfig/hyperdog_gazebo_sim.pc'
[3.904s] Level 1:colcon.colcon_core.environment:checking '/home/nicoleibert/RRC-RnD-Catbot/install/hyperdog_gazebo_sim/lib/python3.10/site-packages'
[3.904s] Level 1:colcon.colcon_core.environment:checking '/home/nicoleibert/RRC-RnD-Catbot/install/hyperdog_gazebo_sim/bin'
[3.914s] INFO:colcon.colcon_core.shell:Creating package script '/home/nicoleibert/RRC-RnD-Catbot/install/hyperdog_gazebo_sim/share/hyperdog_gazebo_sim/package.ps1'
[3.914s] INFO:colcon.colcon_core.shell:Creating package descriptor '/home/nicoleibert/RRC-RnD-Catbot/install/hyperdog_gazebo_sim/share/hyperdog_gazebo_sim/package.dsv'
[3.914s] INFO:colcon.colcon_core.shell:Creating package script '/home/nicoleibert/RRC-RnD-Catbot/install/hyperdog_gazebo_sim/share/hyperdog_gazebo_sim/package.sh'
[3.914s] INFO:colcon.colcon_core.shell:Creating package script '/home/nicoleibert/RRC-RnD-Catbot/install/hyperdog_gazebo_sim/share/hyperdog_gazebo_sim/package.bash'
[3.915s] INFO:colcon.colcon_core.shell:Creating package script '/home/nicoleibert/RRC-RnD-Catbot/install/hyperdog_gazebo_sim/share/hyperdog_gazebo_sim/package.zsh'
[3.915s] Level 1:colcon.colcon_core.environment:create_file_with_runtime_dependencies(/home/nicoleibert/RRC-RnD-Catbot/install/hyperdog_gazebo_sim/share/colcon-core/packages/hyperdog_gazebo_sim)
[3.916s] Level 1:colcon.colcon_core.environment:create_environment_scripts_only(hyperdog_teleop)
[3.916s] DEBUG:colcon.colcon_core.event_handler.log_command:Invoked command in '/home/nicoleibert/RRC-RnD-Catbot/build/hyperdog_teleop' returned '0': AMENT_PREFIX_PATH=/home/nicoleibert/hyperdog_ws/install/hyperdog_msgs:${AMENT_PREFIX_PATH} CMAKE_PREFIX_PATH=/home/nicoleibert/RRC-RnD-Catbot/install/hyperdog_msgs:/opt/ros/iron LD_LIBRARY_PATH=/home/nicoleibert/hyperdog_ws/install/hyperdog_msgs/lib:/home/nicoleibert/RRC-RnD-Catbot/install/hyperdog_msgs/lib:${LD_LIBRARY_PATH} PYTHONPATH=/home/nicoleibert/hyperdog_ws/install/hyperdog_msgs/lib/python3.10/site-packages:/home/nicoleibert/RRC-RnD-Catbot/install/hyperdog_msgs/lib/python3.10/site-packages:${PYTHONPATH} /usr/bin/cmake --install /home/nicoleibert/RRC-RnD-Catbot/build/hyperdog_teleop
[3.926s] Level 1:colcon.colcon_core.environment:checking '/home/nicoleibert/RRC-RnD-Catbot/install/hyperdog_teleop' for CMake module files
[3.927s] Level 1:colcon.colcon_core.environment:checking '/home/nicoleibert/RRC-RnD-Catbot/install/hyperdog_teleop' for CMake config files
[3.927s] Level 1:colcon.colcon_core.shell:create_environment_hook('hyperdog_teleop', 'cmake_prefix_path')
[3.937s] INFO:colcon.colcon_core.shell:Creating environment hook '/home/nicoleibert/RRC-RnD-Catbot/install/hyperdog_teleop/share/hyperdog_teleop/hook/cmake_prefix_path.ps1'
[3.937s] INFO:colcon.colcon_core.shell:Creating environment descriptor '/home/nicoleibert/RRC-RnD-Catbot/install/hyperdog_teleop/share/hyperdog_teleop/hook/cmake_prefix_path.dsv'
[3.937s] INFO:colcon.colcon_core.shell:Creating environment hook '/home/nicoleibert/RRC-RnD-Catbot/install/hyperdog_teleop/share/hyperdog_teleop/hook/cmake_prefix_path.sh'
[3.938s] Level 1:colcon.colcon_core.environment:checking '/home/nicoleibert/RRC-RnD-Catbot/install/hyperdog_teleop/lib'
[3.938s] Level 1:colcon.colcon_core.environment:checking '/home/nicoleibert/RRC-RnD-Catbot/install/hyperdog_teleop/bin'
[3.938s] Level 1:colcon.colcon_core.environment:checking '/home/nicoleibert/RRC-RnD-Catbot/install/hyperdog_teleop/lib/pkgconfig/hyperdog_teleop.pc'
[3.938s] Level 1:colcon.colcon_core.environment:checking '/home/nicoleibert/RRC-RnD-Catbot/install/hyperdog_teleop/lib/python3.10/site-packages'
[3.938s] Level 1:colcon.colcon_core.environment:checking '/home/nicoleibert/RRC-RnD-Catbot/install/hyperdog_teleop/bin'
[3.948s] INFO:colcon.colcon_core.shell:Creating package script '/home/nicoleibert/RRC-RnD-Catbot/install/hyperdog_teleop/share/hyperdog_teleop/package.ps1'
[3.948s] INFO:colcon.colcon_core.shell:Creating package descriptor '/home/nicoleibert/RRC-RnD-Catbot/install/hyperdog_teleop/share/hyperdog_teleop/package.dsv'
[3.949s] INFO:colcon.colcon_core.shell:Creating package script '/home/nicoleibert/RRC-RnD-Catbot/install/hyperdog_teleop/share/hyperdog_teleop/package.sh'
[3.949s] INFO:colcon.colcon_core.shell:Creating package script '/home/nicoleibert/RRC-RnD-Catbot/install/hyperdog_teleop/share/hyperdog_teleop/package.bash'
[3.949s] INFO:colcon.colcon_core.shell:Creating package script '/home/nicoleibert/RRC-RnD-Catbot/install/hyperdog_teleop/share/hyperdog_teleop/package.zsh'
[3.949s] Level 1:colcon.colcon_core.environment:create_file_with_runtime_dependencies(/home/nicoleibert/RRC-RnD-Catbot/install/hyperdog_teleop/share/colcon-core/packages/hyperdog_teleop)
[3.980s] Level 1:colcon.colcon_core.environment:create_environment_scripts_only(hyperdog_teleop)
[3.990s] Level 1:colcon.colcon_core.environment:checking '/home/nicoleibert/RRC-RnD-Catbot/install/hyperdog_teleop' for CMake module files
[3.990s] Level 1:colcon.colcon_core.environment:checking '/home/nicoleibert/RRC-RnD-Catbot/install/hyperdog_teleop' for CMake config files
[3.990s] Level 1:colcon.colcon_core.shell:create_environment_hook('hyperdog_teleop', 'cmake_prefix_path')
[4.000s] INFO:colcon.colcon_core.shell:Creating environment hook '/home/nicoleibert/RRC-RnD-Catbot/install/hyperdog_teleop/share/hyperdog_teleop/hook/cmake_prefix_path.ps1'
[4.000s] INFO:colcon.colcon_core.shell:Creating environment descriptor '/home/nicoleibert/RRC-RnD-Catbot/install/hyperdog_teleop/share/hyperdog_teleop/hook/cmake_prefix_path.dsv'
[4.001s] INFO:colcon.colcon_core.shell:Creating environment hook '/home/nicoleibert/RRC-RnD-Catbot/install/hyperdog_teleop/share/hyperdog_teleop/hook/cmake_prefix_path.sh'
[4.001s] Level 1:colcon.colcon_core.environment:checking '/home/nicoleibert/RRC-RnD-Catbot/install/hyperdog_teleop/lib'
[4.001s] Level 1:colcon.colcon_core.environment:checking '/home/nicoleibert/RRC-RnD-Catbot/install/hyperdog_teleop/bin'
[4.001s] Level 1:colcon.colcon_core.environment:checking '/home/nicoleibert/RRC-RnD-Catbot/install/hyperdog_teleop/lib/pkgconfig/hyperdog_teleop.pc'
[4.001s] Level 1:colcon.colcon_core.environment:checking '/home/nicoleibert/RRC-RnD-Catbot/install/hyperdog_teleop/lib/python3.10/site-packages'
[4.001s] Level 1:colcon.colcon_core.environment:checking '/home/nicoleibert/RRC-RnD-Catbot/install/hyperdog_teleop/bin'
[4.011s] INFO:colcon.colcon_core.shell:Creating package script '/home/nicoleibert/RRC-RnD-Catbot/install/hyperdog_teleop/share/hyperdog_teleop/package.ps1'
[4.011s] INFO:colcon.colcon_core.shell:Creating package descriptor '/home/nicoleibert/RRC-RnD-Catbot/install/hyperdog_teleop/share/hyperdog_teleop/package.dsv'
[4.012s] INFO:colcon.colcon_core.shell:Creating package script '/home/nicoleibert/RRC-RnD-Catbot/install/hyperdog_teleop/share/hyperdog_teleop/package.sh'
[4.012s] INFO:colcon.colcon_core.shell:Creating package script '/home/nicoleibert/RRC-RnD-Catbot/install/hyperdog_teleop/share/hyperdog_teleop/package.bash'
[4.012s] INFO:colcon.colcon_core.shell:Creating package script '/home/nicoleibert/RRC-RnD-Catbot/install/hyperdog_teleop/share/hyperdog_teleop/package.zsh'
[4.012s] Level 1:colcon.colcon_core.environment:create_file_with_runtime_dependencies(/home/nicoleibert/RRC-RnD-Catbot/install/hyperdog_teleop/share/colcon-core/packages/hyperdog_teleop)
[4.012s] DEBUG:colcon.colcon_parallel_executor.executor.parallel:closing loop
[4.013s] DEBUG:colcon.colcon_parallel_executor.executor.parallel:loop closed
[4.013s] DEBUG:colcon.colcon_parallel_executor.executor.parallel:run_until_complete finished with '0'
[4.013s] DEBUG:colcon.colcon_core.event_reactor:joining thread
[4.034s] INFO:colcon.colcon_core.plugin_system:Skipping extension 'colcon_notification.desktop_notification.terminal_notifier': Not used on non-Darwin systems
[4.035s] INFO:colcon.colcon_core.plugin_system:Skipping extension 'colcon_notification.desktop_notification.win32': Not used on non-Windows systems
[4.035s] INFO:colcon.colcon_notification.desktop_notification:Sending desktop notification using 'notify2'
[4.043s] DEBUG:colcon.colcon_core.event_reactor:joined thread
[4.053s] INFO:colcon.colcon_core.shell:Creating prefix script '/home/nicoleibert/RRC-RnD-Catbot/install/local_setup.ps1'
[4.054s] INFO:colcon.colcon_core.shell:Creating prefix util module '/home/nicoleibert/RRC-RnD-Catbot/install/_local_setup_util_ps1.py'
[4.055s] INFO:colcon.colcon_core.shell:Creating prefix chain script '/home/nicoleibert/RRC-RnD-Catbot/install/setup.ps1'
[4.065s] INFO:colcon.colcon_core.shell:Creating prefix script '/home/nicoleibert/RRC-RnD-Catbot/install/local_setup.sh'
[4.066s] INFO:colcon.colcon_core.shell:Creating prefix util module '/home/nicoleibert/RRC-RnD-Catbot/install/_local_setup_util_sh.py'
[4.066s] INFO:colcon.colcon_core.shell:Creating prefix chain script '/home/nicoleibert/RRC-RnD-Catbot/install/setup.sh'
[4.076s] INFO:colcon.colcon_core.shell:Creating prefix script '/home/nicoleibert/RRC-RnD-Catbot/install/local_setup.bash'
[4.076s] INFO:colcon.colcon_core.shell:Creating prefix chain script '/home/nicoleibert/RRC-RnD-Catbot/install/setup.bash'
[4.086s] INFO:colcon.colcon_core.shell:Creating prefix script '/home/nicoleibert/RRC-RnD-Catbot/install/local_setup.zsh'
[4.086s] INFO:colcon.colcon_core.shell:Creating prefix chain script '/home/nicoleibert/RRC-RnD-Catbot/install/setup.zsh'
