[1.200s] DEBUG:colcon:Command line arguments: ['/usr/bin/colcon', 'build']
[1.200s] DEBUG:colcon:Parsed command line arguments: Namespace(log_base=None, log_level=None, verb_name='build', build_base='build', install_base='install', merge_install=False, symlink_install=False, test_result_base=None, continue_on_error=False, executor='parallel', parallel_workers=12, event_handlers=None, ignore_user_meta=False, metas=['./colcon.meta'], base_paths=['.'], packages_ignore=None, packages_ignore_regex=None, paths=None, packages_up_to=None, packages_up_to_regex=None, packages_above=None, packages_above_and_dependencies=None, packages_above_depth=None, packages_select_by_dep=None, packages_skip_by_dep=None, packages_skip_up_to=None, packages_select_build_failed=False, packages_skip_build_finished=False, packages_select_test_failures=False, packages_skip_test_passed=False, packages_select=None, packages_skip=None, packages_select_regex=None, packages_skip_regex=None, packages_start=None, packages_end=None, allow_overriding=[], cmake_args=None, cmake_target=None, cmake_target_skip_unavailable=False, cmake_clean_cache=False, cmake_clean_first=False, cmake_force_configure=False, ament_cmake_args=None, catkin_cmake_args=None, catkin_skip_building_tests=False, verb_parser=<colcon_defaults.argument_parser.defaults.DefaultArgumentsDecorator object at 0x7fea93c2b2b0>, verb_extension=<colcon_core.verb.build.BuildVerb object at 0x7fea93c0f3d0>, main=<bound method BuildVerb.main of <colcon_core.verb.build.BuildVerb object at 0x7fea93c0f3d0>>)
[1.236s] Level 1:colcon.colcon_core.package_discovery:discover_packages(colcon_meta) check parameters
[1.236s] Level 1:colcon.colcon_core.package_discovery:discover_packages(recursive) check parameters
[1.236s] Level 1:colcon.colcon_core.package_discovery:discover_packages(ignore) check parameters
[1.236s] Level 1:colcon.colcon_core.package_discovery:discover_packages(path) check parameters
[1.236s] Level 1:colcon.colcon_core.package_discovery:discover_packages(colcon_meta) discover
[1.236s] Level 1:colcon.colcon_core.package_discovery:discover_packages(recursive) discover
[1.236s] INFO:colcon.colcon_core.package_discovery:Crawling recursively for packages in '/home/winsonl8/catbot2023'
[1.236s] Level 1:colcon.colcon_core.package_identification:_identify(.) by extensions ['ignore', 'ignore_ament_install']
[1.236s] Level 1:colcon.colcon_core.package_identification:_identify(.) by extension 'ignore'
[1.236s] Level 1:colcon.colcon_core.package_identification:_identify(.) by extension 'ignore_ament_install'
[1.236s] Level 1:colcon.colcon_core.package_identification:_identify(.) by extensions ['colcon_pkg']
[1.236s] Level 1:colcon.colcon_core.package_identification:_identify(.) by extension 'colcon_pkg'
[1.236s] Level 1:colcon.colcon_core.package_identification:_identify(.) by extensions ['colcon_meta']
[1.236s] Level 1:colcon.colcon_core.package_identification:_identify(.) by extension 'colcon_meta'
[1.237s] Level 1:colcon.colcon_core.package_identification:_identify(.) by extensions ['ros']
[1.237s] Level 1:colcon.colcon_core.package_identification:_identify(.) by extension 'ros'
[1.246s] Level 1:colcon.colcon_core.package_identification:_identify(.) by extensions ['cmake', 'python']
[1.246s] Level 1:colcon.colcon_core.package_identification:_identify(.) by extension 'cmake'
[1.246s] Level 1:colcon.colcon_core.package_identification:_identify(.) by extension 'python'
[1.246s] Level 1:colcon.colcon_core.package_identification:_identify(.) by extensions ['python_setup_py']
[1.246s] Level 1:colcon.colcon_core.package_identification:_identify(.) by extension 'python_setup_py'
[1.246s] Level 1:colcon.colcon_core.package_identification:_identify(build) by extensions ['ignore', 'ignore_ament_install']
[1.246s] Level 1:colcon.colcon_core.package_identification:_identify(build) by extension 'ignore'
[1.246s] Level 1:colcon.colcon_core.package_identification:_identify(build) ignored
[1.246s] Level 1:colcon.colcon_core.package_identification:_identify(install) by extensions ['ignore', 'ignore_ament_install']
[1.247s] Level 1:colcon.colcon_core.package_identification:_identify(install) by extension 'ignore'
[1.247s] Level 1:colcon.colcon_core.package_identification:_identify(install) ignored
[1.247s] Level 1:colcon.colcon_core.package_identification:_identify(log) by extensions ['ignore', 'ignore_ament_install']
[1.247s] Level 1:colcon.colcon_core.package_identification:_identify(log) by extension 'ignore'
[1.247s] Level 1:colcon.colcon_core.package_identification:_identify(log) ignored
[1.247s] Level 1:colcon.colcon_core.package_identification:_identify(src) by extensions ['ignore', 'ignore_ament_install']
[1.247s] Level 1:colcon.colcon_core.package_identification:_identify(src) by extension 'ignore'
[1.247s] Level 1:colcon.colcon_core.package_identification:_identify(src) by extension 'ignore_ament_install'
[1.247s] Level 1:colcon.colcon_core.package_identification:_identify(src) by extensions ['colcon_pkg']
[1.247s] Level 1:colcon.colcon_core.package_identification:_identify(src) by extension 'colcon_pkg'
[1.247s] Level 1:colcon.colcon_core.package_identification:_identify(src) by extensions ['colcon_meta']
[1.247s] Level 1:colcon.colcon_core.package_identification:_identify(src) by extension 'colcon_meta'
[1.247s] Level 1:colcon.colcon_core.package_identification:_identify(src) by extensions ['ros']
[1.247s] Level 1:colcon.colcon_core.package_identification:_identify(src) by extension 'ros'
[1.247s] Level 1:colcon.colcon_core.package_identification:_identify(src) by extensions ['cmake', 'python']
[1.247s] Level 1:colcon.colcon_core.package_identification:_identify(src) by extension 'cmake'
[1.247s] Level 1:colcon.colcon_core.package_identification:_identify(src) by extension 'python'
[1.247s] Level 1:colcon.colcon_core.package_identification:_identify(src) by extensions ['python_setup_py']
[1.247s] Level 1:colcon.colcon_core.package_identification:_identify(src) by extension 'python_setup_py'
[1.247s] Level 1:colcon.colcon_core.package_identification:_identify(src/motors) by extensions ['ignore', 'ignore_ament_install']
[1.247s] Level 1:colcon.colcon_core.package_identification:_identify(src/motors) by extension 'ignore'
[1.247s] Level 1:colcon.colcon_core.package_identification:_identify(src/motors) by extension 'ignore_ament_install'
[1.247s] Level 1:colcon.colcon_core.package_identification:_identify(src/motors) by extensions ['colcon_pkg']
[1.247s] Level 1:colcon.colcon_core.package_identification:_identify(src/motors) by extension 'colcon_pkg'
[1.247s] Level 1:colcon.colcon_core.package_identification:_identify(src/motors) by extensions ['colcon_meta']
[1.247s] Level 1:colcon.colcon_core.package_identification:_identify(src/motors) by extension 'colcon_meta'
[1.247s] Level 1:colcon.colcon_core.package_identification:_identify(src/motors) by extensions ['ros']
[1.248s] Level 1:colcon.colcon_core.package_identification:_identify(src/motors) by extension 'ros'
[1.248s] Level 1:colcon.colcon_core.package_identification:_identify(src/motors) by extensions ['cmake', 'python']
[1.248s] Level 1:colcon.colcon_core.package_identification:_identify(src/motors) by extension 'cmake'
[1.248s] Level 1:colcon.colcon_core.package_identification:_identify(src/motors) by extension 'python'
[1.248s] Level 1:colcon.colcon_core.package_identification:_identify(src/motors) by extensions ['python_setup_py']
[1.248s] Level 1:colcon.colcon_core.package_identification:_identify(src/motors) by extension 'python_setup_py'
[1.248s] Level 1:colcon.colcon_core.package_identification:_identify(src/motors/motor_package) by extensions ['ignore', 'ignore_ament_install']
[1.248s] Level 1:colcon.colcon_core.package_identification:_identify(src/motors/motor_package) by extension 'ignore'
[1.248s] Level 1:colcon.colcon_core.package_identification:_identify(src/motors/motor_package) by extension 'ignore_ament_install'
[1.248s] Level 1:colcon.colcon_core.package_identification:_identify(src/motors/motor_package) by extensions ['colcon_pkg']
[1.248s] Level 1:colcon.colcon_core.package_identification:_identify(src/motors/motor_package) by extension 'colcon_pkg'
[1.248s] Level 1:colcon.colcon_core.package_identification:_identify(src/motors/motor_package) by extensions ['colcon_meta']
[1.248s] Level 1:colcon.colcon_core.package_identification:_identify(src/motors/motor_package) by extension 'colcon_meta'
[1.248s] Level 1:colcon.colcon_core.package_identification:_identify(src/motors/motor_package) by extensions ['ros']
[1.248s] Level 1:colcon.colcon_core.package_identification:_identify(src/motors/motor_package) by extension 'ros'
[1.251s] DEBUG:colcon.colcon_core.package_identification:Package 'src/motors/motor_package' with type 'ros.ament_python' and name 'motor_package'
[1.251s] Level 1:colcon.colcon_core.package_discovery:discover_packages(recursive) using defaults
[1.251s] Level 1:colcon.colcon_core.package_discovery:discover_packages(ignore) discover
[1.251s] Level 1:colcon.colcon_core.package_discovery:discover_packages(ignore) using defaults
[1.251s] Level 1:colcon.colcon_core.package_discovery:discover_packages(path) discover
[1.251s] Level 1:colcon.colcon_core.package_discovery:discover_packages(path) using defaults
[1.317s] Level 1:colcon.colcon_core.package_discovery:discover_packages(prefix_path) check parameters
[1.317s] Level 1:colcon.colcon_core.package_discovery:discover_packages(prefix_path) discover
[1.328s] WARNING:colcon.colcon_ros.prefix_path.ament:The path '/home/winsonl8/catbot2023/install/motor_package' in the environment variable AMENT_PREFIX_PATH doesn't exist
[1.339s] DEBUG:colcon.colcon_installed_package_information.package_discovery:Found 0 installed packages in /home/winsonl8/catbot2023/install
[1.350s] DEBUG:colcon.colcon_installed_package_information.package_discovery:Found 1 installed packages in /home/winsonl8/ros2_ws/install
[1.362s] DEBUG:colcon.colcon_installed_package_information.package_discovery:Found 284 installed packages in /opt/ros/humble
[1.363s] Level 1:colcon.colcon_core.package_discovery:discover_packages(prefix_path) using defaults
[1.438s] Level 5:colcon.colcon_core.verb:set package 'motor_package' build argument 'cmake_args' from command line to 'None'
[1.438s] Level 5:colcon.colcon_core.verb:set package 'motor_package' build argument 'cmake_target' from command line to 'None'
[1.438s] Level 5:colcon.colcon_core.verb:set package 'motor_package' build argument 'cmake_target_skip_unavailable' from command line to 'False'
[1.438s] Level 5:colcon.colcon_core.verb:set package 'motor_package' build argument 'cmake_clean_cache' from command line to 'False'
[1.438s] Level 5:colcon.colcon_core.verb:set package 'motor_package' build argument 'cmake_clean_first' from command line to 'False'
[1.438s] Level 5:colcon.colcon_core.verb:set package 'motor_package' build argument 'cmake_force_configure' from command line to 'False'
[1.439s] Level 5:colcon.colcon_core.verb:set package 'motor_package' build argument 'ament_cmake_args' from command line to 'None'
[1.439s] Level 5:colcon.colcon_core.verb:set package 'motor_package' build argument 'catkin_cmake_args' from command line to 'None'
[1.439s] Level 5:colcon.colcon_core.verb:set package 'motor_package' build argument 'catkin_skip_building_tests' from command line to 'False'
[1.439s] DEBUG:colcon.colcon_core.verb:Building package 'motor_package' with the following arguments: {'ament_cmake_args': None, 'build_base': '/home/winsonl8/catbot2023/build/motor_package', 'catkin_cmake_args': None, 'catkin_skip_building_tests': False, 'cmake_args': None, 'cmake_clean_cache': False, 'cmake_clean_first': False, 'cmake_force_configure': False, 'cmake_target': None, 'cmake_target_skip_unavailable': False, 'install_base': '/home/winsonl8/catbot2023/install/motor_package', 'merge_install': False, 'path': '/home/winsonl8/catbot2023/src/motors/motor_package', 'symlink_install': False, 'test_result_base': None}
[1.448s] INFO:colcon.colcon_core.executor:Executing jobs using 'parallel' executor
[1.458s] DEBUG:colcon.colcon_parallel_executor.executor.parallel:run_until_complete
[1.458s] INFO:colcon.colcon_ros.task.ament_python.build:Building ROS package in '/home/winsonl8/catbot2023/src/motors/motor_package' with build type 'ament_python'
[1.459s] Level 1:colcon.colcon_core.shell:create_environment_hook('motor_package', 'ament_prefix_path')
[1.470s] INFO:colcon.colcon_core.plugin_system:Skipping extension 'colcon_core.shell.bat': Not used on non-Windows systems
[1.471s] INFO:colcon.colcon_core.shell:Creating environment hook '/home/winsonl8/catbot2023/install/motor_package/share/motor_package/hook/ament_prefix_path.ps1'
[1.472s] INFO:colcon.colcon_core.shell:Creating environment descriptor '/home/winsonl8/catbot2023/install/motor_package/share/motor_package/hook/ament_prefix_path.dsv'
[1.472s] INFO:colcon.colcon_core.shell:Creating environment hook '/home/winsonl8/catbot2023/install/motor_package/share/motor_package/hook/ament_prefix_path.sh'
[1.482s] INFO:colcon.colcon_core.shell:Skip shell extension 'powershell' for command environment: Not usable outside of PowerShell
[1.483s] DEBUG:colcon.colcon_core.shell:Skip shell extension 'dsv' for command environment
[1.738s] INFO:colcon.colcon_core.task.python.build:Building Python package in '/home/winsonl8/catbot2023/src/motors/motor_package'
[1.758s] INFO:colcon.colcon_core.shell:Skip shell extension 'powershell' for command environment: Not usable outside of PowerShell
[1.758s] DEBUG:colcon.colcon_core.shell:Skip shell extension 'dsv' for command environment
[2.095s] DEBUG:colcon.colcon_core.event_handler.log_command:Invoking command in '/home/winsonl8/catbot2023/src/motors/motor_package': PYTHONPATH=/home/winsonl8/catbot2023/build/motor_package/prefix_override:/home/winsonl8/catbot2023/install/motor_package/lib/python3.10/site-packages:${PYTHONPATH} /usr/bin/python3 setup.py egg_info --egg-base ../../../build/motor_package build --build-base /home/winsonl8/catbot2023/build/motor_package/build install --record /home/winsonl8/catbot2023/build/motor_package/install.log --single-version-externally-managed
[2.417s] DEBUG:colcon.colcon_core.event_handler.log_command:Invoked command in '/home/winsonl8/catbot2023/src/motors/motor_package' returned '0': PYTHONPATH=/home/winsonl8/catbot2023/build/motor_package/prefix_override:/home/winsonl8/catbot2023/install/motor_package/lib/python3.10/site-packages:${PYTHONPATH} /usr/bin/python3 setup.py egg_info --egg-base ../../../build/motor_package build --build-base /home/winsonl8/catbot2023/build/motor_package/build install --record /home/winsonl8/catbot2023/build/motor_package/install.log --single-version-externally-managed
[2.438s] Level 1:colcon.colcon_core.environment:checking '/home/winsonl8/catbot2023/install/motor_package' for CMake module files
[2.439s] Level 1:colcon.colcon_core.environment:checking '/home/winsonl8/catbot2023/install/motor_package' for CMake config files
[2.440s] Level 1:colcon.colcon_core.environment:checking '/home/winsonl8/catbot2023/install/motor_package/lib'
[2.440s] Level 1:colcon.colcon_core.environment:checking '/home/winsonl8/catbot2023/install/motor_package/bin'
[2.440s] Level 1:colcon.colcon_core.environment:checking '/home/winsonl8/catbot2023/install/motor_package/lib/pkgconfig/motor_package.pc'
[2.440s] Level 1:colcon.colcon_core.environment:checking '/home/winsonl8/catbot2023/install/motor_package/lib/python3.10/site-packages'
[2.441s] Level 1:colcon.colcon_core.shell:create_environment_hook('motor_package', 'pythonpath')
[2.456s] INFO:colcon.colcon_core.shell:Creating environment hook '/home/winsonl8/catbot2023/install/motor_package/share/motor_package/hook/pythonpath.ps1'
[2.457s] INFO:colcon.colcon_core.shell:Creating environment descriptor '/home/winsonl8/catbot2023/install/motor_package/share/motor_package/hook/pythonpath.dsv'
[2.458s] INFO:colcon.colcon_core.shell:Creating environment hook '/home/winsonl8/catbot2023/install/motor_package/share/motor_package/hook/pythonpath.sh'
[2.458s] Level 1:colcon.colcon_core.environment:checking '/home/winsonl8/catbot2023/install/motor_package/bin'
[2.459s] Level 1:colcon.colcon_core.environment:create_environment_scripts_only(motor_package)
[2.478s] INFO:colcon.colcon_core.shell:Creating package script '/home/winsonl8/catbot2023/install/motor_package/share/motor_package/package.ps1'
[2.479s] INFO:colcon.colcon_core.shell:Creating package descriptor '/home/winsonl8/catbot2023/install/motor_package/share/motor_package/package.dsv'
[2.480s] INFO:colcon.colcon_core.shell:Creating package script '/home/winsonl8/catbot2023/install/motor_package/share/motor_package/package.sh'
[2.481s] INFO:colcon.colcon_core.shell:Creating package script '/home/winsonl8/catbot2023/install/motor_package/share/motor_package/package.bash'
[2.482s] INFO:colcon.colcon_core.shell:Creating package script '/home/winsonl8/catbot2023/install/motor_package/share/motor_package/package.zsh'
[2.482s] Level 1:colcon.colcon_core.environment:create_file_with_runtime_dependencies(/home/winsonl8/catbot2023/install/motor_package/share/colcon-core/packages/motor_package)
[2.483s] DEBUG:colcon.colcon_parallel_executor.executor.parallel:closing loop
[2.484s] DEBUG:colcon.colcon_parallel_executor.executor.parallel:loop closed
[2.484s] DEBUG:colcon.colcon_parallel_executor.executor.parallel:run_until_complete finished with '0'
[2.484s] DEBUG:colcon.colcon_core.event_reactor:joining thread
[2.742s] INFO:colcon.colcon_core.plugin_system:Skipping extension 'colcon_notification.desktop_notification.notify_send': Could not find 'notify-send'
[2.743s] INFO:colcon.colcon_core.plugin_system:Skipping extension 'colcon_notification.desktop_notification.terminal_notifier': Not used on non-Darwin systems
[2.743s] INFO:colcon.colcon_core.plugin_system:Skipping extension 'colcon_notification.desktop_notification.win32': Not used on non-Windows systems
[2.743s] INFO:colcon.colcon_notification.desktop_notification:Sending desktop notification using 'notify2'
[2.743s] DEBUG:colcon.colcon_notification.desktop_notification.notify2:Failed to initialize notify2: org.freedesktop.DBus.Error.FileNotFound: Failed to connect to socket /run/user/1000/bus: No such file or directory
[2.743s] DEBUG:colcon.colcon_core.event_reactor:joined thread
[2.759s] INFO:colcon.colcon_core.shell:Creating prefix script '/home/winsonl8/catbot2023/install/local_setup.ps1'
[2.761s] INFO:colcon.colcon_core.shell:Creating prefix util module '/home/winsonl8/catbot2023/install/_local_setup_util_ps1.py'
[2.763s] INFO:colcon.colcon_core.shell:Creating prefix chain script '/home/winsonl8/catbot2023/install/setup.ps1'
[2.780s] INFO:colcon.colcon_core.shell:Creating prefix script '/home/winsonl8/catbot2023/install/local_setup.sh'
[2.781s] INFO:colcon.colcon_core.shell:Creating prefix util module '/home/winsonl8/catbot2023/install/_local_setup_util_sh.py'
[2.782s] INFO:colcon.colcon_core.shell:Creating prefix chain script '/home/winsonl8/catbot2023/install/setup.sh'
[2.798s] INFO:colcon.colcon_core.shell:Creating prefix script '/home/winsonl8/catbot2023/install/local_setup.bash'
[2.799s] INFO:colcon.colcon_core.shell:Creating prefix chain script '/home/winsonl8/catbot2023/install/setup.bash'
[2.816s] INFO:colcon.colcon_core.shell:Creating prefix script '/home/winsonl8/catbot2023/install/local_setup.zsh'
[2.816s] INFO:colcon.colcon_core.shell:Creating prefix chain script '/home/winsonl8/catbot2023/install/setup.zsh'
