[0.299s] Invoking command in '/home/nicoleibert/RRC-RnD-Catbot/build/hyperdog_teleop': AMENT_PREFIX_PATH=/home/nicoleibert/hyperdog_ws/install/hyperdog_msgs:${AMENT_PREFIX_PATH} CMAKE_PREFIX_PATH=/home/nicoleibert/RRC-RnD-Catbot/install/hyperdog_msgs:/opt/ros/iron LD_LIBRARY_PATH=/home/nicoleibert/hyperdog_ws/install/hyperdog_msgs/lib:/home/nicoleibert/RRC-RnD-Catbot/install/hyperdog_msgs/lib:${LD_LIBRARY_PATH} PYTHONPATH=/home/nicoleibert/hyperdog_ws/install/hyperdog_msgs/lib/python3.10/site-packages:/home/nicoleibert/RRC-RnD-Catbot/install/hyperdog_msgs/lib/python3.10/site-packages:${PYTHONPATH} /usr/bin/cmake --build /home/nicoleibert/RRC-RnD-Catbot/build/hyperdog_teleop -- -j16 -l16
[0.305s] [0mCMake Error: The current CMakeCache.txt directory /home/nicoleibert/RRC-RnD-Catbot/build/hyperdog_teleop/CMakeCache.txt is different than the directory /home/nicoleibert/hyperdog_ws/build/hyperdog_teleop where CMakeCache.txt was created. This may result in binaries being created in the wrong place. If you are not sure, reedit the CMakeCache.txt[0m
[0.320s] -- Found ament_cmake: 2.0.3 (/opt/ros/iron/share/ament_cmake/cmake)
[0.448s] -- Found rclcpp: 21.0.3 (/opt/ros/iron/share/rclcpp/cmake)
[0.470s] -- Found rosidl_generator_c: 4.0.1 (/opt/ros/iron/share/rosidl_generator_c/cmake)
[0.476s] -- Found rosidl_generator_cpp: 4.0.1 (/opt/ros/iron/share/rosidl_generator_cpp/cmake)
[0.485s] -- Using all available rosidl_typesupport_c: rosidl_typesupport_fastrtps_c;rosidl_typesupport_introspection_c
[0.497s] -- Using all available rosidl_typesupport_cpp: rosidl_typesupport_fastrtps_cpp;rosidl_typesupport_introspection_cpp
[0.610s] -- Found rmw_implementation_cmake: 7.1.0 (/opt/ros/iron/share/rmw_implementation_cmake/cmake)
[0.611s] -- Found rmw_fastrtps_cpp: 7.1.1 (/opt/ros/iron/share/rmw_fastrtps_cpp/cmake)
[0.702s] -- Using RMW implementation 'rmw_fastrtps_cpp' as default
[0.822s] -- Found sensor_msgs: 5.0.0 (/opt/ros/iron/share/sensor_msgs/cmake)
[0.976s] -- Found hyperdog_msgs: 0.0.0 (/home/nicoleibert/hyperdog_ws/install/hyperdog_msgs/share/hyperdog_msgs/cmake)
[1.023s] -- Found trajectory_msgs: 5.0.0 (/opt/ros/iron/share/trajectory_msgs/cmake)
[1.127s] -- Configuring done
[1.135s] -- Generating done
[1.137s] -- Build files have been written to: /home/nicoleibert/hyperdog_ws/build/hyperdog_teleop
[1.157s] [35m[1mConsolidate compiler generated dependencies of target hyperdog_teleop_joy_node[0m
[1.168s] [100%] Built target hyperdog_teleop_joy_node
[1.177s] Invoked command in '/home/nicoleibert/RRC-RnD-Catbot/build/hyperdog_teleop' returned '0': AMENT_PREFIX_PATH=/home/nicoleibert/hyperdog_ws/install/hyperdog_msgs:${AMENT_PREFIX_PATH} CMAKE_PREFIX_PATH=/home/nicoleibert/RRC-RnD-Catbot/install/hyperdog_msgs:/opt/ros/iron LD_LIBRARY_PATH=/home/nicoleibert/hyperdog_ws/install/hyperdog_msgs/lib:/home/nicoleibert/RRC-RnD-Catbot/install/hyperdog_msgs/lib:${LD_LIBRARY_PATH} PYTHONPATH=/home/nicoleibert/hyperdog_ws/install/hyperdog_msgs/lib/python3.10/site-packages:/home/nicoleibert/RRC-RnD-Catbot/install/hyperdog_msgs/lib/python3.10/site-packages:${PYTHONPATH} /usr/bin/cmake --build /home/nicoleibert/RRC-RnD-Catbot/build/hyperdog_teleop -- -j16 -l16
[1.231s] Invoking command in '/home/nicoleibert/RRC-RnD-Catbot/build/hyperdog_teleop': AMENT_PREFIX_PATH=/home/nicoleibert/hyperdog_ws/install/hyperdog_msgs:${AMENT_PREFIX_PATH} CMAKE_PREFIX_PATH=/home/nicoleibert/RRC-RnD-Catbot/install/hyperdog_msgs:/opt/ros/iron LD_LIBRARY_PATH=/home/nicoleibert/hyperdog_ws/install/hyperdog_msgs/lib:/home/nicoleibert/RRC-RnD-Catbot/install/hyperdog_msgs/lib:${LD_LIBRARY_PATH} PYTHONPATH=/home/nicoleibert/hyperdog_ws/install/hyperdog_msgs/lib/python3.10/site-packages:/home/nicoleibert/RRC-RnD-Catbot/install/hyperdog_msgs/lib/python3.10/site-packages:${PYTHONPATH} /usr/bin/cmake --install /home/nicoleibert/RRC-RnD-Catbot/build/hyperdog_teleop
[1.237s] -- Install configuration: ""
[1.237s] -- Up-to-date: /home/nicoleibert/hyperdog_ws/install/hyperdog_teleop/lib/hyperdog_teleop/hyperdog_teleop_joy_node
[1.237s] -- Up-to-date: /home/nicoleibert/hyperdog_ws/install/hyperdog_teleop/share/hyperdog_teleop/src
[1.238s] -- Up-to-date: /home/nicoleibert/hyperdog_ws/install/hyperdog_teleop/share/hyperdog_teleop/src/hyperdog_definitions.hpp
[1.238s] -- Up-to-date: /home/nicoleibert/hyperdog_ws/install/hyperdog_teleop/share/hyperdog_teleop/src/hyperdog_teleop_joy.cpp
[1.238s] -- Up-to-date: /home/nicoleibert/hyperdog_ws/install/hyperdog_teleop/share/hyperdog_teleop/launch
[1.238s] -- Up-to-date: /home/nicoleibert/hyperdog_ws/install/hyperdog_teleop/share/hyperdog_teleop/launch/hyperdog_teleop.launch.py
[1.238s] -- Up-to-date: /home/nicoleibert/hyperdog_ws/install/hyperdog_teleop/share/ament_index/resource_index/package_run_dependencies/hyperdog_teleop
[1.238s] -- Up-to-date: /home/nicoleibert/hyperdog_ws/install/hyperdog_teleop/share/ament_index/resource_index/parent_prefix_path/hyperdog_teleop
[1.238s] -- Up-to-date: /home/nicoleibert/hyperdog_ws/install/hyperdog_teleop/share/hyperdog_teleop/environment/ament_prefix_path.sh
[1.238s] -- Up-to-date: /home/nicoleibert/hyperdog_ws/install/hyperdog_teleop/share/hyperdog_teleop/environment/ament_prefix_path.dsv
[1.238s] -- Up-to-date: /home/nicoleibert/hyperdog_ws/install/hyperdog_teleop/share/hyperdog_teleop/environment/path.sh
[1.238s] -- Up-to-date: /home/nicoleibert/hyperdog_ws/install/hyperdog_teleop/share/hyperdog_teleop/environment/path.dsv
[1.238s] -- Up-to-date: /home/nicoleibert/hyperdog_ws/install/hyperdog_teleop/share/hyperdog_teleop/local_setup.bash
[1.238s] -- Up-to-date: /home/nicoleibert/hyperdog_ws/install/hyperdog_teleop/share/hyperdog_teleop/local_setup.sh
[1.238s] -- Up-to-date: /home/nicoleibert/hyperdog_ws/install/hyperdog_teleop/share/hyperdog_teleop/local_setup.zsh
[1.238s] -- Up-to-date: /home/nicoleibert/hyperdog_ws/install/hyperdog_teleop/share/hyperdog_teleop/local_setup.dsv
[1.238s] -- Installing: /home/nicoleibert/hyperdog_ws/install/hyperdog_teleop/share/hyperdog_teleop/package.dsv
[1.239s] -- Up-to-date: /home/nicoleibert/hyperdog_ws/install/hyperdog_teleop/share/ament_index/resource_index/packages/hyperdog_teleop
[1.239s] -- Up-to-date: /home/nicoleibert/hyperdog_ws/install/hyperdog_teleop/share/hyperdog_teleop/cmake/hyperdog_teleopConfig.cmake
[1.239s] -- Up-to-date: /home/nicoleibert/hyperdog_ws/install/hyperdog_teleop/share/hyperdog_teleop/cmake/hyperdog_teleopConfig-version.cmake
[1.239s] -- Up-to-date: /home/nicoleibert/hyperdog_ws/install/hyperdog_teleop/share/hyperdog_teleop/package.xml
[1.240s] Invoked command in '/home/nicoleibert/RRC-RnD-Catbot/build/hyperdog_teleop' returned '0': AMENT_PREFIX_PATH=/home/nicoleibert/hyperdog_ws/install/hyperdog_msgs:${AMENT_PREFIX_PATH} CMAKE_PREFIX_PATH=/home/nicoleibert/RRC-RnD-Catbot/install/hyperdog_msgs:/opt/ros/iron LD_LIBRARY_PATH=/home/nicoleibert/hyperdog_ws/install/hyperdog_msgs/lib:/home/nicoleibert/RRC-RnD-Catbot/install/hyperdog_msgs/lib:${LD_LIBRARY_PATH} PYTHONPATH=/home/nicoleibert/hyperdog_ws/install/hyperdog_msgs/lib/python3.10/site-packages:/home/nicoleibert/RRC-RnD-Catbot/install/hyperdog_msgs/lib/python3.10/site-packages:${PYTHONPATH} /usr/bin/cmake --install /home/nicoleibert/RRC-RnD-Catbot/build/hyperdog_teleop
